<?xml version="1.0" encoding="UTF-8"?>
<testsuites name="Sortir" time="3.279" tests="2" failures="0" errors="1">
   <testsuite name="Sortir" tests="2" failures="0" errors="1" time="3.279" timestamp="2021-12-30 19:23:35" hostname="rianf - LAPTOP-L45JQDGE" id="Test Suites/HubdanSMD/Sortir">
      <properties>
         <property name="deviceName" value=""/>
         <property name="devicePlatform" value=""/>
         <property name="logFolder" value="D:\\katalon-ewallet\\Reports\\20211230_192334\\HubdanSMD\\Sortir\\20211230_192334"/>
         <property name="logFiles" value="D:\\katalon-ewallet\\Reports\\20211230_192334\\HubdanSMD\\Sortir\\20211230_192334\\execution0.log"/>
         <property name="attachments" value=""/>
         <property name="hostName" value="rianf - LAPTOP-L45JQDGE"/>
         <property name="hostAddress" value="192.168.1.7"/>
         <property name="os" value="Windows 10 64bit"/>
         <property name="katalonVersion" value="7.0.0.1"/>
      </properties>
      <testcase name="Test Cases/HUB/create_new_rds_resi" time="2.042" classname="Test Cases/HUB/create_new_rds_resi" status="PASSED">
         <system-out><![CDATA[2021-12-30 19:23:35 - [TEST_CASE][PASSED] - Test Cases/HUB/create_new_rds_resi: Test Cases/HUB/create_new_rds_resi

2021-12-30 19:23:36 - [TEST_STEP][PASSED] - random = Math.random() * 1000000000: null

2021-12-30 19:23:36 - [TEST_STEP][PASSED] - println(random): null

2021-12-30 19:23:36 - [TEST_STEP][PASSED] - resi_random = "035" + random: null

2021-12-30 19:23:36 - [TEST_STEP][PASSED] - resi = """ + resi_random + """: null

2021-12-30 19:23:36 - [TEST_STEP][PASSED] - println(resi): null

2021-12-30 19:23:36 - [TEST_STEP][PASSED] - request = findTestObject("new_rds_endpoint"): null

2021-12-30 19:23:36 - [TEST_STEP][PASSED] - response = sendRequest(request): Send request successfully

2021-12-30 19:23:37 - [MESSAGE][INFO] - HAR: D:\katalon-ewallet\Reports\20211230_192334\HubdanSMD\Sortir\20211230_192334\requests\main\0.har

2021-12-30 19:23:37 - [MESSAGE][PASSED] - Send request successfully

2021-12-30 19:23:37 - [TEST_STEP][PASSED] - body_content = responseBodyContent: null

2021-12-30 19:23:37 - [TEST_STEP][PASSED] - status_code = statusCode: null

2021-12-30 19:23:37 - [TEST_STEP][PASSED] - respDataMap = JsonSlurper().parseText(body_content): null

2021-12-30 19:23:37 - [TEST_STEP][PASSED] - out.println(respDataMap): null

2021-12-30 19:23:38 - [TEST_STEP][PASSED] - out.println("xxxxxxxxxxxxxxxxx  " + resi): null]]></system-out>
         <system-err><![CDATA[]]></system-err>
      </testcase>
      <testcase name="Test Cases/HUB/create_gabung_sortir" time="0.947" classname="Test Cases/HUB/create_gabung_sortir" status="ERROR">
         <error type="ERROR" message="Test Cases/HUB/create_gabung_sortir FAILED.
Reason:
groovy.json.JsonException: Unable to determine the current character, it is not a string, number, array, or object

The current character read is 'R' with an int value of 82
Unable to determine the current character, it is not a string, number, array, or object
line number 1
index number 0
RBAC: access denied
^
	at create_gabung_sortir.run(create_gabung_sortir:53)
	at com.kms.katalon.core.main.ScriptEngine.run(ScriptEngine.java:194)
	at com.kms.katalon.core.main.ScriptEngine.runScriptAsRawText(ScriptEngine.java:119)
	at com.kms.katalon.core.main.TestCaseExecutor.runScript(TestCaseExecutor.java:337)
	at com.kms.katalon.core.main.TestCaseExecutor.doExecute(TestCaseExecutor.java:328)
	at com.kms.katalon.core.main.TestCaseExecutor.processExecutionPhase(TestCaseExecutor.java:307)
	at com.kms.katalon.core.main.TestCaseExecutor.accessMainPhase(TestCaseExecutor.java:299)
	at com.kms.katalon.core.main.TestCaseExecutor.execute(TestCaseExecutor.java:233)
	at com.kms.katalon.core.main.TestSuiteExecutor.accessTestCaseMainPhase(TestSuiteExecutor.java:169)
	at com.kms.katalon.core.main.TestSuiteExecutor.accessTestSuiteMainPhase(TestSuiteExecutor.java:142)
	at com.kms.katalon.core.main.TestSuiteExecutor.execute(TestSuiteExecutor.java:91)
	at com.kms.katalon.core.main.TestCaseMain.startTestSuite(TestCaseMain.java:157)
	at com.kms.katalon.core.main.TestCaseMain$startTestSuite$0.call(Unknown Source)
	at TempTestSuite1640867014149.run(TempTestSuite1640867014149.groovy:36)
"/>
         <system-out><![CDATA[2021-12-30 19:23:38 - [TEST_CASE][ERROR] - Test Cases/HUB/create_gabung_sortir: Test Cases/HUB/create_gabung_sortir FAILED.
Reason:
groovy.json.JsonException: Unable to determine the current character, it is not a string, number, array, or object

The current character read is 'R' with an int value of 82
Unable to determine the current character, it is not a string, number, array, or object
line number 1
index number 0
RBAC: access denied
^
	at create_gabung_sortir.run(create_gabung_sortir:53)
	at com.kms.katalon.core.main.ScriptEngine.run(ScriptEngine.java:194)
	at com.kms.katalon.core.main.ScriptEngine.runScriptAsRawText(ScriptEngine.java:119)
	at com.kms.katalon.core.main.TestCaseExecutor.runScript(TestCaseExecutor.java:337)
	at com.kms.katalon.core.main.TestCaseExecutor.doExecute(TestCaseExecutor.java:328)
	at com.kms.katalon.core.main.TestCaseExecutor.processExecutionPhase(TestCaseExecutor.java:307)
	at com.kms.katalon.core.main.TestCaseExecutor.accessMainPhase(TestCaseExecutor.java:299)
	at com.kms.katalon.core.main.TestCaseExecutor.execute(TestCaseExecutor.java:233)
	at com.kms.katalon.core.main.TestSuiteExecutor.accessTestCaseMainPhase(TestSuiteExecutor.java:169)
	at com.kms.katalon.core.main.TestSuiteExecutor.accessTestSuiteMainPhase(TestSuiteExecutor.java:142)
	at com.kms.katalon.core.main.TestSuiteExecutor.execute(TestSuiteExecutor.java:91)
	at com.kms.katalon.core.main.TestCaseMain.startTestSuite(TestCaseMain.java:157)
	at com.kms.katalon.core.main.TestCaseMain$startTestSuite$0.call(Unknown Source)
	at TempTestSuite1640867014149.run(TempTestSuite1640867014149.groovy:36)


2021-12-30 19:23:38 - [TEST_STEP][PASSED] - random = Math.random() * 1000000000: null

2021-12-30 19:23:38 - [TEST_STEP][PASSED] - println(random): null

2021-12-30 19:23:38 - [TEST_STEP][PASSED] - resi = "035" + random: null

2021-12-30 19:23:38 - [TEST_STEP][PASSED] - println(resi): null

2021-12-30 19:23:38 - [TEST_STEP][PASSED] - request = findTestObject("new_rds_endpoint"): null

2021-12-30 19:23:38 - [TEST_STEP][PASSED] - response = sendRequest(request): Send request successfully

2021-12-30 19:23:38 - [MESSAGE][INFO] - HAR: D:\katalon-ewallet\Reports\20211230_192334\HubdanSMD\Sortir\20211230_192334\requests\main\1.har

2021-12-30 19:23:38 - [MESSAGE][PASSED] - Send request successfully

2021-12-30 19:23:38 - [TEST_STEP][PASSED] - body_content = responseBodyContent: null

2021-12-30 19:23:38 - [TEST_STEP][PASSED] - status_code = statusCode: null

2021-12-30 19:23:38 - [TEST_STEP][PASSED] - respDataMap = JsonSlurper().parseText(body_content): null

2021-12-30 19:23:38 - [TEST_STEP][PASSED] - out.println(respDataMap): null

2021-12-30 19:23:38 - [TEST_STEP][PASSED] - out.println("xxxxxxxxxxxxxxxxx  " + resi): null

2021-12-30 19:23:38 - [TEST_STEP][PASSED] - plain = "[" + """ + resi + """ + "]": null

2021-12-30 19:23:38 - [TEST_STEP][PASSED] - out.println(plain): null

2021-12-30 19:23:38 - [TEST_STEP][PASSED] - body = "{"reference_numbers":" + plain + "," + ""chute_number":"84"," + ""sorting_branch_id": 4101}": null

2021-12-30 19:23:38 - [TEST_STEP][PASSED] - request2 = findTestObject("hubdansmd/create_gabung_sortir"): null

2021-12-30 19:23:38 - [TEST_STEP][PASSED] - request2.setBodyContent(new com.kms.katalon.core.testobject.impl.HttpTextBodyContent(body, UTF-8, application/json)): null

2021-12-30 19:23:38 - [TEST_STEP][PASSED] - response2 = sendRequest(request2): Send request successfully

2021-12-30 19:23:38 - [MESSAGE][INFO] - HAR: D:\katalon-ewallet\Reports\20211230_192334\HubdanSMD\Sortir\20211230_192334\requests\main\2.har

2021-12-30 19:23:38 - [MESSAGE][PASSED] - Send request successfully

2021-12-30 19:23:38 - [TEST_STEP][PASSED] - slurper = new groovy.json.JsonSlurper(): null

2021-12-30 19:23:38 - [TEST_STEP][PASSED] - result = slurper.parseText(response2.getResponseBodyContent()): null]]></system-out>
         <system-err><![CDATA[2021-12-30 19:23:38 - [TEST_CASE][ERROR] - Test Cases/HUB/create_gabung_sortir: Test Cases/HUB/create_gabung_sortir FAILED.
Reason:
groovy.json.JsonException: Unable to determine the current character, it is not a string, number, array, or object

The current character read is 'R' with an int value of 82
Unable to determine the current character, it is not a string, number, array, or object
line number 1
index number 0
RBAC: access denied
^
	at create_gabung_sortir.run(create_gabung_sortir:53)
	at com.kms.katalon.core.main.ScriptEngine.run(ScriptEngine.java:194)
	at com.kms.katalon.core.main.ScriptEngine.runScriptAsRawText(ScriptEngine.java:119)
	at com.kms.katalon.core.main.TestCaseExecutor.runScript(TestCaseExecutor.java:337)
	at com.kms.katalon.core.main.TestCaseExecutor.doExecute(TestCaseExecutor.java:328)
	at com.kms.katalon.core.main.TestCaseExecutor.processExecutionPhase(TestCaseExecutor.java:307)
	at com.kms.katalon.core.main.TestCaseExecutor.accessMainPhase(TestCaseExecutor.java:299)
	at com.kms.katalon.core.main.TestCaseExecutor.execute(TestCaseExecutor.java:233)
	at com.kms.katalon.core.main.TestSuiteExecutor.accessTestCaseMainPhase(TestSuiteExecutor.java:169)
	at com.kms.katalon.core.main.TestSuiteExecutor.accessTestSuiteMainPhase(TestSuiteExecutor.java:142)
	at com.kms.katalon.core.main.TestSuiteExecutor.execute(TestSuiteExecutor.java:91)
	at com.kms.katalon.core.main.TestCaseMain.startTestSuite(TestCaseMain.java:157)
	at com.kms.katalon.core.main.TestCaseMain$startTestSuite$0.call(Unknown Source)
	at TempTestSuite1640867014149.run(TempTestSuite1640867014149.groovy:36)]]></system-err>
      </testcase>
      <system-out><![CDATA[2021-12-30 19:23:35 - [TEST_SUITE][ERROR] - Sortir: Test Cases/HUB/create_gabung_sortir FAILED.
Reason:
groovy.json.JsonException: Unable to determine the current character, it is not a string, number, array, or object

The current character read is 'R' with an int value of 82
Unable to determine the current character, it is not a string, number, array, or object
line number 1
index number 0
RBAC: access denied
^
	at create_gabung_sortir.run(create_gabung_sortir:53)
	at com.kms.katalon.core.main.ScriptEngine.run(ScriptEngine.java:194)
	at com.kms.katalon.core.main.ScriptEngine.runScriptAsRawText(ScriptEngine.java:119)
	at com.kms.katalon.core.main.TestCaseExecutor.runScript(TestCaseExecutor.java:337)
	at com.kms.katalon.core.main.TestCaseExecutor.doExecute(TestCaseExecutor.java:328)
	at com.kms.katalon.core.main.TestCaseExecutor.processExecutionPhase(TestCaseExecutor.java:307)
	at com.kms.katalon.core.main.TestCaseExecutor.accessMainPhase(TestCaseExecutor.java:299)
	at com.kms.katalon.core.main.TestCaseExecutor.execute(TestCaseExecutor.java:233)
	at com.kms.katalon.core.main.TestSuiteExecutor.accessTestCaseMainPhase(TestSuiteExecutor.java:169)
	at com.kms.katalon.core.main.TestSuiteExecutor.accessTestSuiteMainPhase(TestSuiteExecutor.java:142)
	at com.kms.katalon.core.main.TestSuiteExecutor.execute(TestSuiteExecutor.java:91)
	at com.kms.katalon.core.main.TestCaseMain.startTestSuite(TestCaseMain.java:157)
	at com.kms.katalon.core.main.TestCaseMain$startTestSuite$0.call(Unknown Source)
	at TempTestSuite1640867014149.run(TempTestSuite1640867014149.groovy:36)]]></system-out>
      <system-err><![CDATA[2021-12-30 19:23:35 - [TEST_SUITE][ERROR] - Sortir: Test Cases/HUB/create_gabung_sortir FAILED.
Reason:
groovy.json.JsonException: Unable to determine the current character, it is not a string, number, array, or object

The current character read is 'R' with an int value of 82
Unable to determine the current character, it is not a string, number, array, or object
line number 1
index number 0
RBAC: access denied
^
	at create_gabung_sortir.run(create_gabung_sortir:53)
	at com.kms.katalon.core.main.ScriptEngine.run(ScriptEngine.java:194)
	at com.kms.katalon.core.main.ScriptEngine.runScriptAsRawText(ScriptEngine.java:119)
	at com.kms.katalon.core.main.TestCaseExecutor.runScript(TestCaseExecutor.java:337)
	at com.kms.katalon.core.main.TestCaseExecutor.doExecute(TestCaseExecutor.java:328)
	at com.kms.katalon.core.main.TestCaseExecutor.processExecutionPhase(TestCaseExecutor.java:307)
	at com.kms.katalon.core.main.TestCaseExecutor.accessMainPhase(TestCaseExecutor.java:299)
	at com.kms.katalon.core.main.TestCaseExecutor.execute(TestCaseExecutor.java:233)
	at com.kms.katalon.core.main.TestSuiteExecutor.accessTestCaseMainPhase(TestSuiteExecutor.java:169)
	at com.kms.katalon.core.main.TestSuiteExecutor.accessTestSuiteMainPhase(TestSuiteExecutor.java:142)
	at com.kms.katalon.core.main.TestSuiteExecutor.execute(TestSuiteExecutor.java:91)
	at com.kms.katalon.core.main.TestCaseMain.startTestSuite(TestCaseMain.java:157)
	at com.kms.katalon.core.main.TestCaseMain$startTestSuite$0.call(Unknown Source)
	at TempTestSuite1640867014149.run(TempTestSuite1640867014149.groovy:36)]]></system-err>
   </testsuite>
</testsuites>
