<?xml version="1.0" encoding="UTF-8" standalone="yes"?>
<testsuites name="TS_changePINAccessCode" time="8" tests="26" failures="5" errors="0">
    <testsuite name="TS_changePINAccessCode" tests="26" failures="5" errors="0" time="8" timestamp="2019-12-17 10:38:27" hostname="Silvi - LAPTOP-ALMT97O4" id="Test Suites/E_Wallet/TS_Change_PIN_Access_Code/TS_changePINAccessCode">
        <properties>
            <property name="deviceName" value=""/>
            <property name="devicePlatform" value=""/>
            <property name="logFolder" value="D:\\katalon-ewallet\\Reports\\E_Wallet\\TS_Change_PIN_Access_Code\\TS_changePINAccessCode\\20191217_103825"/>
            <property name="logFiles" value="D:\\katalon-ewallet\\Reports\\E_Wallet\\TS_Change_PIN_Access_Code\\TS_changePINAccessCode\\20191217_103825\\execution0.log"/>
            <property name="attachments" value=""/>
            <property name="hostName" value="Silvi - LAPTOP-ALMT97O4"/>
            <property name="hostAddress" value="172.18.4.57"/>
            <property name="os" value="Windows 10 64bit"/>
            <property name="katalonVersion" value="6.2.2.4"/>
        </properties>
        <testcase name="Test Cases/Account/TC_loginCustomer/Login_Customer_Rian" classname="Test Cases/Account/TC_loginCustomer/Login_Customer_Rian" status="PASSED">
            <system-out>2019-12-17 10:38:27 - [TEST_CASE][PASSED] - Test Cases/Account/TC_loginCustomer/Login_Customer_Rian: Test Cases/Account/TC_loginCustomer/Login_Customer_Rian&#xD;
&#xD;
2019-12-17 10:38:27 - [TEST_STEP][PASSED] - var_enciphered_pin = SecureUtils.doEncryptPinRsaEwallet(dev_public_pem_file, var_user_pin): null&#xD;
&#xD;
2019-12-17 10:38:28 - [TEST_STEP][PASSED] - plain = "{" + ""user_agent":"" + var_user_agent + ""," + ""phone_number":"" + var_phone_number + ""," + ""pin":"" + var_enciphered_pin + ""," + ""device_id":"" + var_device_id + ""," + ""fcm_token":"" + var_fcm_token + ""}": null&#xD;
&#xD;
2019-12-17 10:38:28 - [TEST_STEP][PASSED] - out.println(plain): null&#xD;
&#xD;
2019-12-17 10:38:28 - [TEST_STEP][PASSED] - encipheredData = SecureUtils.encryptAesEwallet(plain, var_aes_key): null&#xD;
&#xD;
2019-12-17 10:38:28 - [TEST_STEP][PASSED] - body = "{"organisation_id":"1","data":"" + encipheredData + "","lang":"id"}": null&#xD;
&#xD;
2019-12-17 10:38:28 - [TEST_STEP][PASSED] - out.println(body): null&#xD;
&#xD;
2019-12-17 10:38:28 - [TEST_STEP][PASSED] - request = findTestObject("Account/obj_loginCustomer"): null&#xD;
&#xD;
2019-12-17 10:38:28 - [TEST_STEP][PASSED] - request.setBodyContent(new com.kms.katalon.core.testobject.impl.HttpTextBodyContent(body, UTF-8, application/json)): null&#xD;
&#xD;
2019-12-17 10:38:28 - [TEST_STEP][PASSED] - response = sendRequest(request): Send request successfully&#xD;
&#xD;
2019-12-17 10:38:29 - [MESSAGE][INFO] - HAR: D:\katalon-ewallet\Reports\E_Wallet\TS_Change_PIN_Access_Code\TS_changePINAccessCode\20191217_103825\requests\main\0.har&#xD;
&#xD;
2019-12-17 10:38:29 - [MESSAGE][PASSED] - Send request successfully&#xD;
&#xD;
2019-12-17 10:38:29 - [TEST_STEP][PASSED] - body_content = responseBodyContent: null&#xD;
&#xD;
2019-12-17 10:38:29 - [TEST_STEP][PASSED] - status_code = statusCode: null&#xD;
&#xD;
2019-12-17 10:38:29 - [TEST_STEP][PASSED] - respDataMap = JsonSlurper().parseText(body_content): null&#xD;
&#xD;
2019-12-17 10:38:29 - [TEST_STEP][PASSED] - out.println(respDataMap): null&#xD;
&#xD;
2019-12-17 10:38:29 - [TEST_STEP][PASSED] - rc_ref = ReturnCodeWrapper(var_expected_rc).getEnumRC(): null&#xD;
&#xD;
2019-12-17 10:38:29 - [TEST_STEP][PASSED] - out.println(var_expected_rc): null&#xD;
&#xD;
2019-12-17 10:38:29 - [TEST_STEP][PASSED] - out.println(rc_ref.getRCName()): null&#xD;
&#xD;
2019-12-17 10:38:29 - [TEST_STEP][PASSED] - out.println(rc_ref.getHttpResponse()): null&#xD;
&#xD;
2019-12-17 10:38:29 - [TEST_STEP][PASSED] - rcIsTrue = verifyEqual(response_code, rc_ref.getRCName()): Actual object 'RC00' and expected object 'RC00' are equal&#xD;
&#xD;
2019-12-17 10:38:29 - [MESSAGE][PASSED] - Actual object 'RC00' and expected object 'RC00' are equal&#xD;
&#xD;
2019-12-17 10:38:29 - [TEST_STEP][PASSED] - httpRespIsTrue = verifyEqual(statusCode, rc_ref.getHttpResponse()): Actual object '200' and expected object '200' are equal&#xD;
&#xD;
2019-12-17 10:38:29 - [MESSAGE][PASSED] - Actual object '200' and expected object '200' are equal&#xD;
&#xD;
2019-12-17 10:38:29 - [TEST_STEP][PASSED] - if (rc_ref == RC00): null&#xD;
&#xD;
2019-12-17 10:38:29 - [TEST_STEP][PASSED] - decipheredResponseData = SecureUtils.decryptAesEwallet(data, var_aes_key): null&#xD;
&#xD;
2019-12-17 10:38:29 - [TEST_STEP][PASSED] - decipheredRespDataMap = JsonSlurper().parseText(decipheredResponseData): null&#xD;
&#xD;
2019-12-17 10:38:29 - [TEST_STEP][PASSED] - out.println(decipheredRespDataMap): null&#xD;
&#xD;
2019-12-17 10:38:29 - [TEST_STEP][PASSED] - access_token_customer = access_token: null</system-out>
            <system-err></system-err>
        </testcase>
        <testcase name="Test Cases/E_Wallet/TC_Change_PIN_Access_Code/TC_Change_PIN_Access_Code" classname="Test Cases/E_Wallet/TC_Change_PIN_Access_Code/TC_Change_PIN_Access_Code" status="FAILED">
            <failure type="FAILED" message="Test Cases/E_Wallet/TC_Change_PIN_Access_Code/TC_Change_PIN_Access_Code FAILED.&#xA;Reason:&#xA;com.kms.katalon.core.exception.StepFailedException: Actual object 'RC22' and expected object 'RC00' are not equal&#xD;&#xA;&#x9;at com.kms.katalon.core.keyword.builtin.VerifyEqualKeyword$_verifyEqual_closure1.doCall(VerifyEqualKeyword.groovy:58)&#xD;&#xA;&#x9;at com.kms.katalon.core.keyword.builtin.VerifyEqualKeyword$_verifyEqual_closure1.call(VerifyEqualKeyword.groovy)&#xD;&#xA;&#x9;at com.kms.katalon.core.keyword.internal.KeywordMain.runKeyword(KeywordMain.groovy:68)&#xD;&#xA;&#x9;at com.kms.katalon.core.keyword.builtin.VerifyEqualKeyword.verifyEqual(VerifyEqualKeyword.groovy:63)&#xD;&#xA;&#x9;at com.kms.katalon.core.keyword.builtin.VerifyEqualKeyword.execute(VerifyEqualKeyword.groovy:44)&#xD;&#xA;&#x9;at com.kms.katalon.core.keyword.internal.KeywordExecutor.executeKeywordForPlatform(KeywordExecutor.groovy:56)&#xD;&#xA;&#x9;at com.kms.katalon.core.keyword.BuiltinKeywords.verifyEqual(BuiltinKeywords.groovy:141)&#xD;&#xA;&#x9;at TC_Change_PIN_Access_Code.run(TC_Change_PIN_Access_Code:58)&#xD;&#xA;&#x9;at com.kms.katalon.core.main.ScriptEngine.run(ScriptEngine.java:194)&#xD;&#xA;&#x9;at com.kms.katalon.core.main.ScriptEngine.runScriptAsRawText(ScriptEngine.java:119)&#xD;&#xA;&#x9;at com.kms.katalon.core.main.TestCaseExecutor.runScript(TestCaseExecutor.java:337)&#xD;&#xA;&#x9;at com.kms.katalon.core.main.TestCaseExecutor.doExecute(TestCaseExecutor.java:328)&#xD;&#xA;&#x9;at com.kms.katalon.core.main.TestCaseExecutor.processExecutionPhase(TestCaseExecutor.java:307)&#xD;&#xA;&#x9;at com.kms.katalon.core.main.TestCaseExecutor.accessMainPhase(TestCaseExecutor.java:299)&#xD;&#xA;&#x9;at com.kms.katalon.core.main.TestCaseExecutor.execute(TestCaseExecutor.java:233)&#xD;&#xA;&#x9;at com.kms.katalon.core.main.TestSuiteExecutor.accessTestCaseMainPhase(TestSuiteExecutor.java:133)&#xD;&#xA;&#x9;at com.kms.katalon.core.main.TestSuiteExecutor.accessTestSuiteMainPhase(TestSuiteExecutor.java:116)&#xD;&#xA;&#x9;at com.kms.katalon.core.main.TestSuiteExecutor.execute(TestSuiteExecutor.java:83)&#xD;&#xA;&#x9;at com.kms.katalon.core.main.TestCaseMain.startTestSuite(TestCaseMain.java:157)&#xD;&#xA;&#x9;at com.kms.katalon.core.main.TestCaseMain$startTestSuite$0.call(Unknown Source)&#xD;&#xA;&#x9;at TempTestSuite1576553905366.run(TempTestSuite1576553905366.groovy:35)&#xD;&#xA;"/>
            <system-out>2019-12-17 10:38:29 - [TEST_CASE][FAILED] - Test Cases/E_Wallet/TC_Change_PIN_Access_Code/TC_Change_PIN_Access_Code: Test Cases/E_Wallet/TC_Change_PIN_Access_Code/TC_Change_PIN_Access_Code FAILED.
Reason:
com.kms.katalon.core.exception.StepFailedException: Actual object 'RC22' and expected object 'RC00' are not equal&#xD;
	at com.kms.katalon.core.keyword.builtin.VerifyEqualKeyword$_verifyEqual_closure1.doCall(VerifyEqualKeyword.groovy:58)&#xD;
	at com.kms.katalon.core.keyword.builtin.VerifyEqualKeyword$_verifyEqual_closure1.call(VerifyEqualKeyword.groovy)&#xD;
	at com.kms.katalon.core.keyword.internal.KeywordMain.runKeyword(KeywordMain.groovy:68)&#xD;
	at com.kms.katalon.core.keyword.builtin.VerifyEqualKeyword.verifyEqual(VerifyEqualKeyword.groovy:63)&#xD;
	at com.kms.katalon.core.keyword.builtin.VerifyEqualKeyword.execute(VerifyEqualKeyword.groovy:44)&#xD;
	at com.kms.katalon.core.keyword.internal.KeywordExecutor.executeKeywordForPlatform(KeywordExecutor.groovy:56)&#xD;
	at com.kms.katalon.core.keyword.BuiltinKeywords.verifyEqual(BuiltinKeywords.groovy:141)&#xD;
	at TC_Change_PIN_Access_Code.run(TC_Change_PIN_Access_Code:58)&#xD;
	at com.kms.katalon.core.main.ScriptEngine.run(ScriptEngine.java:194)&#xD;
	at com.kms.katalon.core.main.ScriptEngine.runScriptAsRawText(ScriptEngine.java:119)&#xD;
	at com.kms.katalon.core.main.TestCaseExecutor.runScript(TestCaseExecutor.java:337)&#xD;
	at com.kms.katalon.core.main.TestCaseExecutor.doExecute(TestCaseExecutor.java:328)&#xD;
	at com.kms.katalon.core.main.TestCaseExecutor.processExecutionPhase(TestCaseExecutor.java:307)&#xD;
	at com.kms.katalon.core.main.TestCaseExecutor.accessMainPhase(TestCaseExecutor.java:299)&#xD;
	at com.kms.katalon.core.main.TestCaseExecutor.execute(TestCaseExecutor.java:233)&#xD;
	at com.kms.katalon.core.main.TestSuiteExecutor.accessTestCaseMainPhase(TestSuiteExecutor.java:133)&#xD;
	at com.kms.katalon.core.main.TestSuiteExecutor.accessTestSuiteMainPhase(TestSuiteExecutor.java:116)&#xD;
	at com.kms.katalon.core.main.TestSuiteExecutor.execute(TestSuiteExecutor.java:83)&#xD;
	at com.kms.katalon.core.main.TestCaseMain.startTestSuite(TestCaseMain.java:157)&#xD;
	at com.kms.katalon.core.main.TestCaseMain$startTestSuite$0.call(Unknown Source)&#xD;
	at TempTestSuite1576553905366.run(TempTestSuite1576553905366.groovy:35)&#xD;
&#xD;
&#xD;
2019-12-17 10:38:30 - [TEST_STEP][PASSED] - var_enciphered_pin = SecureUtils.doEncryptPinRsaEwallet(dev_public_pem_file, var_user_pin): null&#xD;
&#xD;
2019-12-17 10:38:30 - [TEST_STEP][PASSED] - var_enciphered_new_pin = SecureUtils.doEncryptPinRsaEwallet(dev_public_pem_file, var_user_new_pin): null&#xD;
&#xD;
2019-12-17 10:38:30 - [TEST_STEP][PASSED] - var_enciphered_confirm_new_pin = SecureUtils.doEncryptPinRsaEwallet(dev_public_pem_file, var_user_confirm_new_pin): null&#xD;
&#xD;
2019-12-17 10:38:30 - [TEST_STEP][PASSED] - plain = "{" + ""old_pin":"" + var_enciphered_pin + ""," + ""new_pin":"" + var_enciphered_new_pin + ""," + ""confirm_pin":"" + var_enciphered_confirm_new_pin + ""}": null&#xD;
&#xD;
2019-12-17 10:38:30 - [TEST_STEP][PASSED] - out.println(plain): null&#xD;
&#xD;
2019-12-17 10:38:30 - [TEST_STEP][PASSED] - encipheredData = SecureUtils.encryptAesEwallet(plain, var_aes_key): null&#xD;
&#xD;
2019-12-17 10:38:30 - [TEST_STEP][PASSED] - body = "{"organisation_id":"" + var_organisation_id + "","data":"" + encipheredData + "","lang":"" + var_lang + ""}": null&#xD;
&#xD;
2019-12-17 10:38:30 - [TEST_STEP][PASSED] - out.println(body): null&#xD;
&#xD;
2019-12-17 10:38:30 - [TEST_STEP][PASSED] - request = findTestObject("E_Wallet/obj_Change_PIN_Access_Code"): null&#xD;
&#xD;
2019-12-17 10:38:30 - [TEST_STEP][PASSED] - request.setBodyContent(new com.kms.katalon.core.testobject.impl.HttpTextBodyContent(body, UTF-8, application/json)): null&#xD;
&#xD;
2019-12-17 10:38:30 - [TEST_STEP][PASSED] - println(hostname): null&#xD;
&#xD;
2019-12-17 10:38:30 - [TEST_STEP][PASSED] - println(request.getRestUrl()): null&#xD;
&#xD;
2019-12-17 10:38:30 - [TEST_STEP][PASSED] - response = sendRequest(request): Send request successfully&#xD;
&#xD;
2019-12-17 10:38:30 - [MESSAGE][INFO] - HAR: D:\katalon-ewallet\Reports\E_Wallet\TS_Change_PIN_Access_Code\TS_changePINAccessCode\20191217_103825\requests\main\1.har&#xD;
&#xD;
2019-12-17 10:38:30 - [MESSAGE][PASSED] - Send request successfully&#xD;
&#xD;
2019-12-17 10:38:30 - [TEST_STEP][PASSED] - body_content = responseBodyContent: null&#xD;
&#xD;
2019-12-17 10:38:30 - [TEST_STEP][PASSED] - status_code = statusCode: null&#xD;
&#xD;
2019-12-17 10:38:30 - [TEST_STEP][PASSED] - respDataMap = JsonSlurper().parseText(body_content): null&#xD;
&#xD;
2019-12-17 10:38:30 - [TEST_STEP][PASSED] - out.println(respDataMap): null&#xD;
&#xD;
2019-12-17 10:38:30 - [TEST_STEP][PASSED] - rc_ref = ReturnCodeWrapper(var_expected_rc).getEnumRC(): null&#xD;
&#xD;
2019-12-17 10:38:30 - [TEST_STEP][PASSED] - out.println(var_expected_rc): null&#xD;
&#xD;
2019-12-17 10:38:30 - [TEST_STEP][PASSED] - out.println(rc_ref.getRCName()): null&#xD;
&#xD;
2019-12-17 10:38:30 - [TEST_STEP][PASSED] - out.println(rc_ref.getHttpResponse()): null&#xD;
&#xD;
2019-12-17 10:38:30 - [TEST_STEP][FAILED] - rcIsTrue = verifyEqual(response_code, rc_ref.getRCName()): Unable to verify equal between actual object 'RC22' and expected object 'RC00' (Root cause: com.kms.katalon.core.exception.StepFailedException: Actual object 'RC22' and expected object 'RC00' are not equal&#xD;
	at com.kms.katalon.core.keyword.builtin.VerifyEqualKeyword$_verifyEqual_closure1.doCall(VerifyEqualKeyword.groovy:58)&#xD;
	at com.kms.katalon.core.keyword.builtin.VerifyEqualKeyword$_verifyEqual_closure1.call(VerifyEqualKeyword.groovy)&#xD;
	at com.kms.katalon.core.keyword.internal.KeywordMain.runKeyword(KeywordMain.groovy:68)&#xD;
	at com.kms.katalon.core.keyword.builtin.VerifyEqualKeyword.verifyEqual(VerifyEqualKeyword.groovy:63)&#xD;
	at com.kms.katalon.core.keyword.builtin.VerifyEqualKeyword.execute(VerifyEqualKeyword.groovy:44)&#xD;
	at com.kms.katalon.core.keyword.internal.KeywordExecutor.executeKeywordForPlatform(KeywordExecutor.groovy:56)&#xD;
	at com.kms.katalon.core.keyword.BuiltinKeywords.verifyEqual(BuiltinKeywords.groovy:141)&#xD;
	at TC_Change_PIN_Access_Code.run(TC_Change_PIN_Access_Code:58)&#xD;
	at com.kms.katalon.core.main.ScriptEngine.run(ScriptEngine.java:194)&#xD;
	at com.kms.katalon.core.main.ScriptEngine.runScriptAsRawText(ScriptEngine.java:119)&#xD;
	at com.kms.katalon.core.main.TestCaseExecutor.runScript(TestCaseExecutor.java:337)&#xD;
	at com.kms.katalon.core.main.TestCaseExecutor.doExecute(TestCaseExecutor.java:328)&#xD;
	at com.kms.katalon.core.main.TestCaseExecutor.processExecutionPhase(TestCaseExecutor.java:307)&#xD;
	at com.kms.katalon.core.main.TestCaseExecutor.accessMainPhase(TestCaseExecutor.java:299)&#xD;
	at com.kms.katalon.core.main.TestCaseExecutor.execute(TestCaseExecutor.java:233)&#xD;
	at com.kms.katalon.core.main.TestSuiteExecutor.accessTestCaseMainPhase(TestSuiteExecutor.java:133)&#xD;
	at com.kms.katalon.core.main.TestSuiteExecutor.accessTestSuiteMainPhase(TestSuiteExecutor.java:116)&#xD;
	at com.kms.katalon.core.main.TestSuiteExecutor.execute(TestSuiteExecutor.java:83)&#xD;
	at com.kms.katalon.core.main.TestCaseMain.startTestSuite(TestCaseMain.java:157)&#xD;
	at com.kms.katalon.core.main.TestCaseMain$startTestSuite$0.call(Unknown Source)&#xD;
	at TempTestSuite1576553905366.run(TempTestSuite1576553905366.groovy:35)&#xD;
)&#xD;
&#xD;
2019-12-17 10:38:30 - [MESSAGE][FAILED] - Unable to verify equal between actual object 'RC22' and expected object 'RC00' (Root cause: com.kms.katalon.core.exception.StepFailedException: Actual object 'RC22' and expected object 'RC00' are not equal&#xD;
	at com.kms.katalon.core.keyword.builtin.VerifyEqualKeyword$_verifyEqual_closure1.doCall(VerifyEqualKeyword.groovy:58)&#xD;
	at com.kms.katalon.core.keyword.builtin.VerifyEqualKeyword$_verifyEqual_closure1.call(VerifyEqualKeyword.groovy)&#xD;
	at com.kms.katalon.core.keyword.internal.KeywordMain.runKeyword(KeywordMain.groovy:68)&#xD;
	at com.kms.katalon.core.keyword.builtin.VerifyEqualKeyword.verifyEqual(VerifyEqualKeyword.groovy:63)&#xD;
	at com.kms.katalon.core.keyword.builtin.VerifyEqualKeyword.execute(VerifyEqualKeyword.groovy:44)&#xD;
	at com.kms.katalon.core.keyword.internal.KeywordExecutor.executeKeywordForPlatform(KeywordExecutor.groovy:56)&#xD;
	at com.kms.katalon.core.keyword.BuiltinKeywords.verifyEqual(BuiltinKeywords.groovy:141)&#xD;
	at TC_Change_PIN_Access_Code.run(TC_Change_PIN_Access_Code:58)&#xD;
	at com.kms.katalon.core.main.ScriptEngine.run(ScriptEngine.java:194)&#xD;
	at com.kms.katalon.core.main.ScriptEngine.runScriptAsRawText(ScriptEngine.java:119)&#xD;
	at com.kms.katalon.core.main.TestCaseExecutor.runScript(TestCaseExecutor.java:337)&#xD;
	at com.kms.katalon.core.main.TestCaseExecutor.doExecute(TestCaseExecutor.java:328)&#xD;
	at com.kms.katalon.core.main.TestCaseExecutor.processExecutionPhase(TestCaseExecutor.java:307)&#xD;
	at com.kms.katalon.core.main.TestCaseExecutor.accessMainPhase(TestCaseExecutor.java:299)&#xD;
	at com.kms.katalon.core.main.TestCaseExecutor.execute(TestCaseExecutor.java:233)&#xD;
	at com.kms.katalon.core.main.TestSuiteExecutor.accessTestCaseMainPhase(TestSuiteExecutor.java:133)&#xD;
	at com.kms.katalon.core.main.TestSuiteExecutor.accessTestSuiteMainPhase(TestSuiteExecutor.java:116)&#xD;
	at com.kms.katalon.core.main.TestSuiteExecutor.execute(TestSuiteExecutor.java:83)&#xD;
	at com.kms.katalon.core.main.TestCaseMain.startTestSuite(TestCaseMain.java:157)&#xD;
	at com.kms.katalon.core.main.TestCaseMain$startTestSuite$0.call(Unknown Source)&#xD;
	at TempTestSuite1576553905366.run(TempTestSuite1576553905366.groovy:35)&#xD;
)</system-out>
            <system-err>2019-12-17 10:38:29 - [TEST_CASE][FAILED] - Test Cases/E_Wallet/TC_Change_PIN_Access_Code/TC_Change_PIN_Access_Code: Test Cases/E_Wallet/TC_Change_PIN_Access_Code/TC_Change_PIN_Access_Code FAILED.
Reason:
com.kms.katalon.core.exception.StepFailedException: Actual object 'RC22' and expected object 'RC00' are not equal&#xD;
	at com.kms.katalon.core.keyword.builtin.VerifyEqualKeyword$_verifyEqual_closure1.doCall(VerifyEqualKeyword.groovy:58)&#xD;
	at com.kms.katalon.core.keyword.builtin.VerifyEqualKeyword$_verifyEqual_closure1.call(VerifyEqualKeyword.groovy)&#xD;
	at com.kms.katalon.core.keyword.internal.KeywordMain.runKeyword(KeywordMain.groovy:68)&#xD;
	at com.kms.katalon.core.keyword.builtin.VerifyEqualKeyword.verifyEqual(VerifyEqualKeyword.groovy:63)&#xD;
	at com.kms.katalon.core.keyword.builtin.VerifyEqualKeyword.execute(VerifyEqualKeyword.groovy:44)&#xD;
	at com.kms.katalon.core.keyword.internal.KeywordExecutor.executeKeywordForPlatform(KeywordExecutor.groovy:56)&#xD;
	at com.kms.katalon.core.keyword.BuiltinKeywords.verifyEqual(BuiltinKeywords.groovy:141)&#xD;
	at TC_Change_PIN_Access_Code.run(TC_Change_PIN_Access_Code:58)&#xD;
	at com.kms.katalon.core.main.ScriptEngine.run(ScriptEngine.java:194)&#xD;
	at com.kms.katalon.core.main.ScriptEngine.runScriptAsRawText(ScriptEngine.java:119)&#xD;
	at com.kms.katalon.core.main.TestCaseExecutor.runScript(TestCaseExecutor.java:337)&#xD;
	at com.kms.katalon.core.main.TestCaseExecutor.doExecute(TestCaseExecutor.java:328)&#xD;
	at com.kms.katalon.core.main.TestCaseExecutor.processExecutionPhase(TestCaseExecutor.java:307)&#xD;
	at com.kms.katalon.core.main.TestCaseExecutor.accessMainPhase(TestCaseExecutor.java:299)&#xD;
	at com.kms.katalon.core.main.TestCaseExecutor.execute(TestCaseExecutor.java:233)&#xD;
	at com.kms.katalon.core.main.TestSuiteExecutor.accessTestCaseMainPhase(TestSuiteExecutor.java:133)&#xD;
	at com.kms.katalon.core.main.TestSuiteExecutor.accessTestSuiteMainPhase(TestSuiteExecutor.java:116)&#xD;
	at com.kms.katalon.core.main.TestSuiteExecutor.execute(TestSuiteExecutor.java:83)&#xD;
	at com.kms.katalon.core.main.TestCaseMain.startTestSuite(TestCaseMain.java:157)&#xD;
	at com.kms.katalon.core.main.TestCaseMain$startTestSuite$0.call(Unknown Source)&#xD;
	at TempTestSuite1576553905366.run(TempTestSuite1576553905366.groovy:35)</system-err>
        </testcase>
        <testcase name="Test Cases/E_Wallet/TC_Change_PIN_Access_Code/TC_Change_PIN_Access_Code" classname="Test Cases/E_Wallet/TC_Change_PIN_Access_Code/TC_Change_PIN_Access_Code" status="FAILED">
            <failure type="FAILED" message="Test Cases/E_Wallet/TC_Change_PIN_Access_Code/TC_Change_PIN_Access_Code FAILED.&#xA;Reason:&#xA;com.kms.katalon.core.exception.StepFailedException: Actual object 'RC07' and expected object 'RC00' are not equal&#xD;&#xA;&#x9;at com.kms.katalon.core.keyword.builtin.VerifyEqualKeyword$_verifyEqual_closure1.doCall(VerifyEqualKeyword.groovy:58)&#xD;&#xA;&#x9;at com.kms.katalon.core.keyword.builtin.VerifyEqualKeyword$_verifyEqual_closure1.call(VerifyEqualKeyword.groovy)&#xD;&#xA;&#x9;at com.kms.katalon.core.keyword.internal.KeywordMain.runKeyword(KeywordMain.groovy:68)&#xD;&#xA;&#x9;at com.kms.katalon.core.keyword.builtin.VerifyEqualKeyword.verifyEqual(VerifyEqualKeyword.groovy:63)&#xD;&#xA;&#x9;at com.kms.katalon.core.keyword.builtin.VerifyEqualKeyword.execute(VerifyEqualKeyword.groovy:44)&#xD;&#xA;&#x9;at com.kms.katalon.core.keyword.internal.KeywordExecutor.executeKeywordForPlatform(KeywordExecutor.groovy:56)&#xD;&#xA;&#x9;at com.kms.katalon.core.keyword.BuiltinKeywords.verifyEqual(BuiltinKeywords.groovy:141)&#xD;&#xA;&#x9;at TC_Change_PIN_Access_Code.run(TC_Change_PIN_Access_Code:58)&#xD;&#xA;&#x9;at com.kms.katalon.core.main.ScriptEngine.run(ScriptEngine.java:194)&#xD;&#xA;&#x9;at com.kms.katalon.core.main.ScriptEngine.runScriptAsRawText(ScriptEngine.java:119)&#xD;&#xA;&#x9;at com.kms.katalon.core.main.TestCaseExecutor.runScript(TestCaseExecutor.java:337)&#xD;&#xA;&#x9;at com.kms.katalon.core.main.TestCaseExecutor.doExecute(TestCaseExecutor.java:328)&#xD;&#xA;&#x9;at com.kms.katalon.core.main.TestCaseExecutor.processExecutionPhase(TestCaseExecutor.java:307)&#xD;&#xA;&#x9;at com.kms.katalon.core.main.TestCaseExecutor.accessMainPhase(TestCaseExecutor.java:299)&#xD;&#xA;&#x9;at com.kms.katalon.core.main.TestCaseExecutor.execute(TestCaseExecutor.java:233)&#xD;&#xA;&#x9;at com.kms.katalon.core.main.TestSuiteExecutor.accessTestCaseMainPhase(TestSuiteExecutor.java:133)&#xD;&#xA;&#x9;at com.kms.katalon.core.main.TestSuiteExecutor.accessTestSuiteMainPhase(TestSuiteExecutor.java:116)&#xD;&#xA;&#x9;at com.kms.katalon.core.main.TestSuiteExecutor.execute(TestSuiteExecutor.java:83)&#xD;&#xA;&#x9;at com.kms.katalon.core.main.TestCaseMain.startTestSuite(TestCaseMain.java:157)&#xD;&#xA;&#x9;at com.kms.katalon.core.main.TestCaseMain$startTestSuite$0.call(Unknown Source)&#xD;&#xA;&#x9;at TempTestSuite1576553905366.run(TempTestSuite1576553905366.groovy:35)&#xD;&#xA;"/>
            <system-out>2019-12-17 10:38:30 - [TEST_CASE][FAILED] - Test Cases/E_Wallet/TC_Change_PIN_Access_Code/TC_Change_PIN_Access_Code: Test Cases/E_Wallet/TC_Change_PIN_Access_Code/TC_Change_PIN_Access_Code FAILED.
Reason:
com.kms.katalon.core.exception.StepFailedException: Actual object 'RC07' and expected object 'RC00' are not equal&#xD;
	at com.kms.katalon.core.keyword.builtin.VerifyEqualKeyword$_verifyEqual_closure1.doCall(VerifyEqualKeyword.groovy:58)&#xD;
	at com.kms.katalon.core.keyword.builtin.VerifyEqualKeyword$_verifyEqual_closure1.call(VerifyEqualKeyword.groovy)&#xD;
	at com.kms.katalon.core.keyword.internal.KeywordMain.runKeyword(KeywordMain.groovy:68)&#xD;
	at com.kms.katalon.core.keyword.builtin.VerifyEqualKeyword.verifyEqual(VerifyEqualKeyword.groovy:63)&#xD;
	at com.kms.katalon.core.keyword.builtin.VerifyEqualKeyword.execute(VerifyEqualKeyword.groovy:44)&#xD;
	at com.kms.katalon.core.keyword.internal.KeywordExecutor.executeKeywordForPlatform(KeywordExecutor.groovy:56)&#xD;
	at com.kms.katalon.core.keyword.BuiltinKeywords.verifyEqual(BuiltinKeywords.groovy:141)&#xD;
	at TC_Change_PIN_Access_Code.run(TC_Change_PIN_Access_Code:58)&#xD;
	at com.kms.katalon.core.main.ScriptEngine.run(ScriptEngine.java:194)&#xD;
	at com.kms.katalon.core.main.ScriptEngine.runScriptAsRawText(ScriptEngine.java:119)&#xD;
	at com.kms.katalon.core.main.TestCaseExecutor.runScript(TestCaseExecutor.java:337)&#xD;
	at com.kms.katalon.core.main.TestCaseExecutor.doExecute(TestCaseExecutor.java:328)&#xD;
	at com.kms.katalon.core.main.TestCaseExecutor.processExecutionPhase(TestCaseExecutor.java:307)&#xD;
	at com.kms.katalon.core.main.TestCaseExecutor.accessMainPhase(TestCaseExecutor.java:299)&#xD;
	at com.kms.katalon.core.main.TestCaseExecutor.execute(TestCaseExecutor.java:233)&#xD;
	at com.kms.katalon.core.main.TestSuiteExecutor.accessTestCaseMainPhase(TestSuiteExecutor.java:133)&#xD;
	at com.kms.katalon.core.main.TestSuiteExecutor.accessTestSuiteMainPhase(TestSuiteExecutor.java:116)&#xD;
	at com.kms.katalon.core.main.TestSuiteExecutor.execute(TestSuiteExecutor.java:83)&#xD;
	at com.kms.katalon.core.main.TestCaseMain.startTestSuite(TestCaseMain.java:157)&#xD;
	at com.kms.katalon.core.main.TestCaseMain$startTestSuite$0.call(Unknown Source)&#xD;
	at TempTestSuite1576553905366.run(TempTestSuite1576553905366.groovy:35)&#xD;
&#xD;
&#xD;
2019-12-17 10:38:30 - [TEST_STEP][PASSED] - var_enciphered_pin = SecureUtils.doEncryptPinRsaEwallet(dev_public_pem_file, var_user_pin): null&#xD;
&#xD;
2019-12-17 10:38:30 - [TEST_STEP][PASSED] - var_enciphered_new_pin = SecureUtils.doEncryptPinRsaEwallet(dev_public_pem_file, var_user_new_pin): null&#xD;
&#xD;
2019-12-17 10:38:30 - [TEST_STEP][PASSED] - var_enciphered_confirm_new_pin = SecureUtils.doEncryptPinRsaEwallet(dev_public_pem_file, var_user_confirm_new_pin): null&#xD;
&#xD;
2019-12-17 10:38:30 - [TEST_STEP][PASSED] - plain = "{" + ""old_pin":"" + var_enciphered_pin + ""," + ""new_pin":"" + var_enciphered_new_pin + ""," + ""confirm_pin":"" + var_enciphered_confirm_new_pin + ""}": null&#xD;
&#xD;
2019-12-17 10:38:30 - [TEST_STEP][PASSED] - out.println(plain): null&#xD;
&#xD;
2019-12-17 10:38:30 - [TEST_STEP][PASSED] - encipheredData = SecureUtils.encryptAesEwallet(plain, var_aes_key): null&#xD;
&#xD;
2019-12-17 10:38:30 - [TEST_STEP][PASSED] - body = "{"organisation_id":"" + var_organisation_id + "","data":"" + encipheredData + "","lang":"" + var_lang + ""}": null&#xD;
&#xD;
2019-12-17 10:38:30 - [TEST_STEP][PASSED] - out.println(body): null&#xD;
&#xD;
2019-12-17 10:38:30 - [TEST_STEP][PASSED] - request = findTestObject("E_Wallet/obj_Change_PIN_Access_Code"): null&#xD;
&#xD;
2019-12-17 10:38:30 - [TEST_STEP][PASSED] - request.setBodyContent(new com.kms.katalon.core.testobject.impl.HttpTextBodyContent(body, UTF-8, application/json)): null&#xD;
&#xD;
2019-12-17 10:38:30 - [TEST_STEP][PASSED] - println(hostname): null&#xD;
&#xD;
2019-12-17 10:38:30 - [TEST_STEP][PASSED] - println(request.getRestUrl()): null&#xD;
&#xD;
2019-12-17 10:38:30 - [TEST_STEP][PASSED] - response = sendRequest(request): Send request successfully&#xD;
&#xD;
2019-12-17 10:38:30 - [MESSAGE][INFO] - HAR: D:\katalon-ewallet\Reports\E_Wallet\TS_Change_PIN_Access_Code\TS_changePINAccessCode\20191217_103825\requests\main\2.har&#xD;
&#xD;
2019-12-17 10:38:30 - [MESSAGE][PASSED] - Send request successfully&#xD;
&#xD;
2019-12-17 10:38:30 - [TEST_STEP][PASSED] - body_content = responseBodyContent: null&#xD;
&#xD;
2019-12-17 10:38:30 - [TEST_STEP][PASSED] - status_code = statusCode: null&#xD;
&#xD;
2019-12-17 10:38:30 - [TEST_STEP][PASSED] - respDataMap = JsonSlurper().parseText(body_content): null&#xD;
&#xD;
2019-12-17 10:38:30 - [TEST_STEP][PASSED] - out.println(respDataMap): null&#xD;
&#xD;
2019-12-17 10:38:30 - [TEST_STEP][PASSED] - rc_ref = ReturnCodeWrapper(var_expected_rc).getEnumRC(): null&#xD;
&#xD;
2019-12-17 10:38:30 - [TEST_STEP][PASSED] - out.println(var_expected_rc): null&#xD;
&#xD;
2019-12-17 10:38:30 - [TEST_STEP][PASSED] - out.println(rc_ref.getRCName()): null&#xD;
&#xD;
2019-12-17 10:38:30 - [TEST_STEP][PASSED] - out.println(rc_ref.getHttpResponse()): null&#xD;
&#xD;
2019-12-17 10:38:30 - [TEST_STEP][FAILED] - rcIsTrue = verifyEqual(response_code, rc_ref.getRCName()): Unable to verify equal between actual object 'RC07' and expected object 'RC00' (Root cause: com.kms.katalon.core.exception.StepFailedException: Actual object 'RC07' and expected object 'RC00' are not equal&#xD;
	at com.kms.katalon.core.keyword.builtin.VerifyEqualKeyword$_verifyEqual_closure1.doCall(VerifyEqualKeyword.groovy:58)&#xD;
	at com.kms.katalon.core.keyword.builtin.VerifyEqualKeyword$_verifyEqual_closure1.call(VerifyEqualKeyword.groovy)&#xD;
	at com.kms.katalon.core.keyword.internal.KeywordMain.runKeyword(KeywordMain.groovy:68)&#xD;
	at com.kms.katalon.core.keyword.builtin.VerifyEqualKeyword.verifyEqual(VerifyEqualKeyword.groovy:63)&#xD;
	at com.kms.katalon.core.keyword.builtin.VerifyEqualKeyword.execute(VerifyEqualKeyword.groovy:44)&#xD;
	at com.kms.katalon.core.keyword.internal.KeywordExecutor.executeKeywordForPlatform(KeywordExecutor.groovy:56)&#xD;
	at com.kms.katalon.core.keyword.BuiltinKeywords.verifyEqual(BuiltinKeywords.groovy:141)&#xD;
	at TC_Change_PIN_Access_Code.run(TC_Change_PIN_Access_Code:58)&#xD;
	at com.kms.katalon.core.main.ScriptEngine.run(ScriptEngine.java:194)&#xD;
	at com.kms.katalon.core.main.ScriptEngine.runScriptAsRawText(ScriptEngine.java:119)&#xD;
	at com.kms.katalon.core.main.TestCaseExecutor.runScript(TestCaseExecutor.java:337)&#xD;
	at com.kms.katalon.core.main.TestCaseExecutor.doExecute(TestCaseExecutor.java:328)&#xD;
	at com.kms.katalon.core.main.TestCaseExecutor.processExecutionPhase(TestCaseExecutor.java:307)&#xD;
	at com.kms.katalon.core.main.TestCaseExecutor.accessMainPhase(TestCaseExecutor.java:299)&#xD;
	at com.kms.katalon.core.main.TestCaseExecutor.execute(TestCaseExecutor.java:233)&#xD;
	at com.kms.katalon.core.main.TestSuiteExecutor.accessTestCaseMainPhase(TestSuiteExecutor.java:133)&#xD;
	at com.kms.katalon.core.main.TestSuiteExecutor.accessTestSuiteMainPhase(TestSuiteExecutor.java:116)&#xD;
	at com.kms.katalon.core.main.TestSuiteExecutor.execute(TestSuiteExecutor.java:83)&#xD;
	at com.kms.katalon.core.main.TestCaseMain.startTestSuite(TestCaseMain.java:157)&#xD;
	at com.kms.katalon.core.main.TestCaseMain$startTestSuite$0.call(Unknown Source)&#xD;
	at TempTestSuite1576553905366.run(TempTestSuite1576553905366.groovy:35)&#xD;
)&#xD;
&#xD;
2019-12-17 10:38:30 - [MESSAGE][FAILED] - Unable to verify equal between actual object 'RC07' and expected object 'RC00' (Root cause: com.kms.katalon.core.exception.StepFailedException: Actual object 'RC07' and expected object 'RC00' are not equal&#xD;
	at com.kms.katalon.core.keyword.builtin.VerifyEqualKeyword$_verifyEqual_closure1.doCall(VerifyEqualKeyword.groovy:58)&#xD;
	at com.kms.katalon.core.keyword.builtin.VerifyEqualKeyword$_verifyEqual_closure1.call(VerifyEqualKeyword.groovy)&#xD;
	at com.kms.katalon.core.keyword.internal.KeywordMain.runKeyword(KeywordMain.groovy:68)&#xD;
	at com.kms.katalon.core.keyword.builtin.VerifyEqualKeyword.verifyEqual(VerifyEqualKeyword.groovy:63)&#xD;
	at com.kms.katalon.core.keyword.builtin.VerifyEqualKeyword.execute(VerifyEqualKeyword.groovy:44)&#xD;
	at com.kms.katalon.core.keyword.internal.KeywordExecutor.executeKeywordForPlatform(KeywordExecutor.groovy:56)&#xD;
	at com.kms.katalon.core.keyword.BuiltinKeywords.verifyEqual(BuiltinKeywords.groovy:141)&#xD;
	at TC_Change_PIN_Access_Code.run(TC_Change_PIN_Access_Code:58)&#xD;
	at com.kms.katalon.core.main.ScriptEngine.run(ScriptEngine.java:194)&#xD;
	at com.kms.katalon.core.main.ScriptEngine.runScriptAsRawText(ScriptEngine.java:119)&#xD;
	at com.kms.katalon.core.main.TestCaseExecutor.runScript(TestCaseExecutor.java:337)&#xD;
	at com.kms.katalon.core.main.TestCaseExecutor.doExecute(TestCaseExecutor.java:328)&#xD;
	at com.kms.katalon.core.main.TestCaseExecutor.processExecutionPhase(TestCaseExecutor.java:307)&#xD;
	at com.kms.katalon.core.main.TestCaseExecutor.accessMainPhase(TestCaseExecutor.java:299)&#xD;
	at com.kms.katalon.core.main.TestCaseExecutor.execute(TestCaseExecutor.java:233)&#xD;
	at com.kms.katalon.core.main.TestSuiteExecutor.accessTestCaseMainPhase(TestSuiteExecutor.java:133)&#xD;
	at com.kms.katalon.core.main.TestSuiteExecutor.accessTestSuiteMainPhase(TestSuiteExecutor.java:116)&#xD;
	at com.kms.katalon.core.main.TestSuiteExecutor.execute(TestSuiteExecutor.java:83)&#xD;
	at com.kms.katalon.core.main.TestCaseMain.startTestSuite(TestCaseMain.java:157)&#xD;
	at com.kms.katalon.core.main.TestCaseMain$startTestSuite$0.call(Unknown Source)&#xD;
	at TempTestSuite1576553905366.run(TempTestSuite1576553905366.groovy:35)&#xD;
)</system-out>
            <system-err>2019-12-17 10:38:30 - [TEST_CASE][FAILED] - Test Cases/E_Wallet/TC_Change_PIN_Access_Code/TC_Change_PIN_Access_Code: Test Cases/E_Wallet/TC_Change_PIN_Access_Code/TC_Change_PIN_Access_Code FAILED.
Reason:
com.kms.katalon.core.exception.StepFailedException: Actual object 'RC07' and expected object 'RC00' are not equal&#xD;
	at com.kms.katalon.core.keyword.builtin.VerifyEqualKeyword$_verifyEqual_closure1.doCall(VerifyEqualKeyword.groovy:58)&#xD;
	at com.kms.katalon.core.keyword.builtin.VerifyEqualKeyword$_verifyEqual_closure1.call(VerifyEqualKeyword.groovy)&#xD;
	at com.kms.katalon.core.keyword.internal.KeywordMain.runKeyword(KeywordMain.groovy:68)&#xD;
	at com.kms.katalon.core.keyword.builtin.VerifyEqualKeyword.verifyEqual(VerifyEqualKeyword.groovy:63)&#xD;
	at com.kms.katalon.core.keyword.builtin.VerifyEqualKeyword.execute(VerifyEqualKeyword.groovy:44)&#xD;
	at com.kms.katalon.core.keyword.internal.KeywordExecutor.executeKeywordForPlatform(KeywordExecutor.groovy:56)&#xD;
	at com.kms.katalon.core.keyword.BuiltinKeywords.verifyEqual(BuiltinKeywords.groovy:141)&#xD;
	at TC_Change_PIN_Access_Code.run(TC_Change_PIN_Access_Code:58)&#xD;
	at com.kms.katalon.core.main.ScriptEngine.run(ScriptEngine.java:194)&#xD;
	at com.kms.katalon.core.main.ScriptEngine.runScriptAsRawText(ScriptEngine.java:119)&#xD;
	at com.kms.katalon.core.main.TestCaseExecutor.runScript(TestCaseExecutor.java:337)&#xD;
	at com.kms.katalon.core.main.TestCaseExecutor.doExecute(TestCaseExecutor.java:328)&#xD;
	at com.kms.katalon.core.main.TestCaseExecutor.processExecutionPhase(TestCaseExecutor.java:307)&#xD;
	at com.kms.katalon.core.main.TestCaseExecutor.accessMainPhase(TestCaseExecutor.java:299)&#xD;
	at com.kms.katalon.core.main.TestCaseExecutor.execute(TestCaseExecutor.java:233)&#xD;
	at com.kms.katalon.core.main.TestSuiteExecutor.accessTestCaseMainPhase(TestSuiteExecutor.java:133)&#xD;
	at com.kms.katalon.core.main.TestSuiteExecutor.accessTestSuiteMainPhase(TestSuiteExecutor.java:116)&#xD;
	at com.kms.katalon.core.main.TestSuiteExecutor.execute(TestSuiteExecutor.java:83)&#xD;
	at com.kms.katalon.core.main.TestCaseMain.startTestSuite(TestCaseMain.java:157)&#xD;
	at com.kms.katalon.core.main.TestCaseMain$startTestSuite$0.call(Unknown Source)&#xD;
	at TempTestSuite1576553905366.run(TempTestSuite1576553905366.groovy:35)</system-err>
        </testcase>
        <testcase name="Test Cases/E_Wallet/TC_Change_PIN_Access_Code/TC_Change_PIN_Access_Code" classname="Test Cases/E_Wallet/TC_Change_PIN_Access_Code/TC_Change_PIN_Access_Code" status="PASSED">
            <system-out>2019-12-17 10:38:30 - [TEST_CASE][PASSED] - Test Cases/E_Wallet/TC_Change_PIN_Access_Code/TC_Change_PIN_Access_Code: Test Cases/E_Wallet/TC_Change_PIN_Access_Code/TC_Change_PIN_Access_Code&#xD;
&#xD;
2019-12-17 10:38:30 - [TEST_STEP][PASSED] - var_enciphered_pin = SecureUtils.doEncryptPinRsaEwallet(dev_public_pem_file, var_user_pin): null&#xD;
&#xD;
2019-12-17 10:38:30 - [TEST_STEP][PASSED] - var_enciphered_new_pin = SecureUtils.doEncryptPinRsaEwallet(dev_public_pem_file, var_user_new_pin): null&#xD;
&#xD;
2019-12-17 10:38:30 - [TEST_STEP][PASSED] - var_enciphered_confirm_new_pin = SecureUtils.doEncryptPinRsaEwallet(dev_public_pem_file, var_user_confirm_new_pin): null&#xD;
&#xD;
2019-12-17 10:38:30 - [TEST_STEP][PASSED] - plain = "{" + ""old_pin":"" + var_enciphered_pin + ""," + ""new_pin":"" + var_enciphered_new_pin + ""," + ""confirm_pin":"" + var_enciphered_confirm_new_pin + ""}": null&#xD;
&#xD;
2019-12-17 10:38:30 - [TEST_STEP][PASSED] - out.println(plain): null&#xD;
&#xD;
2019-12-17 10:38:30 - [TEST_STEP][PASSED] - encipheredData = SecureUtils.encryptAesEwallet(plain, var_aes_key): null&#xD;
&#xD;
2019-12-17 10:38:30 - [TEST_STEP][PASSED] - body = "{"organisation_id":"" + var_organisation_id + "","data":"" + encipheredData + "","lang":"" + var_lang + ""}": null&#xD;
&#xD;
2019-12-17 10:38:30 - [TEST_STEP][PASSED] - out.println(body): null&#xD;
&#xD;
2019-12-17 10:38:30 - [TEST_STEP][PASSED] - request = findTestObject("E_Wallet/obj_Change_PIN_Access_Code"): null&#xD;
&#xD;
2019-12-17 10:38:30 - [TEST_STEP][PASSED] - request.setBodyContent(new com.kms.katalon.core.testobject.impl.HttpTextBodyContent(body, UTF-8, application/json)): null&#xD;
&#xD;
2019-12-17 10:38:30 - [TEST_STEP][PASSED] - println(hostname): null&#xD;
&#xD;
2019-12-17 10:38:30 - [TEST_STEP][PASSED] - println(request.getRestUrl()): null&#xD;
&#xD;
2019-12-17 10:38:30 - [TEST_STEP][PASSED] - response = sendRequest(request): Send request successfully&#xD;
&#xD;
2019-12-17 10:38:30 - [MESSAGE][INFO] - HAR: D:\katalon-ewallet\Reports\E_Wallet\TS_Change_PIN_Access_Code\TS_changePINAccessCode\20191217_103825\requests\main\3.har&#xD;
&#xD;
2019-12-17 10:38:30 - [MESSAGE][PASSED] - Send request successfully&#xD;
&#xD;
2019-12-17 10:38:30 - [TEST_STEP][PASSED] - body_content = responseBodyContent: null&#xD;
&#xD;
2019-12-17 10:38:30 - [TEST_STEP][PASSED] - status_code = statusCode: null&#xD;
&#xD;
2019-12-17 10:38:30 - [TEST_STEP][PASSED] - respDataMap = JsonSlurper().parseText(body_content): null&#xD;
&#xD;
2019-12-17 10:38:30 - [TEST_STEP][PASSED] - out.println(respDataMap): null&#xD;
&#xD;
2019-12-17 10:38:30 - [TEST_STEP][PASSED] - rc_ref = ReturnCodeWrapper(var_expected_rc).getEnumRC(): null&#xD;
&#xD;
2019-12-17 10:38:30 - [TEST_STEP][PASSED] - out.println(var_expected_rc): null&#xD;
&#xD;
2019-12-17 10:38:30 - [TEST_STEP][PASSED] - out.println(rc_ref.getRCName()): null&#xD;
&#xD;
2019-12-17 10:38:30 - [TEST_STEP][PASSED] - out.println(rc_ref.getHttpResponse()): null&#xD;
&#xD;
2019-12-17 10:38:30 - [TEST_STEP][PASSED] - rcIsTrue = verifyEqual(response_code, rc_ref.getRCName()): Actual object 'RC01' and expected object 'RC01' are equal&#xD;
&#xD;
2019-12-17 10:38:30 - [MESSAGE][PASSED] - Actual object 'RC01' and expected object 'RC01' are equal&#xD;
&#xD;
2019-12-17 10:38:30 - [TEST_STEP][PASSED] - httpRespIsTrue = verifyEqual(statusCode, rc_ref.getHttpResponse()): Actual object '400' and expected object '400' are equal&#xD;
&#xD;
2019-12-17 10:38:30 - [MESSAGE][PASSED] - Actual object '400' and expected object '400' are equal&#xD;
&#xD;
2019-12-17 10:38:30 - [TEST_STEP][PASSED] - if (rc_ref.getRCName() == RC00): null</system-out>
            <system-err></system-err>
        </testcase>
        <testcase name="Test Cases/E_Wallet/TC_Change_PIN_Access_Code/TC_Change_PIN_Access_Code" classname="Test Cases/E_Wallet/TC_Change_PIN_Access_Code/TC_Change_PIN_Access_Code" status="PASSED">
            <system-out>2019-12-17 10:38:30 - [TEST_CASE][PASSED] - Test Cases/E_Wallet/TC_Change_PIN_Access_Code/TC_Change_PIN_Access_Code: Test Cases/E_Wallet/TC_Change_PIN_Access_Code/TC_Change_PIN_Access_Code&#xD;
&#xD;
2019-12-17 10:38:30 - [TEST_STEP][PASSED] - var_enciphered_pin = SecureUtils.doEncryptPinRsaEwallet(dev_public_pem_file, var_user_pin): null&#xD;
&#xD;
2019-12-17 10:38:30 - [TEST_STEP][PASSED] - var_enciphered_new_pin = SecureUtils.doEncryptPinRsaEwallet(dev_public_pem_file, var_user_new_pin): null&#xD;
&#xD;
2019-12-17 10:38:30 - [TEST_STEP][PASSED] - var_enciphered_confirm_new_pin = SecureUtils.doEncryptPinRsaEwallet(dev_public_pem_file, var_user_confirm_new_pin): null&#xD;
&#xD;
2019-12-17 10:38:30 - [TEST_STEP][PASSED] - plain = "{" + ""old_pin":"" + var_enciphered_pin + ""," + ""new_pin":"" + var_enciphered_new_pin + ""," + ""confirm_pin":"" + var_enciphered_confirm_new_pin + ""}": null&#xD;
&#xD;
2019-12-17 10:38:30 - [TEST_STEP][PASSED] - out.println(plain): null&#xD;
&#xD;
2019-12-17 10:38:30 - [TEST_STEP][PASSED] - encipheredData = SecureUtils.encryptAesEwallet(plain, var_aes_key): null&#xD;
&#xD;
2019-12-17 10:38:30 - [TEST_STEP][PASSED] - body = "{"organisation_id":"" + var_organisation_id + "","data":"" + encipheredData + "","lang":"" + var_lang + ""}": null&#xD;
&#xD;
2019-12-17 10:38:30 - [TEST_STEP][PASSED] - out.println(body): null&#xD;
&#xD;
2019-12-17 10:38:30 - [TEST_STEP][PASSED] - request = findTestObject("E_Wallet/obj_Change_PIN_Access_Code"): null&#xD;
&#xD;
2019-12-17 10:38:30 - [TEST_STEP][PASSED] - request.setBodyContent(new com.kms.katalon.core.testobject.impl.HttpTextBodyContent(body, UTF-8, application/json)): null&#xD;
&#xD;
2019-12-17 10:38:30 - [TEST_STEP][PASSED] - println(hostname): null&#xD;
&#xD;
2019-12-17 10:38:30 - [TEST_STEP][PASSED] - println(request.getRestUrl()): null&#xD;
&#xD;
2019-12-17 10:38:30 - [TEST_STEP][PASSED] - response = sendRequest(request): Send request successfully&#xD;
&#xD;
2019-12-17 10:38:30 - [MESSAGE][INFO] - HAR: D:\katalon-ewallet\Reports\E_Wallet\TS_Change_PIN_Access_Code\TS_changePINAccessCode\20191217_103825\requests\main\4.har&#xD;
&#xD;
2019-12-17 10:38:30 - [MESSAGE][PASSED] - Send request successfully&#xD;
&#xD;
2019-12-17 10:38:30 - [TEST_STEP][PASSED] - body_content = responseBodyContent: null&#xD;
&#xD;
2019-12-17 10:38:30 - [TEST_STEP][PASSED] - status_code = statusCode: null&#xD;
&#xD;
2019-12-17 10:38:30 - [TEST_STEP][PASSED] - respDataMap = JsonSlurper().parseText(body_content): null&#xD;
&#xD;
2019-12-17 10:38:30 - [TEST_STEP][PASSED] - out.println(respDataMap): null&#xD;
&#xD;
2019-12-17 10:38:30 - [TEST_STEP][PASSED] - rc_ref = ReturnCodeWrapper(var_expected_rc).getEnumRC(): null&#xD;
&#xD;
2019-12-17 10:38:30 - [TEST_STEP][PASSED] - out.println(var_expected_rc): null&#xD;
&#xD;
2019-12-17 10:38:30 - [TEST_STEP][PASSED] - out.println(rc_ref.getRCName()): null&#xD;
&#xD;
2019-12-17 10:38:30 - [TEST_STEP][PASSED] - out.println(rc_ref.getHttpResponse()): null&#xD;
&#xD;
2019-12-17 10:38:30 - [TEST_STEP][PASSED] - rcIsTrue = verifyEqual(response_code, rc_ref.getRCName()): Actual object 'RC01' and expected object 'RC01' are equal&#xD;
&#xD;
2019-12-17 10:38:30 - [MESSAGE][PASSED] - Actual object 'RC01' and expected object 'RC01' are equal&#xD;
&#xD;
2019-12-17 10:38:30 - [TEST_STEP][PASSED] - httpRespIsTrue = verifyEqual(statusCode, rc_ref.getHttpResponse()): Actual object '400' and expected object '400' are equal&#xD;
&#xD;
2019-12-17 10:38:30 - [MESSAGE][PASSED] - Actual object '400' and expected object '400' are equal&#xD;
&#xD;
2019-12-17 10:38:30 - [TEST_STEP][PASSED] - if (rc_ref.getRCName() == RC00): null</system-out>
            <system-err></system-err>
        </testcase>
        <testcase name="Test Cases/E_Wallet/TC_Change_PIN_Access_Code/TC_Change_PIN_Access_Code" classname="Test Cases/E_Wallet/TC_Change_PIN_Access_Code/TC_Change_PIN_Access_Code" status="PASSED">
            <system-out>2019-12-17 10:38:30 - [TEST_CASE][PASSED] - Test Cases/E_Wallet/TC_Change_PIN_Access_Code/TC_Change_PIN_Access_Code: Test Cases/E_Wallet/TC_Change_PIN_Access_Code/TC_Change_PIN_Access_Code&#xD;
&#xD;
2019-12-17 10:38:30 - [TEST_STEP][PASSED] - var_enciphered_pin = SecureUtils.doEncryptPinRsaEwallet(dev_public_pem_file, var_user_pin): null&#xD;
&#xD;
2019-12-17 10:38:30 - [TEST_STEP][PASSED] - var_enciphered_new_pin = SecureUtils.doEncryptPinRsaEwallet(dev_public_pem_file, var_user_new_pin): null&#xD;
&#xD;
2019-12-17 10:38:30 - [TEST_STEP][PASSED] - var_enciphered_confirm_new_pin = SecureUtils.doEncryptPinRsaEwallet(dev_public_pem_file, var_user_confirm_new_pin): null&#xD;
&#xD;
2019-12-17 10:38:30 - [TEST_STEP][PASSED] - plain = "{" + ""old_pin":"" + var_enciphered_pin + ""," + ""new_pin":"" + var_enciphered_new_pin + ""," + ""confirm_pin":"" + var_enciphered_confirm_new_pin + ""}": null&#xD;
&#xD;
2019-12-17 10:38:30 - [TEST_STEP][PASSED] - out.println(plain): null&#xD;
&#xD;
2019-12-17 10:38:30 - [TEST_STEP][PASSED] - encipheredData = SecureUtils.encryptAesEwallet(plain, var_aes_key): null&#xD;
&#xD;
2019-12-17 10:38:30 - [TEST_STEP][PASSED] - body = "{"organisation_id":"" + var_organisation_id + "","data":"" + encipheredData + "","lang":"" + var_lang + ""}": null&#xD;
&#xD;
2019-12-17 10:38:30 - [TEST_STEP][PASSED] - out.println(body): null&#xD;
&#xD;
2019-12-17 10:38:30 - [TEST_STEP][PASSED] - request = findTestObject("E_Wallet/obj_Change_PIN_Access_Code"): null&#xD;
&#xD;
2019-12-17 10:38:31 - [TEST_STEP][PASSED] - request.setBodyContent(new com.kms.katalon.core.testobject.impl.HttpTextBodyContent(body, UTF-8, application/json)): null&#xD;
&#xD;
2019-12-17 10:38:31 - [TEST_STEP][PASSED] - println(hostname): null&#xD;
&#xD;
2019-12-17 10:38:31 - [TEST_STEP][PASSED] - println(request.getRestUrl()): null&#xD;
&#xD;
2019-12-17 10:38:31 - [TEST_STEP][PASSED] - response = sendRequest(request): Send request successfully&#xD;
&#xD;
2019-12-17 10:38:31 - [MESSAGE][INFO] - HAR: D:\katalon-ewallet\Reports\E_Wallet\TS_Change_PIN_Access_Code\TS_changePINAccessCode\20191217_103825\requests\main\5.har&#xD;
&#xD;
2019-12-17 10:38:31 - [MESSAGE][PASSED] - Send request successfully&#xD;
&#xD;
2019-12-17 10:38:31 - [TEST_STEP][PASSED] - body_content = responseBodyContent: null&#xD;
&#xD;
2019-12-17 10:38:31 - [TEST_STEP][PASSED] - status_code = statusCode: null&#xD;
&#xD;
2019-12-17 10:38:31 - [TEST_STEP][PASSED] - respDataMap = JsonSlurper().parseText(body_content): null&#xD;
&#xD;
2019-12-17 10:38:31 - [TEST_STEP][PASSED] - out.println(respDataMap): null&#xD;
&#xD;
2019-12-17 10:38:31 - [TEST_STEP][PASSED] - rc_ref = ReturnCodeWrapper(var_expected_rc).getEnumRC(): null&#xD;
&#xD;
2019-12-17 10:38:31 - [TEST_STEP][PASSED] - out.println(var_expected_rc): null&#xD;
&#xD;
2019-12-17 10:38:31 - [TEST_STEP][PASSED] - out.println(rc_ref.getRCName()): null&#xD;
&#xD;
2019-12-17 10:38:31 - [TEST_STEP][PASSED] - out.println(rc_ref.getHttpResponse()): null&#xD;
&#xD;
2019-12-17 10:38:31 - [TEST_STEP][PASSED] - rcIsTrue = verifyEqual(response_code, rc_ref.getRCName()): Actual object 'RC01' and expected object 'RC01' are equal&#xD;
&#xD;
2019-12-17 10:38:31 - [MESSAGE][PASSED] - Actual object 'RC01' and expected object 'RC01' are equal&#xD;
&#xD;
2019-12-17 10:38:31 - [TEST_STEP][PASSED] - httpRespIsTrue = verifyEqual(statusCode, rc_ref.getHttpResponse()): Actual object '400' and expected object '400' are equal&#xD;
&#xD;
2019-12-17 10:38:31 - [MESSAGE][PASSED] - Actual object '400' and expected object '400' are equal&#xD;
&#xD;
2019-12-17 10:38:31 - [TEST_STEP][PASSED] - if (rc_ref.getRCName() == RC00): null</system-out>
            <system-err></system-err>
        </testcase>
        <testcase name="Test Cases/E_Wallet/TC_Change_PIN_Access_Code/TC_Change_PIN_Access_Code" classname="Test Cases/E_Wallet/TC_Change_PIN_Access_Code/TC_Change_PIN_Access_Code" status="PASSED">
            <system-out>2019-12-17 10:38:31 - [TEST_CASE][PASSED] - Test Cases/E_Wallet/TC_Change_PIN_Access_Code/TC_Change_PIN_Access_Code: Test Cases/E_Wallet/TC_Change_PIN_Access_Code/TC_Change_PIN_Access_Code&#xD;
&#xD;
2019-12-17 10:38:31 - [TEST_STEP][PASSED] - var_enciphered_pin = SecureUtils.doEncryptPinRsaEwallet(dev_public_pem_file, var_user_pin): null&#xD;
&#xD;
2019-12-17 10:38:31 - [TEST_STEP][PASSED] - var_enciphered_new_pin = SecureUtils.doEncryptPinRsaEwallet(dev_public_pem_file, var_user_new_pin): null&#xD;
&#xD;
2019-12-17 10:38:31 - [TEST_STEP][PASSED] - var_enciphered_confirm_new_pin = SecureUtils.doEncryptPinRsaEwallet(dev_public_pem_file, var_user_confirm_new_pin): null&#xD;
&#xD;
2019-12-17 10:38:31 - [TEST_STEP][PASSED] - plain = "{" + ""old_pin":"" + var_enciphered_pin + ""," + ""new_pin":"" + var_enciphered_new_pin + ""," + ""confirm_pin":"" + var_enciphered_confirm_new_pin + ""}": null&#xD;
&#xD;
2019-12-17 10:38:31 - [TEST_STEP][PASSED] - out.println(plain): null&#xD;
&#xD;
2019-12-17 10:38:31 - [TEST_STEP][PASSED] - encipheredData = SecureUtils.encryptAesEwallet(plain, var_aes_key): null&#xD;
&#xD;
2019-12-17 10:38:31 - [TEST_STEP][PASSED] - body = "{"organisation_id":"" + var_organisation_id + "","data":"" + encipheredData + "","lang":"" + var_lang + ""}": null&#xD;
&#xD;
2019-12-17 10:38:31 - [TEST_STEP][PASSED] - out.println(body): null&#xD;
&#xD;
2019-12-17 10:38:31 - [TEST_STEP][PASSED] - request = findTestObject("E_Wallet/obj_Change_PIN_Access_Code"): null&#xD;
&#xD;
2019-12-17 10:38:31 - [TEST_STEP][PASSED] - request.setBodyContent(new com.kms.katalon.core.testobject.impl.HttpTextBodyContent(body, UTF-8, application/json)): null&#xD;
&#xD;
2019-12-17 10:38:31 - [TEST_STEP][PASSED] - println(hostname): null&#xD;
&#xD;
2019-12-17 10:38:31 - [TEST_STEP][PASSED] - println(request.getRestUrl()): null&#xD;
&#xD;
2019-12-17 10:38:31 - [TEST_STEP][PASSED] - response = sendRequest(request): Send request successfully&#xD;
&#xD;
2019-12-17 10:38:31 - [MESSAGE][INFO] - HAR: D:\katalon-ewallet\Reports\E_Wallet\TS_Change_PIN_Access_Code\TS_changePINAccessCode\20191217_103825\requests\main\6.har&#xD;
&#xD;
2019-12-17 10:38:31 - [MESSAGE][PASSED] - Send request successfully&#xD;
&#xD;
2019-12-17 10:38:31 - [TEST_STEP][PASSED] - body_content = responseBodyContent: null&#xD;
&#xD;
2019-12-17 10:38:31 - [TEST_STEP][PASSED] - status_code = statusCode: null&#xD;
&#xD;
2019-12-17 10:38:31 - [TEST_STEP][PASSED] - respDataMap = JsonSlurper().parseText(body_content): null&#xD;
&#xD;
2019-12-17 10:38:31 - [TEST_STEP][PASSED] - out.println(respDataMap): null&#xD;
&#xD;
2019-12-17 10:38:31 - [TEST_STEP][PASSED] - rc_ref = ReturnCodeWrapper(var_expected_rc).getEnumRC(): null&#xD;
&#xD;
2019-12-17 10:38:31 - [TEST_STEP][PASSED] - out.println(var_expected_rc): null&#xD;
&#xD;
2019-12-17 10:38:31 - [TEST_STEP][PASSED] - out.println(rc_ref.getRCName()): null&#xD;
&#xD;
2019-12-17 10:38:31 - [TEST_STEP][PASSED] - out.println(rc_ref.getHttpResponse()): null&#xD;
&#xD;
2019-12-17 10:38:31 - [TEST_STEP][PASSED] - rcIsTrue = verifyEqual(response_code, rc_ref.getRCName()): Actual object 'RC01' and expected object 'RC01' are equal&#xD;
&#xD;
2019-12-17 10:38:31 - [MESSAGE][PASSED] - Actual object 'RC01' and expected object 'RC01' are equal&#xD;
&#xD;
2019-12-17 10:38:31 - [TEST_STEP][PASSED] - httpRespIsTrue = verifyEqual(statusCode, rc_ref.getHttpResponse()): Actual object '400' and expected object '400' are equal&#xD;
&#xD;
2019-12-17 10:38:31 - [MESSAGE][PASSED] - Actual object '400' and expected object '400' are equal&#xD;
&#xD;
2019-12-17 10:38:31 - [TEST_STEP][PASSED] - if (rc_ref.getRCName() == RC00): null</system-out>
            <system-err></system-err>
        </testcase>
        <testcase name="Test Cases/E_Wallet/TC_Change_PIN_Access_Code/TC_Change_PIN_Access_Code" classname="Test Cases/E_Wallet/TC_Change_PIN_Access_Code/TC_Change_PIN_Access_Code" status="PASSED">
            <system-out>2019-12-17 10:38:31 - [TEST_CASE][PASSED] - Test Cases/E_Wallet/TC_Change_PIN_Access_Code/TC_Change_PIN_Access_Code: Test Cases/E_Wallet/TC_Change_PIN_Access_Code/TC_Change_PIN_Access_Code&#xD;
&#xD;
2019-12-17 10:38:31 - [TEST_STEP][PASSED] - var_enciphered_pin = SecureUtils.doEncryptPinRsaEwallet(dev_public_pem_file, var_user_pin): null&#xD;
&#xD;
2019-12-17 10:38:31 - [TEST_STEP][PASSED] - var_enciphered_new_pin = SecureUtils.doEncryptPinRsaEwallet(dev_public_pem_file, var_user_new_pin): null&#xD;
&#xD;
2019-12-17 10:38:31 - [TEST_STEP][PASSED] - var_enciphered_confirm_new_pin = SecureUtils.doEncryptPinRsaEwallet(dev_public_pem_file, var_user_confirm_new_pin): null&#xD;
&#xD;
2019-12-17 10:38:31 - [TEST_STEP][PASSED] - plain = "{" + ""old_pin":"" + var_enciphered_pin + ""," + ""new_pin":"" + var_enciphered_new_pin + ""," + ""confirm_pin":"" + var_enciphered_confirm_new_pin + ""}": null&#xD;
&#xD;
2019-12-17 10:38:31 - [TEST_STEP][PASSED] - out.println(plain): null&#xD;
&#xD;
2019-12-17 10:38:31 - [TEST_STEP][PASSED] - encipheredData = SecureUtils.encryptAesEwallet(plain, var_aes_key): null&#xD;
&#xD;
2019-12-17 10:38:31 - [TEST_STEP][PASSED] - body = "{"organisation_id":"" + var_organisation_id + "","data":"" + encipheredData + "","lang":"" + var_lang + ""}": null&#xD;
&#xD;
2019-12-17 10:38:31 - [TEST_STEP][PASSED] - out.println(body): null&#xD;
&#xD;
2019-12-17 10:38:31 - [TEST_STEP][PASSED] - request = findTestObject("E_Wallet/obj_Change_PIN_Access_Code"): null&#xD;
&#xD;
2019-12-17 10:38:31 - [TEST_STEP][PASSED] - request.setBodyContent(new com.kms.katalon.core.testobject.impl.HttpTextBodyContent(body, UTF-8, application/json)): null&#xD;
&#xD;
2019-12-17 10:38:31 - [TEST_STEP][PASSED] - println(hostname): null&#xD;
&#xD;
2019-12-17 10:38:31 - [TEST_STEP][PASSED] - println(request.getRestUrl()): null&#xD;
&#xD;
2019-12-17 10:38:31 - [TEST_STEP][PASSED] - response = sendRequest(request): Send request successfully&#xD;
&#xD;
2019-12-17 10:38:31 - [MESSAGE][INFO] - HAR: D:\katalon-ewallet\Reports\E_Wallet\TS_Change_PIN_Access_Code\TS_changePINAccessCode\20191217_103825\requests\main\7.har&#xD;
&#xD;
2019-12-17 10:38:31 - [MESSAGE][PASSED] - Send request successfully&#xD;
&#xD;
2019-12-17 10:38:31 - [TEST_STEP][PASSED] - body_content = responseBodyContent: null&#xD;
&#xD;
2019-12-17 10:38:31 - [TEST_STEP][PASSED] - status_code = statusCode: null&#xD;
&#xD;
2019-12-17 10:38:31 - [TEST_STEP][PASSED] - respDataMap = JsonSlurper().parseText(body_content): null&#xD;
&#xD;
2019-12-17 10:38:31 - [TEST_STEP][PASSED] - out.println(respDataMap): null&#xD;
&#xD;
2019-12-17 10:38:31 - [TEST_STEP][PASSED] - rc_ref = ReturnCodeWrapper(var_expected_rc).getEnumRC(): null&#xD;
&#xD;
2019-12-17 10:38:31 - [TEST_STEP][PASSED] - out.println(var_expected_rc): null&#xD;
&#xD;
2019-12-17 10:38:31 - [TEST_STEP][PASSED] - out.println(rc_ref.getRCName()): null&#xD;
&#xD;
2019-12-17 10:38:31 - [TEST_STEP][PASSED] - out.println(rc_ref.getHttpResponse()): null&#xD;
&#xD;
2019-12-17 10:38:31 - [TEST_STEP][PASSED] - rcIsTrue = verifyEqual(response_code, rc_ref.getRCName()): Actual object 'RC07' and expected object 'RC07' are equal&#xD;
&#xD;
2019-12-17 10:38:31 - [MESSAGE][PASSED] - Actual object 'RC07' and expected object 'RC07' are equal&#xD;
&#xD;
2019-12-17 10:38:31 - [TEST_STEP][PASSED] - httpRespIsTrue = verifyEqual(statusCode, rc_ref.getHttpResponse()): Actual object '401' and expected object '401' are equal&#xD;
&#xD;
2019-12-17 10:38:31 - [MESSAGE][PASSED] - Actual object '401' and expected object '401' are equal&#xD;
&#xD;
2019-12-17 10:38:31 - [TEST_STEP][PASSED] - if (rc_ref.getRCName() == RC00): null</system-out>
            <system-err></system-err>
        </testcase>
        <testcase name="Test Cases/E_Wallet/TC_Change_PIN_Access_Code/TC_Change_PIN_Access_Code" classname="Test Cases/E_Wallet/TC_Change_PIN_Access_Code/TC_Change_PIN_Access_Code" status="PASSED">
            <system-out>2019-12-17 10:38:31 - [TEST_CASE][PASSED] - Test Cases/E_Wallet/TC_Change_PIN_Access_Code/TC_Change_PIN_Access_Code: Test Cases/E_Wallet/TC_Change_PIN_Access_Code/TC_Change_PIN_Access_Code&#xD;
&#xD;
2019-12-17 10:38:31 - [TEST_STEP][PASSED] - var_enciphered_pin = SecureUtils.doEncryptPinRsaEwallet(dev_public_pem_file, var_user_pin): null&#xD;
&#xD;
2019-12-17 10:38:31 - [TEST_STEP][PASSED] - var_enciphered_new_pin = SecureUtils.doEncryptPinRsaEwallet(dev_public_pem_file, var_user_new_pin): null&#xD;
&#xD;
2019-12-17 10:38:31 - [TEST_STEP][PASSED] - var_enciphered_confirm_new_pin = SecureUtils.doEncryptPinRsaEwallet(dev_public_pem_file, var_user_confirm_new_pin): null&#xD;
&#xD;
2019-12-17 10:38:31 - [TEST_STEP][PASSED] - plain = "{" + ""old_pin":"" + var_enciphered_pin + ""," + ""new_pin":"" + var_enciphered_new_pin + ""," + ""confirm_pin":"" + var_enciphered_confirm_new_pin + ""}": null&#xD;
&#xD;
2019-12-17 10:38:31 - [TEST_STEP][PASSED] - out.println(plain): null&#xD;
&#xD;
2019-12-17 10:38:31 - [TEST_STEP][PASSED] - encipheredData = SecureUtils.encryptAesEwallet(plain, var_aes_key): null&#xD;
&#xD;
2019-12-17 10:38:31 - [TEST_STEP][PASSED] - body = "{"organisation_id":"" + var_organisation_id + "","data":"" + encipheredData + "","lang":"" + var_lang + ""}": null&#xD;
&#xD;
2019-12-17 10:38:31 - [TEST_STEP][PASSED] - out.println(body): null&#xD;
&#xD;
2019-12-17 10:38:31 - [TEST_STEP][PASSED] - request = findTestObject("E_Wallet/obj_Change_PIN_Access_Code"): null&#xD;
&#xD;
2019-12-17 10:38:31 - [TEST_STEP][PASSED] - request.setBodyContent(new com.kms.katalon.core.testobject.impl.HttpTextBodyContent(body, UTF-8, application/json)): null&#xD;
&#xD;
2019-12-17 10:38:31 - [TEST_STEP][PASSED] - println(hostname): null&#xD;
&#xD;
2019-12-17 10:38:31 - [TEST_STEP][PASSED] - println(request.getRestUrl()): null&#xD;
&#xD;
2019-12-17 10:38:31 - [TEST_STEP][PASSED] - response = sendRequest(request): Send request successfully&#xD;
&#xD;
2019-12-17 10:38:31 - [MESSAGE][INFO] - HAR: D:\katalon-ewallet\Reports\E_Wallet\TS_Change_PIN_Access_Code\TS_changePINAccessCode\20191217_103825\requests\main\8.har&#xD;
&#xD;
2019-12-17 10:38:31 - [MESSAGE][PASSED] - Send request successfully&#xD;
&#xD;
2019-12-17 10:38:31 - [TEST_STEP][PASSED] - body_content = responseBodyContent: null&#xD;
&#xD;
2019-12-17 10:38:31 - [TEST_STEP][PASSED] - status_code = statusCode: null&#xD;
&#xD;
2019-12-17 10:38:31 - [TEST_STEP][PASSED] - respDataMap = JsonSlurper().parseText(body_content): null&#xD;
&#xD;
2019-12-17 10:38:31 - [TEST_STEP][PASSED] - out.println(respDataMap): null&#xD;
&#xD;
2019-12-17 10:38:31 - [TEST_STEP][PASSED] - rc_ref = ReturnCodeWrapper(var_expected_rc).getEnumRC(): null&#xD;
&#xD;
2019-12-17 10:38:31 - [TEST_STEP][PASSED] - out.println(var_expected_rc): null&#xD;
&#xD;
2019-12-17 10:38:31 - [TEST_STEP][PASSED] - out.println(rc_ref.getRCName()): null&#xD;
&#xD;
2019-12-17 10:38:31 - [TEST_STEP][PASSED] - out.println(rc_ref.getHttpResponse()): null&#xD;
&#xD;
2019-12-17 10:38:31 - [TEST_STEP][PASSED] - rcIsTrue = verifyEqual(response_code, rc_ref.getRCName()): Actual object 'RC01' and expected object 'RC01' are equal&#xD;
&#xD;
2019-12-17 10:38:31 - [MESSAGE][PASSED] - Actual object 'RC01' and expected object 'RC01' are equal&#xD;
&#xD;
2019-12-17 10:38:31 - [TEST_STEP][PASSED] - httpRespIsTrue = verifyEqual(statusCode, rc_ref.getHttpResponse()): Actual object '400' and expected object '400' are equal&#xD;
&#xD;
2019-12-17 10:38:31 - [MESSAGE][PASSED] - Actual object '400' and expected object '400' are equal&#xD;
&#xD;
2019-12-17 10:38:31 - [TEST_STEP][PASSED] - if (rc_ref.getRCName() == RC00): null</system-out>
            <system-err></system-err>
        </testcase>
        <testcase name="Test Cases/E_Wallet/TC_Change_PIN_Access_Code/TC_Change_PIN_Access_Code" classname="Test Cases/E_Wallet/TC_Change_PIN_Access_Code/TC_Change_PIN_Access_Code" status="PASSED">
            <system-out>2019-12-17 10:38:31 - [TEST_CASE][PASSED] - Test Cases/E_Wallet/TC_Change_PIN_Access_Code/TC_Change_PIN_Access_Code: Test Cases/E_Wallet/TC_Change_PIN_Access_Code/TC_Change_PIN_Access_Code&#xD;
&#xD;
2019-12-17 10:38:31 - [TEST_STEP][PASSED] - var_enciphered_pin = SecureUtils.doEncryptPinRsaEwallet(dev_public_pem_file, var_user_pin): null&#xD;
&#xD;
2019-12-17 10:38:31 - [TEST_STEP][PASSED] - var_enciphered_new_pin = SecureUtils.doEncryptPinRsaEwallet(dev_public_pem_file, var_user_new_pin): null&#xD;
&#xD;
2019-12-17 10:38:31 - [TEST_STEP][PASSED] - var_enciphered_confirm_new_pin = SecureUtils.doEncryptPinRsaEwallet(dev_public_pem_file, var_user_confirm_new_pin): null&#xD;
&#xD;
2019-12-17 10:38:31 - [TEST_STEP][PASSED] - plain = "{" + ""old_pin":"" + var_enciphered_pin + ""," + ""new_pin":"" + var_enciphered_new_pin + ""," + ""confirm_pin":"" + var_enciphered_confirm_new_pin + ""}": null&#xD;
&#xD;
2019-12-17 10:38:31 - [TEST_STEP][PASSED] - out.println(plain): null&#xD;
&#xD;
2019-12-17 10:38:31 - [TEST_STEP][PASSED] - encipheredData = SecureUtils.encryptAesEwallet(plain, var_aes_key): null&#xD;
&#xD;
2019-12-17 10:38:31 - [TEST_STEP][PASSED] - body = "{"organisation_id":"" + var_organisation_id + "","data":"" + encipheredData + "","lang":"" + var_lang + ""}": null&#xD;
&#xD;
2019-12-17 10:38:31 - [TEST_STEP][PASSED] - out.println(body): null&#xD;
&#xD;
2019-12-17 10:38:31 - [TEST_STEP][PASSED] - request = findTestObject("E_Wallet/obj_Change_PIN_Access_Code"): null&#xD;
&#xD;
2019-12-17 10:38:31 - [TEST_STEP][PASSED] - request.setBodyContent(new com.kms.katalon.core.testobject.impl.HttpTextBodyContent(body, UTF-8, application/json)): null&#xD;
&#xD;
2019-12-17 10:38:31 - [TEST_STEP][PASSED] - println(hostname): null&#xD;
&#xD;
2019-12-17 10:38:31 - [TEST_STEP][PASSED] - println(request.getRestUrl()): null&#xD;
&#xD;
2019-12-17 10:38:31 - [TEST_STEP][PASSED] - response = sendRequest(request): Send request successfully&#xD;
&#xD;
2019-12-17 10:38:31 - [MESSAGE][INFO] - HAR: D:\katalon-ewallet\Reports\E_Wallet\TS_Change_PIN_Access_Code\TS_changePINAccessCode\20191217_103825\requests\main\9.har&#xD;
&#xD;
2019-12-17 10:38:31 - [MESSAGE][PASSED] - Send request successfully&#xD;
&#xD;
2019-12-17 10:38:31 - [TEST_STEP][PASSED] - body_content = responseBodyContent: null&#xD;
&#xD;
2019-12-17 10:38:31 - [TEST_STEP][PASSED] - status_code = statusCode: null&#xD;
&#xD;
2019-12-17 10:38:31 - [TEST_STEP][PASSED] - respDataMap = JsonSlurper().parseText(body_content): null&#xD;
&#xD;
2019-12-17 10:38:31 - [TEST_STEP][PASSED] - out.println(respDataMap): null&#xD;
&#xD;
2019-12-17 10:38:31 - [TEST_STEP][PASSED] - rc_ref = ReturnCodeWrapper(var_expected_rc).getEnumRC(): null&#xD;
&#xD;
2019-12-17 10:38:31 - [TEST_STEP][PASSED] - out.println(var_expected_rc): null&#xD;
&#xD;
2019-12-17 10:38:31 - [TEST_STEP][PASSED] - out.println(rc_ref.getRCName()): null&#xD;
&#xD;
2019-12-17 10:38:31 - [TEST_STEP][PASSED] - out.println(rc_ref.getHttpResponse()): null&#xD;
&#xD;
2019-12-17 10:38:31 - [TEST_STEP][PASSED] - rcIsTrue = verifyEqual(response_code, rc_ref.getRCName()): Actual object 'RC01' and expected object 'RC01' are equal&#xD;
&#xD;
2019-12-17 10:38:31 - [MESSAGE][PASSED] - Actual object 'RC01' and expected object 'RC01' are equal&#xD;
&#xD;
2019-12-17 10:38:31 - [TEST_STEP][PASSED] - httpRespIsTrue = verifyEqual(statusCode, rc_ref.getHttpResponse()): Actual object '400' and expected object '400' are equal&#xD;
&#xD;
2019-12-17 10:38:31 - [MESSAGE][PASSED] - Actual object '400' and expected object '400' are equal&#xD;
&#xD;
2019-12-17 10:38:31 - [TEST_STEP][PASSED] - if (rc_ref.getRCName() == RC00): null</system-out>
            <system-err></system-err>
        </testcase>
        <testcase name="Test Cases/E_Wallet/TC_Change_PIN_Access_Code/TC_Change_PIN_Access_Code" classname="Test Cases/E_Wallet/TC_Change_PIN_Access_Code/TC_Change_PIN_Access_Code" status="PASSED">
            <system-out>2019-12-17 10:38:31 - [TEST_CASE][PASSED] - Test Cases/E_Wallet/TC_Change_PIN_Access_Code/TC_Change_PIN_Access_Code: Test Cases/E_Wallet/TC_Change_PIN_Access_Code/TC_Change_PIN_Access_Code&#xD;
&#xD;
2019-12-17 10:38:31 - [TEST_STEP][PASSED] - var_enciphered_pin = SecureUtils.doEncryptPinRsaEwallet(dev_public_pem_file, var_user_pin): null&#xD;
&#xD;
2019-12-17 10:38:31 - [TEST_STEP][PASSED] - var_enciphered_new_pin = SecureUtils.doEncryptPinRsaEwallet(dev_public_pem_file, var_user_new_pin): null&#xD;
&#xD;
2019-12-17 10:38:31 - [TEST_STEP][PASSED] - var_enciphered_confirm_new_pin = SecureUtils.doEncryptPinRsaEwallet(dev_public_pem_file, var_user_confirm_new_pin): null&#xD;
&#xD;
2019-12-17 10:38:31 - [TEST_STEP][PASSED] - plain = "{" + ""old_pin":"" + var_enciphered_pin + ""," + ""new_pin":"" + var_enciphered_new_pin + ""," + ""confirm_pin":"" + var_enciphered_confirm_new_pin + ""}": null&#xD;
&#xD;
2019-12-17 10:38:31 - [TEST_STEP][PASSED] - out.println(plain): null&#xD;
&#xD;
2019-12-17 10:38:31 - [TEST_STEP][PASSED] - encipheredData = SecureUtils.encryptAesEwallet(plain, var_aes_key): null&#xD;
&#xD;
2019-12-17 10:38:31 - [TEST_STEP][PASSED] - body = "{"organisation_id":"" + var_organisation_id + "","data":"" + encipheredData + "","lang":"" + var_lang + ""}": null&#xD;
&#xD;
2019-12-17 10:38:31 - [TEST_STEP][PASSED] - out.println(body): null&#xD;
&#xD;
2019-12-17 10:38:31 - [TEST_STEP][PASSED] - request = findTestObject("E_Wallet/obj_Change_PIN_Access_Code"): null&#xD;
&#xD;
2019-12-17 10:38:32 - [TEST_STEP][PASSED] - request.setBodyContent(new com.kms.katalon.core.testobject.impl.HttpTextBodyContent(body, UTF-8, application/json)): null&#xD;
&#xD;
2019-12-17 10:38:32 - [TEST_STEP][PASSED] - println(hostname): null&#xD;
&#xD;
2019-12-17 10:38:32 - [TEST_STEP][PASSED] - println(request.getRestUrl()): null&#xD;
&#xD;
2019-12-17 10:38:32 - [TEST_STEP][PASSED] - response = sendRequest(request): Send request successfully&#xD;
&#xD;
2019-12-17 10:38:32 - [MESSAGE][INFO] - HAR: D:\katalon-ewallet\Reports\E_Wallet\TS_Change_PIN_Access_Code\TS_changePINAccessCode\20191217_103825\requests\main\10.har&#xD;
&#xD;
2019-12-17 10:38:32 - [MESSAGE][PASSED] - Send request successfully&#xD;
&#xD;
2019-12-17 10:38:32 - [TEST_STEP][PASSED] - body_content = responseBodyContent: null&#xD;
&#xD;
2019-12-17 10:38:32 - [TEST_STEP][PASSED] - status_code = statusCode: null&#xD;
&#xD;
2019-12-17 10:38:32 - [TEST_STEP][PASSED] - respDataMap = JsonSlurper().parseText(body_content): null&#xD;
&#xD;
2019-12-17 10:38:32 - [TEST_STEP][PASSED] - out.println(respDataMap): null&#xD;
&#xD;
2019-12-17 10:38:32 - [TEST_STEP][PASSED] - rc_ref = ReturnCodeWrapper(var_expected_rc).getEnumRC(): null&#xD;
&#xD;
2019-12-17 10:38:32 - [TEST_STEP][PASSED] - out.println(var_expected_rc): null&#xD;
&#xD;
2019-12-17 10:38:32 - [TEST_STEP][PASSED] - out.println(rc_ref.getRCName()): null&#xD;
&#xD;
2019-12-17 10:38:32 - [TEST_STEP][PASSED] - out.println(rc_ref.getHttpResponse()): null&#xD;
&#xD;
2019-12-17 10:38:32 - [TEST_STEP][PASSED] - rcIsTrue = verifyEqual(response_code, rc_ref.getRCName()): Actual object 'RC01' and expected object 'RC01' are equal&#xD;
&#xD;
2019-12-17 10:38:32 - [MESSAGE][PASSED] - Actual object 'RC01' and expected object 'RC01' are equal&#xD;
&#xD;
2019-12-17 10:38:32 - [TEST_STEP][PASSED] - httpRespIsTrue = verifyEqual(statusCode, rc_ref.getHttpResponse()): Actual object '400' and expected object '400' are equal&#xD;
&#xD;
2019-12-17 10:38:32 - [MESSAGE][PASSED] - Actual object '400' and expected object '400' are equal&#xD;
&#xD;
2019-12-17 10:38:32 - [TEST_STEP][PASSED] - if (rc_ref.getRCName() == RC00): null</system-out>
            <system-err></system-err>
        </testcase>
        <testcase name="Test Cases/E_Wallet/TC_Change_PIN_Access_Code/TC_Change_PIN_Access_Code" classname="Test Cases/E_Wallet/TC_Change_PIN_Access_Code/TC_Change_PIN_Access_Code" status="PASSED">
            <system-out>2019-12-17 10:38:32 - [TEST_CASE][PASSED] - Test Cases/E_Wallet/TC_Change_PIN_Access_Code/TC_Change_PIN_Access_Code: Test Cases/E_Wallet/TC_Change_PIN_Access_Code/TC_Change_PIN_Access_Code&#xD;
&#xD;
2019-12-17 10:38:32 - [TEST_STEP][PASSED] - var_enciphered_pin = SecureUtils.doEncryptPinRsaEwallet(dev_public_pem_file, var_user_pin): null&#xD;
&#xD;
2019-12-17 10:38:32 - [TEST_STEP][PASSED] - var_enciphered_new_pin = SecureUtils.doEncryptPinRsaEwallet(dev_public_pem_file, var_user_new_pin): null&#xD;
&#xD;
2019-12-17 10:38:32 - [TEST_STEP][PASSED] - var_enciphered_confirm_new_pin = SecureUtils.doEncryptPinRsaEwallet(dev_public_pem_file, var_user_confirm_new_pin): null&#xD;
&#xD;
2019-12-17 10:38:32 - [TEST_STEP][PASSED] - plain = "{" + ""old_pin":"" + var_enciphered_pin + ""," + ""new_pin":"" + var_enciphered_new_pin + ""," + ""confirm_pin":"" + var_enciphered_confirm_new_pin + ""}": null&#xD;
&#xD;
2019-12-17 10:38:32 - [TEST_STEP][PASSED] - out.println(plain): null&#xD;
&#xD;
2019-12-17 10:38:32 - [TEST_STEP][PASSED] - encipheredData = SecureUtils.encryptAesEwallet(plain, var_aes_key): null&#xD;
&#xD;
2019-12-17 10:38:32 - [TEST_STEP][PASSED] - body = "{"organisation_id":"" + var_organisation_id + "","data":"" + encipheredData + "","lang":"" + var_lang + ""}": null&#xD;
&#xD;
2019-12-17 10:38:32 - [TEST_STEP][PASSED] - out.println(body): null&#xD;
&#xD;
2019-12-17 10:38:32 - [TEST_STEP][PASSED] - request = findTestObject("E_Wallet/obj_Change_PIN_Access_Code"): null&#xD;
&#xD;
2019-12-17 10:38:32 - [TEST_STEP][PASSED] - request.setBodyContent(new com.kms.katalon.core.testobject.impl.HttpTextBodyContent(body, UTF-8, application/json)): null&#xD;
&#xD;
2019-12-17 10:38:32 - [TEST_STEP][PASSED] - println(hostname): null&#xD;
&#xD;
2019-12-17 10:38:32 - [TEST_STEP][PASSED] - println(request.getRestUrl()): null&#xD;
&#xD;
2019-12-17 10:38:32 - [TEST_STEP][PASSED] - response = sendRequest(request): Send request successfully&#xD;
&#xD;
2019-12-17 10:38:32 - [MESSAGE][INFO] - HAR: D:\katalon-ewallet\Reports\E_Wallet\TS_Change_PIN_Access_Code\TS_changePINAccessCode\20191217_103825\requests\main\11.har&#xD;
&#xD;
2019-12-17 10:38:32 - [MESSAGE][PASSED] - Send request successfully&#xD;
&#xD;
2019-12-17 10:38:32 - [TEST_STEP][PASSED] - body_content = responseBodyContent: null&#xD;
&#xD;
2019-12-17 10:38:32 - [TEST_STEP][PASSED] - status_code = statusCode: null&#xD;
&#xD;
2019-12-17 10:38:32 - [TEST_STEP][PASSED] - respDataMap = JsonSlurper().parseText(body_content): null&#xD;
&#xD;
2019-12-17 10:38:32 - [TEST_STEP][PASSED] - out.println(respDataMap): null&#xD;
&#xD;
2019-12-17 10:38:32 - [TEST_STEP][PASSED] - rc_ref = ReturnCodeWrapper(var_expected_rc).getEnumRC(): null&#xD;
&#xD;
2019-12-17 10:38:32 - [TEST_STEP][PASSED] - out.println(var_expected_rc): null&#xD;
&#xD;
2019-12-17 10:38:32 - [TEST_STEP][PASSED] - out.println(rc_ref.getRCName()): null&#xD;
&#xD;
2019-12-17 10:38:32 - [TEST_STEP][PASSED] - out.println(rc_ref.getHttpResponse()): null&#xD;
&#xD;
2019-12-17 10:38:32 - [TEST_STEP][PASSED] - rcIsTrue = verifyEqual(response_code, rc_ref.getRCName()): Actual object 'RC01' and expected object 'RC01' are equal&#xD;
&#xD;
2019-12-17 10:38:32 - [MESSAGE][PASSED] - Actual object 'RC01' and expected object 'RC01' are equal&#xD;
&#xD;
2019-12-17 10:38:32 - [TEST_STEP][PASSED] - httpRespIsTrue = verifyEqual(statusCode, rc_ref.getHttpResponse()): Actual object '400' and expected object '400' are equal&#xD;
&#xD;
2019-12-17 10:38:32 - [MESSAGE][PASSED] - Actual object '400' and expected object '400' are equal&#xD;
&#xD;
2019-12-17 10:38:32 - [TEST_STEP][PASSED] - if (rc_ref.getRCName() == RC00): null</system-out>
            <system-err></system-err>
        </testcase>
        <testcase name="Test Cases/E_Wallet/TC_Change_PIN_Access_Code/TC_Change_PIN_Access_Code" classname="Test Cases/E_Wallet/TC_Change_PIN_Access_Code/TC_Change_PIN_Access_Code" status="PASSED">
            <system-out>2019-12-17 10:38:32 - [TEST_CASE][PASSED] - Test Cases/E_Wallet/TC_Change_PIN_Access_Code/TC_Change_PIN_Access_Code: Test Cases/E_Wallet/TC_Change_PIN_Access_Code/TC_Change_PIN_Access_Code&#xD;
&#xD;
2019-12-17 10:38:32 - [TEST_STEP][PASSED] - var_enciphered_pin = SecureUtils.doEncryptPinRsaEwallet(dev_public_pem_file, var_user_pin): null&#xD;
&#xD;
2019-12-17 10:38:32 - [TEST_STEP][PASSED] - var_enciphered_new_pin = SecureUtils.doEncryptPinRsaEwallet(dev_public_pem_file, var_user_new_pin): null&#xD;
&#xD;
2019-12-17 10:38:32 - [TEST_STEP][PASSED] - var_enciphered_confirm_new_pin = SecureUtils.doEncryptPinRsaEwallet(dev_public_pem_file, var_user_confirm_new_pin): null&#xD;
&#xD;
2019-12-17 10:38:32 - [TEST_STEP][PASSED] - plain = "{" + ""old_pin":"" + var_enciphered_pin + ""," + ""new_pin":"" + var_enciphered_new_pin + ""," + ""confirm_pin":"" + var_enciphered_confirm_new_pin + ""}": null&#xD;
&#xD;
2019-12-17 10:38:32 - [TEST_STEP][PASSED] - out.println(plain): null&#xD;
&#xD;
2019-12-17 10:38:32 - [TEST_STEP][PASSED] - encipheredData = SecureUtils.encryptAesEwallet(plain, var_aes_key): null&#xD;
&#xD;
2019-12-17 10:38:32 - [TEST_STEP][PASSED] - body = "{"organisation_id":"" + var_organisation_id + "","data":"" + encipheredData + "","lang":"" + var_lang + ""}": null&#xD;
&#xD;
2019-12-17 10:38:32 - [TEST_STEP][PASSED] - out.println(body): null&#xD;
&#xD;
2019-12-17 10:38:32 - [TEST_STEP][PASSED] - request = findTestObject("E_Wallet/obj_Change_PIN_Access_Code"): null&#xD;
&#xD;
2019-12-17 10:38:32 - [TEST_STEP][PASSED] - request.setBodyContent(new com.kms.katalon.core.testobject.impl.HttpTextBodyContent(body, UTF-8, application/json)): null&#xD;
&#xD;
2019-12-17 10:38:32 - [TEST_STEP][PASSED] - println(hostname): null&#xD;
&#xD;
2019-12-17 10:38:32 - [TEST_STEP][PASSED] - println(request.getRestUrl()): null&#xD;
&#xD;
2019-12-17 10:38:32 - [TEST_STEP][PASSED] - response = sendRequest(request): Send request successfully&#xD;
&#xD;
2019-12-17 10:38:32 - [MESSAGE][INFO] - HAR: D:\katalon-ewallet\Reports\E_Wallet\TS_Change_PIN_Access_Code\TS_changePINAccessCode\20191217_103825\requests\main\12.har&#xD;
&#xD;
2019-12-17 10:38:32 - [MESSAGE][PASSED] - Send request successfully&#xD;
&#xD;
2019-12-17 10:38:32 - [TEST_STEP][PASSED] - body_content = responseBodyContent: null&#xD;
&#xD;
2019-12-17 10:38:32 - [TEST_STEP][PASSED] - status_code = statusCode: null&#xD;
&#xD;
2019-12-17 10:38:32 - [TEST_STEP][PASSED] - respDataMap = JsonSlurper().parseText(body_content): null&#xD;
&#xD;
2019-12-17 10:38:32 - [TEST_STEP][PASSED] - out.println(respDataMap): null&#xD;
&#xD;
2019-12-17 10:38:32 - [TEST_STEP][PASSED] - rc_ref = ReturnCodeWrapper(var_expected_rc).getEnumRC(): null&#xD;
&#xD;
2019-12-17 10:38:32 - [TEST_STEP][PASSED] - out.println(var_expected_rc): null&#xD;
&#xD;
2019-12-17 10:38:32 - [TEST_STEP][PASSED] - out.println(rc_ref.getRCName()): null&#xD;
&#xD;
2019-12-17 10:38:32 - [TEST_STEP][PASSED] - out.println(rc_ref.getHttpResponse()): null&#xD;
&#xD;
2019-12-17 10:38:32 - [TEST_STEP][PASSED] - rcIsTrue = verifyEqual(response_code, rc_ref.getRCName()): Actual object 'RC01' and expected object 'RC01' are equal&#xD;
&#xD;
2019-12-17 10:38:32 - [MESSAGE][PASSED] - Actual object 'RC01' and expected object 'RC01' are equal&#xD;
&#xD;
2019-12-17 10:38:32 - [TEST_STEP][PASSED] - httpRespIsTrue = verifyEqual(statusCode, rc_ref.getHttpResponse()): Actual object '400' and expected object '400' are equal&#xD;
&#xD;
2019-12-17 10:38:32 - [MESSAGE][PASSED] - Actual object '400' and expected object '400' are equal&#xD;
&#xD;
2019-12-17 10:38:32 - [TEST_STEP][PASSED] - if (rc_ref.getRCName() == RC00): null</system-out>
            <system-err></system-err>
        </testcase>
        <testcase name="Test Cases/E_Wallet/TC_Change_PIN_Access_Code/TC_Change_PIN_Access_Code" classname="Test Cases/E_Wallet/TC_Change_PIN_Access_Code/TC_Change_PIN_Access_Code" status="PASSED">
            <system-out>2019-12-17 10:38:32 - [TEST_CASE][PASSED] - Test Cases/E_Wallet/TC_Change_PIN_Access_Code/TC_Change_PIN_Access_Code: Test Cases/E_Wallet/TC_Change_PIN_Access_Code/TC_Change_PIN_Access_Code&#xD;
&#xD;
2019-12-17 10:38:32 - [TEST_STEP][PASSED] - var_enciphered_pin = SecureUtils.doEncryptPinRsaEwallet(dev_public_pem_file, var_user_pin): null&#xD;
&#xD;
2019-12-17 10:38:32 - [TEST_STEP][PASSED] - var_enciphered_new_pin = SecureUtils.doEncryptPinRsaEwallet(dev_public_pem_file, var_user_new_pin): null&#xD;
&#xD;
2019-12-17 10:38:32 - [TEST_STEP][PASSED] - var_enciphered_confirm_new_pin = SecureUtils.doEncryptPinRsaEwallet(dev_public_pem_file, var_user_confirm_new_pin): null&#xD;
&#xD;
2019-12-17 10:38:32 - [TEST_STEP][PASSED] - plain = "{" + ""old_pin":"" + var_enciphered_pin + ""," + ""new_pin":"" + var_enciphered_new_pin + ""," + ""confirm_pin":"" + var_enciphered_confirm_new_pin + ""}": null&#xD;
&#xD;
2019-12-17 10:38:32 - [TEST_STEP][PASSED] - out.println(plain): null&#xD;
&#xD;
2019-12-17 10:38:32 - [TEST_STEP][PASSED] - encipheredData = SecureUtils.encryptAesEwallet(plain, var_aes_key): null&#xD;
&#xD;
2019-12-17 10:38:32 - [TEST_STEP][PASSED] - body = "{"organisation_id":"" + var_organisation_id + "","data":"" + encipheredData + "","lang":"" + var_lang + ""}": null&#xD;
&#xD;
2019-12-17 10:38:32 - [TEST_STEP][PASSED] - out.println(body): null&#xD;
&#xD;
2019-12-17 10:38:32 - [TEST_STEP][PASSED] - request = findTestObject("E_Wallet/obj_Change_PIN_Access_Code"): null&#xD;
&#xD;
2019-12-17 10:38:32 - [TEST_STEP][PASSED] - request.setBodyContent(new com.kms.katalon.core.testobject.impl.HttpTextBodyContent(body, UTF-8, application/json)): null&#xD;
&#xD;
2019-12-17 10:38:32 - [TEST_STEP][PASSED] - println(hostname): null&#xD;
&#xD;
2019-12-17 10:38:32 - [TEST_STEP][PASSED] - println(request.getRestUrl()): null&#xD;
&#xD;
2019-12-17 10:38:32 - [TEST_STEP][PASSED] - response = sendRequest(request): Send request successfully&#xD;
&#xD;
2019-12-17 10:38:32 - [MESSAGE][INFO] - HAR: D:\katalon-ewallet\Reports\E_Wallet\TS_Change_PIN_Access_Code\TS_changePINAccessCode\20191217_103825\requests\main\13.har&#xD;
&#xD;
2019-12-17 10:38:32 - [MESSAGE][PASSED] - Send request successfully&#xD;
&#xD;
2019-12-17 10:38:32 - [TEST_STEP][PASSED] - body_content = responseBodyContent: null&#xD;
&#xD;
2019-12-17 10:38:32 - [TEST_STEP][PASSED] - status_code = statusCode: null&#xD;
&#xD;
2019-12-17 10:38:32 - [TEST_STEP][PASSED] - respDataMap = JsonSlurper().parseText(body_content): null&#xD;
&#xD;
2019-12-17 10:38:32 - [TEST_STEP][PASSED] - out.println(respDataMap): null&#xD;
&#xD;
2019-12-17 10:38:32 - [TEST_STEP][PASSED] - rc_ref = ReturnCodeWrapper(var_expected_rc).getEnumRC(): null&#xD;
&#xD;
2019-12-17 10:38:32 - [TEST_STEP][PASSED] - out.println(var_expected_rc): null&#xD;
&#xD;
2019-12-17 10:38:32 - [TEST_STEP][PASSED] - out.println(rc_ref.getRCName()): null&#xD;
&#xD;
2019-12-17 10:38:32 - [TEST_STEP][PASSED] - out.println(rc_ref.getHttpResponse()): null&#xD;
&#xD;
2019-12-17 10:38:32 - [TEST_STEP][PASSED] - rcIsTrue = verifyEqual(response_code, rc_ref.getRCName()): Actual object 'RC01' and expected object 'RC01' are equal&#xD;
&#xD;
2019-12-17 10:38:32 - [MESSAGE][PASSED] - Actual object 'RC01' and expected object 'RC01' are equal&#xD;
&#xD;
2019-12-17 10:38:32 - [TEST_STEP][PASSED] - httpRespIsTrue = verifyEqual(statusCode, rc_ref.getHttpResponse()): Actual object '400' and expected object '400' are equal&#xD;
&#xD;
2019-12-17 10:38:32 - [MESSAGE][PASSED] - Actual object '400' and expected object '400' are equal&#xD;
&#xD;
2019-12-17 10:38:32 - [TEST_STEP][PASSED] - if (rc_ref.getRCName() == RC00): null</system-out>
            <system-err></system-err>
        </testcase>
        <testcase name="Test Cases/E_Wallet/TC_Change_PIN_Access_Code/TC_Change_PIN_Access_Code" classname="Test Cases/E_Wallet/TC_Change_PIN_Access_Code/TC_Change_PIN_Access_Code" status="PASSED">
            <system-out>2019-12-17 10:38:32 - [TEST_CASE][PASSED] - Test Cases/E_Wallet/TC_Change_PIN_Access_Code/TC_Change_PIN_Access_Code: Test Cases/E_Wallet/TC_Change_PIN_Access_Code/TC_Change_PIN_Access_Code&#xD;
&#xD;
2019-12-17 10:38:32 - [TEST_STEP][PASSED] - var_enciphered_pin = SecureUtils.doEncryptPinRsaEwallet(dev_public_pem_file, var_user_pin): null&#xD;
&#xD;
2019-12-17 10:38:32 - [TEST_STEP][PASSED] - var_enciphered_new_pin = SecureUtils.doEncryptPinRsaEwallet(dev_public_pem_file, var_user_new_pin): null&#xD;
&#xD;
2019-12-17 10:38:32 - [TEST_STEP][PASSED] - var_enciphered_confirm_new_pin = SecureUtils.doEncryptPinRsaEwallet(dev_public_pem_file, var_user_confirm_new_pin): null&#xD;
&#xD;
2019-12-17 10:38:32 - [TEST_STEP][PASSED] - plain = "{" + ""old_pin":"" + var_enciphered_pin + ""," + ""new_pin":"" + var_enciphered_new_pin + ""," + ""confirm_pin":"" + var_enciphered_confirm_new_pin + ""}": null&#xD;
&#xD;
2019-12-17 10:38:32 - [TEST_STEP][PASSED] - out.println(plain): null&#xD;
&#xD;
2019-12-17 10:38:32 - [TEST_STEP][PASSED] - encipheredData = SecureUtils.encryptAesEwallet(plain, var_aes_key): null&#xD;
&#xD;
2019-12-17 10:38:32 - [TEST_STEP][PASSED] - body = "{"organisation_id":"" + var_organisation_id + "","data":"" + encipheredData + "","lang":"" + var_lang + ""}": null&#xD;
&#xD;
2019-12-17 10:38:32 - [TEST_STEP][PASSED] - out.println(body): null&#xD;
&#xD;
2019-12-17 10:38:32 - [TEST_STEP][PASSED] - request = findTestObject("E_Wallet/obj_Change_PIN_Access_Code"): null&#xD;
&#xD;
2019-12-17 10:38:32 - [TEST_STEP][PASSED] - request.setBodyContent(new com.kms.katalon.core.testobject.impl.HttpTextBodyContent(body, UTF-8, application/json)): null&#xD;
&#xD;
2019-12-17 10:38:32 - [TEST_STEP][PASSED] - println(hostname): null&#xD;
&#xD;
2019-12-17 10:38:32 - [TEST_STEP][PASSED] - println(request.getRestUrl()): null&#xD;
&#xD;
2019-12-17 10:38:32 - [TEST_STEP][PASSED] - response = sendRequest(request): Send request successfully&#xD;
&#xD;
2019-12-17 10:38:32 - [MESSAGE][INFO] - HAR: D:\katalon-ewallet\Reports\E_Wallet\TS_Change_PIN_Access_Code\TS_changePINAccessCode\20191217_103825\requests\main\14.har&#xD;
&#xD;
2019-12-17 10:38:32 - [MESSAGE][PASSED] - Send request successfully&#xD;
&#xD;
2019-12-17 10:38:32 - [TEST_STEP][PASSED] - body_content = responseBodyContent: null&#xD;
&#xD;
2019-12-17 10:38:32 - [TEST_STEP][PASSED] - status_code = statusCode: null&#xD;
&#xD;
2019-12-17 10:38:32 - [TEST_STEP][PASSED] - respDataMap = JsonSlurper().parseText(body_content): null&#xD;
&#xD;
2019-12-17 10:38:32 - [TEST_STEP][PASSED] - out.println(respDataMap): null&#xD;
&#xD;
2019-12-17 10:38:32 - [TEST_STEP][PASSED] - rc_ref = ReturnCodeWrapper(var_expected_rc).getEnumRC(): null&#xD;
&#xD;
2019-12-17 10:38:32 - [TEST_STEP][PASSED] - out.println(var_expected_rc): null&#xD;
&#xD;
2019-12-17 10:38:32 - [TEST_STEP][PASSED] - out.println(rc_ref.getRCName()): null&#xD;
&#xD;
2019-12-17 10:38:32 - [TEST_STEP][PASSED] - out.println(rc_ref.getHttpResponse()): null&#xD;
&#xD;
2019-12-17 10:38:32 - [TEST_STEP][PASSED] - rcIsTrue = verifyEqual(response_code, rc_ref.getRCName()): Actual object 'RC01' and expected object 'RC01' are equal&#xD;
&#xD;
2019-12-17 10:38:32 - [MESSAGE][PASSED] - Actual object 'RC01' and expected object 'RC01' are equal&#xD;
&#xD;
2019-12-17 10:38:32 - [TEST_STEP][PASSED] - httpRespIsTrue = verifyEqual(statusCode, rc_ref.getHttpResponse()): Actual object '400' and expected object '400' are equal&#xD;
&#xD;
2019-12-17 10:38:32 - [MESSAGE][PASSED] - Actual object '400' and expected object '400' are equal&#xD;
&#xD;
2019-12-17 10:38:32 - [TEST_STEP][PASSED] - if (rc_ref.getRCName() == RC00): null</system-out>
            <system-err></system-err>
        </testcase>
        <testcase name="Test Cases/E_Wallet/TC_Change_PIN_Access_Code/TC_Change_PIN_Access_Code" classname="Test Cases/E_Wallet/TC_Change_PIN_Access_Code/TC_Change_PIN_Access_Code" status="PASSED">
            <system-out>2019-12-17 10:38:32 - [TEST_CASE][PASSED] - Test Cases/E_Wallet/TC_Change_PIN_Access_Code/TC_Change_PIN_Access_Code: Test Cases/E_Wallet/TC_Change_PIN_Access_Code/TC_Change_PIN_Access_Code&#xD;
&#xD;
2019-12-17 10:38:32 - [TEST_STEP][PASSED] - var_enciphered_pin = SecureUtils.doEncryptPinRsaEwallet(dev_public_pem_file, var_user_pin): null&#xD;
&#xD;
2019-12-17 10:38:32 - [TEST_STEP][PASSED] - var_enciphered_new_pin = SecureUtils.doEncryptPinRsaEwallet(dev_public_pem_file, var_user_new_pin): null&#xD;
&#xD;
2019-12-17 10:38:32 - [TEST_STEP][PASSED] - var_enciphered_confirm_new_pin = SecureUtils.doEncryptPinRsaEwallet(dev_public_pem_file, var_user_confirm_new_pin): null&#xD;
&#xD;
2019-12-17 10:38:32 - [TEST_STEP][PASSED] - plain = "{" + ""old_pin":"" + var_enciphered_pin + ""," + ""new_pin":"" + var_enciphered_new_pin + ""," + ""confirm_pin":"" + var_enciphered_confirm_new_pin + ""}": null&#xD;
&#xD;
2019-12-17 10:38:32 - [TEST_STEP][PASSED] - out.println(plain): null&#xD;
&#xD;
2019-12-17 10:38:32 - [TEST_STEP][PASSED] - encipheredData = SecureUtils.encryptAesEwallet(plain, var_aes_key): null&#xD;
&#xD;
2019-12-17 10:38:32 - [TEST_STEP][PASSED] - body = "{"organisation_id":"" + var_organisation_id + "","data":"" + encipheredData + "","lang":"" + var_lang + ""}": null&#xD;
&#xD;
2019-12-17 10:38:32 - [TEST_STEP][PASSED] - out.println(body): null&#xD;
&#xD;
2019-12-17 10:38:32 - [TEST_STEP][PASSED] - request = findTestObject("E_Wallet/obj_Change_PIN_Access_Code"): null&#xD;
&#xD;
2019-12-17 10:38:32 - [TEST_STEP][PASSED] - request.setBodyContent(new com.kms.katalon.core.testobject.impl.HttpTextBodyContent(body, UTF-8, application/json)): null&#xD;
&#xD;
2019-12-17 10:38:32 - [TEST_STEP][PASSED] - println(hostname): null&#xD;
&#xD;
2019-12-17 10:38:32 - [TEST_STEP][PASSED] - println(request.getRestUrl()): null&#xD;
&#xD;
2019-12-17 10:38:32 - [TEST_STEP][PASSED] - response = sendRequest(request): Send request successfully&#xD;
&#xD;
2019-12-17 10:38:33 - [MESSAGE][INFO] - HAR: D:\katalon-ewallet\Reports\E_Wallet\TS_Change_PIN_Access_Code\TS_changePINAccessCode\20191217_103825\requests\main\15.har&#xD;
&#xD;
2019-12-17 10:38:33 - [MESSAGE][PASSED] - Send request successfully&#xD;
&#xD;
2019-12-17 10:38:33 - [TEST_STEP][PASSED] - body_content = responseBodyContent: null&#xD;
&#xD;
2019-12-17 10:38:33 - [TEST_STEP][PASSED] - status_code = statusCode: null&#xD;
&#xD;
2019-12-17 10:38:33 - [TEST_STEP][PASSED] - respDataMap = JsonSlurper().parseText(body_content): null&#xD;
&#xD;
2019-12-17 10:38:33 - [TEST_STEP][PASSED] - out.println(respDataMap): null&#xD;
&#xD;
2019-12-17 10:38:33 - [TEST_STEP][PASSED] - rc_ref = ReturnCodeWrapper(var_expected_rc).getEnumRC(): null&#xD;
&#xD;
2019-12-17 10:38:33 - [TEST_STEP][PASSED] - out.println(var_expected_rc): null&#xD;
&#xD;
2019-12-17 10:38:33 - [TEST_STEP][PASSED] - out.println(rc_ref.getRCName()): null&#xD;
&#xD;
2019-12-17 10:38:33 - [TEST_STEP][PASSED] - out.println(rc_ref.getHttpResponse()): null&#xD;
&#xD;
2019-12-17 10:38:33 - [TEST_STEP][PASSED] - rcIsTrue = verifyEqual(response_code, rc_ref.getRCName()): Actual object 'RC01' and expected object 'RC01' are equal&#xD;
&#xD;
2019-12-17 10:38:33 - [MESSAGE][PASSED] - Actual object 'RC01' and expected object 'RC01' are equal&#xD;
&#xD;
2019-12-17 10:38:33 - [TEST_STEP][PASSED] - httpRespIsTrue = verifyEqual(statusCode, rc_ref.getHttpResponse()): Actual object '400' and expected object '400' are equal&#xD;
&#xD;
2019-12-17 10:38:33 - [MESSAGE][PASSED] - Actual object '400' and expected object '400' are equal&#xD;
&#xD;
2019-12-17 10:38:33 - [TEST_STEP][PASSED] - if (rc_ref.getRCName() == RC00): null</system-out>
            <system-err></system-err>
        </testcase>
        <testcase name="Test Cases/E_Wallet/TC_Change_PIN_Access_Code/TC_Change_PIN_Access_Code" classname="Test Cases/E_Wallet/TC_Change_PIN_Access_Code/TC_Change_PIN_Access_Code" status="PASSED">
            <system-out>2019-12-17 10:38:33 - [TEST_CASE][PASSED] - Test Cases/E_Wallet/TC_Change_PIN_Access_Code/TC_Change_PIN_Access_Code: Test Cases/E_Wallet/TC_Change_PIN_Access_Code/TC_Change_PIN_Access_Code&#xD;
&#xD;
2019-12-17 10:38:33 - [TEST_STEP][PASSED] - var_enciphered_pin = SecureUtils.doEncryptPinRsaEwallet(dev_public_pem_file, var_user_pin): null&#xD;
&#xD;
2019-12-17 10:38:33 - [TEST_STEP][PASSED] - var_enciphered_new_pin = SecureUtils.doEncryptPinRsaEwallet(dev_public_pem_file, var_user_new_pin): null&#xD;
&#xD;
2019-12-17 10:38:33 - [TEST_STEP][PASSED] - var_enciphered_confirm_new_pin = SecureUtils.doEncryptPinRsaEwallet(dev_public_pem_file, var_user_confirm_new_pin): null&#xD;
&#xD;
2019-12-17 10:38:33 - [TEST_STEP][PASSED] - plain = "{" + ""old_pin":"" + var_enciphered_pin + ""," + ""new_pin":"" + var_enciphered_new_pin + ""," + ""confirm_pin":"" + var_enciphered_confirm_new_pin + ""}": null&#xD;
&#xD;
2019-12-17 10:38:33 - [TEST_STEP][PASSED] - out.println(plain): null&#xD;
&#xD;
2019-12-17 10:38:33 - [TEST_STEP][PASSED] - encipheredData = SecureUtils.encryptAesEwallet(plain, var_aes_key): null&#xD;
&#xD;
2019-12-17 10:38:33 - [TEST_STEP][PASSED] - body = "{"organisation_id":"" + var_organisation_id + "","data":"" + encipheredData + "","lang":"" + var_lang + ""}": null&#xD;
&#xD;
2019-12-17 10:38:33 - [TEST_STEP][PASSED] - out.println(body): null&#xD;
&#xD;
2019-12-17 10:38:33 - [TEST_STEP][PASSED] - request = findTestObject("E_Wallet/obj_Change_PIN_Access_Code"): null&#xD;
&#xD;
2019-12-17 10:38:33 - [TEST_STEP][PASSED] - request.setBodyContent(new com.kms.katalon.core.testobject.impl.HttpTextBodyContent(body, UTF-8, application/json)): null&#xD;
&#xD;
2019-12-17 10:38:33 - [TEST_STEP][PASSED] - println(hostname): null&#xD;
&#xD;
2019-12-17 10:38:33 - [TEST_STEP][PASSED] - println(request.getRestUrl()): null&#xD;
&#xD;
2019-12-17 10:38:33 - [TEST_STEP][PASSED] - response = sendRequest(request): Send request successfully&#xD;
&#xD;
2019-12-17 10:38:33 - [MESSAGE][INFO] - HAR: D:\katalon-ewallet\Reports\E_Wallet\TS_Change_PIN_Access_Code\TS_changePINAccessCode\20191217_103825\requests\main\16.har&#xD;
&#xD;
2019-12-17 10:38:33 - [MESSAGE][PASSED] - Send request successfully&#xD;
&#xD;
2019-12-17 10:38:33 - [TEST_STEP][PASSED] - body_content = responseBodyContent: null&#xD;
&#xD;
2019-12-17 10:38:33 - [TEST_STEP][PASSED] - status_code = statusCode: null&#xD;
&#xD;
2019-12-17 10:38:33 - [TEST_STEP][PASSED] - respDataMap = JsonSlurper().parseText(body_content): null&#xD;
&#xD;
2019-12-17 10:38:33 - [TEST_STEP][PASSED] - out.println(respDataMap): null&#xD;
&#xD;
2019-12-17 10:38:33 - [TEST_STEP][PASSED] - rc_ref = ReturnCodeWrapper(var_expected_rc).getEnumRC(): null&#xD;
&#xD;
2019-12-17 10:38:33 - [TEST_STEP][PASSED] - out.println(var_expected_rc): null&#xD;
&#xD;
2019-12-17 10:38:33 - [TEST_STEP][PASSED] - out.println(rc_ref.getRCName()): null&#xD;
&#xD;
2019-12-17 10:38:33 - [TEST_STEP][PASSED] - out.println(rc_ref.getHttpResponse()): null&#xD;
&#xD;
2019-12-17 10:38:33 - [TEST_STEP][PASSED] - rcIsTrue = verifyEqual(response_code, rc_ref.getRCName()): Actual object 'RC01' and expected object 'RC01' are equal&#xD;
&#xD;
2019-12-17 10:38:33 - [MESSAGE][PASSED] - Actual object 'RC01' and expected object 'RC01' are equal&#xD;
&#xD;
2019-12-17 10:38:33 - [TEST_STEP][PASSED] - httpRespIsTrue = verifyEqual(statusCode, rc_ref.getHttpResponse()): Actual object '400' and expected object '400' are equal&#xD;
&#xD;
2019-12-17 10:38:33 - [MESSAGE][PASSED] - Actual object '400' and expected object '400' are equal&#xD;
&#xD;
2019-12-17 10:38:33 - [TEST_STEP][PASSED] - if (rc_ref.getRCName() == RC00): null</system-out>
            <system-err></system-err>
        </testcase>
        <testcase name="Test Cases/E_Wallet/TC_Change_PIN_Access_Code/TC_Change_PIN_Access_Code" classname="Test Cases/E_Wallet/TC_Change_PIN_Access_Code/TC_Change_PIN_Access_Code" status="PASSED">
            <system-out>2019-12-17 10:38:33 - [TEST_CASE][PASSED] - Test Cases/E_Wallet/TC_Change_PIN_Access_Code/TC_Change_PIN_Access_Code: Test Cases/E_Wallet/TC_Change_PIN_Access_Code/TC_Change_PIN_Access_Code&#xD;
&#xD;
2019-12-17 10:38:33 - [TEST_STEP][PASSED] - var_enciphered_pin = SecureUtils.doEncryptPinRsaEwallet(dev_public_pem_file, var_user_pin): null&#xD;
&#xD;
2019-12-17 10:38:33 - [TEST_STEP][PASSED] - var_enciphered_new_pin = SecureUtils.doEncryptPinRsaEwallet(dev_public_pem_file, var_user_new_pin): null&#xD;
&#xD;
2019-12-17 10:38:33 - [TEST_STEP][PASSED] - var_enciphered_confirm_new_pin = SecureUtils.doEncryptPinRsaEwallet(dev_public_pem_file, var_user_confirm_new_pin): null&#xD;
&#xD;
2019-12-17 10:38:33 - [TEST_STEP][PASSED] - plain = "{" + ""old_pin":"" + var_enciphered_pin + ""," + ""new_pin":"" + var_enciphered_new_pin + ""," + ""confirm_pin":"" + var_enciphered_confirm_new_pin + ""}": null&#xD;
&#xD;
2019-12-17 10:38:33 - [TEST_STEP][PASSED] - out.println(plain): null&#xD;
&#xD;
2019-12-17 10:38:33 - [TEST_STEP][PASSED] - encipheredData = SecureUtils.encryptAesEwallet(plain, var_aes_key): null&#xD;
&#xD;
2019-12-17 10:38:33 - [TEST_STEP][PASSED] - body = "{"organisation_id":"" + var_organisation_id + "","data":"" + encipheredData + "","lang":"" + var_lang + ""}": null&#xD;
&#xD;
2019-12-17 10:38:33 - [TEST_STEP][PASSED] - out.println(body): null&#xD;
&#xD;
2019-12-17 10:38:33 - [TEST_STEP][PASSED] - request = findTestObject("E_Wallet/obj_Change_PIN_Access_Code"): null&#xD;
&#xD;
2019-12-17 10:38:33 - [TEST_STEP][PASSED] - request.setBodyContent(new com.kms.katalon.core.testobject.impl.HttpTextBodyContent(body, UTF-8, application/json)): null&#xD;
&#xD;
2019-12-17 10:38:33 - [TEST_STEP][PASSED] - println(hostname): null&#xD;
&#xD;
2019-12-17 10:38:33 - [TEST_STEP][PASSED] - println(request.getRestUrl()): null&#xD;
&#xD;
2019-12-17 10:38:33 - [TEST_STEP][PASSED] - response = sendRequest(request): Send request successfully&#xD;
&#xD;
2019-12-17 10:38:33 - [MESSAGE][INFO] - HAR: D:\katalon-ewallet\Reports\E_Wallet\TS_Change_PIN_Access_Code\TS_changePINAccessCode\20191217_103825\requests\main\17.har&#xD;
&#xD;
2019-12-17 10:38:33 - [MESSAGE][PASSED] - Send request successfully&#xD;
&#xD;
2019-12-17 10:38:33 - [TEST_STEP][PASSED] - body_content = responseBodyContent: null&#xD;
&#xD;
2019-12-17 10:38:33 - [TEST_STEP][PASSED] - status_code = statusCode: null&#xD;
&#xD;
2019-12-17 10:38:33 - [TEST_STEP][PASSED] - respDataMap = JsonSlurper().parseText(body_content): null&#xD;
&#xD;
2019-12-17 10:38:33 - [TEST_STEP][PASSED] - out.println(respDataMap): null&#xD;
&#xD;
2019-12-17 10:38:33 - [TEST_STEP][PASSED] - rc_ref = ReturnCodeWrapper(var_expected_rc).getEnumRC(): null&#xD;
&#xD;
2019-12-17 10:38:33 - [TEST_STEP][PASSED] - out.println(var_expected_rc): null&#xD;
&#xD;
2019-12-17 10:38:33 - [TEST_STEP][PASSED] - out.println(rc_ref.getRCName()): null&#xD;
&#xD;
2019-12-17 10:38:33 - [TEST_STEP][PASSED] - out.println(rc_ref.getHttpResponse()): null&#xD;
&#xD;
2019-12-17 10:38:33 - [TEST_STEP][PASSED] - rcIsTrue = verifyEqual(response_code, rc_ref.getRCName()): Actual object 'RC01' and expected object 'RC01' are equal&#xD;
&#xD;
2019-12-17 10:38:33 - [MESSAGE][PASSED] - Actual object 'RC01' and expected object 'RC01' are equal&#xD;
&#xD;
2019-12-17 10:38:33 - [TEST_STEP][PASSED] - httpRespIsTrue = verifyEqual(statusCode, rc_ref.getHttpResponse()): Actual object '400' and expected object '400' are equal&#xD;
&#xD;
2019-12-17 10:38:33 - [MESSAGE][PASSED] - Actual object '400' and expected object '400' are equal&#xD;
&#xD;
2019-12-17 10:38:33 - [TEST_STEP][PASSED] - if (rc_ref.getRCName() == RC00): null</system-out>
            <system-err></system-err>
        </testcase>
        <testcase name="Test Cases/E_Wallet/TC_Change_PIN_Access_Code/TC_Change_PIN_Access_Code" classname="Test Cases/E_Wallet/TC_Change_PIN_Access_Code/TC_Change_PIN_Access_Code" status="PASSED">
            <system-out>2019-12-17 10:38:33 - [TEST_CASE][PASSED] - Test Cases/E_Wallet/TC_Change_PIN_Access_Code/TC_Change_PIN_Access_Code: Test Cases/E_Wallet/TC_Change_PIN_Access_Code/TC_Change_PIN_Access_Code&#xD;
&#xD;
2019-12-17 10:38:33 - [TEST_STEP][PASSED] - var_enciphered_pin = SecureUtils.doEncryptPinRsaEwallet(dev_public_pem_file, var_user_pin): null&#xD;
&#xD;
2019-12-17 10:38:33 - [TEST_STEP][PASSED] - var_enciphered_new_pin = SecureUtils.doEncryptPinRsaEwallet(dev_public_pem_file, var_user_new_pin): null&#xD;
&#xD;
2019-12-17 10:38:33 - [TEST_STEP][PASSED] - var_enciphered_confirm_new_pin = SecureUtils.doEncryptPinRsaEwallet(dev_public_pem_file, var_user_confirm_new_pin): null&#xD;
&#xD;
2019-12-17 10:38:33 - [TEST_STEP][PASSED] - plain = "{" + ""old_pin":"" + var_enciphered_pin + ""," + ""new_pin":"" + var_enciphered_new_pin + ""," + ""confirm_pin":"" + var_enciphered_confirm_new_pin + ""}": null&#xD;
&#xD;
2019-12-17 10:38:33 - [TEST_STEP][PASSED] - out.println(plain): null&#xD;
&#xD;
2019-12-17 10:38:33 - [TEST_STEP][PASSED] - encipheredData = SecureUtils.encryptAesEwallet(plain, var_aes_key): null&#xD;
&#xD;
2019-12-17 10:38:33 - [TEST_STEP][PASSED] - body = "{"organisation_id":"" + var_organisation_id + "","data":"" + encipheredData + "","lang":"" + var_lang + ""}": null&#xD;
&#xD;
2019-12-17 10:38:33 - [TEST_STEP][PASSED] - out.println(body): null&#xD;
&#xD;
2019-12-17 10:38:33 - [TEST_STEP][PASSED] - request = findTestObject("E_Wallet/obj_Change_PIN_Access_Code"): null&#xD;
&#xD;
2019-12-17 10:38:33 - [TEST_STEP][PASSED] - request.setBodyContent(new com.kms.katalon.core.testobject.impl.HttpTextBodyContent(body, UTF-8, application/json)): null&#xD;
&#xD;
2019-12-17 10:38:33 - [TEST_STEP][PASSED] - println(hostname): null&#xD;
&#xD;
2019-12-17 10:38:33 - [TEST_STEP][PASSED] - println(request.getRestUrl()): null&#xD;
&#xD;
2019-12-17 10:38:33 - [TEST_STEP][PASSED] - response = sendRequest(request): Send request successfully&#xD;
&#xD;
2019-12-17 10:38:33 - [MESSAGE][INFO] - HAR: D:\katalon-ewallet\Reports\E_Wallet\TS_Change_PIN_Access_Code\TS_changePINAccessCode\20191217_103825\requests\main\18.har&#xD;
&#xD;
2019-12-17 10:38:33 - [MESSAGE][PASSED] - Send request successfully&#xD;
&#xD;
2019-12-17 10:38:33 - [TEST_STEP][PASSED] - body_content = responseBodyContent: null&#xD;
&#xD;
2019-12-17 10:38:33 - [TEST_STEP][PASSED] - status_code = statusCode: null&#xD;
&#xD;
2019-12-17 10:38:33 - [TEST_STEP][PASSED] - respDataMap = JsonSlurper().parseText(body_content): null&#xD;
&#xD;
2019-12-17 10:38:33 - [TEST_STEP][PASSED] - out.println(respDataMap): null&#xD;
&#xD;
2019-12-17 10:38:33 - [TEST_STEP][PASSED] - rc_ref = ReturnCodeWrapper(var_expected_rc).getEnumRC(): null&#xD;
&#xD;
2019-12-17 10:38:33 - [TEST_STEP][PASSED] - out.println(var_expected_rc): null&#xD;
&#xD;
2019-12-17 10:38:33 - [TEST_STEP][PASSED] - out.println(rc_ref.getRCName()): null&#xD;
&#xD;
2019-12-17 10:38:33 - [TEST_STEP][PASSED] - out.println(rc_ref.getHttpResponse()): null&#xD;
&#xD;
2019-12-17 10:38:33 - [TEST_STEP][PASSED] - rcIsTrue = verifyEqual(response_code, rc_ref.getRCName()): Actual object 'RC01' and expected object 'RC01' are equal&#xD;
&#xD;
2019-12-17 10:38:33 - [MESSAGE][PASSED] - Actual object 'RC01' and expected object 'RC01' are equal&#xD;
&#xD;
2019-12-17 10:38:33 - [TEST_STEP][PASSED] - httpRespIsTrue = verifyEqual(statusCode, rc_ref.getHttpResponse()): Actual object '400' and expected object '400' are equal&#xD;
&#xD;
2019-12-17 10:38:33 - [MESSAGE][PASSED] - Actual object '400' and expected object '400' are equal&#xD;
&#xD;
2019-12-17 10:38:33 - [TEST_STEP][PASSED] - if (rc_ref.getRCName() == RC00): null</system-out>
            <system-err></system-err>
        </testcase>
        <testcase name="Test Cases/E_Wallet/TC_Change_PIN_Access_Code/TC_Change_PIN_Access_Code" classname="Test Cases/E_Wallet/TC_Change_PIN_Access_Code/TC_Change_PIN_Access_Code" status="PASSED">
            <system-out>2019-12-17 10:38:33 - [TEST_CASE][PASSED] - Test Cases/E_Wallet/TC_Change_PIN_Access_Code/TC_Change_PIN_Access_Code: Test Cases/E_Wallet/TC_Change_PIN_Access_Code/TC_Change_PIN_Access_Code&#xD;
&#xD;
2019-12-17 10:38:33 - [TEST_STEP][PASSED] - var_enciphered_pin = SecureUtils.doEncryptPinRsaEwallet(dev_public_pem_file, var_user_pin): null&#xD;
&#xD;
2019-12-17 10:38:33 - [TEST_STEP][PASSED] - var_enciphered_new_pin = SecureUtils.doEncryptPinRsaEwallet(dev_public_pem_file, var_user_new_pin): null&#xD;
&#xD;
2019-12-17 10:38:33 - [TEST_STEP][PASSED] - var_enciphered_confirm_new_pin = SecureUtils.doEncryptPinRsaEwallet(dev_public_pem_file, var_user_confirm_new_pin): null&#xD;
&#xD;
2019-12-17 10:38:33 - [TEST_STEP][PASSED] - plain = "{" + ""old_pin":"" + var_enciphered_pin + ""," + ""new_pin":"" + var_enciphered_new_pin + ""," + ""confirm_pin":"" + var_enciphered_confirm_new_pin + ""}": null&#xD;
&#xD;
2019-12-17 10:38:33 - [TEST_STEP][PASSED] - out.println(plain): null&#xD;
&#xD;
2019-12-17 10:38:33 - [TEST_STEP][PASSED] - encipheredData = SecureUtils.encryptAesEwallet(plain, var_aes_key): null&#xD;
&#xD;
2019-12-17 10:38:33 - [TEST_STEP][PASSED] - body = "{"organisation_id":"" + var_organisation_id + "","data":"" + encipheredData + "","lang":"" + var_lang + ""}": null&#xD;
&#xD;
2019-12-17 10:38:33 - [TEST_STEP][PASSED] - out.println(body): null&#xD;
&#xD;
2019-12-17 10:38:33 - [TEST_STEP][PASSED] - request = findTestObject("E_Wallet/obj_Change_PIN_Access_Code"): null&#xD;
&#xD;
2019-12-17 10:38:33 - [TEST_STEP][PASSED] - request.setBodyContent(new com.kms.katalon.core.testobject.impl.HttpTextBodyContent(body, UTF-8, application/json)): null&#xD;
&#xD;
2019-12-17 10:38:33 - [TEST_STEP][PASSED] - println(hostname): null&#xD;
&#xD;
2019-12-17 10:38:33 - [TEST_STEP][PASSED] - println(request.getRestUrl()): null&#xD;
&#xD;
2019-12-17 10:38:33 - [TEST_STEP][PASSED] - response = sendRequest(request): Send request successfully&#xD;
&#xD;
2019-12-17 10:38:33 - [MESSAGE][INFO] - HAR: D:\katalon-ewallet\Reports\E_Wallet\TS_Change_PIN_Access_Code\TS_changePINAccessCode\20191217_103825\requests\main\19.har&#xD;
&#xD;
2019-12-17 10:38:33 - [MESSAGE][PASSED] - Send request successfully&#xD;
&#xD;
2019-12-17 10:38:33 - [TEST_STEP][PASSED] - body_content = responseBodyContent: null&#xD;
&#xD;
2019-12-17 10:38:33 - [TEST_STEP][PASSED] - status_code = statusCode: null&#xD;
&#xD;
2019-12-17 10:38:33 - [TEST_STEP][PASSED] - respDataMap = JsonSlurper().parseText(body_content): null&#xD;
&#xD;
2019-12-17 10:38:33 - [TEST_STEP][PASSED] - out.println(respDataMap): null&#xD;
&#xD;
2019-12-17 10:38:33 - [TEST_STEP][PASSED] - rc_ref = ReturnCodeWrapper(var_expected_rc).getEnumRC(): null&#xD;
&#xD;
2019-12-17 10:38:33 - [TEST_STEP][PASSED] - out.println(var_expected_rc): null&#xD;
&#xD;
2019-12-17 10:38:33 - [TEST_STEP][PASSED] - out.println(rc_ref.getRCName()): null&#xD;
&#xD;
2019-12-17 10:38:33 - [TEST_STEP][PASSED] - out.println(rc_ref.getHttpResponse()): null&#xD;
&#xD;
2019-12-17 10:38:33 - [TEST_STEP][PASSED] - rcIsTrue = verifyEqual(response_code, rc_ref.getRCName()): Actual object 'RC01' and expected object 'RC01' are equal&#xD;
&#xD;
2019-12-17 10:38:33 - [MESSAGE][PASSED] - Actual object 'RC01' and expected object 'RC01' are equal&#xD;
&#xD;
2019-12-17 10:38:33 - [TEST_STEP][PASSED] - httpRespIsTrue = verifyEqual(statusCode, rc_ref.getHttpResponse()): Actual object '400' and expected object '400' are equal&#xD;
&#xD;
2019-12-17 10:38:33 - [MESSAGE][PASSED] - Actual object '400' and expected object '400' are equal&#xD;
&#xD;
2019-12-17 10:38:33 - [TEST_STEP][PASSED] - if (rc_ref.getRCName() == RC00): null</system-out>
            <system-err></system-err>
        </testcase>
        <testcase name="Test Cases/E_Wallet/TC_Change_PIN_Access_Code/TC_Change_PIN_Access_Code" classname="Test Cases/E_Wallet/TC_Change_PIN_Access_Code/TC_Change_PIN_Access_Code" status="PASSED">
            <system-out>2019-12-17 10:38:33 - [TEST_CASE][PASSED] - Test Cases/E_Wallet/TC_Change_PIN_Access_Code/TC_Change_PIN_Access_Code: Test Cases/E_Wallet/TC_Change_PIN_Access_Code/TC_Change_PIN_Access_Code&#xD;
&#xD;
2019-12-17 10:38:33 - [TEST_STEP][PASSED] - var_enciphered_pin = SecureUtils.doEncryptPinRsaEwallet(dev_public_pem_file, var_user_pin): null&#xD;
&#xD;
2019-12-17 10:38:33 - [TEST_STEP][PASSED] - var_enciphered_new_pin = SecureUtils.doEncryptPinRsaEwallet(dev_public_pem_file, var_user_new_pin): null&#xD;
&#xD;
2019-12-17 10:38:33 - [TEST_STEP][PASSED] - var_enciphered_confirm_new_pin = SecureUtils.doEncryptPinRsaEwallet(dev_public_pem_file, var_user_confirm_new_pin): null&#xD;
&#xD;
2019-12-17 10:38:33 - [TEST_STEP][PASSED] - plain = "{" + ""old_pin":"" + var_enciphered_pin + ""," + ""new_pin":"" + var_enciphered_new_pin + ""," + ""confirm_pin":"" + var_enciphered_confirm_new_pin + ""}": null&#xD;
&#xD;
2019-12-17 10:38:33 - [TEST_STEP][PASSED] - out.println(plain): null&#xD;
&#xD;
2019-12-17 10:38:33 - [TEST_STEP][PASSED] - encipheredData = SecureUtils.encryptAesEwallet(plain, var_aes_key): null&#xD;
&#xD;
2019-12-17 10:38:33 - [TEST_STEP][PASSED] - body = "{"organisation_id":"" + var_organisation_id + "","data":"" + encipheredData + "","lang":"" + var_lang + ""}": null&#xD;
&#xD;
2019-12-17 10:38:33 - [TEST_STEP][PASSED] - out.println(body): null&#xD;
&#xD;
2019-12-17 10:38:33 - [TEST_STEP][PASSED] - request = findTestObject("E_Wallet/obj_Change_PIN_Access_Code"): null&#xD;
&#xD;
2019-12-17 10:38:33 - [TEST_STEP][PASSED] - request.setBodyContent(new com.kms.katalon.core.testobject.impl.HttpTextBodyContent(body, UTF-8, application/json)): null&#xD;
&#xD;
2019-12-17 10:38:33 - [TEST_STEP][PASSED] - println(hostname): null&#xD;
&#xD;
2019-12-17 10:38:33 - [TEST_STEP][PASSED] - println(request.getRestUrl()): null&#xD;
&#xD;
2019-12-17 10:38:33 - [TEST_STEP][PASSED] - response = sendRequest(request): Send request successfully&#xD;
&#xD;
2019-12-17 10:38:33 - [MESSAGE][INFO] - HAR: D:\katalon-ewallet\Reports\E_Wallet\TS_Change_PIN_Access_Code\TS_changePINAccessCode\20191217_103825\requests\main\20.har&#xD;
&#xD;
2019-12-17 10:38:33 - [MESSAGE][PASSED] - Send request successfully&#xD;
&#xD;
2019-12-17 10:38:33 - [TEST_STEP][PASSED] - body_content = responseBodyContent: null&#xD;
&#xD;
2019-12-17 10:38:33 - [TEST_STEP][PASSED] - status_code = statusCode: null&#xD;
&#xD;
2019-12-17 10:38:33 - [TEST_STEP][PASSED] - respDataMap = JsonSlurper().parseText(body_content): null&#xD;
&#xD;
2019-12-17 10:38:33 - [TEST_STEP][PASSED] - out.println(respDataMap): null&#xD;
&#xD;
2019-12-17 10:38:33 - [TEST_STEP][PASSED] - rc_ref = ReturnCodeWrapper(var_expected_rc).getEnumRC(): null&#xD;
&#xD;
2019-12-17 10:38:33 - [TEST_STEP][PASSED] - out.println(var_expected_rc): null&#xD;
&#xD;
2019-12-17 10:38:33 - [TEST_STEP][PASSED] - out.println(rc_ref.getRCName()): null&#xD;
&#xD;
2019-12-17 10:38:33 - [TEST_STEP][PASSED] - out.println(rc_ref.getHttpResponse()): null&#xD;
&#xD;
2019-12-17 10:38:33 - [TEST_STEP][PASSED] - rcIsTrue = verifyEqual(response_code, rc_ref.getRCName()): Actual object 'RC01' and expected object 'RC01' are equal&#xD;
&#xD;
2019-12-17 10:38:33 - [MESSAGE][PASSED] - Actual object 'RC01' and expected object 'RC01' are equal&#xD;
&#xD;
2019-12-17 10:38:33 - [TEST_STEP][PASSED] - httpRespIsTrue = verifyEqual(statusCode, rc_ref.getHttpResponse()): Actual object '400' and expected object '400' are equal&#xD;
&#xD;
2019-12-17 10:38:33 - [MESSAGE][PASSED] - Actual object '400' and expected object '400' are equal&#xD;
&#xD;
2019-12-17 10:38:33 - [TEST_STEP][PASSED] - if (rc_ref.getRCName() == RC00): null</system-out>
            <system-err></system-err>
        </testcase>
        <testcase name="Test Cases/E_Wallet/TC_Change_PIN_Access_Code/TC_Change_PIN_Access_Code" classname="Test Cases/E_Wallet/TC_Change_PIN_Access_Code/TC_Change_PIN_Access_Code" status="PASSED">
            <system-out>2019-12-17 10:38:34 - [TEST_CASE][PASSED] - Test Cases/E_Wallet/TC_Change_PIN_Access_Code/TC_Change_PIN_Access_Code: Test Cases/E_Wallet/TC_Change_PIN_Access_Code/TC_Change_PIN_Access_Code&#xD;
&#xD;
2019-12-17 10:38:34 - [TEST_STEP][PASSED] - var_enciphered_pin = SecureUtils.doEncryptPinRsaEwallet(dev_public_pem_file, var_user_pin): null&#xD;
&#xD;
2019-12-17 10:38:34 - [TEST_STEP][PASSED] - var_enciphered_new_pin = SecureUtils.doEncryptPinRsaEwallet(dev_public_pem_file, var_user_new_pin): null&#xD;
&#xD;
2019-12-17 10:38:34 - [TEST_STEP][PASSED] - var_enciphered_confirm_new_pin = SecureUtils.doEncryptPinRsaEwallet(dev_public_pem_file, var_user_confirm_new_pin): null&#xD;
&#xD;
2019-12-17 10:38:34 - [TEST_STEP][PASSED] - plain = "{" + ""old_pin":"" + var_enciphered_pin + ""," + ""new_pin":"" + var_enciphered_new_pin + ""," + ""confirm_pin":"" + var_enciphered_confirm_new_pin + ""}": null&#xD;
&#xD;
2019-12-17 10:38:34 - [TEST_STEP][PASSED] - out.println(plain): null&#xD;
&#xD;
2019-12-17 10:38:34 - [TEST_STEP][PASSED] - encipheredData = SecureUtils.encryptAesEwallet(plain, var_aes_key): null&#xD;
&#xD;
2019-12-17 10:38:34 - [TEST_STEP][PASSED] - body = "{"organisation_id":"" + var_organisation_id + "","data":"" + encipheredData + "","lang":"" + var_lang + ""}": null&#xD;
&#xD;
2019-12-17 10:38:34 - [TEST_STEP][PASSED] - out.println(body): null&#xD;
&#xD;
2019-12-17 10:38:34 - [TEST_STEP][PASSED] - request = findTestObject("E_Wallet/obj_Change_PIN_Access_Code"): null&#xD;
&#xD;
2019-12-17 10:38:34 - [TEST_STEP][PASSED] - request.setBodyContent(new com.kms.katalon.core.testobject.impl.HttpTextBodyContent(body, UTF-8, application/json)): null&#xD;
&#xD;
2019-12-17 10:38:34 - [TEST_STEP][PASSED] - println(hostname): null&#xD;
&#xD;
2019-12-17 10:38:34 - [TEST_STEP][PASSED] - println(request.getRestUrl()): null&#xD;
&#xD;
2019-12-17 10:38:34 - [TEST_STEP][PASSED] - response = sendRequest(request): Send request successfully&#xD;
&#xD;
2019-12-17 10:38:34 - [MESSAGE][INFO] - HAR: D:\katalon-ewallet\Reports\E_Wallet\TS_Change_PIN_Access_Code\TS_changePINAccessCode\20191217_103825\requests\main\21.har&#xD;
&#xD;
2019-12-17 10:38:34 - [MESSAGE][PASSED] - Send request successfully&#xD;
&#xD;
2019-12-17 10:38:34 - [TEST_STEP][PASSED] - body_content = responseBodyContent: null&#xD;
&#xD;
2019-12-17 10:38:34 - [TEST_STEP][PASSED] - status_code = statusCode: null&#xD;
&#xD;
2019-12-17 10:38:34 - [TEST_STEP][PASSED] - respDataMap = JsonSlurper().parseText(body_content): null&#xD;
&#xD;
2019-12-17 10:38:34 - [TEST_STEP][PASSED] - out.println(respDataMap): null&#xD;
&#xD;
2019-12-17 10:38:34 - [TEST_STEP][PASSED] - rc_ref = ReturnCodeWrapper(var_expected_rc).getEnumRC(): null&#xD;
&#xD;
2019-12-17 10:38:34 - [TEST_STEP][PASSED] - out.println(var_expected_rc): null&#xD;
&#xD;
2019-12-17 10:38:34 - [TEST_STEP][PASSED] - out.println(rc_ref.getRCName()): null&#xD;
&#xD;
2019-12-17 10:38:34 - [TEST_STEP][PASSED] - out.println(rc_ref.getHttpResponse()): null&#xD;
&#xD;
2019-12-17 10:38:34 - [TEST_STEP][PASSED] - rcIsTrue = verifyEqual(response_code, rc_ref.getRCName()): Actual object 'RC01' and expected object 'RC01' are equal&#xD;
&#xD;
2019-12-17 10:38:34 - [MESSAGE][PASSED] - Actual object 'RC01' and expected object 'RC01' are equal&#xD;
&#xD;
2019-12-17 10:38:34 - [TEST_STEP][PASSED] - httpRespIsTrue = verifyEqual(statusCode, rc_ref.getHttpResponse()): Actual object '400' and expected object '400' are equal&#xD;
&#xD;
2019-12-17 10:38:34 - [MESSAGE][PASSED] - Actual object '400' and expected object '400' are equal&#xD;
&#xD;
2019-12-17 10:38:34 - [TEST_STEP][PASSED] - if (rc_ref.getRCName() == RC00): null</system-out>
            <system-err></system-err>
        </testcase>
        <testcase name="Test Cases/E_Wallet/TC_Change_PIN_Access_Code/TC_Change_PIN_Access_Code" classname="Test Cases/E_Wallet/TC_Change_PIN_Access_Code/TC_Change_PIN_Access_Code" status="PASSED">
            <system-out>2019-12-17 10:38:34 - [TEST_CASE][PASSED] - Test Cases/E_Wallet/TC_Change_PIN_Access_Code/TC_Change_PIN_Access_Code: Test Cases/E_Wallet/TC_Change_PIN_Access_Code/TC_Change_PIN_Access_Code&#xD;
&#xD;
2019-12-17 10:38:34 - [TEST_STEP][PASSED] - var_enciphered_pin = SecureUtils.doEncryptPinRsaEwallet(dev_public_pem_file, var_user_pin): null&#xD;
&#xD;
2019-12-17 10:38:34 - [TEST_STEP][PASSED] - var_enciphered_new_pin = SecureUtils.doEncryptPinRsaEwallet(dev_public_pem_file, var_user_new_pin): null&#xD;
&#xD;
2019-12-17 10:38:34 - [TEST_STEP][PASSED] - var_enciphered_confirm_new_pin = SecureUtils.doEncryptPinRsaEwallet(dev_public_pem_file, var_user_confirm_new_pin): null&#xD;
&#xD;
2019-12-17 10:38:34 - [TEST_STEP][PASSED] - plain = "{" + ""old_pin":"" + var_enciphered_pin + ""," + ""new_pin":"" + var_enciphered_new_pin + ""," + ""confirm_pin":"" + var_enciphered_confirm_new_pin + ""}": null&#xD;
&#xD;
2019-12-17 10:38:34 - [TEST_STEP][PASSED] - out.println(plain): null&#xD;
&#xD;
2019-12-17 10:38:34 - [TEST_STEP][PASSED] - encipheredData = SecureUtils.encryptAesEwallet(plain, var_aes_key): null&#xD;
&#xD;
2019-12-17 10:38:34 - [TEST_STEP][PASSED] - body = "{"organisation_id":"" + var_organisation_id + "","data":"" + encipheredData + "","lang":"" + var_lang + ""}": null&#xD;
&#xD;
2019-12-17 10:38:34 - [TEST_STEP][PASSED] - out.println(body): null&#xD;
&#xD;
2019-12-17 10:38:34 - [TEST_STEP][PASSED] - request = findTestObject("E_Wallet/obj_Change_PIN_Access_Code"): null&#xD;
&#xD;
2019-12-17 10:38:34 - [TEST_STEP][PASSED] - request.setBodyContent(new com.kms.katalon.core.testobject.impl.HttpTextBodyContent(body, UTF-8, application/json)): null&#xD;
&#xD;
2019-12-17 10:38:34 - [TEST_STEP][PASSED] - println(hostname): null&#xD;
&#xD;
2019-12-17 10:38:34 - [TEST_STEP][PASSED] - println(request.getRestUrl()): null&#xD;
&#xD;
2019-12-17 10:38:34 - [TEST_STEP][PASSED] - response = sendRequest(request): Send request successfully&#xD;
&#xD;
2019-12-17 10:38:34 - [MESSAGE][INFO] - HAR: D:\katalon-ewallet\Reports\E_Wallet\TS_Change_PIN_Access_Code\TS_changePINAccessCode\20191217_103825\requests\main\22.har&#xD;
&#xD;
2019-12-17 10:38:34 - [MESSAGE][PASSED] - Send request successfully&#xD;
&#xD;
2019-12-17 10:38:34 - [TEST_STEP][PASSED] - body_content = responseBodyContent: null&#xD;
&#xD;
2019-12-17 10:38:34 - [TEST_STEP][PASSED] - status_code = statusCode: null&#xD;
&#xD;
2019-12-17 10:38:34 - [TEST_STEP][PASSED] - respDataMap = JsonSlurper().parseText(body_content): null&#xD;
&#xD;
2019-12-17 10:38:34 - [TEST_STEP][PASSED] - out.println(respDataMap): null&#xD;
&#xD;
2019-12-17 10:38:34 - [TEST_STEP][PASSED] - rc_ref = ReturnCodeWrapper(var_expected_rc).getEnumRC(): null&#xD;
&#xD;
2019-12-17 10:38:34 - [TEST_STEP][PASSED] - out.println(var_expected_rc): null&#xD;
&#xD;
2019-12-17 10:38:34 - [TEST_STEP][PASSED] - out.println(rc_ref.getRCName()): null&#xD;
&#xD;
2019-12-17 10:38:34 - [TEST_STEP][PASSED] - out.println(rc_ref.getHttpResponse()): null&#xD;
&#xD;
2019-12-17 10:38:34 - [TEST_STEP][PASSED] - rcIsTrue = verifyEqual(response_code, rc_ref.getRCName()): Actual object 'RC01' and expected object 'RC01' are equal&#xD;
&#xD;
2019-12-17 10:38:34 - [MESSAGE][PASSED] - Actual object 'RC01' and expected object 'RC01' are equal&#xD;
&#xD;
2019-12-17 10:38:34 - [TEST_STEP][PASSED] - httpRespIsTrue = verifyEqual(statusCode, rc_ref.getHttpResponse()): Actual object '400' and expected object '400' are equal&#xD;
&#xD;
2019-12-17 10:38:34 - [MESSAGE][PASSED] - Actual object '400' and expected object '400' are equal&#xD;
&#xD;
2019-12-17 10:38:34 - [TEST_STEP][PASSED] - if (rc_ref.getRCName() == RC00): null</system-out>
            <system-err></system-err>
        </testcase>
        <testcase name="Test Cases/E_Wallet/TC_Change_PIN_Access_Code/TC_Change_PIN_Access_Code" classname="Test Cases/E_Wallet/TC_Change_PIN_Access_Code/TC_Change_PIN_Access_Code" status="PASSED">
            <system-out>2019-12-17 10:38:34 - [TEST_CASE][PASSED] - Test Cases/E_Wallet/TC_Change_PIN_Access_Code/TC_Change_PIN_Access_Code: Test Cases/E_Wallet/TC_Change_PIN_Access_Code/TC_Change_PIN_Access_Code&#xD;
&#xD;
2019-12-17 10:38:34 - [TEST_STEP][PASSED] - var_enciphered_pin = SecureUtils.doEncryptPinRsaEwallet(dev_public_pem_file, var_user_pin): null&#xD;
&#xD;
2019-12-17 10:38:34 - [TEST_STEP][PASSED] - var_enciphered_new_pin = SecureUtils.doEncryptPinRsaEwallet(dev_public_pem_file, var_user_new_pin): null&#xD;
&#xD;
2019-12-17 10:38:34 - [TEST_STEP][PASSED] - var_enciphered_confirm_new_pin = SecureUtils.doEncryptPinRsaEwallet(dev_public_pem_file, var_user_confirm_new_pin): null&#xD;
&#xD;
2019-12-17 10:38:34 - [TEST_STEP][PASSED] - plain = "{" + ""old_pin":"" + var_enciphered_pin + ""," + ""new_pin":"" + var_enciphered_new_pin + ""," + ""confirm_pin":"" + var_enciphered_confirm_new_pin + ""}": null&#xD;
&#xD;
2019-12-17 10:38:34 - [TEST_STEP][PASSED] - out.println(plain): null&#xD;
&#xD;
2019-12-17 10:38:34 - [TEST_STEP][PASSED] - encipheredData = SecureUtils.encryptAesEwallet(plain, var_aes_key): null&#xD;
&#xD;
2019-12-17 10:38:34 - [TEST_STEP][PASSED] - body = "{"organisation_id":"" + var_organisation_id + "","data":"" + encipheredData + "","lang":"" + var_lang + ""}": null&#xD;
&#xD;
2019-12-17 10:38:34 - [TEST_STEP][PASSED] - out.println(body): null&#xD;
&#xD;
2019-12-17 10:38:34 - [TEST_STEP][PASSED] - request = findTestObject("E_Wallet/obj_Change_PIN_Access_Code"): null&#xD;
&#xD;
2019-12-17 10:38:34 - [TEST_STEP][PASSED] - request.setBodyContent(new com.kms.katalon.core.testobject.impl.HttpTextBodyContent(body, UTF-8, application/json)): null&#xD;
&#xD;
2019-12-17 10:38:34 - [TEST_STEP][PASSED] - println(hostname): null&#xD;
&#xD;
2019-12-17 10:38:34 - [TEST_STEP][PASSED] - println(request.getRestUrl()): null&#xD;
&#xD;
2019-12-17 10:38:34 - [TEST_STEP][PASSED] - response = sendRequest(request): Send request successfully&#xD;
&#xD;
2019-12-17 10:38:34 - [MESSAGE][INFO] - HAR: D:\katalon-ewallet\Reports\E_Wallet\TS_Change_PIN_Access_Code\TS_changePINAccessCode\20191217_103825\requests\main\23.har&#xD;
&#xD;
2019-12-17 10:38:34 - [MESSAGE][PASSED] - Send request successfully&#xD;
&#xD;
2019-12-17 10:38:34 - [TEST_STEP][PASSED] - body_content = responseBodyContent: null&#xD;
&#xD;
2019-12-17 10:38:34 - [TEST_STEP][PASSED] - status_code = statusCode: null&#xD;
&#xD;
2019-12-17 10:38:34 - [TEST_STEP][PASSED] - respDataMap = JsonSlurper().parseText(body_content): null&#xD;
&#xD;
2019-12-17 10:38:34 - [TEST_STEP][PASSED] - out.println(respDataMap): null&#xD;
&#xD;
2019-12-17 10:38:34 - [TEST_STEP][PASSED] - rc_ref = ReturnCodeWrapper(var_expected_rc).getEnumRC(): null&#xD;
&#xD;
2019-12-17 10:38:34 - [TEST_STEP][PASSED] - out.println(var_expected_rc): null&#xD;
&#xD;
2019-12-17 10:38:34 - [TEST_STEP][PASSED] - out.println(rc_ref.getRCName()): null&#xD;
&#xD;
2019-12-17 10:38:34 - [TEST_STEP][PASSED] - out.println(rc_ref.getHttpResponse()): null&#xD;
&#xD;
2019-12-17 10:38:34 - [TEST_STEP][PASSED] - rcIsTrue = verifyEqual(response_code, rc_ref.getRCName()): Actual object 'RC01' and expected object 'RC01' are equal&#xD;
&#xD;
2019-12-17 10:38:34 - [MESSAGE][PASSED] - Actual object 'RC01' and expected object 'RC01' are equal&#xD;
&#xD;
2019-12-17 10:38:34 - [TEST_STEP][PASSED] - httpRespIsTrue = verifyEqual(statusCode, rc_ref.getHttpResponse()): Actual object '400' and expected object '400' are equal&#xD;
&#xD;
2019-12-17 10:38:34 - [MESSAGE][PASSED] - Actual object '400' and expected object '400' are equal&#xD;
&#xD;
2019-12-17 10:38:34 - [TEST_STEP][PASSED] - if (rc_ref.getRCName() == RC00): null</system-out>
            <system-err></system-err>
        </testcase>
        <testcase name="Test Cases/E_Wallet/TC_Change_PIN_Access_Code/TC_Change_PIN_Access_Code" classname="Test Cases/E_Wallet/TC_Change_PIN_Access_Code/TC_Change_PIN_Access_Code" status="PASSED">
            <system-out>2019-12-17 10:38:34 - [TEST_CASE][PASSED] - Test Cases/E_Wallet/TC_Change_PIN_Access_Code/TC_Change_PIN_Access_Code: Test Cases/E_Wallet/TC_Change_PIN_Access_Code/TC_Change_PIN_Access_Code&#xD;
&#xD;
2019-12-17 10:38:34 - [TEST_STEP][PASSED] - var_enciphered_pin = SecureUtils.doEncryptPinRsaEwallet(dev_public_pem_file, var_user_pin): null&#xD;
&#xD;
2019-12-17 10:38:34 - [TEST_STEP][PASSED] - var_enciphered_new_pin = SecureUtils.doEncryptPinRsaEwallet(dev_public_pem_file, var_user_new_pin): null&#xD;
&#xD;
2019-12-17 10:38:34 - [TEST_STEP][PASSED] - var_enciphered_confirm_new_pin = SecureUtils.doEncryptPinRsaEwallet(dev_public_pem_file, var_user_confirm_new_pin): null&#xD;
&#xD;
2019-12-17 10:38:34 - [TEST_STEP][PASSED] - plain = "{" + ""old_pin":"" + var_enciphered_pin + ""," + ""new_pin":"" + var_enciphered_new_pin + ""," + ""confirm_pin":"" + var_enciphered_confirm_new_pin + ""}": null&#xD;
&#xD;
2019-12-17 10:38:34 - [TEST_STEP][PASSED] - out.println(plain): null&#xD;
&#xD;
2019-12-17 10:38:34 - [TEST_STEP][PASSED] - encipheredData = SecureUtils.encryptAesEwallet(plain, var_aes_key): null&#xD;
&#xD;
2019-12-17 10:38:34 - [TEST_STEP][PASSED] - body = "{"organisation_id":"" + var_organisation_id + "","data":"" + encipheredData + "","lang":"" + var_lang + ""}": null&#xD;
&#xD;
2019-12-17 10:38:34 - [TEST_STEP][PASSED] - out.println(body): null&#xD;
&#xD;
2019-12-17 10:38:34 - [TEST_STEP][PASSED] - request = findTestObject("E_Wallet/obj_Change_PIN_Access_Code"): null&#xD;
&#xD;
2019-12-17 10:38:34 - [TEST_STEP][PASSED] - request.setBodyContent(new com.kms.katalon.core.testobject.impl.HttpTextBodyContent(body, UTF-8, application/json)): null&#xD;
&#xD;
2019-12-17 10:38:34 - [TEST_STEP][PASSED] - println(hostname): null&#xD;
&#xD;
2019-12-17 10:38:34 - [TEST_STEP][PASSED] - println(request.getRestUrl()): null&#xD;
&#xD;
2019-12-17 10:38:34 - [TEST_STEP][PASSED] - response = sendRequest(request): Send request successfully&#xD;
&#xD;
2019-12-17 10:38:34 - [MESSAGE][INFO] - HAR: D:\katalon-ewallet\Reports\E_Wallet\TS_Change_PIN_Access_Code\TS_changePINAccessCode\20191217_103825\requests\main\24.har&#xD;
&#xD;
2019-12-17 10:38:34 - [MESSAGE][PASSED] - Send request successfully&#xD;
&#xD;
2019-12-17 10:38:34 - [TEST_STEP][PASSED] - body_content = responseBodyContent: null&#xD;
&#xD;
2019-12-17 10:38:34 - [TEST_STEP][PASSED] - status_code = statusCode: null&#xD;
&#xD;
2019-12-17 10:38:34 - [TEST_STEP][PASSED] - respDataMap = JsonSlurper().parseText(body_content): null&#xD;
&#xD;
2019-12-17 10:38:34 - [TEST_STEP][PASSED] - out.println(respDataMap): null&#xD;
&#xD;
2019-12-17 10:38:34 - [TEST_STEP][PASSED] - rc_ref = ReturnCodeWrapper(var_expected_rc).getEnumRC(): null&#xD;
&#xD;
2019-12-17 10:38:34 - [TEST_STEP][PASSED] - out.println(var_expected_rc): null&#xD;
&#xD;
2019-12-17 10:38:34 - [TEST_STEP][PASSED] - out.println(rc_ref.getRCName()): null&#xD;
&#xD;
2019-12-17 10:38:34 - [TEST_STEP][PASSED] - out.println(rc_ref.getHttpResponse()): null&#xD;
&#xD;
2019-12-17 10:38:34 - [TEST_STEP][PASSED] - rcIsTrue = verifyEqual(response_code, rc_ref.getRCName()): Actual object 'RC01' and expected object 'RC01' are equal&#xD;
&#xD;
2019-12-17 10:38:34 - [MESSAGE][PASSED] - Actual object 'RC01' and expected object 'RC01' are equal&#xD;
&#xD;
2019-12-17 10:38:34 - [TEST_STEP][PASSED] - httpRespIsTrue = verifyEqual(statusCode, rc_ref.getHttpResponse()): Actual object '400' and expected object '400' are equal&#xD;
&#xD;
2019-12-17 10:38:34 - [MESSAGE][PASSED] - Actual object '400' and expected object '400' are equal&#xD;
&#xD;
2019-12-17 10:38:34 - [TEST_STEP][PASSED] - if (rc_ref.getRCName() == RC00): null</system-out>
            <system-err></system-err>
        </testcase>
        <testcase name="Test Cases/E_Wallet/TC_Change_PIN_Access_Code/TC_Change_PIN_Access_Code" classname="Test Cases/E_Wallet/TC_Change_PIN_Access_Code/TC_Change_PIN_Access_Code" status="PASSED">
            <system-out>2019-12-17 10:38:34 - [TEST_CASE][PASSED] - Test Cases/E_Wallet/TC_Change_PIN_Access_Code/TC_Change_PIN_Access_Code: Test Cases/E_Wallet/TC_Change_PIN_Access_Code/TC_Change_PIN_Access_Code&#xD;
&#xD;
2019-12-17 10:38:34 - [TEST_STEP][PASSED] - var_enciphered_pin = SecureUtils.doEncryptPinRsaEwallet(dev_public_pem_file, var_user_pin): null&#xD;
&#xD;
2019-12-17 10:38:34 - [TEST_STEP][PASSED] - var_enciphered_new_pin = SecureUtils.doEncryptPinRsaEwallet(dev_public_pem_file, var_user_new_pin): null&#xD;
&#xD;
2019-12-17 10:38:34 - [TEST_STEP][PASSED] - var_enciphered_confirm_new_pin = SecureUtils.doEncryptPinRsaEwallet(dev_public_pem_file, var_user_confirm_new_pin): null&#xD;
&#xD;
2019-12-17 10:38:34 - [TEST_STEP][PASSED] - plain = "{" + ""old_pin":"" + var_enciphered_pin + ""," + ""new_pin":"" + var_enciphered_new_pin + ""," + ""confirm_pin":"" + var_enciphered_confirm_new_pin + ""}": null&#xD;
&#xD;
2019-12-17 10:38:34 - [TEST_STEP][PASSED] - out.println(plain): null&#xD;
&#xD;
2019-12-17 10:38:34 - [TEST_STEP][PASSED] - encipheredData = SecureUtils.encryptAesEwallet(plain, var_aes_key): null&#xD;
&#xD;
2019-12-17 10:38:34 - [TEST_STEP][PASSED] - body = "{"organisation_id":"" + var_organisation_id + "","data":"" + encipheredData + "","lang":"" + var_lang + ""}": null&#xD;
&#xD;
2019-12-17 10:38:34 - [TEST_STEP][PASSED] - out.println(body): null&#xD;
&#xD;
2019-12-17 10:38:34 - [TEST_STEP][PASSED] - request = findTestObject("E_Wallet/obj_Change_PIN_Access_Code"): null&#xD;
&#xD;
2019-12-17 10:38:34 - [TEST_STEP][PASSED] - request.setBodyContent(new com.kms.katalon.core.testobject.impl.HttpTextBodyContent(body, UTF-8, application/json)): null&#xD;
&#xD;
2019-12-17 10:38:34 - [TEST_STEP][PASSED] - println(hostname): null&#xD;
&#xD;
2019-12-17 10:38:34 - [TEST_STEP][PASSED] - println(request.getRestUrl()): null&#xD;
&#xD;
2019-12-17 10:38:34 - [TEST_STEP][PASSED] - response = sendRequest(request): Send request successfully&#xD;
&#xD;
2019-12-17 10:38:34 - [MESSAGE][INFO] - HAR: D:\katalon-ewallet\Reports\E_Wallet\TS_Change_PIN_Access_Code\TS_changePINAccessCode\20191217_103825\requests\main\25.har&#xD;
&#xD;
2019-12-17 10:38:34 - [MESSAGE][PASSED] - Send request successfully&#xD;
&#xD;
2019-12-17 10:38:34 - [TEST_STEP][PASSED] - body_content = responseBodyContent: null&#xD;
&#xD;
2019-12-17 10:38:34 - [TEST_STEP][PASSED] - status_code = statusCode: null&#xD;
&#xD;
2019-12-17 10:38:34 - [TEST_STEP][PASSED] - respDataMap = JsonSlurper().parseText(body_content): null&#xD;
&#xD;
2019-12-17 10:38:34 - [TEST_STEP][PASSED] - out.println(respDataMap): null&#xD;
&#xD;
2019-12-17 10:38:34 - [TEST_STEP][PASSED] - rc_ref = ReturnCodeWrapper(var_expected_rc).getEnumRC(): null&#xD;
&#xD;
2019-12-17 10:38:34 - [TEST_STEP][PASSED] - out.println(var_expected_rc): null&#xD;
&#xD;
2019-12-17 10:38:34 - [TEST_STEP][PASSED] - out.println(rc_ref.getRCName()): null&#xD;
&#xD;
2019-12-17 10:38:34 - [TEST_STEP][PASSED] - out.println(rc_ref.getHttpResponse()): null&#xD;
&#xD;
2019-12-17 10:38:34 - [TEST_STEP][PASSED] - rcIsTrue = verifyEqual(response_code, rc_ref.getRCName()): Actual object 'RC01' and expected object 'RC01' are equal&#xD;
&#xD;
2019-12-17 10:38:34 - [MESSAGE][PASSED] - Actual object 'RC01' and expected object 'RC01' are equal&#xD;
&#xD;
2019-12-17 10:38:34 - [TEST_STEP][PASSED] - httpRespIsTrue = verifyEqual(statusCode, rc_ref.getHttpResponse()): Actual object '400' and expected object '400' are equal&#xD;
&#xD;
2019-12-17 10:38:34 - [MESSAGE][PASSED] - Actual object '400' and expected object '400' are equal&#xD;
&#xD;
2019-12-17 10:38:34 - [TEST_STEP][PASSED] - if (rc_ref.getRCName() == RC00): null</system-out>
            <system-err></system-err>
        </testcase>
        <testcase name="Test Cases/E_Wallet/TC_Change_PIN_Access_Code/TC_Change_PIN_Access_Code" classname="Test Cases/E_Wallet/TC_Change_PIN_Access_Code/TC_Change_PIN_Access_Code" status="FAILED">
            <failure type="FAILED" message="Test Cases/E_Wallet/TC_Change_PIN_Access_Code/TC_Change_PIN_Access_Code FAILED.&#xA;Reason:&#xA;com.kms.katalon.core.exception.StepFailedException: Actual object 'RC22' and expected object 'RC00' are not equal&#xD;&#xA;&#x9;at com.kms.katalon.core.keyword.builtin.VerifyEqualKeyword$_verifyEqual_closure1.doCall(VerifyEqualKeyword.groovy:58)&#xD;&#xA;&#x9;at com.kms.katalon.core.keyword.builtin.VerifyEqualKeyword$_verifyEqual_closure1.call(VerifyEqualKeyword.groovy)&#xD;&#xA;&#x9;at com.kms.katalon.core.keyword.internal.KeywordMain.runKeyword(KeywordMain.groovy:68)&#xD;&#xA;&#x9;at com.kms.katalon.core.keyword.builtin.VerifyEqualKeyword.verifyEqual(VerifyEqualKeyword.groovy:63)&#xD;&#xA;&#x9;at com.kms.katalon.core.keyword.builtin.VerifyEqualKeyword.execute(VerifyEqualKeyword.groovy:44)&#xD;&#xA;&#x9;at com.kms.katalon.core.keyword.internal.KeywordExecutor.executeKeywordForPlatform(KeywordExecutor.groovy:56)&#xD;&#xA;&#x9;at com.kms.katalon.core.keyword.BuiltinKeywords.verifyEqual(BuiltinKeywords.groovy:141)&#xD;&#xA;&#x9;at TC_Change_PIN_Access_Code.run(TC_Change_PIN_Access_Code:58)&#xD;&#xA;&#x9;at com.kms.katalon.core.main.ScriptEngine.run(ScriptEngine.java:194)&#xD;&#xA;&#x9;at com.kms.katalon.core.main.ScriptEngine.runScriptAsRawText(ScriptEngine.java:119)&#xD;&#xA;&#x9;at com.kms.katalon.core.main.TestCaseExecutor.runScript(TestCaseExecutor.java:337)&#xD;&#xA;&#x9;at com.kms.katalon.core.main.TestCaseExecutor.doExecute(TestCaseExecutor.java:328)&#xD;&#xA;&#x9;at com.kms.katalon.core.main.TestCaseExecutor.processExecutionPhase(TestCaseExecutor.java:307)&#xD;&#xA;&#x9;at com.kms.katalon.core.main.TestCaseExecutor.accessMainPhase(TestCaseExecutor.java:299)&#xD;&#xA;&#x9;at com.kms.katalon.core.main.TestCaseExecutor.execute(TestCaseExecutor.java:233)&#xD;&#xA;&#x9;at com.kms.katalon.core.main.TestSuiteExecutor.accessTestCaseMainPhase(TestSuiteExecutor.java:133)&#xD;&#xA;&#x9;at com.kms.katalon.core.main.TestSuiteExecutor.accessTestSuiteMainPhase(TestSuiteExecutor.java:116)&#xD;&#xA;&#x9;at com.kms.katalon.core.main.TestSuiteExecutor.execute(TestSuiteExecutor.java:83)&#xD;&#xA;&#x9;at com.kms.katalon.core.main.TestCaseMain.startTestSuite(TestCaseMain.java:157)&#xD;&#xA;&#x9;at com.kms.katalon.core.main.TestCaseMain$startTestSuite$0.call(Unknown Source)&#xD;&#xA;&#x9;at TempTestSuite1576553905366.run(TempTestSuite1576553905366.groovy:35)&#xD;&#xA;"/>
            <system-out>2019-12-17 10:38:34 - [TEST_CASE][FAILED] - Test Cases/E_Wallet/TC_Change_PIN_Access_Code/TC_Change_PIN_Access_Code: Test Cases/E_Wallet/TC_Change_PIN_Access_Code/TC_Change_PIN_Access_Code FAILED.
Reason:
com.kms.katalon.core.exception.StepFailedException: Actual object 'RC22' and expected object 'RC00' are not equal&#xD;
	at com.kms.katalon.core.keyword.builtin.VerifyEqualKeyword$_verifyEqual_closure1.doCall(VerifyEqualKeyword.groovy:58)&#xD;
	at com.kms.katalon.core.keyword.builtin.VerifyEqualKeyword$_verifyEqual_closure1.call(VerifyEqualKeyword.groovy)&#xD;
	at com.kms.katalon.core.keyword.internal.KeywordMain.runKeyword(KeywordMain.groovy:68)&#xD;
	at com.kms.katalon.core.keyword.builtin.VerifyEqualKeyword.verifyEqual(VerifyEqualKeyword.groovy:63)&#xD;
	at com.kms.katalon.core.keyword.builtin.VerifyEqualKeyword.execute(VerifyEqualKeyword.groovy:44)&#xD;
	at com.kms.katalon.core.keyword.internal.KeywordExecutor.executeKeywordForPlatform(KeywordExecutor.groovy:56)&#xD;
	at com.kms.katalon.core.keyword.BuiltinKeywords.verifyEqual(BuiltinKeywords.groovy:141)&#xD;
	at TC_Change_PIN_Access_Code.run(TC_Change_PIN_Access_Code:58)&#xD;
	at com.kms.katalon.core.main.ScriptEngine.run(ScriptEngine.java:194)&#xD;
	at com.kms.katalon.core.main.ScriptEngine.runScriptAsRawText(ScriptEngine.java:119)&#xD;
	at com.kms.katalon.core.main.TestCaseExecutor.runScript(TestCaseExecutor.java:337)&#xD;
	at com.kms.katalon.core.main.TestCaseExecutor.doExecute(TestCaseExecutor.java:328)&#xD;
	at com.kms.katalon.core.main.TestCaseExecutor.processExecutionPhase(TestCaseExecutor.java:307)&#xD;
	at com.kms.katalon.core.main.TestCaseExecutor.accessMainPhase(TestCaseExecutor.java:299)&#xD;
	at com.kms.katalon.core.main.TestCaseExecutor.execute(TestCaseExecutor.java:233)&#xD;
	at com.kms.katalon.core.main.TestSuiteExecutor.accessTestCaseMainPhase(TestSuiteExecutor.java:133)&#xD;
	at com.kms.katalon.core.main.TestSuiteExecutor.accessTestSuiteMainPhase(TestSuiteExecutor.java:116)&#xD;
	at com.kms.katalon.core.main.TestSuiteExecutor.execute(TestSuiteExecutor.java:83)&#xD;
	at com.kms.katalon.core.main.TestCaseMain.startTestSuite(TestCaseMain.java:157)&#xD;
	at com.kms.katalon.core.main.TestCaseMain$startTestSuite$0.call(Unknown Source)&#xD;
	at TempTestSuite1576553905366.run(TempTestSuite1576553905366.groovy:35)&#xD;
&#xD;
&#xD;
2019-12-17 10:38:34 - [TEST_STEP][PASSED] - var_enciphered_pin = SecureUtils.doEncryptPinRsaEwallet(dev_public_pem_file, var_user_pin): null&#xD;
&#xD;
2019-12-17 10:38:34 - [TEST_STEP][PASSED] - var_enciphered_new_pin = SecureUtils.doEncryptPinRsaEwallet(dev_public_pem_file, var_user_new_pin): null&#xD;
&#xD;
2019-12-17 10:38:34 - [TEST_STEP][PASSED] - var_enciphered_confirm_new_pin = SecureUtils.doEncryptPinRsaEwallet(dev_public_pem_file, var_user_confirm_new_pin): null&#xD;
&#xD;
2019-12-17 10:38:34 - [TEST_STEP][PASSED] - plain = "{" + ""old_pin":"" + var_enciphered_pin + ""," + ""new_pin":"" + var_enciphered_new_pin + ""," + ""confirm_pin":"" + var_enciphered_confirm_new_pin + ""}": null&#xD;
&#xD;
2019-12-17 10:38:34 - [TEST_STEP][PASSED] - out.println(plain): null&#xD;
&#xD;
2019-12-17 10:38:34 - [TEST_STEP][PASSED] - encipheredData = SecureUtils.encryptAesEwallet(plain, var_aes_key): null&#xD;
&#xD;
2019-12-17 10:38:34 - [TEST_STEP][PASSED] - body = "{"organisation_id":"" + var_organisation_id + "","data":"" + encipheredData + "","lang":"" + var_lang + ""}": null&#xD;
&#xD;
2019-12-17 10:38:34 - [TEST_STEP][PASSED] - out.println(body): null&#xD;
&#xD;
2019-12-17 10:38:34 - [TEST_STEP][PASSED] - request = findTestObject("E_Wallet/obj_Change_PIN_Access_Code"): null&#xD;
&#xD;
2019-12-17 10:38:34 - [TEST_STEP][PASSED] - request.setBodyContent(new com.kms.katalon.core.testobject.impl.HttpTextBodyContent(body, UTF-8, application/json)): null&#xD;
&#xD;
2019-12-17 10:38:34 - [TEST_STEP][PASSED] - println(hostname): null&#xD;
&#xD;
2019-12-17 10:38:34 - [TEST_STEP][PASSED] - println(request.getRestUrl()): null&#xD;
&#xD;
2019-12-17 10:38:34 - [TEST_STEP][PASSED] - response = sendRequest(request): Send request successfully&#xD;
&#xD;
2019-12-17 10:38:34 - [MESSAGE][INFO] - HAR: D:\katalon-ewallet\Reports\E_Wallet\TS_Change_PIN_Access_Code\TS_changePINAccessCode\20191217_103825\requests\main\26.har&#xD;
&#xD;
2019-12-17 10:38:34 - [MESSAGE][PASSED] - Send request successfully&#xD;
&#xD;
2019-12-17 10:38:34 - [TEST_STEP][PASSED] - body_content = responseBodyContent: null&#xD;
&#xD;
2019-12-17 10:38:34 - [TEST_STEP][PASSED] - status_code = statusCode: null&#xD;
&#xD;
2019-12-17 10:38:34 - [TEST_STEP][PASSED] - respDataMap = JsonSlurper().parseText(body_content): null&#xD;
&#xD;
2019-12-17 10:38:35 - [TEST_STEP][PASSED] - out.println(respDataMap): null&#xD;
&#xD;
2019-12-17 10:38:35 - [TEST_STEP][PASSED] - rc_ref = ReturnCodeWrapper(var_expected_rc).getEnumRC(): null&#xD;
&#xD;
2019-12-17 10:38:35 - [TEST_STEP][PASSED] - out.println(var_expected_rc): null&#xD;
&#xD;
2019-12-17 10:38:35 - [TEST_STEP][PASSED] - out.println(rc_ref.getRCName()): null&#xD;
&#xD;
2019-12-17 10:38:35 - [TEST_STEP][PASSED] - out.println(rc_ref.getHttpResponse()): null&#xD;
&#xD;
2019-12-17 10:38:35 - [TEST_STEP][FAILED] - rcIsTrue = verifyEqual(response_code, rc_ref.getRCName()): Unable to verify equal between actual object 'RC22' and expected object 'RC00' (Root cause: com.kms.katalon.core.exception.StepFailedException: Actual object 'RC22' and expected object 'RC00' are not equal&#xD;
	at com.kms.katalon.core.keyword.builtin.VerifyEqualKeyword$_verifyEqual_closure1.doCall(VerifyEqualKeyword.groovy:58)&#xD;
	at com.kms.katalon.core.keyword.builtin.VerifyEqualKeyword$_verifyEqual_closure1.call(VerifyEqualKeyword.groovy)&#xD;
	at com.kms.katalon.core.keyword.internal.KeywordMain.runKeyword(KeywordMain.groovy:68)&#xD;
	at com.kms.katalon.core.keyword.builtin.VerifyEqualKeyword.verifyEqual(VerifyEqualKeyword.groovy:63)&#xD;
	at com.kms.katalon.core.keyword.builtin.VerifyEqualKeyword.execute(VerifyEqualKeyword.groovy:44)&#xD;
	at com.kms.katalon.core.keyword.internal.KeywordExecutor.executeKeywordForPlatform(KeywordExecutor.groovy:56)&#xD;
	at com.kms.katalon.core.keyword.BuiltinKeywords.verifyEqual(BuiltinKeywords.groovy:141)&#xD;
	at TC_Change_PIN_Access_Code.run(TC_Change_PIN_Access_Code:58)&#xD;
	at com.kms.katalon.core.main.ScriptEngine.run(ScriptEngine.java:194)&#xD;
	at com.kms.katalon.core.main.ScriptEngine.runScriptAsRawText(ScriptEngine.java:119)&#xD;
	at com.kms.katalon.core.main.TestCaseExecutor.runScript(TestCaseExecutor.java:337)&#xD;
	at com.kms.katalon.core.main.TestCaseExecutor.doExecute(TestCaseExecutor.java:328)&#xD;
	at com.kms.katalon.core.main.TestCaseExecutor.processExecutionPhase(TestCaseExecutor.java:307)&#xD;
	at com.kms.katalon.core.main.TestCaseExecutor.accessMainPhase(TestCaseExecutor.java:299)&#xD;
	at com.kms.katalon.core.main.TestCaseExecutor.execute(TestCaseExecutor.java:233)&#xD;
	at com.kms.katalon.core.main.TestSuiteExecutor.accessTestCaseMainPhase(TestSuiteExecutor.java:133)&#xD;
	at com.kms.katalon.core.main.TestSuiteExecutor.accessTestSuiteMainPhase(TestSuiteExecutor.java:116)&#xD;
	at com.kms.katalon.core.main.TestSuiteExecutor.execute(TestSuiteExecutor.java:83)&#xD;
	at com.kms.katalon.core.main.TestCaseMain.startTestSuite(TestCaseMain.java:157)&#xD;
	at com.kms.katalon.core.main.TestCaseMain$startTestSuite$0.call(Unknown Source)&#xD;
	at TempTestSuite1576553905366.run(TempTestSuite1576553905366.groovy:35)&#xD;
)&#xD;
&#xD;
2019-12-17 10:38:35 - [MESSAGE][FAILED] - Unable to verify equal between actual object 'RC22' and expected object 'RC00' (Root cause: com.kms.katalon.core.exception.StepFailedException: Actual object 'RC22' and expected object 'RC00' are not equal&#xD;
	at com.kms.katalon.core.keyword.builtin.VerifyEqualKeyword$_verifyEqual_closure1.doCall(VerifyEqualKeyword.groovy:58)&#xD;
	at com.kms.katalon.core.keyword.builtin.VerifyEqualKeyword$_verifyEqual_closure1.call(VerifyEqualKeyword.groovy)&#xD;
	at com.kms.katalon.core.keyword.internal.KeywordMain.runKeyword(KeywordMain.groovy:68)&#xD;
	at com.kms.katalon.core.keyword.builtin.VerifyEqualKeyword.verifyEqual(VerifyEqualKeyword.groovy:63)&#xD;
	at com.kms.katalon.core.keyword.builtin.VerifyEqualKeyword.execute(VerifyEqualKeyword.groovy:44)&#xD;
	at com.kms.katalon.core.keyword.internal.KeywordExecutor.executeKeywordForPlatform(KeywordExecutor.groovy:56)&#xD;
	at com.kms.katalon.core.keyword.BuiltinKeywords.verifyEqual(BuiltinKeywords.groovy:141)&#xD;
	at TC_Change_PIN_Access_Code.run(TC_Change_PIN_Access_Code:58)&#xD;
	at com.kms.katalon.core.main.ScriptEngine.run(ScriptEngine.java:194)&#xD;
	at com.kms.katalon.core.main.ScriptEngine.runScriptAsRawText(ScriptEngine.java:119)&#xD;
	at com.kms.katalon.core.main.TestCaseExecutor.runScript(TestCaseExecutor.java:337)&#xD;
	at com.kms.katalon.core.main.TestCaseExecutor.doExecute(TestCaseExecutor.java:328)&#xD;
	at com.kms.katalon.core.main.TestCaseExecutor.processExecutionPhase(TestCaseExecutor.java:307)&#xD;
	at com.kms.katalon.core.main.TestCaseExecutor.accessMainPhase(TestCaseExecutor.java:299)&#xD;
	at com.kms.katalon.core.main.TestCaseExecutor.execute(TestCaseExecutor.java:233)&#xD;
	at com.kms.katalon.core.main.TestSuiteExecutor.accessTestCaseMainPhase(TestSuiteExecutor.java:133)&#xD;
	at com.kms.katalon.core.main.TestSuiteExecutor.accessTestSuiteMainPhase(TestSuiteExecutor.java:116)&#xD;
	at com.kms.katalon.core.main.TestSuiteExecutor.execute(TestSuiteExecutor.java:83)&#xD;
	at com.kms.katalon.core.main.TestCaseMain.startTestSuite(TestCaseMain.java:157)&#xD;
	at com.kms.katalon.core.main.TestCaseMain$startTestSuite$0.call(Unknown Source)&#xD;
	at TempTestSuite1576553905366.run(TempTestSuite1576553905366.groovy:35)&#xD;
)</system-out>
            <system-err>2019-12-17 10:38:34 - [TEST_CASE][FAILED] - Test Cases/E_Wallet/TC_Change_PIN_Access_Code/TC_Change_PIN_Access_Code: Test Cases/E_Wallet/TC_Change_PIN_Access_Code/TC_Change_PIN_Access_Code FAILED.
Reason:
com.kms.katalon.core.exception.StepFailedException: Actual object 'RC22' and expected object 'RC00' are not equal&#xD;
	at com.kms.katalon.core.keyword.builtin.VerifyEqualKeyword$_verifyEqual_closure1.doCall(VerifyEqualKeyword.groovy:58)&#xD;
	at com.kms.katalon.core.keyword.builtin.VerifyEqualKeyword$_verifyEqual_closure1.call(VerifyEqualKeyword.groovy)&#xD;
	at com.kms.katalon.core.keyword.internal.KeywordMain.runKeyword(KeywordMain.groovy:68)&#xD;
	at com.kms.katalon.core.keyword.builtin.VerifyEqualKeyword.verifyEqual(VerifyEqualKeyword.groovy:63)&#xD;
	at com.kms.katalon.core.keyword.builtin.VerifyEqualKeyword.execute(VerifyEqualKeyword.groovy:44)&#xD;
	at com.kms.katalon.core.keyword.internal.KeywordExecutor.executeKeywordForPlatform(KeywordExecutor.groovy:56)&#xD;
	at com.kms.katalon.core.keyword.BuiltinKeywords.verifyEqual(BuiltinKeywords.groovy:141)&#xD;
	at TC_Change_PIN_Access_Code.run(TC_Change_PIN_Access_Code:58)&#xD;
	at com.kms.katalon.core.main.ScriptEngine.run(ScriptEngine.java:194)&#xD;
	at com.kms.katalon.core.main.ScriptEngine.runScriptAsRawText(ScriptEngine.java:119)&#xD;
	at com.kms.katalon.core.main.TestCaseExecutor.runScript(TestCaseExecutor.java:337)&#xD;
	at com.kms.katalon.core.main.TestCaseExecutor.doExecute(TestCaseExecutor.java:328)&#xD;
	at com.kms.katalon.core.main.TestCaseExecutor.processExecutionPhase(TestCaseExecutor.java:307)&#xD;
	at com.kms.katalon.core.main.TestCaseExecutor.accessMainPhase(TestCaseExecutor.java:299)&#xD;
	at com.kms.katalon.core.main.TestCaseExecutor.execute(TestCaseExecutor.java:233)&#xD;
	at com.kms.katalon.core.main.TestSuiteExecutor.accessTestCaseMainPhase(TestSuiteExecutor.java:133)&#xD;
	at com.kms.katalon.core.main.TestSuiteExecutor.accessTestSuiteMainPhase(TestSuiteExecutor.java:116)&#xD;
	at com.kms.katalon.core.main.TestSuiteExecutor.execute(TestSuiteExecutor.java:83)&#xD;
	at com.kms.katalon.core.main.TestCaseMain.startTestSuite(TestCaseMain.java:157)&#xD;
	at com.kms.katalon.core.main.TestCaseMain$startTestSuite$0.call(Unknown Source)&#xD;
	at TempTestSuite1576553905366.run(TempTestSuite1576553905366.groovy:35)</system-err>
        </testcase>
        <testcase name="Test Cases/E_Wallet/TC_Change_PIN_Access_Code/TC_Change_PIN_Access_Code" classname="Test Cases/E_Wallet/TC_Change_PIN_Access_Code/TC_Change_PIN_Access_Code" status="FAILED">
            <failure type="FAILED" message="Test Cases/E_Wallet/TC_Change_PIN_Access_Code/TC_Change_PIN_Access_Code FAILED.&#xA;Reason:&#xA;com.kms.katalon.core.exception.StepFailedException: Actual object 'RC07' and expected object 'RC00' are not equal&#xD;&#xA;&#x9;at com.kms.katalon.core.keyword.builtin.VerifyEqualKeyword$_verifyEqual_closure1.doCall(VerifyEqualKeyword.groovy:58)&#xD;&#xA;&#x9;at com.kms.katalon.core.keyword.builtin.VerifyEqualKeyword$_verifyEqual_closure1.call(VerifyEqualKeyword.groovy)&#xD;&#xA;&#x9;at com.kms.katalon.core.keyword.internal.KeywordMain.runKeyword(KeywordMain.groovy:68)&#xD;&#xA;&#x9;at com.kms.katalon.core.keyword.builtin.VerifyEqualKeyword.verifyEqual(VerifyEqualKeyword.groovy:63)&#xD;&#xA;&#x9;at com.kms.katalon.core.keyword.builtin.VerifyEqualKeyword.execute(VerifyEqualKeyword.groovy:44)&#xD;&#xA;&#x9;at com.kms.katalon.core.keyword.internal.KeywordExecutor.executeKeywordForPlatform(KeywordExecutor.groovy:56)&#xD;&#xA;&#x9;at com.kms.katalon.core.keyword.BuiltinKeywords.verifyEqual(BuiltinKeywords.groovy:141)&#xD;&#xA;&#x9;at TC_Change_PIN_Access_Code.run(TC_Change_PIN_Access_Code:58)&#xD;&#xA;&#x9;at com.kms.katalon.core.main.ScriptEngine.run(ScriptEngine.java:194)&#xD;&#xA;&#x9;at com.kms.katalon.core.main.ScriptEngine.runScriptAsRawText(ScriptEngine.java:119)&#xD;&#xA;&#x9;at com.kms.katalon.core.main.TestCaseExecutor.runScript(TestCaseExecutor.java:337)&#xD;&#xA;&#x9;at com.kms.katalon.core.main.TestCaseExecutor.doExecute(TestCaseExecutor.java:328)&#xD;&#xA;&#x9;at com.kms.katalon.core.main.TestCaseExecutor.processExecutionPhase(TestCaseExecutor.java:307)&#xD;&#xA;&#x9;at com.kms.katalon.core.main.TestCaseExecutor.accessMainPhase(TestCaseExecutor.java:299)&#xD;&#xA;&#x9;at com.kms.katalon.core.main.TestCaseExecutor.execute(TestCaseExecutor.java:233)&#xD;&#xA;&#x9;at com.kms.katalon.core.main.TestSuiteExecutor.accessTestCaseMainPhase(TestSuiteExecutor.java:133)&#xD;&#xA;&#x9;at com.kms.katalon.core.main.TestSuiteExecutor.accessTestSuiteMainPhase(TestSuiteExecutor.java:116)&#xD;&#xA;&#x9;at com.kms.katalon.core.main.TestSuiteExecutor.execute(TestSuiteExecutor.java:83)&#xD;&#xA;&#x9;at com.kms.katalon.core.main.TestCaseMain.startTestSuite(TestCaseMain.java:157)&#xD;&#xA;&#x9;at com.kms.katalon.core.main.TestCaseMain$startTestSuite$0.call(Unknown Source)&#xD;&#xA;&#x9;at TempTestSuite1576553905366.run(TempTestSuite1576553905366.groovy:35)&#xD;&#xA;"/>
            <system-out>2019-12-17 10:38:35 - [TEST_CASE][FAILED] - Test Cases/E_Wallet/TC_Change_PIN_Access_Code/TC_Change_PIN_Access_Code: Test Cases/E_Wallet/TC_Change_PIN_Access_Code/TC_Change_PIN_Access_Code FAILED.
Reason:
com.kms.katalon.core.exception.StepFailedException: Actual object 'RC07' and expected object 'RC00' are not equal&#xD;
	at com.kms.katalon.core.keyword.builtin.VerifyEqualKeyword$_verifyEqual_closure1.doCall(VerifyEqualKeyword.groovy:58)&#xD;
	at com.kms.katalon.core.keyword.builtin.VerifyEqualKeyword$_verifyEqual_closure1.call(VerifyEqualKeyword.groovy)&#xD;
	at com.kms.katalon.core.keyword.internal.KeywordMain.runKeyword(KeywordMain.groovy:68)&#xD;
	at com.kms.katalon.core.keyword.builtin.VerifyEqualKeyword.verifyEqual(VerifyEqualKeyword.groovy:63)&#xD;
	at com.kms.katalon.core.keyword.builtin.VerifyEqualKeyword.execute(VerifyEqualKeyword.groovy:44)&#xD;
	at com.kms.katalon.core.keyword.internal.KeywordExecutor.executeKeywordForPlatform(KeywordExecutor.groovy:56)&#xD;
	at com.kms.katalon.core.keyword.BuiltinKeywords.verifyEqual(BuiltinKeywords.groovy:141)&#xD;
	at TC_Change_PIN_Access_Code.run(TC_Change_PIN_Access_Code:58)&#xD;
	at com.kms.katalon.core.main.ScriptEngine.run(ScriptEngine.java:194)&#xD;
	at com.kms.katalon.core.main.ScriptEngine.runScriptAsRawText(ScriptEngine.java:119)&#xD;
	at com.kms.katalon.core.main.TestCaseExecutor.runScript(TestCaseExecutor.java:337)&#xD;
	at com.kms.katalon.core.main.TestCaseExecutor.doExecute(TestCaseExecutor.java:328)&#xD;
	at com.kms.katalon.core.main.TestCaseExecutor.processExecutionPhase(TestCaseExecutor.java:307)&#xD;
	at com.kms.katalon.core.main.TestCaseExecutor.accessMainPhase(TestCaseExecutor.java:299)&#xD;
	at com.kms.katalon.core.main.TestCaseExecutor.execute(TestCaseExecutor.java:233)&#xD;
	at com.kms.katalon.core.main.TestSuiteExecutor.accessTestCaseMainPhase(TestSuiteExecutor.java:133)&#xD;
	at com.kms.katalon.core.main.TestSuiteExecutor.accessTestSuiteMainPhase(TestSuiteExecutor.java:116)&#xD;
	at com.kms.katalon.core.main.TestSuiteExecutor.execute(TestSuiteExecutor.java:83)&#xD;
	at com.kms.katalon.core.main.TestCaseMain.startTestSuite(TestCaseMain.java:157)&#xD;
	at com.kms.katalon.core.main.TestCaseMain$startTestSuite$0.call(Unknown Source)&#xD;
	at TempTestSuite1576553905366.run(TempTestSuite1576553905366.groovy:35)&#xD;
&#xD;
&#xD;
2019-12-17 10:38:35 - [TEST_STEP][PASSED] - var_enciphered_pin = SecureUtils.doEncryptPinRsaEwallet(dev_public_pem_file, var_user_pin): null&#xD;
&#xD;
2019-12-17 10:38:35 - [TEST_STEP][PASSED] - var_enciphered_new_pin = SecureUtils.doEncryptPinRsaEwallet(dev_public_pem_file, var_user_new_pin): null&#xD;
&#xD;
2019-12-17 10:38:35 - [TEST_STEP][PASSED] - var_enciphered_confirm_new_pin = SecureUtils.doEncryptPinRsaEwallet(dev_public_pem_file, var_user_confirm_new_pin): null&#xD;
&#xD;
2019-12-17 10:38:35 - [TEST_STEP][PASSED] - plain = "{" + ""old_pin":"" + var_enciphered_pin + ""," + ""new_pin":"" + var_enciphered_new_pin + ""," + ""confirm_pin":"" + var_enciphered_confirm_new_pin + ""}": null&#xD;
&#xD;
2019-12-17 10:38:35 - [TEST_STEP][PASSED] - out.println(plain): null&#xD;
&#xD;
2019-12-17 10:38:35 - [TEST_STEP][PASSED] - encipheredData = SecureUtils.encryptAesEwallet(plain, var_aes_key): null&#xD;
&#xD;
2019-12-17 10:38:35 - [TEST_STEP][PASSED] - body = "{"organisation_id":"" + var_organisation_id + "","data":"" + encipheredData + "","lang":"" + var_lang + ""}": null&#xD;
&#xD;
2019-12-17 10:38:35 - [TEST_STEP][PASSED] - out.println(body): null&#xD;
&#xD;
2019-12-17 10:38:35 - [TEST_STEP][PASSED] - request = findTestObject("E_Wallet/obj_Change_PIN_Access_Code"): null&#xD;
&#xD;
2019-12-17 10:38:35 - [TEST_STEP][PASSED] - request.setBodyContent(new com.kms.katalon.core.testobject.impl.HttpTextBodyContent(body, UTF-8, application/json)): null&#xD;
&#xD;
2019-12-17 10:38:35 - [TEST_STEP][PASSED] - println(hostname): null&#xD;
&#xD;
2019-12-17 10:38:35 - [TEST_STEP][PASSED] - println(request.getRestUrl()): null&#xD;
&#xD;
2019-12-17 10:38:35 - [TEST_STEP][PASSED] - response = sendRequest(request): Send request successfully&#xD;
&#xD;
2019-12-17 10:38:35 - [MESSAGE][INFO] - HAR: D:\katalon-ewallet\Reports\E_Wallet\TS_Change_PIN_Access_Code\TS_changePINAccessCode\20191217_103825\requests\main\27.har&#xD;
&#xD;
2019-12-17 10:38:35 - [MESSAGE][PASSED] - Send request successfully&#xD;
&#xD;
2019-12-17 10:38:35 - [TEST_STEP][PASSED] - body_content = responseBodyContent: null&#xD;
&#xD;
2019-12-17 10:38:35 - [TEST_STEP][PASSED] - status_code = statusCode: null&#xD;
&#xD;
2019-12-17 10:38:35 - [TEST_STEP][PASSED] - respDataMap = JsonSlurper().parseText(body_content): null&#xD;
&#xD;
2019-12-17 10:38:35 - [TEST_STEP][PASSED] - out.println(respDataMap): null&#xD;
&#xD;
2019-12-17 10:38:35 - [TEST_STEP][PASSED] - rc_ref = ReturnCodeWrapper(var_expected_rc).getEnumRC(): null&#xD;
&#xD;
2019-12-17 10:38:35 - [TEST_STEP][PASSED] - out.println(var_expected_rc): null&#xD;
&#xD;
2019-12-17 10:38:35 - [TEST_STEP][PASSED] - out.println(rc_ref.getRCName()): null&#xD;
&#xD;
2019-12-17 10:38:35 - [TEST_STEP][PASSED] - out.println(rc_ref.getHttpResponse()): null&#xD;
&#xD;
2019-12-17 10:38:35 - [TEST_STEP][FAILED] - rcIsTrue = verifyEqual(response_code, rc_ref.getRCName()): Unable to verify equal between actual object 'RC07' and expected object 'RC00' (Root cause: com.kms.katalon.core.exception.StepFailedException: Actual object 'RC07' and expected object 'RC00' are not equal&#xD;
	at com.kms.katalon.core.keyword.builtin.VerifyEqualKeyword$_verifyEqual_closure1.doCall(VerifyEqualKeyword.groovy:58)&#xD;
	at com.kms.katalon.core.keyword.builtin.VerifyEqualKeyword$_verifyEqual_closure1.call(VerifyEqualKeyword.groovy)&#xD;
	at com.kms.katalon.core.keyword.internal.KeywordMain.runKeyword(KeywordMain.groovy:68)&#xD;
	at com.kms.katalon.core.keyword.builtin.VerifyEqualKeyword.verifyEqual(VerifyEqualKeyword.groovy:63)&#xD;
	at com.kms.katalon.core.keyword.builtin.VerifyEqualKeyword.execute(VerifyEqualKeyword.groovy:44)&#xD;
	at com.kms.katalon.core.keyword.internal.KeywordExecutor.executeKeywordForPlatform(KeywordExecutor.groovy:56)&#xD;
	at com.kms.katalon.core.keyword.BuiltinKeywords.verifyEqual(BuiltinKeywords.groovy:141)&#xD;
	at TC_Change_PIN_Access_Code.run(TC_Change_PIN_Access_Code:58)&#xD;
	at com.kms.katalon.core.main.ScriptEngine.run(ScriptEngine.java:194)&#xD;
	at com.kms.katalon.core.main.ScriptEngine.runScriptAsRawText(ScriptEngine.java:119)&#xD;
	at com.kms.katalon.core.main.TestCaseExecutor.runScript(TestCaseExecutor.java:337)&#xD;
	at com.kms.katalon.core.main.TestCaseExecutor.doExecute(TestCaseExecutor.java:328)&#xD;
	at com.kms.katalon.core.main.TestCaseExecutor.processExecutionPhase(TestCaseExecutor.java:307)&#xD;
	at com.kms.katalon.core.main.TestCaseExecutor.accessMainPhase(TestCaseExecutor.java:299)&#xD;
	at com.kms.katalon.core.main.TestCaseExecutor.execute(TestCaseExecutor.java:233)&#xD;
	at com.kms.katalon.core.main.TestSuiteExecutor.accessTestCaseMainPhase(TestSuiteExecutor.java:133)&#xD;
	at com.kms.katalon.core.main.TestSuiteExecutor.accessTestSuiteMainPhase(TestSuiteExecutor.java:116)&#xD;
	at com.kms.katalon.core.main.TestSuiteExecutor.execute(TestSuiteExecutor.java:83)&#xD;
	at com.kms.katalon.core.main.TestCaseMain.startTestSuite(TestCaseMain.java:157)&#xD;
	at com.kms.katalon.core.main.TestCaseMain$startTestSuite$0.call(Unknown Source)&#xD;
	at TempTestSuite1576553905366.run(TempTestSuite1576553905366.groovy:35)&#xD;
)&#xD;
&#xD;
2019-12-17 10:38:35 - [MESSAGE][FAILED] - Unable to verify equal between actual object 'RC07' and expected object 'RC00' (Root cause: com.kms.katalon.core.exception.StepFailedException: Actual object 'RC07' and expected object 'RC00' are not equal&#xD;
	at com.kms.katalon.core.keyword.builtin.VerifyEqualKeyword$_verifyEqual_closure1.doCall(VerifyEqualKeyword.groovy:58)&#xD;
	at com.kms.katalon.core.keyword.builtin.VerifyEqualKeyword$_verifyEqual_closure1.call(VerifyEqualKeyword.groovy)&#xD;
	at com.kms.katalon.core.keyword.internal.KeywordMain.runKeyword(KeywordMain.groovy:68)&#xD;
	at com.kms.katalon.core.keyword.builtin.VerifyEqualKeyword.verifyEqual(VerifyEqualKeyword.groovy:63)&#xD;
	at com.kms.katalon.core.keyword.builtin.VerifyEqualKeyword.execute(VerifyEqualKeyword.groovy:44)&#xD;
	at com.kms.katalon.core.keyword.internal.KeywordExecutor.executeKeywordForPlatform(KeywordExecutor.groovy:56)&#xD;
	at com.kms.katalon.core.keyword.BuiltinKeywords.verifyEqual(BuiltinKeywords.groovy:141)&#xD;
	at TC_Change_PIN_Access_Code.run(TC_Change_PIN_Access_Code:58)&#xD;
	at com.kms.katalon.core.main.ScriptEngine.run(ScriptEngine.java:194)&#xD;
	at com.kms.katalon.core.main.ScriptEngine.runScriptAsRawText(ScriptEngine.java:119)&#xD;
	at com.kms.katalon.core.main.TestCaseExecutor.runScript(TestCaseExecutor.java:337)&#xD;
	at com.kms.katalon.core.main.TestCaseExecutor.doExecute(TestCaseExecutor.java:328)&#xD;
	at com.kms.katalon.core.main.TestCaseExecutor.processExecutionPhase(TestCaseExecutor.java:307)&#xD;
	at com.kms.katalon.core.main.TestCaseExecutor.accessMainPhase(TestCaseExecutor.java:299)&#xD;
	at com.kms.katalon.core.main.TestCaseExecutor.execute(TestCaseExecutor.java:233)&#xD;
	at com.kms.katalon.core.main.TestSuiteExecutor.accessTestCaseMainPhase(TestSuiteExecutor.java:133)&#xD;
	at com.kms.katalon.core.main.TestSuiteExecutor.accessTestSuiteMainPhase(TestSuiteExecutor.java:116)&#xD;
	at com.kms.katalon.core.main.TestSuiteExecutor.execute(TestSuiteExecutor.java:83)&#xD;
	at com.kms.katalon.core.main.TestCaseMain.startTestSuite(TestCaseMain.java:157)&#xD;
	at com.kms.katalon.core.main.TestCaseMain$startTestSuite$0.call(Unknown Source)&#xD;
	at TempTestSuite1576553905366.run(TempTestSuite1576553905366.groovy:35)&#xD;
)</system-out>
            <system-err>2019-12-17 10:38:35 - [TEST_CASE][FAILED] - Test Cases/E_Wallet/TC_Change_PIN_Access_Code/TC_Change_PIN_Access_Code: Test Cases/E_Wallet/TC_Change_PIN_Access_Code/TC_Change_PIN_Access_Code FAILED.
Reason:
com.kms.katalon.core.exception.StepFailedException: Actual object 'RC07' and expected object 'RC00' are not equal&#xD;
	at com.kms.katalon.core.keyword.builtin.VerifyEqualKeyword$_verifyEqual_closure1.doCall(VerifyEqualKeyword.groovy:58)&#xD;
	at com.kms.katalon.core.keyword.builtin.VerifyEqualKeyword$_verifyEqual_closure1.call(VerifyEqualKeyword.groovy)&#xD;
	at com.kms.katalon.core.keyword.internal.KeywordMain.runKeyword(KeywordMain.groovy:68)&#xD;
	at com.kms.katalon.core.keyword.builtin.VerifyEqualKeyword.verifyEqual(VerifyEqualKeyword.groovy:63)&#xD;
	at com.kms.katalon.core.keyword.builtin.VerifyEqualKeyword.execute(VerifyEqualKeyword.groovy:44)&#xD;
	at com.kms.katalon.core.keyword.internal.KeywordExecutor.executeKeywordForPlatform(KeywordExecutor.groovy:56)&#xD;
	at com.kms.katalon.core.keyword.BuiltinKeywords.verifyEqual(BuiltinKeywords.groovy:141)&#xD;
	at TC_Change_PIN_Access_Code.run(TC_Change_PIN_Access_Code:58)&#xD;
	at com.kms.katalon.core.main.ScriptEngine.run(ScriptEngine.java:194)&#xD;
	at com.kms.katalon.core.main.ScriptEngine.runScriptAsRawText(ScriptEngine.java:119)&#xD;
	at com.kms.katalon.core.main.TestCaseExecutor.runScript(TestCaseExecutor.java:337)&#xD;
	at com.kms.katalon.core.main.TestCaseExecutor.doExecute(TestCaseExecutor.java:328)&#xD;
	at com.kms.katalon.core.main.TestCaseExecutor.processExecutionPhase(TestCaseExecutor.java:307)&#xD;
	at com.kms.katalon.core.main.TestCaseExecutor.accessMainPhase(TestCaseExecutor.java:299)&#xD;
	at com.kms.katalon.core.main.TestCaseExecutor.execute(TestCaseExecutor.java:233)&#xD;
	at com.kms.katalon.core.main.TestSuiteExecutor.accessTestCaseMainPhase(TestSuiteExecutor.java:133)&#xD;
	at com.kms.katalon.core.main.TestSuiteExecutor.accessTestSuiteMainPhase(TestSuiteExecutor.java:116)&#xD;
	at com.kms.katalon.core.main.TestSuiteExecutor.execute(TestSuiteExecutor.java:83)&#xD;
	at com.kms.katalon.core.main.TestCaseMain.startTestSuite(TestCaseMain.java:157)&#xD;
	at com.kms.katalon.core.main.TestCaseMain$startTestSuite$0.call(Unknown Source)&#xD;
	at TempTestSuite1576553905366.run(TempTestSuite1576553905366.groovy:35)</system-err>
        </testcase>
        <testcase name="Test Cases/E_Wallet/TC_Change_PIN_Access_Code/TC_Change_PIN_Access_Code" classname="Test Cases/E_Wallet/TC_Change_PIN_Access_Code/TC_Change_PIN_Access_Code" status="PASSED">
            <system-out>2019-12-17 10:38:35 - [TEST_CASE][PASSED] - Test Cases/E_Wallet/TC_Change_PIN_Access_Code/TC_Change_PIN_Access_Code: Test Cases/E_Wallet/TC_Change_PIN_Access_Code/TC_Change_PIN_Access_Code&#xD;
&#xD;
2019-12-17 10:38:35 - [TEST_STEP][PASSED] - var_enciphered_pin = SecureUtils.doEncryptPinRsaEwallet(dev_public_pem_file, var_user_pin): null&#xD;
&#xD;
2019-12-17 10:38:35 - [TEST_STEP][PASSED] - var_enciphered_new_pin = SecureUtils.doEncryptPinRsaEwallet(dev_public_pem_file, var_user_new_pin): null&#xD;
&#xD;
2019-12-17 10:38:35 - [TEST_STEP][PASSED] - var_enciphered_confirm_new_pin = SecureUtils.doEncryptPinRsaEwallet(dev_public_pem_file, var_user_confirm_new_pin): null&#xD;
&#xD;
2019-12-17 10:38:35 - [TEST_STEP][PASSED] - plain = "{" + ""old_pin":"" + var_enciphered_pin + ""," + ""new_pin":"" + var_enciphered_new_pin + ""," + ""confirm_pin":"" + var_enciphered_confirm_new_pin + ""}": null&#xD;
&#xD;
2019-12-17 10:38:35 - [TEST_STEP][PASSED] - out.println(plain): null&#xD;
&#xD;
2019-12-17 10:38:35 - [TEST_STEP][PASSED] - encipheredData = SecureUtils.encryptAesEwallet(plain, var_aes_key): null&#xD;
&#xD;
2019-12-17 10:38:35 - [TEST_STEP][PASSED] - body = "{"organisation_id":"" + var_organisation_id + "","data":"" + encipheredData + "","lang":"" + var_lang + ""}": null&#xD;
&#xD;
2019-12-17 10:38:35 - [TEST_STEP][PASSED] - out.println(body): null&#xD;
&#xD;
2019-12-17 10:38:35 - [TEST_STEP][PASSED] - request = findTestObject("E_Wallet/obj_Change_PIN_Access_Code"): null&#xD;
&#xD;
2019-12-17 10:38:35 - [TEST_STEP][PASSED] - request.setBodyContent(new com.kms.katalon.core.testobject.impl.HttpTextBodyContent(body, UTF-8, application/json)): null&#xD;
&#xD;
2019-12-17 10:38:35 - [TEST_STEP][PASSED] - println(hostname): null&#xD;
&#xD;
2019-12-17 10:38:35 - [TEST_STEP][PASSED] - println(request.getRestUrl()): null&#xD;
&#xD;
2019-12-17 10:38:35 - [TEST_STEP][PASSED] - response = sendRequest(request): Send request successfully&#xD;
&#xD;
2019-12-17 10:38:35 - [MESSAGE][INFO] - HAR: D:\katalon-ewallet\Reports\E_Wallet\TS_Change_PIN_Access_Code\TS_changePINAccessCode\20191217_103825\requests\main\28.har&#xD;
&#xD;
2019-12-17 10:38:35 - [MESSAGE][PASSED] - Send request successfully&#xD;
&#xD;
2019-12-17 10:38:35 - [TEST_STEP][PASSED] - body_content = responseBodyContent: null&#xD;
&#xD;
2019-12-17 10:38:35 - [TEST_STEP][PASSED] - status_code = statusCode: null&#xD;
&#xD;
2019-12-17 10:38:35 - [TEST_STEP][PASSED] - respDataMap = JsonSlurper().parseText(body_content): null&#xD;
&#xD;
2019-12-17 10:38:35 - [TEST_STEP][PASSED] - out.println(respDataMap): null&#xD;
&#xD;
2019-12-17 10:38:35 - [TEST_STEP][PASSED] - rc_ref = ReturnCodeWrapper(var_expected_rc).getEnumRC(): null&#xD;
&#xD;
2019-12-17 10:38:35 - [TEST_STEP][PASSED] - out.println(var_expected_rc): null&#xD;
&#xD;
2019-12-17 10:38:35 - [TEST_STEP][PASSED] - out.println(rc_ref.getRCName()): null&#xD;
&#xD;
2019-12-17 10:38:35 - [TEST_STEP][PASSED] - out.println(rc_ref.getHttpResponse()): null&#xD;
&#xD;
2019-12-17 10:38:35 - [TEST_STEP][PASSED] - rcIsTrue = verifyEqual(response_code, rc_ref.getRCName()): Actual object 'RC01' and expected object 'RC01' are equal&#xD;
&#xD;
2019-12-17 10:38:35 - [MESSAGE][PASSED] - Actual object 'RC01' and expected object 'RC01' are equal&#xD;
&#xD;
2019-12-17 10:38:35 - [TEST_STEP][PASSED] - httpRespIsTrue = verifyEqual(statusCode, rc_ref.getHttpResponse()): Actual object '400' and expected object '400' are equal&#xD;
&#xD;
2019-12-17 10:38:35 - [MESSAGE][PASSED] - Actual object '400' and expected object '400' are equal&#xD;
&#xD;
2019-12-17 10:38:35 - [TEST_STEP][PASSED] - if (rc_ref.getRCName() == RC00): null</system-out>
            <system-err></system-err>
        </testcase>
        <testcase name="Test Cases/E_Wallet/TC_Change_PIN_Access_Code/TC_Change_PIN_Access_Code" classname="Test Cases/E_Wallet/TC_Change_PIN_Access_Code/TC_Change_PIN_Access_Code" status="PASSED">
            <system-out>2019-12-17 10:38:35 - [TEST_CASE][PASSED] - Test Cases/E_Wallet/TC_Change_PIN_Access_Code/TC_Change_PIN_Access_Code: Test Cases/E_Wallet/TC_Change_PIN_Access_Code/TC_Change_PIN_Access_Code&#xD;
&#xD;
2019-12-17 10:38:35 - [TEST_STEP][PASSED] - var_enciphered_pin = SecureUtils.doEncryptPinRsaEwallet(dev_public_pem_file, var_user_pin): null&#xD;
&#xD;
2019-12-17 10:38:35 - [TEST_STEP][PASSED] - var_enciphered_new_pin = SecureUtils.doEncryptPinRsaEwallet(dev_public_pem_file, var_user_new_pin): null&#xD;
&#xD;
2019-12-17 10:38:35 - [TEST_STEP][PASSED] - var_enciphered_confirm_new_pin = SecureUtils.doEncryptPinRsaEwallet(dev_public_pem_file, var_user_confirm_new_pin): null&#xD;
&#xD;
2019-12-17 10:38:35 - [TEST_STEP][PASSED] - plain = "{" + ""old_pin":"" + var_enciphered_pin + ""," + ""new_pin":"" + var_enciphered_new_pin + ""," + ""confirm_pin":"" + var_enciphered_confirm_new_pin + ""}": null&#xD;
&#xD;
2019-12-17 10:38:35 - [TEST_STEP][PASSED] - out.println(plain): null&#xD;
&#xD;
2019-12-17 10:38:35 - [TEST_STEP][PASSED] - encipheredData = SecureUtils.encryptAesEwallet(plain, var_aes_key): null&#xD;
&#xD;
2019-12-17 10:38:35 - [TEST_STEP][PASSED] - body = "{"organisation_id":"" + var_organisation_id + "","data":"" + encipheredData + "","lang":"" + var_lang + ""}": null&#xD;
&#xD;
2019-12-17 10:38:35 - [TEST_STEP][PASSED] - out.println(body): null&#xD;
&#xD;
2019-12-17 10:38:35 - [TEST_STEP][PASSED] - request = findTestObject("E_Wallet/obj_Change_PIN_Access_Code"): null&#xD;
&#xD;
2019-12-17 10:38:35 - [TEST_STEP][PASSED] - request.setBodyContent(new com.kms.katalon.core.testobject.impl.HttpTextBodyContent(body, UTF-8, application/json)): null&#xD;
&#xD;
2019-12-17 10:38:35 - [TEST_STEP][PASSED] - println(hostname): null&#xD;
&#xD;
2019-12-17 10:38:35 - [TEST_STEP][PASSED] - println(request.getRestUrl()): null&#xD;
&#xD;
2019-12-17 10:38:35 - [TEST_STEP][PASSED] - response = sendRequest(request): Send request successfully&#xD;
&#xD;
2019-12-17 10:38:35 - [MESSAGE][INFO] - HAR: D:\katalon-ewallet\Reports\E_Wallet\TS_Change_PIN_Access_Code\TS_changePINAccessCode\20191217_103825\requests\main\29.har&#xD;
&#xD;
2019-12-17 10:38:35 - [MESSAGE][PASSED] - Send request successfully&#xD;
&#xD;
2019-12-17 10:38:35 - [TEST_STEP][PASSED] - body_content = responseBodyContent: null&#xD;
&#xD;
2019-12-17 10:38:35 - [TEST_STEP][PASSED] - status_code = statusCode: null&#xD;
&#xD;
2019-12-17 10:38:35 - [TEST_STEP][PASSED] - respDataMap = JsonSlurper().parseText(body_content): null&#xD;
&#xD;
2019-12-17 10:38:35 - [TEST_STEP][PASSED] - out.println(respDataMap): null&#xD;
&#xD;
2019-12-17 10:38:35 - [TEST_STEP][PASSED] - rc_ref = ReturnCodeWrapper(var_expected_rc).getEnumRC(): null&#xD;
&#xD;
2019-12-17 10:38:35 - [TEST_STEP][PASSED] - out.println(var_expected_rc): null&#xD;
&#xD;
2019-12-17 10:38:35 - [TEST_STEP][PASSED] - out.println(rc_ref.getRCName()): null&#xD;
&#xD;
2019-12-17 10:38:35 - [TEST_STEP][PASSED] - out.println(rc_ref.getHttpResponse()): null&#xD;
&#xD;
2019-12-17 10:38:35 - [TEST_STEP][PASSED] - rcIsTrue = verifyEqual(response_code, rc_ref.getRCName()): Actual object 'RC01' and expected object 'RC01' are equal&#xD;
&#xD;
2019-12-17 10:38:35 - [MESSAGE][PASSED] - Actual object 'RC01' and expected object 'RC01' are equal&#xD;
&#xD;
2019-12-17 10:38:35 - [TEST_STEP][PASSED] - httpRespIsTrue = verifyEqual(statusCode, rc_ref.getHttpResponse()): Actual object '400' and expected object '400' are equal&#xD;
&#xD;
2019-12-17 10:38:35 - [MESSAGE][PASSED] - Actual object '400' and expected object '400' are equal&#xD;
&#xD;
2019-12-17 10:38:35 - [TEST_STEP][PASSED] - if (rc_ref.getRCName() == RC00): null</system-out>
            <system-err></system-err>
        </testcase>
        <testcase name="Test Cases/E_Wallet/TC_Change_PIN_Access_Code/TC_Change_PIN_Access_Code" classname="Test Cases/E_Wallet/TC_Change_PIN_Access_Code/TC_Change_PIN_Access_Code" status="FAILED">
            <failure type="FAILED" message="Test Cases/E_Wallet/TC_Change_PIN_Access_Code/TC_Change_PIN_Access_Code FAILED.&#xA;Reason:&#xA;com.kms.katalon.core.exception.StepFailedException: Actual object 'RC07' and expected object 'RC00' are not equal&#xD;&#xA;&#x9;at com.kms.katalon.core.keyword.builtin.VerifyEqualKeyword$_verifyEqual_closure1.doCall(VerifyEqualKeyword.groovy:58)&#xD;&#xA;&#x9;at com.kms.katalon.core.keyword.builtin.VerifyEqualKeyword$_verifyEqual_closure1.call(VerifyEqualKeyword.groovy)&#xD;&#xA;&#x9;at com.kms.katalon.core.keyword.internal.KeywordMain.runKeyword(KeywordMain.groovy:68)&#xD;&#xA;&#x9;at com.kms.katalon.core.keyword.builtin.VerifyEqualKeyword.verifyEqual(VerifyEqualKeyword.groovy:63)&#xD;&#xA;&#x9;at com.kms.katalon.core.keyword.builtin.VerifyEqualKeyword.execute(VerifyEqualKeyword.groovy:44)&#xD;&#xA;&#x9;at com.kms.katalon.core.keyword.internal.KeywordExecutor.executeKeywordForPlatform(KeywordExecutor.groovy:56)&#xD;&#xA;&#x9;at com.kms.katalon.core.keyword.BuiltinKeywords.verifyEqual(BuiltinKeywords.groovy:141)&#xD;&#xA;&#x9;at TC_Change_PIN_Access_Code.run(TC_Change_PIN_Access_Code:58)&#xD;&#xA;&#x9;at com.kms.katalon.core.main.ScriptEngine.run(ScriptEngine.java:194)&#xD;&#xA;&#x9;at com.kms.katalon.core.main.ScriptEngine.runScriptAsRawText(ScriptEngine.java:119)&#xD;&#xA;&#x9;at com.kms.katalon.core.main.TestCaseExecutor.runScript(TestCaseExecutor.java:337)&#xD;&#xA;&#x9;at com.kms.katalon.core.main.TestCaseExecutor.doExecute(TestCaseExecutor.java:328)&#xD;&#xA;&#x9;at com.kms.katalon.core.main.TestCaseExecutor.processExecutionPhase(TestCaseExecutor.java:307)&#xD;&#xA;&#x9;at com.kms.katalon.core.main.TestCaseExecutor.accessMainPhase(TestCaseExecutor.java:299)&#xD;&#xA;&#x9;at com.kms.katalon.core.main.TestCaseExecutor.execute(TestCaseExecutor.java:233)&#xD;&#xA;&#x9;at com.kms.katalon.core.main.TestSuiteExecutor.accessTestCaseMainPhase(TestSuiteExecutor.java:133)&#xD;&#xA;&#x9;at com.kms.katalon.core.main.TestSuiteExecutor.accessTestSuiteMainPhase(TestSuiteExecutor.java:116)&#xD;&#xA;&#x9;at com.kms.katalon.core.main.TestSuiteExecutor.execute(TestSuiteExecutor.java:83)&#xD;&#xA;&#x9;at com.kms.katalon.core.main.TestCaseMain.startTestSuite(TestCaseMain.java:157)&#xD;&#xA;&#x9;at com.kms.katalon.core.main.TestCaseMain$startTestSuite$0.call(Unknown Source)&#xD;&#xA;&#x9;at TempTestSuite1576553905366.run(TempTestSuite1576553905366.groovy:35)&#xD;&#xA;"/>
            <system-out>2019-12-17 10:38:35 - [TEST_CASE][FAILED] - Test Cases/E_Wallet/TC_Change_PIN_Access_Code/TC_Change_PIN_Access_Code: Test Cases/E_Wallet/TC_Change_PIN_Access_Code/TC_Change_PIN_Access_Code FAILED.
Reason:
com.kms.katalon.core.exception.StepFailedException: Actual object 'RC07' and expected object 'RC00' are not equal&#xD;
	at com.kms.katalon.core.keyword.builtin.VerifyEqualKeyword$_verifyEqual_closure1.doCall(VerifyEqualKeyword.groovy:58)&#xD;
	at com.kms.katalon.core.keyword.builtin.VerifyEqualKeyword$_verifyEqual_closure1.call(VerifyEqualKeyword.groovy)&#xD;
	at com.kms.katalon.core.keyword.internal.KeywordMain.runKeyword(KeywordMain.groovy:68)&#xD;
	at com.kms.katalon.core.keyword.builtin.VerifyEqualKeyword.verifyEqual(VerifyEqualKeyword.groovy:63)&#xD;
	at com.kms.katalon.core.keyword.builtin.VerifyEqualKeyword.execute(VerifyEqualKeyword.groovy:44)&#xD;
	at com.kms.katalon.core.keyword.internal.KeywordExecutor.executeKeywordForPlatform(KeywordExecutor.groovy:56)&#xD;
	at com.kms.katalon.core.keyword.BuiltinKeywords.verifyEqual(BuiltinKeywords.groovy:141)&#xD;
	at TC_Change_PIN_Access_Code.run(TC_Change_PIN_Access_Code:58)&#xD;
	at com.kms.katalon.core.main.ScriptEngine.run(ScriptEngine.java:194)&#xD;
	at com.kms.katalon.core.main.ScriptEngine.runScriptAsRawText(ScriptEngine.java:119)&#xD;
	at com.kms.katalon.core.main.TestCaseExecutor.runScript(TestCaseExecutor.java:337)&#xD;
	at com.kms.katalon.core.main.TestCaseExecutor.doExecute(TestCaseExecutor.java:328)&#xD;
	at com.kms.katalon.core.main.TestCaseExecutor.processExecutionPhase(TestCaseExecutor.java:307)&#xD;
	at com.kms.katalon.core.main.TestCaseExecutor.accessMainPhase(TestCaseExecutor.java:299)&#xD;
	at com.kms.katalon.core.main.TestCaseExecutor.execute(TestCaseExecutor.java:233)&#xD;
	at com.kms.katalon.core.main.TestSuiteExecutor.accessTestCaseMainPhase(TestSuiteExecutor.java:133)&#xD;
	at com.kms.katalon.core.main.TestSuiteExecutor.accessTestSuiteMainPhase(TestSuiteExecutor.java:116)&#xD;
	at com.kms.katalon.core.main.TestSuiteExecutor.execute(TestSuiteExecutor.java:83)&#xD;
	at com.kms.katalon.core.main.TestCaseMain.startTestSuite(TestCaseMain.java:157)&#xD;
	at com.kms.katalon.core.main.TestCaseMain$startTestSuite$0.call(Unknown Source)&#xD;
	at TempTestSuite1576553905366.run(TempTestSuite1576553905366.groovy:35)&#xD;
&#xD;
&#xD;
2019-12-17 10:38:35 - [TEST_STEP][PASSED] - var_enciphered_pin = SecureUtils.doEncryptPinRsaEwallet(dev_public_pem_file, var_user_pin): null&#xD;
&#xD;
2019-12-17 10:38:35 - [TEST_STEP][PASSED] - var_enciphered_new_pin = SecureUtils.doEncryptPinRsaEwallet(dev_public_pem_file, var_user_new_pin): null&#xD;
&#xD;
2019-12-17 10:38:35 - [TEST_STEP][PASSED] - var_enciphered_confirm_new_pin = SecureUtils.doEncryptPinRsaEwallet(dev_public_pem_file, var_user_confirm_new_pin): null&#xD;
&#xD;
2019-12-17 10:38:35 - [TEST_STEP][PASSED] - plain = "{" + ""old_pin":"" + var_enciphered_pin + ""," + ""new_pin":"" + var_enciphered_new_pin + ""," + ""confirm_pin":"" + var_enciphered_confirm_new_pin + ""}": null&#xD;
&#xD;
2019-12-17 10:38:35 - [TEST_STEP][PASSED] - out.println(plain): null&#xD;
&#xD;
2019-12-17 10:38:35 - [TEST_STEP][PASSED] - encipheredData = SecureUtils.encryptAesEwallet(plain, var_aes_key): null&#xD;
&#xD;
2019-12-17 10:38:35 - [TEST_STEP][PASSED] - body = "{"organisation_id":"" + var_organisation_id + "","data":"" + encipheredData + "","lang":"" + var_lang + ""}": null&#xD;
&#xD;
2019-12-17 10:38:35 - [TEST_STEP][PASSED] - out.println(body): null&#xD;
&#xD;
2019-12-17 10:38:35 - [TEST_STEP][PASSED] - request = findTestObject("E_Wallet/obj_Change_PIN_Access_Code"): null&#xD;
&#xD;
2019-12-17 10:38:35 - [TEST_STEP][PASSED] - request.setBodyContent(new com.kms.katalon.core.testobject.impl.HttpTextBodyContent(body, UTF-8, application/json)): null&#xD;
&#xD;
2019-12-17 10:38:35 - [TEST_STEP][PASSED] - println(hostname): null&#xD;
&#xD;
2019-12-17 10:38:35 - [TEST_STEP][PASSED] - println(request.getRestUrl()): null&#xD;
&#xD;
2019-12-17 10:38:35 - [TEST_STEP][PASSED] - response = sendRequest(request): Send request successfully&#xD;
&#xD;
2019-12-17 10:38:35 - [MESSAGE][INFO] - HAR: D:\katalon-ewallet\Reports\E_Wallet\TS_Change_PIN_Access_Code\TS_changePINAccessCode\20191217_103825\requests\main\30.har&#xD;
&#xD;
2019-12-17 10:38:35 - [MESSAGE][PASSED] - Send request successfully&#xD;
&#xD;
2019-12-17 10:38:35 - [TEST_STEP][PASSED] - body_content = responseBodyContent: null&#xD;
&#xD;
2019-12-17 10:38:35 - [TEST_STEP][PASSED] - status_code = statusCode: null&#xD;
&#xD;
2019-12-17 10:38:35 - [TEST_STEP][PASSED] - respDataMap = JsonSlurper().parseText(body_content): null&#xD;
&#xD;
2019-12-17 10:38:35 - [TEST_STEP][PASSED] - out.println(respDataMap): null&#xD;
&#xD;
2019-12-17 10:38:35 - [TEST_STEP][PASSED] - rc_ref = ReturnCodeWrapper(var_expected_rc).getEnumRC(): null&#xD;
&#xD;
2019-12-17 10:38:35 - [TEST_STEP][PASSED] - out.println(var_expected_rc): null&#xD;
&#xD;
2019-12-17 10:38:35 - [TEST_STEP][PASSED] - out.println(rc_ref.getRCName()): null&#xD;
&#xD;
2019-12-17 10:38:35 - [TEST_STEP][PASSED] - out.println(rc_ref.getHttpResponse()): null&#xD;
&#xD;
2019-12-17 10:38:35 - [TEST_STEP][FAILED] - rcIsTrue = verifyEqual(response_code, rc_ref.getRCName()): Unable to verify equal between actual object 'RC07' and expected object 'RC00' (Root cause: com.kms.katalon.core.exception.StepFailedException: Actual object 'RC07' and expected object 'RC00' are not equal&#xD;
	at com.kms.katalon.core.keyword.builtin.VerifyEqualKeyword$_verifyEqual_closure1.doCall(VerifyEqualKeyword.groovy:58)&#xD;
	at com.kms.katalon.core.keyword.builtin.VerifyEqualKeyword$_verifyEqual_closure1.call(VerifyEqualKeyword.groovy)&#xD;
	at com.kms.katalon.core.keyword.internal.KeywordMain.runKeyword(KeywordMain.groovy:68)&#xD;
	at com.kms.katalon.core.keyword.builtin.VerifyEqualKeyword.verifyEqual(VerifyEqualKeyword.groovy:63)&#xD;
	at com.kms.katalon.core.keyword.builtin.VerifyEqualKeyword.execute(VerifyEqualKeyword.groovy:44)&#xD;
	at com.kms.katalon.core.keyword.internal.KeywordExecutor.executeKeywordForPlatform(KeywordExecutor.groovy:56)&#xD;
	at com.kms.katalon.core.keyword.BuiltinKeywords.verifyEqual(BuiltinKeywords.groovy:141)&#xD;
	at TC_Change_PIN_Access_Code.run(TC_Change_PIN_Access_Code:58)&#xD;
	at com.kms.katalon.core.main.ScriptEngine.run(ScriptEngine.java:194)&#xD;
	at com.kms.katalon.core.main.ScriptEngine.runScriptAsRawText(ScriptEngine.java:119)&#xD;
	at com.kms.katalon.core.main.TestCaseExecutor.runScript(TestCaseExecutor.java:337)&#xD;
	at com.kms.katalon.core.main.TestCaseExecutor.doExecute(TestCaseExecutor.java:328)&#xD;
	at com.kms.katalon.core.main.TestCaseExecutor.processExecutionPhase(TestCaseExecutor.java:307)&#xD;
	at com.kms.katalon.core.main.TestCaseExecutor.accessMainPhase(TestCaseExecutor.java:299)&#xD;
	at com.kms.katalon.core.main.TestCaseExecutor.execute(TestCaseExecutor.java:233)&#xD;
	at com.kms.katalon.core.main.TestSuiteExecutor.accessTestCaseMainPhase(TestSuiteExecutor.java:133)&#xD;
	at com.kms.katalon.core.main.TestSuiteExecutor.accessTestSuiteMainPhase(TestSuiteExecutor.java:116)&#xD;
	at com.kms.katalon.core.main.TestSuiteExecutor.execute(TestSuiteExecutor.java:83)&#xD;
	at com.kms.katalon.core.main.TestCaseMain.startTestSuite(TestCaseMain.java:157)&#xD;
	at com.kms.katalon.core.main.TestCaseMain$startTestSuite$0.call(Unknown Source)&#xD;
	at TempTestSuite1576553905366.run(TempTestSuite1576553905366.groovy:35)&#xD;
)&#xD;
&#xD;
2019-12-17 10:38:35 - [MESSAGE][FAILED] - Unable to verify equal between actual object 'RC07' and expected object 'RC00' (Root cause: com.kms.katalon.core.exception.StepFailedException: Actual object 'RC07' and expected object 'RC00' are not equal&#xD;
	at com.kms.katalon.core.keyword.builtin.VerifyEqualKeyword$_verifyEqual_closure1.doCall(VerifyEqualKeyword.groovy:58)&#xD;
	at com.kms.katalon.core.keyword.builtin.VerifyEqualKeyword$_verifyEqual_closure1.call(VerifyEqualKeyword.groovy)&#xD;
	at com.kms.katalon.core.keyword.internal.KeywordMain.runKeyword(KeywordMain.groovy:68)&#xD;
	at com.kms.katalon.core.keyword.builtin.VerifyEqualKeyword.verifyEqual(VerifyEqualKeyword.groovy:63)&#xD;
	at com.kms.katalon.core.keyword.builtin.VerifyEqualKeyword.execute(VerifyEqualKeyword.groovy:44)&#xD;
	at com.kms.katalon.core.keyword.internal.KeywordExecutor.executeKeywordForPlatform(KeywordExecutor.groovy:56)&#xD;
	at com.kms.katalon.core.keyword.BuiltinKeywords.verifyEqual(BuiltinKeywords.groovy:141)&#xD;
	at TC_Change_PIN_Access_Code.run(TC_Change_PIN_Access_Code:58)&#xD;
	at com.kms.katalon.core.main.ScriptEngine.run(ScriptEngine.java:194)&#xD;
	at com.kms.katalon.core.main.ScriptEngine.runScriptAsRawText(ScriptEngine.java:119)&#xD;
	at com.kms.katalon.core.main.TestCaseExecutor.runScript(TestCaseExecutor.java:337)&#xD;
	at com.kms.katalon.core.main.TestCaseExecutor.doExecute(TestCaseExecutor.java:328)&#xD;
	at com.kms.katalon.core.main.TestCaseExecutor.processExecutionPhase(TestCaseExecutor.java:307)&#xD;
	at com.kms.katalon.core.main.TestCaseExecutor.accessMainPhase(TestCaseExecutor.java:299)&#xD;
	at com.kms.katalon.core.main.TestCaseExecutor.execute(TestCaseExecutor.java:233)&#xD;
	at com.kms.katalon.core.main.TestSuiteExecutor.accessTestCaseMainPhase(TestSuiteExecutor.java:133)&#xD;
	at com.kms.katalon.core.main.TestSuiteExecutor.accessTestSuiteMainPhase(TestSuiteExecutor.java:116)&#xD;
	at com.kms.katalon.core.main.TestSuiteExecutor.execute(TestSuiteExecutor.java:83)&#xD;
	at com.kms.katalon.core.main.TestCaseMain.startTestSuite(TestCaseMain.java:157)&#xD;
	at com.kms.katalon.core.main.TestCaseMain$startTestSuite$0.call(Unknown Source)&#xD;
	at TempTestSuite1576553905366.run(TempTestSuite1576553905366.groovy:35)&#xD;
)</system-out>
            <system-err>2019-12-17 10:38:35 - [TEST_CASE][FAILED] - Test Cases/E_Wallet/TC_Change_PIN_Access_Code/TC_Change_PIN_Access_Code: Test Cases/E_Wallet/TC_Change_PIN_Access_Code/TC_Change_PIN_Access_Code FAILED.
Reason:
com.kms.katalon.core.exception.StepFailedException: Actual object 'RC07' and expected object 'RC00' are not equal&#xD;
	at com.kms.katalon.core.keyword.builtin.VerifyEqualKeyword$_verifyEqual_closure1.doCall(VerifyEqualKeyword.groovy:58)&#xD;
	at com.kms.katalon.core.keyword.builtin.VerifyEqualKeyword$_verifyEqual_closure1.call(VerifyEqualKeyword.groovy)&#xD;
	at com.kms.katalon.core.keyword.internal.KeywordMain.runKeyword(KeywordMain.groovy:68)&#xD;
	at com.kms.katalon.core.keyword.builtin.VerifyEqualKeyword.verifyEqual(VerifyEqualKeyword.groovy:63)&#xD;
	at com.kms.katalon.core.keyword.builtin.VerifyEqualKeyword.execute(VerifyEqualKeyword.groovy:44)&#xD;
	at com.kms.katalon.core.keyword.internal.KeywordExecutor.executeKeywordForPlatform(KeywordExecutor.groovy:56)&#xD;
	at com.kms.katalon.core.keyword.BuiltinKeywords.verifyEqual(BuiltinKeywords.groovy:141)&#xD;
	at TC_Change_PIN_Access_Code.run(TC_Change_PIN_Access_Code:58)&#xD;
	at com.kms.katalon.core.main.ScriptEngine.run(ScriptEngine.java:194)&#xD;
	at com.kms.katalon.core.main.ScriptEngine.runScriptAsRawText(ScriptEngine.java:119)&#xD;
	at com.kms.katalon.core.main.TestCaseExecutor.runScript(TestCaseExecutor.java:337)&#xD;
	at com.kms.katalon.core.main.TestCaseExecutor.doExecute(TestCaseExecutor.java:328)&#xD;
	at com.kms.katalon.core.main.TestCaseExecutor.processExecutionPhase(TestCaseExecutor.java:307)&#xD;
	at com.kms.katalon.core.main.TestCaseExecutor.accessMainPhase(TestCaseExecutor.java:299)&#xD;
	at com.kms.katalon.core.main.TestCaseExecutor.execute(TestCaseExecutor.java:233)&#xD;
	at com.kms.katalon.core.main.TestSuiteExecutor.accessTestCaseMainPhase(TestSuiteExecutor.java:133)&#xD;
	at com.kms.katalon.core.main.TestSuiteExecutor.accessTestSuiteMainPhase(TestSuiteExecutor.java:116)&#xD;
	at com.kms.katalon.core.main.TestSuiteExecutor.execute(TestSuiteExecutor.java:83)&#xD;
	at com.kms.katalon.core.main.TestCaseMain.startTestSuite(TestCaseMain.java:157)&#xD;
	at com.kms.katalon.core.main.TestCaseMain$startTestSuite$0.call(Unknown Source)&#xD;
	at TempTestSuite1576553905366.run(TempTestSuite1576553905366.groovy:35)</system-err>
        </testcase>
        <system-out>2019-12-17 10:38:27 - [TEST_SUITE][INCOMPLETE] - TS_changePINAccessCode: null</system-out>
        <system-err>2019-12-17 10:38:27 - [TEST_SUITE][INCOMPLETE] - TS_changePINAccessCode: null</system-err>
    </testsuite>
</testsuites>
