<?xml version="1.0" encoding="UTF-8" standalone="yes"?>
<testsuites name="Emoney_Payment_Update_Send_Notif" time="3" tests="0" failures="0" errors="2">
    <testsuite name="Emoney_Payment_Update_Send_Notif" tests="0" failures="0" errors="2" time="3" timestamp="2019-12-02 10:26:24" hostname="Silvi - LAPTOP-ALMT97O4" id="Test Suites/E_Wallet/rian_project_Emoney_Payment/Emoney_Payment_Update_Send_Notif">
        <properties>
            <property name="deviceName" value=""/>
            <property name="devicePlatform" value=""/>
            <property name="logFolder" value="D:\\katalon-ewallet\\Reports\\E_Wallet\\rian_project_Emoney_Payment\\Emoney_Payment_Update_Send_Notif\\20191202_102622"/>
            <property name="logFiles" value="D:\\katalon-ewallet\\Reports\\E_Wallet\\rian_project_Emoney_Payment\\Emoney_Payment_Update_Send_Notif\\20191202_102622\\execution0.log"/>
            <property name="attachments" value=""/>
            <property name="hostName" value="Silvi - LAPTOP-ALMT97O4"/>
            <property name="hostAddress" value="172.18.4.57"/>
            <property name="os" value="Windows 10 64bit"/>
            <property name="katalonVersion" value="6.2.2.4"/>
        </properties>
        <testcase name="Test Cases/Account/TC_loginCustomer/rian_project_Login_Customer_CICD" classname="Test Cases/Account/TC_loginCustomer/rian_project_Login_Customer_CICD" status="ERROR">
            <error type="ERROR" message="Test Cases/Account/TC_loginCustomer/rian_project_Login_Customer_CICD FAILED.&#xA;Reason:&#xA;groovy.json.JsonException: Unable to determine the current character, it is not a string, number, array, or object&#xA;&#xA;The current character read is '&lt;' with an int value of 60&#xA;Unable to determine the current character, it is not a string, number, array, or object&#xA;line number 1&#xA;index number 0&#xA;&lt;html&gt;&#xA;^&#xD;&#xA;&#x9;at rian_project_Login_Customer_CICD.run(rian_project_Login_Customer_CICD:74)&#xD;&#xA;&#x9;at com.kms.katalon.core.main.ScriptEngine.run(ScriptEngine.java:194)&#xD;&#xA;&#x9;at com.kms.katalon.core.main.ScriptEngine.runScriptAsRawText(ScriptEngine.java:119)&#xD;&#xA;&#x9;at com.kms.katalon.core.main.TestCaseExecutor.runScript(TestCaseExecutor.java:337)&#xD;&#xA;&#x9;at com.kms.katalon.core.main.TestCaseExecutor.doExecute(TestCaseExecutor.java:328)&#xD;&#xA;&#x9;at com.kms.katalon.core.main.TestCaseExecutor.processExecutionPhase(TestCaseExecutor.java:307)&#xD;&#xA;&#x9;at com.kms.katalon.core.main.TestCaseExecutor.accessMainPhase(TestCaseExecutor.java:299)&#xD;&#xA;&#x9;at com.kms.katalon.core.main.TestCaseExecutor.execute(TestCaseExecutor.java:233)&#xD;&#xA;&#x9;at com.kms.katalon.core.main.TestSuiteExecutor.accessTestCaseMainPhase(TestSuiteExecutor.java:133)&#xD;&#xA;&#x9;at com.kms.katalon.core.main.TestSuiteExecutor.accessTestSuiteMainPhase(TestSuiteExecutor.java:116)&#xD;&#xA;&#x9;at com.kms.katalon.core.main.TestSuiteExecutor.execute(TestSuiteExecutor.java:83)&#xD;&#xA;&#x9;at com.kms.katalon.core.main.TestCaseMain.startTestSuite(TestCaseMain.java:157)&#xD;&#xA;&#x9;at com.kms.katalon.core.main.TestCaseMain$startTestSuite$0.call(Unknown Source)&#xD;&#xA;&#x9;at TempTestSuite1575257182439.run(TempTestSuite1575257182439.groovy:35)&#xD;&#xA;"/>
            <system-out>2019-12-02 10:26:24 - [TEST_CASE][ERROR] - Test Cases/Account/TC_loginCustomer/rian_project_Login_Customer_CICD: Test Cases/Account/TC_loginCustomer/rian_project_Login_Customer_CICD FAILED.
Reason:
groovy.json.JsonException: Unable to determine the current character, it is not a string, number, array, or object

The current character read is '&lt;' with an int value of 60
Unable to determine the current character, it is not a string, number, array, or object
line number 1
index number 0
&lt;html&gt;
^&#xD;
	at rian_project_Login_Customer_CICD.run(rian_project_Login_Customer_CICD:74)&#xD;
	at com.kms.katalon.core.main.ScriptEngine.run(ScriptEngine.java:194)&#xD;
	at com.kms.katalon.core.main.ScriptEngine.runScriptAsRawText(ScriptEngine.java:119)&#xD;
	at com.kms.katalon.core.main.TestCaseExecutor.runScript(TestCaseExecutor.java:337)&#xD;
	at com.kms.katalon.core.main.TestCaseExecutor.doExecute(TestCaseExecutor.java:328)&#xD;
	at com.kms.katalon.core.main.TestCaseExecutor.processExecutionPhase(TestCaseExecutor.java:307)&#xD;
	at com.kms.katalon.core.main.TestCaseExecutor.accessMainPhase(TestCaseExecutor.java:299)&#xD;
	at com.kms.katalon.core.main.TestCaseExecutor.execute(TestCaseExecutor.java:233)&#xD;
	at com.kms.katalon.core.main.TestSuiteExecutor.accessTestCaseMainPhase(TestSuiteExecutor.java:133)&#xD;
	at com.kms.katalon.core.main.TestSuiteExecutor.accessTestSuiteMainPhase(TestSuiteExecutor.java:116)&#xD;
	at com.kms.katalon.core.main.TestSuiteExecutor.execute(TestSuiteExecutor.java:83)&#xD;
	at com.kms.katalon.core.main.TestCaseMain.startTestSuite(TestCaseMain.java:157)&#xD;
	at com.kms.katalon.core.main.TestCaseMain$startTestSuite$0.call(Unknown Source)&#xD;
	at TempTestSuite1575257182439.run(TempTestSuite1575257182439.groovy:35)&#xD;
&#xD;
&#xD;
2019-12-02 10:26:25 - [TEST_STEP][PASSED] - var_enciphered_pin = SecureUtils.doEncryptPinRsaEwallet(dev_public_pem_file, login_access_code): null&#xD;
&#xD;
2019-12-02 10:26:26 - [TEST_STEP][PASSED] - model = model: null&#xD;
&#xD;
2019-12-02 10:26:26 - [TEST_STEP][PASSED] - println(model): null&#xD;
&#xD;
2019-12-02 10:26:26 - [TEST_STEP][PASSED] - plain = &lt;not implemented yet for class: org.codehaus.groovy.ast.expr.EmptyExpression&gt;: null&#xD;
&#xD;
2019-12-02 10:26:26 - [TEST_STEP][PASSED] - println(cicdphonenumber): null&#xD;
&#xD;
2019-12-02 10:26:26 - [TEST_STEP][PASSED] - global_phone_number = cicdphonenumber: null&#xD;
&#xD;
2019-12-02 10:26:26 - [TEST_STEP][PASSED] - if (model == "0"): null&#xD;
&#xD;
2019-12-02 10:26:26 - [TEST_STEP][PASSED] - else: null&#xD;
&#xD;
2019-12-02 10:26:26 - [TEST_STEP][PASSED] - plain = "{" + ""user_agent":"" + user_agent + ""," + ""phone_number":"" + login_phone_number + ""," + ""pin":"" + var_enciphered_pin + ""," + ""device_id":"" + device_id + ""," + ""fcm_token":"" + fcm_token + ""}": null&#xD;
&#xD;
2019-12-02 10:26:26 - [TEST_STEP][PASSED] - out.println(plain): null&#xD;
&#xD;
2019-12-02 10:26:26 - [TEST_STEP][PASSED] - encipheredData = SecureUtils.encryptAesEwallet(plain, aes_key_org_texo): null&#xD;
&#xD;
2019-12-02 10:26:26 - [TEST_STEP][PASSED] - body = "{"organisation_id":"" + organisation_id + "","data":"" + encipheredData + "","lang":"" + lang + ""}": null&#xD;
&#xD;
2019-12-02 10:26:26 - [TEST_STEP][PASSED] - out.println(body): null&#xD;
&#xD;
2019-12-02 10:26:26 - [TEST_STEP][PASSED] - request = findTestObject("Account/obj_loginCustomer"): null&#xD;
&#xD;
2019-12-02 10:26:26 - [TEST_STEP][PASSED] - request.setBodyContent(new com.kms.katalon.core.testobject.impl.HttpTextBodyContent(body, UTF-8, application/json)): null&#xD;
&#xD;
2019-12-02 10:26:26 - [TEST_STEP][PASSED] - response = sendRequest(request): Send request successfully&#xD;
&#xD;
2019-12-02 10:26:26 - [MESSAGE][INFO] - HAR: D:\katalon-ewallet\Reports\E_Wallet\rian_project_Emoney_Payment\Emoney_Payment_Update_Send_Notif\20191202_102622\requests\main\0.har&#xD;
&#xD;
2019-12-02 10:26:26 - [MESSAGE][PASSED] - Send request successfully&#xD;
&#xD;
2019-12-02 10:26:26 - [TEST_STEP][PASSED] - body_content = responseBodyContent: null&#xD;
&#xD;
2019-12-02 10:26:26 - [TEST_STEP][PASSED] - status_code = statusCode: null&#xD;
&#xD;
2019-12-02 10:26:26 - [TEST_STEP][PASSED] - respDataMap = JsonSlurper().parseText(body_content): null</system-out>
            <system-err>2019-12-02 10:26:24 - [TEST_CASE][ERROR] - Test Cases/Account/TC_loginCustomer/rian_project_Login_Customer_CICD: Test Cases/Account/TC_loginCustomer/rian_project_Login_Customer_CICD FAILED.
Reason:
groovy.json.JsonException: Unable to determine the current character, it is not a string, number, array, or object

The current character read is '&lt;' with an int value of 60
Unable to determine the current character, it is not a string, number, array, or object
line number 1
index number 0
&lt;html&gt;
^&#xD;
	at rian_project_Login_Customer_CICD.run(rian_project_Login_Customer_CICD:74)&#xD;
	at com.kms.katalon.core.main.ScriptEngine.run(ScriptEngine.java:194)&#xD;
	at com.kms.katalon.core.main.ScriptEngine.runScriptAsRawText(ScriptEngine.java:119)&#xD;
	at com.kms.katalon.core.main.TestCaseExecutor.runScript(TestCaseExecutor.java:337)&#xD;
	at com.kms.katalon.core.main.TestCaseExecutor.doExecute(TestCaseExecutor.java:328)&#xD;
	at com.kms.katalon.core.main.TestCaseExecutor.processExecutionPhase(TestCaseExecutor.java:307)&#xD;
	at com.kms.katalon.core.main.TestCaseExecutor.accessMainPhase(TestCaseExecutor.java:299)&#xD;
	at com.kms.katalon.core.main.TestCaseExecutor.execute(TestCaseExecutor.java:233)&#xD;
	at com.kms.katalon.core.main.TestSuiteExecutor.accessTestCaseMainPhase(TestSuiteExecutor.java:133)&#xD;
	at com.kms.katalon.core.main.TestSuiteExecutor.accessTestSuiteMainPhase(TestSuiteExecutor.java:116)&#xD;
	at com.kms.katalon.core.main.TestSuiteExecutor.execute(TestSuiteExecutor.java:83)&#xD;
	at com.kms.katalon.core.main.TestCaseMain.startTestSuite(TestCaseMain.java:157)&#xD;
	at com.kms.katalon.core.main.TestCaseMain$startTestSuite$0.call(Unknown Source)&#xD;
	at TempTestSuite1575257182439.run(TempTestSuite1575257182439.groovy:35)</system-err>
        </testcase>
        <testcase name="Test Cases/E_Wallet/rian_project_Emoney_Payment/rian_project_Emoney_Payment" classname="Test Cases/E_Wallet/rian_project_Emoney_Payment/rian_project_Emoney_Payment" status="ERROR">
            <error type="ERROR" message="Test Cases/E_Wallet/rian_project_Emoney_Payment/rian_project_Emoney_Payment FAILED.&#xA;Reason:&#xA;groovy.json.JsonException: Unable to determine the current character, it is not a string, number, array, or object&#xA;&#xA;The current character read is '&lt;' with an int value of 60&#xA;Unable to determine the current character, it is not a string, number, array, or object&#xA;line number 1&#xA;index number 0&#xA;&lt;html&gt;&#xA;^&#xD;&#xA;&#x9;at rian_project_Emoney_Payment.run(rian_project_Emoney_Payment:63)&#xD;&#xA;&#x9;at com.kms.katalon.core.main.ScriptEngine.run(ScriptEngine.java:194)&#xD;&#xA;&#x9;at com.kms.katalon.core.main.ScriptEngine.runScriptAsRawText(ScriptEngine.java:119)&#xD;&#xA;&#x9;at com.kms.katalon.core.main.TestCaseExecutor.runScript(TestCaseExecutor.java:337)&#xD;&#xA;&#x9;at com.kms.katalon.core.main.TestCaseExecutor.doExecute(TestCaseExecutor.java:328)&#xD;&#xA;&#x9;at com.kms.katalon.core.main.TestCaseExecutor.processExecutionPhase(TestCaseExecutor.java:307)&#xD;&#xA;&#x9;at com.kms.katalon.core.main.TestCaseExecutor.accessMainPhase(TestCaseExecutor.java:299)&#xD;&#xA;&#x9;at com.kms.katalon.core.main.TestCaseExecutor.execute(TestCaseExecutor.java:233)&#xD;&#xA;&#x9;at com.kms.katalon.core.main.TestSuiteExecutor.accessTestCaseMainPhase(TestSuiteExecutor.java:133)&#xD;&#xA;&#x9;at com.kms.katalon.core.main.TestSuiteExecutor.accessTestSuiteMainPhase(TestSuiteExecutor.java:116)&#xD;&#xA;&#x9;at com.kms.katalon.core.main.TestSuiteExecutor.execute(TestSuiteExecutor.java:83)&#xD;&#xA;&#x9;at com.kms.katalon.core.main.TestCaseMain.startTestSuite(TestCaseMain.java:157)&#xD;&#xA;&#x9;at com.kms.katalon.core.main.TestCaseMain$startTestSuite$0.call(Unknown Source)&#xD;&#xA;&#x9;at TempTestSuite1575257182439.run(TempTestSuite1575257182439.groovy:35)&#xD;&#xA;"/>
            <system-out>2019-12-02 10:26:26 - [TEST_CASE][ERROR] - Test Cases/E_Wallet/rian_project_Emoney_Payment/rian_project_Emoney_Payment: Test Cases/E_Wallet/rian_project_Emoney_Payment/rian_project_Emoney_Payment FAILED.
Reason:
groovy.json.JsonException: Unable to determine the current character, it is not a string, number, array, or object

The current character read is '&lt;' with an int value of 60
Unable to determine the current character, it is not a string, number, array, or object
line number 1
index number 0
&lt;html&gt;
^&#xD;
	at rian_project_Emoney_Payment.run(rian_project_Emoney_Payment:63)&#xD;
	at com.kms.katalon.core.main.ScriptEngine.run(ScriptEngine.java:194)&#xD;
	at com.kms.katalon.core.main.ScriptEngine.runScriptAsRawText(ScriptEngine.java:119)&#xD;
	at com.kms.katalon.core.main.TestCaseExecutor.runScript(TestCaseExecutor.java:337)&#xD;
	at com.kms.katalon.core.main.TestCaseExecutor.doExecute(TestCaseExecutor.java:328)&#xD;
	at com.kms.katalon.core.main.TestCaseExecutor.processExecutionPhase(TestCaseExecutor.java:307)&#xD;
	at com.kms.katalon.core.main.TestCaseExecutor.accessMainPhase(TestCaseExecutor.java:299)&#xD;
	at com.kms.katalon.core.main.TestCaseExecutor.execute(TestCaseExecutor.java:233)&#xD;
	at com.kms.katalon.core.main.TestSuiteExecutor.accessTestCaseMainPhase(TestSuiteExecutor.java:133)&#xD;
	at com.kms.katalon.core.main.TestSuiteExecutor.accessTestSuiteMainPhase(TestSuiteExecutor.java:116)&#xD;
	at com.kms.katalon.core.main.TestSuiteExecutor.execute(TestSuiteExecutor.java:83)&#xD;
	at com.kms.katalon.core.main.TestCaseMain.startTestSuite(TestCaseMain.java:157)&#xD;
	at com.kms.katalon.core.main.TestCaseMain$startTestSuite$0.call(Unknown Source)&#xD;
	at TempTestSuite1575257182439.run(TempTestSuite1575257182439.groovy:35)&#xD;
&#xD;
&#xD;
2019-12-02 10:26:27 - [TEST_STEP][PASSED] - var_enciphered_pin = SecureUtils.doEncryptPinRsaEwallet(dev_public_pem_file, var_pin): null&#xD;
&#xD;
2019-12-02 10:26:27 - [TEST_STEP][PASSED] - partner_token = var_partner_token: null&#xD;
&#xD;
2019-12-02 10:26:27 - [TEST_STEP][PASSED] - plain = &lt;not implemented yet for class: org.codehaus.groovy.ast.expr.EmptyExpression&gt;: null&#xD;
&#xD;
2019-12-02 10:26:27 - [TEST_STEP][PASSED] - if (model == "0"): null&#xD;
&#xD;
2019-12-02 10:26:27 - [TEST_STEP][PASSED] - else if (model == "1"): null&#xD;
&#xD;
2019-12-02 10:26:27 - [TEST_STEP][PASSED] - plain = "{"user_agent":"" + var_user_agent + "","billing_id":"" + var_billing_id + "","wallet_id":"" + var_wallet_id + "","phone_number":"" + var_phone_number + "","authentication":"" + var_enciphered_pin + "","qr_unique_code":"" + unique_code + ""}": null&#xD;
&#xD;
2019-12-02 10:26:27 - [TEST_STEP][PASSED] - out.println(plain): null&#xD;
&#xD;
2019-12-02 10:26:27 - [TEST_STEP][PASSED] - out.println("var_customer_token" + var_customer_token): null&#xD;
&#xD;
2019-12-02 10:26:27 - [TEST_STEP][PASSED] - out.println("var_partner_token" + var_partner_token): null&#xD;
&#xD;
2019-12-02 10:26:27 - [TEST_STEP][PASSED] - encipheredData = SecureUtils.encryptAesEwallet(plain, var_aes_key): null&#xD;
&#xD;
2019-12-02 10:26:27 - [TEST_STEP][PASSED] - body = "{"organisation_id":"" + var_organisation_id + ""," + ""data":"" + encipheredData + ""," + ""lang":"" + var_lang + ""}": null&#xD;
&#xD;
2019-12-02 10:26:27 - [TEST_STEP][PASSED] - out.println(body): null&#xD;
&#xD;
2019-12-02 10:26:27 - [TEST_STEP][PASSED] - request = findTestObject("E_Wallet/payment_url"): null&#xD;
&#xD;
2019-12-02 10:26:27 - [TEST_STEP][PASSED] - out.println(request.getRestUrl()): null&#xD;
&#xD;
2019-12-02 10:26:27 - [TEST_STEP][PASSED] - request.setBodyContent(new com.kms.katalon.core.testobject.impl.HttpTextBodyContent(body, UTF-8, application/json)): null&#xD;
&#xD;
2019-12-02 10:26:27 - [TEST_STEP][PASSED] - if (var_customer_token == "0"): null&#xD;
&#xD;
2019-12-02 10:26:27 - [TEST_STEP][PASSED] - else: null&#xD;
&#xD;
2019-12-02 10:26:27 - [TEST_STEP][PASSED] - out.println("using access_token = " + access_token_customer): null&#xD;
&#xD;
2019-12-02 10:26:27 - [TEST_STEP][PASSED] - out.println(request.getRestUrl()): null&#xD;
&#xD;
2019-12-02 10:26:27 - [TEST_STEP][PASSED] - response = sendRequest(request): Send request successfully&#xD;
&#xD;
2019-12-02 10:26:27 - [MESSAGE][INFO] - HAR: D:\katalon-ewallet\Reports\E_Wallet\rian_project_Emoney_Payment\Emoney_Payment_Update_Send_Notif\20191202_102622\requests\main\1.har&#xD;
&#xD;
2019-12-02 10:26:27 - [MESSAGE][PASSED] - Send request successfully&#xD;
&#xD;
2019-12-02 10:26:27 - [TEST_STEP][PASSED] - println(partner_token): null&#xD;
&#xD;
2019-12-02 10:26:27 - [TEST_STEP][PASSED] - body_content = responseBodyContent: null&#xD;
&#xD;
2019-12-02 10:26:27 - [TEST_STEP][PASSED] - status_code = statusCode: null&#xD;
&#xD;
2019-12-02 10:26:27 - [TEST_STEP][PASSED] - respDataMap = JsonSlurper().parseText(body_content): null</system-out>
            <system-err>2019-12-02 10:26:26 - [TEST_CASE][ERROR] - Test Cases/E_Wallet/rian_project_Emoney_Payment/rian_project_Emoney_Payment: Test Cases/E_Wallet/rian_project_Emoney_Payment/rian_project_Emoney_Payment FAILED.
Reason:
groovy.json.JsonException: Unable to determine the current character, it is not a string, number, array, or object

The current character read is '&lt;' with an int value of 60
Unable to determine the current character, it is not a string, number, array, or object
line number 1
index number 0
&lt;html&gt;
^&#xD;
	at rian_project_Emoney_Payment.run(rian_project_Emoney_Payment:63)&#xD;
	at com.kms.katalon.core.main.ScriptEngine.run(ScriptEngine.java:194)&#xD;
	at com.kms.katalon.core.main.ScriptEngine.runScriptAsRawText(ScriptEngine.java:119)&#xD;
	at com.kms.katalon.core.main.TestCaseExecutor.runScript(TestCaseExecutor.java:337)&#xD;
	at com.kms.katalon.core.main.TestCaseExecutor.doExecute(TestCaseExecutor.java:328)&#xD;
	at com.kms.katalon.core.main.TestCaseExecutor.processExecutionPhase(TestCaseExecutor.java:307)&#xD;
	at com.kms.katalon.core.main.TestCaseExecutor.accessMainPhase(TestCaseExecutor.java:299)&#xD;
	at com.kms.katalon.core.main.TestCaseExecutor.execute(TestCaseExecutor.java:233)&#xD;
	at com.kms.katalon.core.main.TestSuiteExecutor.accessTestCaseMainPhase(TestSuiteExecutor.java:133)&#xD;
	at com.kms.katalon.core.main.TestSuiteExecutor.accessTestSuiteMainPhase(TestSuiteExecutor.java:116)&#xD;
	at com.kms.katalon.core.main.TestSuiteExecutor.execute(TestSuiteExecutor.java:83)&#xD;
	at com.kms.katalon.core.main.TestCaseMain.startTestSuite(TestCaseMain.java:157)&#xD;
	at com.kms.katalon.core.main.TestCaseMain$startTestSuite$0.call(Unknown Source)&#xD;
	at TempTestSuite1575257182439.run(TempTestSuite1575257182439.groovy:35)</system-err>
        </testcase>
        <system-out>2019-12-02 10:26:24 - [TEST_SUITE][INCOMPLETE] - Emoney_Payment_Update_Send_Notif: null</system-out>
        <system-err>2019-12-02 10:26:24 - [TEST_SUITE][INCOMPLETE] - Emoney_Payment_Update_Send_Notif: null</system-err>
    </testsuite>
</testsuites>
