<?xml version="1.0" encoding="UTF-8" standalone="yes"?>
<testsuites name="Test_Suite_Check_Transaction_By_Journal_Number" time="10" tests="27" failures="5" errors="0">
    <testsuite name="Test_Suite_Check_Transaction_By_Journal_Number" tests="27" failures="5" errors="0" time="10" timestamp="2019-12-18 09:28:51" hostname="Silvi - LAPTOP-ALMT97O4" id="Test Suites/E_Wallet/Check_Transaction_By_Journal_Number/Test_Suite_Check_Transaction_By_Journal_Number">
        <properties>
            <property name="deviceName" value=""/>
            <property name="devicePlatform" value=""/>
            <property name="logFolder" value="D:\\katalon-ewallet\\Reports\\E_Wallet\\Check_Transaction_By_Journal_Number\\Test_Suite_Check_Transaction_By_Journal_Number\\20191218_092849"/>
            <property name="logFiles" value="D:\\katalon-ewallet\\Reports\\E_Wallet\\Check_Transaction_By_Journal_Number\\Test_Suite_Check_Transaction_By_Journal_Number\\20191218_092849\\execution0.log"/>
            <property name="attachments" value=""/>
            <property name="hostName" value="Silvi - LAPTOP-ALMT97O4"/>
            <property name="hostAddress" value="172.18.4.57"/>
            <property name="os" value="Windows 10 64bit"/>
            <property name="katalonVersion" value="6.2.2.4"/>
        </properties>
        <testcase name="Test Cases/Account/TC_loginCustomer/TC_login081111111124" classname="Test Cases/Account/TC_loginCustomer/TC_login081111111124" status="PASSED">
            <system-out>2019-12-18 09:28:52 - [TEST_CASE][PASSED] - Test Cases/Account/TC_loginCustomer/TC_login081111111124: Test Cases/Account/TC_loginCustomer/TC_login081111111124&#xD;
&#xD;
2019-12-18 09:28:52 - [TEST_STEP][PASSED] - var_enciphered_pin = SecureUtils.doEncryptPinRsaEwallet(dev_public_pem_file, var_user_pin): null&#xD;
&#xD;
2019-12-18 09:28:53 - [TEST_STEP][PASSED] - plain = "{" + ""user_agent":"" + var_user_agent + ""," + ""phone_number":"" + var_phone_number + ""," + ""pin":"" + var_enciphered_pin + ""," + ""device_id":"" + var_device_id + ""," + ""fcm_token":"" + var_fcm_token + ""}": null&#xD;
&#xD;
2019-12-18 09:28:53 - [TEST_STEP][PASSED] - out.println(plain): null&#xD;
&#xD;
2019-12-18 09:28:53 - [TEST_STEP][PASSED] - encipheredData = SecureUtils.encryptAesEwallet(plain, var_aes_key): null&#xD;
&#xD;
2019-12-18 09:28:53 - [TEST_STEP][PASSED] - body = "{"organisation_id":"1","data":"" + encipheredData + "","lang":"id"}": null&#xD;
&#xD;
2019-12-18 09:28:53 - [TEST_STEP][PASSED] - out.println(body): null&#xD;
&#xD;
2019-12-18 09:28:54 - [TEST_STEP][PASSED] - request = findTestObject("Account/obj_loginCustomer"): null&#xD;
&#xD;
2019-12-18 09:28:54 - [TEST_STEP][PASSED] - request.setBodyContent(new com.kms.katalon.core.testobject.impl.HttpTextBodyContent(body, UTF-8, application/json)): null&#xD;
&#xD;
2019-12-18 09:28:54 - [TEST_STEP][PASSED] - response = sendRequest(request): Send request successfully&#xD;
&#xD;
2019-12-18 09:28:55 - [MESSAGE][INFO] - HAR: D:\katalon-ewallet\Reports\E_Wallet\Check_Transaction_By_Journal_Number\Test_Suite_Check_Transaction_By_Journal_Number\20191218_092849\requests\main\0.har&#xD;
&#xD;
2019-12-18 09:28:55 - [MESSAGE][PASSED] - Send request successfully&#xD;
&#xD;
2019-12-18 09:28:55 - [TEST_STEP][PASSED] - body_content = responseBodyContent: null&#xD;
&#xD;
2019-12-18 09:28:55 - [TEST_STEP][PASSED] - status_code = statusCode: null&#xD;
&#xD;
2019-12-18 09:28:55 - [TEST_STEP][PASSED] - respDataMap = JsonSlurper().parseText(body_content): null&#xD;
&#xD;
2019-12-18 09:28:55 - [TEST_STEP][PASSED] - out.println(respDataMap): null&#xD;
&#xD;
2019-12-18 09:28:55 - [TEST_STEP][PASSED] - rc_ref = ReturnCodeWrapper(var_expected_rc).getEnumRC(): null&#xD;
&#xD;
2019-12-18 09:28:55 - [TEST_STEP][PASSED] - out.println(var_expected_rc): null&#xD;
&#xD;
2019-12-18 09:28:55 - [TEST_STEP][PASSED] - out.println(rc_ref.getRCName()): null&#xD;
&#xD;
2019-12-18 09:28:55 - [TEST_STEP][PASSED] - out.println(rc_ref.getHttpResponse()): null&#xD;
&#xD;
2019-12-18 09:28:55 - [TEST_STEP][PASSED] - rcIsTrue = verifyEqual(response_code, rc_ref.getRCName()): Actual object 'RC00' and expected object 'RC00' are equal&#xD;
&#xD;
2019-12-18 09:28:55 - [MESSAGE][PASSED] - Actual object 'RC00' and expected object 'RC00' are equal&#xD;
&#xD;
2019-12-18 09:28:55 - [TEST_STEP][PASSED] - httpRespIsTrue = verifyEqual(statusCode, rc_ref.getHttpResponse()): Actual object '200' and expected object '200' are equal&#xD;
&#xD;
2019-12-18 09:28:55 - [MESSAGE][PASSED] - Actual object '200' and expected object '200' are equal&#xD;
&#xD;
2019-12-18 09:28:55 - [TEST_STEP][PASSED] - if (rc_ref == RC00): null&#xD;
&#xD;
2019-12-18 09:28:55 - [TEST_STEP][PASSED] - decipheredResponseData = SecureUtils.decryptAesEwallet(data, var_aes_key): null&#xD;
&#xD;
2019-12-18 09:28:55 - [TEST_STEP][PASSED] - decipheredRespDataMap = JsonSlurper().parseText(decipheredResponseData): null&#xD;
&#xD;
2019-12-18 09:28:55 - [TEST_STEP][PASSED] - out.println(decipheredRespDataMap): null&#xD;
&#xD;
2019-12-18 09:28:55 - [TEST_STEP][PASSED] - access_token_customer = access_token: null</system-out>
            <system-err></system-err>
        </testcase>
        <testcase name="Test Cases/E_Wallet/Check_Transaction_By_Journal_Number/Check_Transaction_By_Journal_Number" classname="Test Cases/E_Wallet/Check_Transaction_By_Journal_Number/Check_Transaction_By_Journal_Number" status="FAILED">
            <failure type="FAILED" message="Test Cases/E_Wallet/Check_Transaction_By_Journal_Number/Check_Transaction_By_Journal_Number FAILED.&#xA;Reason:&#xA;com.kms.katalon.core.exception.StepFailedException: Actual object 'RC02' and expected object 'RC00' are not equal&#xD;&#xA;&#x9;at com.kms.katalon.core.keyword.builtin.VerifyEqualKeyword$_verifyEqual_closure1.doCall(VerifyEqualKeyword.groovy:58)&#xD;&#xA;&#x9;at com.kms.katalon.core.keyword.builtin.VerifyEqualKeyword$_verifyEqual_closure1.call(VerifyEqualKeyword.groovy)&#xD;&#xA;&#x9;at com.kms.katalon.core.keyword.internal.KeywordMain.runKeyword(KeywordMain.groovy:68)&#xD;&#xA;&#x9;at com.kms.katalon.core.keyword.builtin.VerifyEqualKeyword.verifyEqual(VerifyEqualKeyword.groovy:63)&#xD;&#xA;&#x9;at com.kms.katalon.core.keyword.builtin.VerifyEqualKeyword.execute(VerifyEqualKeyword.groovy:44)&#xD;&#xA;&#x9;at com.kms.katalon.core.keyword.internal.KeywordExecutor.executeKeywordForPlatform(KeywordExecutor.groovy:56)&#xD;&#xA;&#x9;at com.kms.katalon.core.keyword.BuiltinKeywords.verifyEqual(BuiltinKeywords.groovy:141)&#xD;&#xA;&#x9;at Check_Transaction_By_Journal_Number.run(Check_Transaction_By_Journal_Number:74)&#xD;&#xA;&#x9;at com.kms.katalon.core.main.ScriptEngine.run(ScriptEngine.java:194)&#xD;&#xA;&#x9;at com.kms.katalon.core.main.ScriptEngine.runScriptAsRawText(ScriptEngine.java:119)&#xD;&#xA;&#x9;at com.kms.katalon.core.main.TestCaseExecutor.runScript(TestCaseExecutor.java:337)&#xD;&#xA;&#x9;at com.kms.katalon.core.main.TestCaseExecutor.doExecute(TestCaseExecutor.java:328)&#xD;&#xA;&#x9;at com.kms.katalon.core.main.TestCaseExecutor.processExecutionPhase(TestCaseExecutor.java:307)&#xD;&#xA;&#x9;at com.kms.katalon.core.main.TestCaseExecutor.accessMainPhase(TestCaseExecutor.java:299)&#xD;&#xA;&#x9;at com.kms.katalon.core.main.TestCaseExecutor.execute(TestCaseExecutor.java:233)&#xD;&#xA;&#x9;at com.kms.katalon.core.main.TestSuiteExecutor.accessTestCaseMainPhase(TestSuiteExecutor.java:133)&#xD;&#xA;&#x9;at com.kms.katalon.core.main.TestSuiteExecutor.accessTestSuiteMainPhase(TestSuiteExecutor.java:116)&#xD;&#xA;&#x9;at com.kms.katalon.core.main.TestSuiteExecutor.execute(TestSuiteExecutor.java:83)&#xD;&#xA;&#x9;at com.kms.katalon.core.main.TestCaseMain.startTestSuite(TestCaseMain.java:157)&#xD;&#xA;&#x9;at com.kms.katalon.core.main.TestCaseMain$startTestSuite$0.call(Unknown Source)&#xD;&#xA;&#x9;at TempTestSuite1576636129145.run(TempTestSuite1576636129145.groovy:35)&#xD;&#xA;"/>
            <system-out>2019-12-18 09:28:55 - [TEST_CASE][FAILED] - Test Cases/E_Wallet/Check_Transaction_By_Journal_Number/Check_Transaction_By_Journal_Number: Test Cases/E_Wallet/Check_Transaction_By_Journal_Number/Check_Transaction_By_Journal_Number FAILED.
Reason:
com.kms.katalon.core.exception.StepFailedException: Actual object 'RC02' and expected object 'RC00' are not equal&#xD;
	at com.kms.katalon.core.keyword.builtin.VerifyEqualKeyword$_verifyEqual_closure1.doCall(VerifyEqualKeyword.groovy:58)&#xD;
	at com.kms.katalon.core.keyword.builtin.VerifyEqualKeyword$_verifyEqual_closure1.call(VerifyEqualKeyword.groovy)&#xD;
	at com.kms.katalon.core.keyword.internal.KeywordMain.runKeyword(KeywordMain.groovy:68)&#xD;
	at com.kms.katalon.core.keyword.builtin.VerifyEqualKeyword.verifyEqual(VerifyEqualKeyword.groovy:63)&#xD;
	at com.kms.katalon.core.keyword.builtin.VerifyEqualKeyword.execute(VerifyEqualKeyword.groovy:44)&#xD;
	at com.kms.katalon.core.keyword.internal.KeywordExecutor.executeKeywordForPlatform(KeywordExecutor.groovy:56)&#xD;
	at com.kms.katalon.core.keyword.BuiltinKeywords.verifyEqual(BuiltinKeywords.groovy:141)&#xD;
	at Check_Transaction_By_Journal_Number.run(Check_Transaction_By_Journal_Number:74)&#xD;
	at com.kms.katalon.core.main.ScriptEngine.run(ScriptEngine.java:194)&#xD;
	at com.kms.katalon.core.main.ScriptEngine.runScriptAsRawText(ScriptEngine.java:119)&#xD;
	at com.kms.katalon.core.main.TestCaseExecutor.runScript(TestCaseExecutor.java:337)&#xD;
	at com.kms.katalon.core.main.TestCaseExecutor.doExecute(TestCaseExecutor.java:328)&#xD;
	at com.kms.katalon.core.main.TestCaseExecutor.processExecutionPhase(TestCaseExecutor.java:307)&#xD;
	at com.kms.katalon.core.main.TestCaseExecutor.accessMainPhase(TestCaseExecutor.java:299)&#xD;
	at com.kms.katalon.core.main.TestCaseExecutor.execute(TestCaseExecutor.java:233)&#xD;
	at com.kms.katalon.core.main.TestSuiteExecutor.accessTestCaseMainPhase(TestSuiteExecutor.java:133)&#xD;
	at com.kms.katalon.core.main.TestSuiteExecutor.accessTestSuiteMainPhase(TestSuiteExecutor.java:116)&#xD;
	at com.kms.katalon.core.main.TestSuiteExecutor.execute(TestSuiteExecutor.java:83)&#xD;
	at com.kms.katalon.core.main.TestCaseMain.startTestSuite(TestCaseMain.java:157)&#xD;
	at com.kms.katalon.core.main.TestCaseMain$startTestSuite$0.call(Unknown Source)&#xD;
	at TempTestSuite1576636129145.run(TempTestSuite1576636129145.groovy:35)&#xD;
&#xD;
&#xD;
2019-12-18 09:28:55 - [TEST_STEP][PASSED] - plain = "{" + ""user_agent":"" + var_user_agent + ""," + ""journal_number":"" + var_journal_number + ""," + ""chip_id":"" + var_chip_id + ""}": null&#xD;
&#xD;
2019-12-18 09:28:55 - [TEST_STEP][PASSED] - partner_token = partner_token: null&#xD;
&#xD;
2019-12-18 09:28:55 - [TEST_STEP][PASSED] - out.println(plain): null&#xD;
&#xD;
2019-12-18 09:28:55 - [TEST_STEP][PASSED] - out.println("var_customer_token" + var_customer_token): null&#xD;
&#xD;
2019-12-18 09:28:55 - [TEST_STEP][PASSED] - out.println("var_partner_token" + var_partner_token): null&#xD;
&#xD;
2019-12-18 09:28:55 - [TEST_STEP][PASSED] - encipheredData = SecureUtils.encryptAesEwallet(plain, var_aes_key): null&#xD;
&#xD;
2019-12-18 09:28:55 - [TEST_STEP][PASSED] - body = "{"organisation_id":"" + var_organisation_id + ""," + ""data":"" + encipheredData + ""," + ""lang":"" + var_lang + ""}": null&#xD;
&#xD;
2019-12-18 09:28:55 - [TEST_STEP][PASSED] - out.println(body): null&#xD;
&#xD;
2019-12-18 09:28:55 - [TEST_STEP][PASSED] - request = findTestObject("E_Wallet/Check_Transaction_By_Journal_Number"): null&#xD;
&#xD;
2019-12-18 09:28:55 - [TEST_STEP][PASSED] - request.setBodyContent(new com.kms.katalon.core.testobject.impl.HttpTextBodyContent(body, UTF-8, application/json)): null&#xD;
&#xD;
2019-12-18 09:28:55 - [TEST_STEP][PASSED] - if (var_customer_token == 0): null&#xD;
&#xD;
2019-12-18 09:28:55 - [TEST_STEP][PASSED] - else: null&#xD;
&#xD;
2019-12-18 09:28:55 - [TEST_STEP][PASSED] - out.println("using access_token = " + access_token_customer): null&#xD;
&#xD;
2019-12-18 09:28:55 - [TEST_STEP][PASSED] - listQuery = new java.util.ArrayList(): null&#xD;
&#xD;
2019-12-18 09:28:55 - [TEST_STEP][PASSED] - listQuery.add(new com.kms.katalon.core.testobject.TestObjectProperty(token, com.kms.katalon.core.testobject.ConditionType.EQUALS, internal.GlobalVariable.access_token_customer)): null&#xD;
&#xD;
2019-12-18 09:28:55 - [TEST_STEP][PASSED] - request.setRestParameters(listQuery): null&#xD;
&#xD;
2019-12-18 09:28:55 - [TEST_STEP][PASSED] - response = sendRequest(request): Send request successfully&#xD;
&#xD;
2019-12-18 09:28:56 - [MESSAGE][INFO] - HAR: D:\katalon-ewallet\Reports\E_Wallet\Check_Transaction_By_Journal_Number\Test_Suite_Check_Transaction_By_Journal_Number\20191218_092849\requests\main\1.har&#xD;
&#xD;
2019-12-18 09:28:56 - [MESSAGE][PASSED] - Send request successfully&#xD;
&#xD;
2019-12-18 09:28:56 - [TEST_STEP][PASSED] - body_content = responseBodyContent: null&#xD;
&#xD;
2019-12-18 09:28:56 - [TEST_STEP][PASSED] - status_code = statusCode: null&#xD;
&#xD;
2019-12-18 09:28:56 - [TEST_STEP][PASSED] - respDataMap = JsonSlurper().parseText(body_content): null&#xD;
&#xD;
2019-12-18 09:28:56 - [TEST_STEP][PASSED] - out.println(respDataMap): null&#xD;
&#xD;
2019-12-18 09:28:56 - [TEST_STEP][PASSED] - println(body_content): null&#xD;
&#xD;
2019-12-18 09:28:56 - [TEST_STEP][PASSED] - rc_ref = ReturnCodeWrapper(var_expected_rc).getEnumRC(): null&#xD;
&#xD;
2019-12-18 09:28:56 - [TEST_STEP][PASSED] - out.println(var_expected_rc): null&#xD;
&#xD;
2019-12-18 09:28:56 - [TEST_STEP][PASSED] - out.println(rc_ref.getRCName()): null&#xD;
&#xD;
2019-12-18 09:28:56 - [TEST_STEP][PASSED] - out.println(rc_ref.getHttpResponse()): null&#xD;
&#xD;
2019-12-18 09:28:56 - [TEST_STEP][FAILED] - result = verifyEqual(response_code, rc_ref.getRCName()): Unable to verify equal between actual object 'RC02' and expected object 'RC00' (Root cause: com.kms.katalon.core.exception.StepFailedException: Actual object 'RC02' and expected object 'RC00' are not equal&#xD;
	at com.kms.katalon.core.keyword.builtin.VerifyEqualKeyword$_verifyEqual_closure1.doCall(VerifyEqualKeyword.groovy:58)&#xD;
	at com.kms.katalon.core.keyword.builtin.VerifyEqualKeyword$_verifyEqual_closure1.call(VerifyEqualKeyword.groovy)&#xD;
	at com.kms.katalon.core.keyword.internal.KeywordMain.runKeyword(KeywordMain.groovy:68)&#xD;
	at com.kms.katalon.core.keyword.builtin.VerifyEqualKeyword.verifyEqual(VerifyEqualKeyword.groovy:63)&#xD;
	at com.kms.katalon.core.keyword.builtin.VerifyEqualKeyword.execute(VerifyEqualKeyword.groovy:44)&#xD;
	at com.kms.katalon.core.keyword.internal.KeywordExecutor.executeKeywordForPlatform(KeywordExecutor.groovy:56)&#xD;
	at com.kms.katalon.core.keyword.BuiltinKeywords.verifyEqual(BuiltinKeywords.groovy:141)&#xD;
	at Check_Transaction_By_Journal_Number.run(Check_Transaction_By_Journal_Number:74)&#xD;
	at com.kms.katalon.core.main.ScriptEngine.run(ScriptEngine.java:194)&#xD;
	at com.kms.katalon.core.main.ScriptEngine.runScriptAsRawText(ScriptEngine.java:119)&#xD;
	at com.kms.katalon.core.main.TestCaseExecutor.runScript(TestCaseExecutor.java:337)&#xD;
	at com.kms.katalon.core.main.TestCaseExecutor.doExecute(TestCaseExecutor.java:328)&#xD;
	at com.kms.katalon.core.main.TestCaseExecutor.processExecutionPhase(TestCaseExecutor.java:307)&#xD;
	at com.kms.katalon.core.main.TestCaseExecutor.accessMainPhase(TestCaseExecutor.java:299)&#xD;
	at com.kms.katalon.core.main.TestCaseExecutor.execute(TestCaseExecutor.java:233)&#xD;
	at com.kms.katalon.core.main.TestSuiteExecutor.accessTestCaseMainPhase(TestSuiteExecutor.java:133)&#xD;
	at com.kms.katalon.core.main.TestSuiteExecutor.accessTestSuiteMainPhase(TestSuiteExecutor.java:116)&#xD;
	at com.kms.katalon.core.main.TestSuiteExecutor.execute(TestSuiteExecutor.java:83)&#xD;
	at com.kms.katalon.core.main.TestCaseMain.startTestSuite(TestCaseMain.java:157)&#xD;
	at com.kms.katalon.core.main.TestCaseMain$startTestSuite$0.call(Unknown Source)&#xD;
	at TempTestSuite1576636129145.run(TempTestSuite1576636129145.groovy:35)&#xD;
)&#xD;
&#xD;
2019-12-18 09:28:56 - [MESSAGE][FAILED] - Unable to verify equal between actual object 'RC02' and expected object 'RC00' (Root cause: com.kms.katalon.core.exception.StepFailedException: Actual object 'RC02' and expected object 'RC00' are not equal&#xD;
	at com.kms.katalon.core.keyword.builtin.VerifyEqualKeyword$_verifyEqual_closure1.doCall(VerifyEqualKeyword.groovy:58)&#xD;
	at com.kms.katalon.core.keyword.builtin.VerifyEqualKeyword$_verifyEqual_closure1.call(VerifyEqualKeyword.groovy)&#xD;
	at com.kms.katalon.core.keyword.internal.KeywordMain.runKeyword(KeywordMain.groovy:68)&#xD;
	at com.kms.katalon.core.keyword.builtin.VerifyEqualKeyword.verifyEqual(VerifyEqualKeyword.groovy:63)&#xD;
	at com.kms.katalon.core.keyword.builtin.VerifyEqualKeyword.execute(VerifyEqualKeyword.groovy:44)&#xD;
	at com.kms.katalon.core.keyword.internal.KeywordExecutor.executeKeywordForPlatform(KeywordExecutor.groovy:56)&#xD;
	at com.kms.katalon.core.keyword.BuiltinKeywords.verifyEqual(BuiltinKeywords.groovy:141)&#xD;
	at Check_Transaction_By_Journal_Number.run(Check_Transaction_By_Journal_Number:74)&#xD;
	at com.kms.katalon.core.main.ScriptEngine.run(ScriptEngine.java:194)&#xD;
	at com.kms.katalon.core.main.ScriptEngine.runScriptAsRawText(ScriptEngine.java:119)&#xD;
	at com.kms.katalon.core.main.TestCaseExecutor.runScript(TestCaseExecutor.java:337)&#xD;
	at com.kms.katalon.core.main.TestCaseExecutor.doExecute(TestCaseExecutor.java:328)&#xD;
	at com.kms.katalon.core.main.TestCaseExecutor.processExecutionPhase(TestCaseExecutor.java:307)&#xD;
	at com.kms.katalon.core.main.TestCaseExecutor.accessMainPhase(TestCaseExecutor.java:299)&#xD;
	at com.kms.katalon.core.main.TestCaseExecutor.execute(TestCaseExecutor.java:233)&#xD;
	at com.kms.katalon.core.main.TestSuiteExecutor.accessTestCaseMainPhase(TestSuiteExecutor.java:133)&#xD;
	at com.kms.katalon.core.main.TestSuiteExecutor.accessTestSuiteMainPhase(TestSuiteExecutor.java:116)&#xD;
	at com.kms.katalon.core.main.TestSuiteExecutor.execute(TestSuiteExecutor.java:83)&#xD;
	at com.kms.katalon.core.main.TestCaseMain.startTestSuite(TestCaseMain.java:157)&#xD;
	at com.kms.katalon.core.main.TestCaseMain$startTestSuite$0.call(Unknown Source)&#xD;
	at TempTestSuite1576636129145.run(TempTestSuite1576636129145.groovy:35)&#xD;
)</system-out>
            <system-err>2019-12-18 09:28:55 - [TEST_CASE][FAILED] - Test Cases/E_Wallet/Check_Transaction_By_Journal_Number/Check_Transaction_By_Journal_Number: Test Cases/E_Wallet/Check_Transaction_By_Journal_Number/Check_Transaction_By_Journal_Number FAILED.
Reason:
com.kms.katalon.core.exception.StepFailedException: Actual object 'RC02' and expected object 'RC00' are not equal&#xD;
	at com.kms.katalon.core.keyword.builtin.VerifyEqualKeyword$_verifyEqual_closure1.doCall(VerifyEqualKeyword.groovy:58)&#xD;
	at com.kms.katalon.core.keyword.builtin.VerifyEqualKeyword$_verifyEqual_closure1.call(VerifyEqualKeyword.groovy)&#xD;
	at com.kms.katalon.core.keyword.internal.KeywordMain.runKeyword(KeywordMain.groovy:68)&#xD;
	at com.kms.katalon.core.keyword.builtin.VerifyEqualKeyword.verifyEqual(VerifyEqualKeyword.groovy:63)&#xD;
	at com.kms.katalon.core.keyword.builtin.VerifyEqualKeyword.execute(VerifyEqualKeyword.groovy:44)&#xD;
	at com.kms.katalon.core.keyword.internal.KeywordExecutor.executeKeywordForPlatform(KeywordExecutor.groovy:56)&#xD;
	at com.kms.katalon.core.keyword.BuiltinKeywords.verifyEqual(BuiltinKeywords.groovy:141)&#xD;
	at Check_Transaction_By_Journal_Number.run(Check_Transaction_By_Journal_Number:74)&#xD;
	at com.kms.katalon.core.main.ScriptEngine.run(ScriptEngine.java:194)&#xD;
	at com.kms.katalon.core.main.ScriptEngine.runScriptAsRawText(ScriptEngine.java:119)&#xD;
	at com.kms.katalon.core.main.TestCaseExecutor.runScript(TestCaseExecutor.java:337)&#xD;
	at com.kms.katalon.core.main.TestCaseExecutor.doExecute(TestCaseExecutor.java:328)&#xD;
	at com.kms.katalon.core.main.TestCaseExecutor.processExecutionPhase(TestCaseExecutor.java:307)&#xD;
	at com.kms.katalon.core.main.TestCaseExecutor.accessMainPhase(TestCaseExecutor.java:299)&#xD;
	at com.kms.katalon.core.main.TestCaseExecutor.execute(TestCaseExecutor.java:233)&#xD;
	at com.kms.katalon.core.main.TestSuiteExecutor.accessTestCaseMainPhase(TestSuiteExecutor.java:133)&#xD;
	at com.kms.katalon.core.main.TestSuiteExecutor.accessTestSuiteMainPhase(TestSuiteExecutor.java:116)&#xD;
	at com.kms.katalon.core.main.TestSuiteExecutor.execute(TestSuiteExecutor.java:83)&#xD;
	at com.kms.katalon.core.main.TestCaseMain.startTestSuite(TestCaseMain.java:157)&#xD;
	at com.kms.katalon.core.main.TestCaseMain$startTestSuite$0.call(Unknown Source)&#xD;
	at TempTestSuite1576636129145.run(TempTestSuite1576636129145.groovy:35)</system-err>
        </testcase>
        <testcase name="Test Cases/E_Wallet/Check_Transaction_By_Journal_Number/Check_Transaction_By_Journal_Number" classname="Test Cases/E_Wallet/Check_Transaction_By_Journal_Number/Check_Transaction_By_Journal_Number" status="PASSED">
            <system-out>2019-12-18 09:28:56 - [TEST_CASE][PASSED] - Test Cases/E_Wallet/Check_Transaction_By_Journal_Number/Check_Transaction_By_Journal_Number: Test Cases/E_Wallet/Check_Transaction_By_Journal_Number/Check_Transaction_By_Journal_Number&#xD;
&#xD;
2019-12-18 09:28:56 - [TEST_STEP][PASSED] - plain = "{" + ""user_agent":"" + var_user_agent + ""," + ""journal_number":"" + var_journal_number + ""," + ""chip_id":"" + var_chip_id + ""}": null&#xD;
&#xD;
2019-12-18 09:28:56 - [TEST_STEP][PASSED] - partner_token = partner_token: null&#xD;
&#xD;
2019-12-18 09:28:56 - [TEST_STEP][PASSED] - out.println(plain): null&#xD;
&#xD;
2019-12-18 09:28:56 - [TEST_STEP][PASSED] - out.println("var_customer_token" + var_customer_token): null&#xD;
&#xD;
2019-12-18 09:28:56 - [TEST_STEP][PASSED] - out.println("var_partner_token" + var_partner_token): null&#xD;
&#xD;
2019-12-18 09:28:56 - [TEST_STEP][PASSED] - encipheredData = SecureUtils.encryptAesEwallet(plain, var_aes_key): null&#xD;
&#xD;
2019-12-18 09:28:56 - [TEST_STEP][PASSED] - body = "{"organisation_id":"" + var_organisation_id + ""," + ""data":"" + encipheredData + ""," + ""lang":"" + var_lang + ""}": null&#xD;
&#xD;
2019-12-18 09:28:56 - [TEST_STEP][PASSED] - out.println(body): null&#xD;
&#xD;
2019-12-18 09:28:56 - [TEST_STEP][PASSED] - request = findTestObject("E_Wallet/Check_Transaction_By_Journal_Number"): null&#xD;
&#xD;
2019-12-18 09:28:56 - [TEST_STEP][PASSED] - request.setBodyContent(new com.kms.katalon.core.testobject.impl.HttpTextBodyContent(body, UTF-8, application/json)): null&#xD;
&#xD;
2019-12-18 09:28:56 - [TEST_STEP][PASSED] - if (var_customer_token == 0): null&#xD;
&#xD;
2019-12-18 09:28:56 - [TEST_STEP][PASSED] - else: null&#xD;
&#xD;
2019-12-18 09:28:56 - [TEST_STEP][PASSED] - out.println("using access_token = " + access_token_customer): null&#xD;
&#xD;
2019-12-18 09:28:56 - [TEST_STEP][PASSED] - listQuery = new java.util.ArrayList(): null&#xD;
&#xD;
2019-12-18 09:28:56 - [TEST_STEP][PASSED] - listQuery.add(new com.kms.katalon.core.testobject.TestObjectProperty(token, com.kms.katalon.core.testobject.ConditionType.EQUALS, internal.GlobalVariable.access_token_customer)): null&#xD;
&#xD;
2019-12-18 09:28:56 - [TEST_STEP][PASSED] - request.setRestParameters(listQuery): null&#xD;
&#xD;
2019-12-18 09:28:56 - [TEST_STEP][PASSED] - response = sendRequest(request): Send request successfully&#xD;
&#xD;
2019-12-18 09:28:56 - [MESSAGE][INFO] - HAR: D:\katalon-ewallet\Reports\E_Wallet\Check_Transaction_By_Journal_Number\Test_Suite_Check_Transaction_By_Journal_Number\20191218_092849\requests\main\2.har&#xD;
&#xD;
2019-12-18 09:28:56 - [MESSAGE][PASSED] - Send request successfully&#xD;
&#xD;
2019-12-18 09:28:56 - [TEST_STEP][PASSED] - body_content = responseBodyContent: null&#xD;
&#xD;
2019-12-18 09:28:56 - [TEST_STEP][PASSED] - status_code = statusCode: null&#xD;
&#xD;
2019-12-18 09:28:56 - [TEST_STEP][PASSED] - respDataMap = JsonSlurper().parseText(body_content): null&#xD;
&#xD;
2019-12-18 09:28:56 - [TEST_STEP][PASSED] - out.println(respDataMap): null&#xD;
&#xD;
2019-12-18 09:28:56 - [TEST_STEP][PASSED] - println(body_content): null&#xD;
&#xD;
2019-12-18 09:28:56 - [TEST_STEP][PASSED] - rc_ref = ReturnCodeWrapper(var_expected_rc).getEnumRC(): null&#xD;
&#xD;
2019-12-18 09:28:56 - [TEST_STEP][PASSED] - out.println(var_expected_rc): null&#xD;
&#xD;
2019-12-18 09:28:56 - [TEST_STEP][PASSED] - out.println(rc_ref.getRCName()): null&#xD;
&#xD;
2019-12-18 09:28:56 - [TEST_STEP][PASSED] - out.println(rc_ref.getHttpResponse()): null&#xD;
&#xD;
2019-12-18 09:28:56 - [TEST_STEP][PASSED] - result = verifyEqual(response_code, rc_ref.getRCName()): Actual object 'RC01' and expected object 'RC01' are equal&#xD;
&#xD;
2019-12-18 09:28:56 - [MESSAGE][PASSED] - Actual object 'RC01' and expected object 'RC01' are equal</system-out>
            <system-err></system-err>
        </testcase>
        <testcase name="Test Cases/E_Wallet/Check_Transaction_By_Journal_Number/Check_Transaction_By_Journal_Number" classname="Test Cases/E_Wallet/Check_Transaction_By_Journal_Number/Check_Transaction_By_Journal_Number" status="PASSED">
            <system-out>2019-12-18 09:28:56 - [TEST_CASE][PASSED] - Test Cases/E_Wallet/Check_Transaction_By_Journal_Number/Check_Transaction_By_Journal_Number: Test Cases/E_Wallet/Check_Transaction_By_Journal_Number/Check_Transaction_By_Journal_Number&#xD;
&#xD;
2019-12-18 09:28:56 - [TEST_STEP][PASSED] - plain = "{" + ""user_agent":"" + var_user_agent + ""," + ""journal_number":"" + var_journal_number + ""," + ""chip_id":"" + var_chip_id + ""}": null&#xD;
&#xD;
2019-12-18 09:28:56 - [TEST_STEP][PASSED] - partner_token = partner_token: null&#xD;
&#xD;
2019-12-18 09:28:56 - [TEST_STEP][PASSED] - out.println(plain): null&#xD;
&#xD;
2019-12-18 09:28:56 - [TEST_STEP][PASSED] - out.println("var_customer_token" + var_customer_token): null&#xD;
&#xD;
2019-12-18 09:28:56 - [TEST_STEP][PASSED] - out.println("var_partner_token" + var_partner_token): null&#xD;
&#xD;
2019-12-18 09:28:56 - [TEST_STEP][PASSED] - encipheredData = SecureUtils.encryptAesEwallet(plain, var_aes_key): null&#xD;
&#xD;
2019-12-18 09:28:56 - [TEST_STEP][PASSED] - body = "{"organisation_id":"" + var_organisation_id + ""," + ""data":"" + encipheredData + ""," + ""lang":"" + var_lang + ""}": null&#xD;
&#xD;
2019-12-18 09:28:56 - [TEST_STEP][PASSED] - out.println(body): null&#xD;
&#xD;
2019-12-18 09:28:56 - [TEST_STEP][PASSED] - request = findTestObject("E_Wallet/Check_Transaction_By_Journal_Number"): null&#xD;
&#xD;
2019-12-18 09:28:56 - [TEST_STEP][PASSED] - request.setBodyContent(new com.kms.katalon.core.testobject.impl.HttpTextBodyContent(body, UTF-8, application/json)): null&#xD;
&#xD;
2019-12-18 09:28:56 - [TEST_STEP][PASSED] - if (var_customer_token == 0): null&#xD;
&#xD;
2019-12-18 09:28:56 - [TEST_STEP][PASSED] - else: null&#xD;
&#xD;
2019-12-18 09:28:56 - [TEST_STEP][PASSED] - out.println("using access_token = " + access_token_customer): null&#xD;
&#xD;
2019-12-18 09:28:56 - [TEST_STEP][PASSED] - listQuery = new java.util.ArrayList(): null&#xD;
&#xD;
2019-12-18 09:28:56 - [TEST_STEP][PASSED] - listQuery.add(new com.kms.katalon.core.testobject.TestObjectProperty(token, com.kms.katalon.core.testobject.ConditionType.EQUALS, internal.GlobalVariable.access_token_customer)): null&#xD;
&#xD;
2019-12-18 09:28:56 - [TEST_STEP][PASSED] - request.setRestParameters(listQuery): null&#xD;
&#xD;
2019-12-18 09:28:56 - [TEST_STEP][PASSED] - response = sendRequest(request): Send request successfully&#xD;
&#xD;
2019-12-18 09:28:56 - [MESSAGE][INFO] - HAR: D:\katalon-ewallet\Reports\E_Wallet\Check_Transaction_By_Journal_Number\Test_Suite_Check_Transaction_By_Journal_Number\20191218_092849\requests\main\3.har&#xD;
&#xD;
2019-12-18 09:28:56 - [MESSAGE][PASSED] - Send request successfully&#xD;
&#xD;
2019-12-18 09:28:56 - [TEST_STEP][PASSED] - body_content = responseBodyContent: null&#xD;
&#xD;
2019-12-18 09:28:56 - [TEST_STEP][PASSED] - status_code = statusCode: null&#xD;
&#xD;
2019-12-18 09:28:56 - [TEST_STEP][PASSED] - respDataMap = JsonSlurper().parseText(body_content): null&#xD;
&#xD;
2019-12-18 09:28:56 - [TEST_STEP][PASSED] - out.println(respDataMap): null&#xD;
&#xD;
2019-12-18 09:28:56 - [TEST_STEP][PASSED] - println(body_content): null&#xD;
&#xD;
2019-12-18 09:28:56 - [TEST_STEP][PASSED] - rc_ref = ReturnCodeWrapper(var_expected_rc).getEnumRC(): null&#xD;
&#xD;
2019-12-18 09:28:56 - [TEST_STEP][PASSED] - out.println(var_expected_rc): null&#xD;
&#xD;
2019-12-18 09:28:56 - [TEST_STEP][PASSED] - out.println(rc_ref.getRCName()): null&#xD;
&#xD;
2019-12-18 09:28:56 - [TEST_STEP][PASSED] - out.println(rc_ref.getHttpResponse()): null&#xD;
&#xD;
2019-12-18 09:28:56 - [TEST_STEP][PASSED] - result = verifyEqual(response_code, rc_ref.getRCName()): Actual object 'RC01' and expected object 'RC01' are equal&#xD;
&#xD;
2019-12-18 09:28:56 - [MESSAGE][PASSED] - Actual object 'RC01' and expected object 'RC01' are equal</system-out>
            <system-err></system-err>
        </testcase>
        <testcase name="Test Cases/E_Wallet/Check_Transaction_By_Journal_Number/Check_Transaction_By_Journal_Number" classname="Test Cases/E_Wallet/Check_Transaction_By_Journal_Number/Check_Transaction_By_Journal_Number" status="PASSED">
            <system-out>2019-12-18 09:28:56 - [TEST_CASE][PASSED] - Test Cases/E_Wallet/Check_Transaction_By_Journal_Number/Check_Transaction_By_Journal_Number: Test Cases/E_Wallet/Check_Transaction_By_Journal_Number/Check_Transaction_By_Journal_Number&#xD;
&#xD;
2019-12-18 09:28:56 - [TEST_STEP][PASSED] - plain = "{" + ""user_agent":"" + var_user_agent + ""," + ""journal_number":"" + var_journal_number + ""," + ""chip_id":"" + var_chip_id + ""}": null&#xD;
&#xD;
2019-12-18 09:28:56 - [TEST_STEP][PASSED] - partner_token = partner_token: null&#xD;
&#xD;
2019-12-18 09:28:56 - [TEST_STEP][PASSED] - out.println(plain): null&#xD;
&#xD;
2019-12-18 09:28:56 - [TEST_STEP][PASSED] - out.println("var_customer_token" + var_customer_token): null&#xD;
&#xD;
2019-12-18 09:28:56 - [TEST_STEP][PASSED] - out.println("var_partner_token" + var_partner_token): null&#xD;
&#xD;
2019-12-18 09:28:56 - [TEST_STEP][PASSED] - encipheredData = SecureUtils.encryptAesEwallet(plain, var_aes_key): null&#xD;
&#xD;
2019-12-18 09:28:56 - [TEST_STEP][PASSED] - body = "{"organisation_id":"" + var_organisation_id + ""," + ""data":"" + encipheredData + ""," + ""lang":"" + var_lang + ""}": null&#xD;
&#xD;
2019-12-18 09:28:56 - [TEST_STEP][PASSED] - out.println(body): null&#xD;
&#xD;
2019-12-18 09:28:56 - [TEST_STEP][PASSED] - request = findTestObject("E_Wallet/Check_Transaction_By_Journal_Number"): null&#xD;
&#xD;
2019-12-18 09:28:56 - [TEST_STEP][PASSED] - request.setBodyContent(new com.kms.katalon.core.testobject.impl.HttpTextBodyContent(body, UTF-8, application/json)): null&#xD;
&#xD;
2019-12-18 09:28:56 - [TEST_STEP][PASSED] - if (var_customer_token == 0): null&#xD;
&#xD;
2019-12-18 09:28:56 - [TEST_STEP][PASSED] - else: null&#xD;
&#xD;
2019-12-18 09:28:56 - [TEST_STEP][PASSED] - out.println("using access_token = " + access_token_customer): null&#xD;
&#xD;
2019-12-18 09:28:56 - [TEST_STEP][PASSED] - listQuery = new java.util.ArrayList(): null&#xD;
&#xD;
2019-12-18 09:28:56 - [TEST_STEP][PASSED] - listQuery.add(new com.kms.katalon.core.testobject.TestObjectProperty(token, com.kms.katalon.core.testobject.ConditionType.EQUALS, internal.GlobalVariable.access_token_customer)): null&#xD;
&#xD;
2019-12-18 09:28:56 - [TEST_STEP][PASSED] - request.setRestParameters(listQuery): null&#xD;
&#xD;
2019-12-18 09:28:56 - [TEST_STEP][PASSED] - response = sendRequest(request): Send request successfully&#xD;
&#xD;
2019-12-18 09:28:56 - [MESSAGE][INFO] - HAR: D:\katalon-ewallet\Reports\E_Wallet\Check_Transaction_By_Journal_Number\Test_Suite_Check_Transaction_By_Journal_Number\20191218_092849\requests\main\4.har&#xD;
&#xD;
2019-12-18 09:28:56 - [MESSAGE][PASSED] - Send request successfully&#xD;
&#xD;
2019-12-18 09:28:56 - [TEST_STEP][PASSED] - body_content = responseBodyContent: null&#xD;
&#xD;
2019-12-18 09:28:56 - [TEST_STEP][PASSED] - status_code = statusCode: null&#xD;
&#xD;
2019-12-18 09:28:56 - [TEST_STEP][PASSED] - respDataMap = JsonSlurper().parseText(body_content): null&#xD;
&#xD;
2019-12-18 09:28:56 - [TEST_STEP][PASSED] - out.println(respDataMap): null&#xD;
&#xD;
2019-12-18 09:28:56 - [TEST_STEP][PASSED] - println(body_content): null&#xD;
&#xD;
2019-12-18 09:28:56 - [TEST_STEP][PASSED] - rc_ref = ReturnCodeWrapper(var_expected_rc).getEnumRC(): null&#xD;
&#xD;
2019-12-18 09:28:56 - [TEST_STEP][PASSED] - out.println(var_expected_rc): null&#xD;
&#xD;
2019-12-18 09:28:56 - [TEST_STEP][PASSED] - out.println(rc_ref.getRCName()): null&#xD;
&#xD;
2019-12-18 09:28:56 - [TEST_STEP][PASSED] - out.println(rc_ref.getHttpResponse()): null&#xD;
&#xD;
2019-12-18 09:28:56 - [TEST_STEP][PASSED] - result = verifyEqual(response_code, rc_ref.getRCName()): Actual object 'RC01' and expected object 'RC01' are equal&#xD;
&#xD;
2019-12-18 09:28:56 - [MESSAGE][PASSED] - Actual object 'RC01' and expected object 'RC01' are equal</system-out>
            <system-err></system-err>
        </testcase>
        <testcase name="Test Cases/E_Wallet/Check_Transaction_By_Journal_Number/Check_Transaction_By_Journal_Number" classname="Test Cases/E_Wallet/Check_Transaction_By_Journal_Number/Check_Transaction_By_Journal_Number" status="PASSED">
            <system-out>2019-12-18 09:28:56 - [TEST_CASE][PASSED] - Test Cases/E_Wallet/Check_Transaction_By_Journal_Number/Check_Transaction_By_Journal_Number: Test Cases/E_Wallet/Check_Transaction_By_Journal_Number/Check_Transaction_By_Journal_Number&#xD;
&#xD;
2019-12-18 09:28:56 - [TEST_STEP][PASSED] - plain = "{" + ""user_agent":"" + var_user_agent + ""," + ""journal_number":"" + var_journal_number + ""," + ""chip_id":"" + var_chip_id + ""}": null&#xD;
&#xD;
2019-12-18 09:28:56 - [TEST_STEP][PASSED] - partner_token = partner_token: null&#xD;
&#xD;
2019-12-18 09:28:56 - [TEST_STEP][PASSED] - out.println(plain): null&#xD;
&#xD;
2019-12-18 09:28:56 - [TEST_STEP][PASSED] - out.println("var_customer_token" + var_customer_token): null&#xD;
&#xD;
2019-12-18 09:28:56 - [TEST_STEP][PASSED] - out.println("var_partner_token" + var_partner_token): null&#xD;
&#xD;
2019-12-18 09:28:56 - [TEST_STEP][PASSED] - encipheredData = SecureUtils.encryptAesEwallet(plain, var_aes_key): null&#xD;
&#xD;
2019-12-18 09:28:56 - [TEST_STEP][PASSED] - body = "{"organisation_id":"" + var_organisation_id + ""," + ""data":"" + encipheredData + ""," + ""lang":"" + var_lang + ""}": null&#xD;
&#xD;
2019-12-18 09:28:56 - [TEST_STEP][PASSED] - out.println(body): null&#xD;
&#xD;
2019-12-18 09:28:56 - [TEST_STEP][PASSED] - request = findTestObject("E_Wallet/Check_Transaction_By_Journal_Number"): null&#xD;
&#xD;
2019-12-18 09:28:56 - [TEST_STEP][PASSED] - request.setBodyContent(new com.kms.katalon.core.testobject.impl.HttpTextBodyContent(body, UTF-8, application/json)): null&#xD;
&#xD;
2019-12-18 09:28:56 - [TEST_STEP][PASSED] - if (var_customer_token == 0): null&#xD;
&#xD;
2019-12-18 09:28:56 - [TEST_STEP][PASSED] - else: null&#xD;
&#xD;
2019-12-18 09:28:56 - [TEST_STEP][PASSED] - out.println("using access_token = " + access_token_customer): null&#xD;
&#xD;
2019-12-18 09:28:56 - [TEST_STEP][PASSED] - listQuery = new java.util.ArrayList(): null&#xD;
&#xD;
2019-12-18 09:28:56 - [TEST_STEP][PASSED] - listQuery.add(new com.kms.katalon.core.testobject.TestObjectProperty(token, com.kms.katalon.core.testobject.ConditionType.EQUALS, internal.GlobalVariable.access_token_customer)): null&#xD;
&#xD;
2019-12-18 09:28:56 - [TEST_STEP][PASSED] - request.setRestParameters(listQuery): null&#xD;
&#xD;
2019-12-18 09:28:56 - [TEST_STEP][PASSED] - response = sendRequest(request): Send request successfully&#xD;
&#xD;
2019-12-18 09:28:57 - [MESSAGE][INFO] - HAR: D:\katalon-ewallet\Reports\E_Wallet\Check_Transaction_By_Journal_Number\Test_Suite_Check_Transaction_By_Journal_Number\20191218_092849\requests\main\5.har&#xD;
&#xD;
2019-12-18 09:28:57 - [MESSAGE][PASSED] - Send request successfully&#xD;
&#xD;
2019-12-18 09:28:57 - [TEST_STEP][PASSED] - body_content = responseBodyContent: null&#xD;
&#xD;
2019-12-18 09:28:57 - [TEST_STEP][PASSED] - status_code = statusCode: null&#xD;
&#xD;
2019-12-18 09:28:57 - [TEST_STEP][PASSED] - respDataMap = JsonSlurper().parseText(body_content): null&#xD;
&#xD;
2019-12-18 09:28:57 - [TEST_STEP][PASSED] - out.println(respDataMap): null&#xD;
&#xD;
2019-12-18 09:28:57 - [TEST_STEP][PASSED] - println(body_content): null&#xD;
&#xD;
2019-12-18 09:28:57 - [TEST_STEP][PASSED] - rc_ref = ReturnCodeWrapper(var_expected_rc).getEnumRC(): null&#xD;
&#xD;
2019-12-18 09:28:57 - [TEST_STEP][PASSED] - out.println(var_expected_rc): null&#xD;
&#xD;
2019-12-18 09:28:57 - [TEST_STEP][PASSED] - out.println(rc_ref.getRCName()): null&#xD;
&#xD;
2019-12-18 09:28:57 - [TEST_STEP][PASSED] - out.println(rc_ref.getHttpResponse()): null&#xD;
&#xD;
2019-12-18 09:28:57 - [TEST_STEP][PASSED] - result = verifyEqual(response_code, rc_ref.getRCName()): Actual object 'RC01' and expected object 'RC01' are equal&#xD;
&#xD;
2019-12-18 09:28:57 - [MESSAGE][PASSED] - Actual object 'RC01' and expected object 'RC01' are equal</system-out>
            <system-err></system-err>
        </testcase>
        <testcase name="Test Cases/E_Wallet/Check_Transaction_By_Journal_Number/Check_Transaction_By_Journal_Number" classname="Test Cases/E_Wallet/Check_Transaction_By_Journal_Number/Check_Transaction_By_Journal_Number" status="PASSED">
            <system-out>2019-12-18 09:28:57 - [TEST_CASE][PASSED] - Test Cases/E_Wallet/Check_Transaction_By_Journal_Number/Check_Transaction_By_Journal_Number: Test Cases/E_Wallet/Check_Transaction_By_Journal_Number/Check_Transaction_By_Journal_Number&#xD;
&#xD;
2019-12-18 09:28:57 - [TEST_STEP][PASSED] - plain = "{" + ""user_agent":"" + var_user_agent + ""," + ""journal_number":"" + var_journal_number + ""," + ""chip_id":"" + var_chip_id + ""}": null&#xD;
&#xD;
2019-12-18 09:28:57 - [TEST_STEP][PASSED] - partner_token = partner_token: null&#xD;
&#xD;
2019-12-18 09:28:57 - [TEST_STEP][PASSED] - out.println(plain): null&#xD;
&#xD;
2019-12-18 09:28:57 - [TEST_STEP][PASSED] - out.println("var_customer_token" + var_customer_token): null&#xD;
&#xD;
2019-12-18 09:28:57 - [TEST_STEP][PASSED] - out.println("var_partner_token" + var_partner_token): null&#xD;
&#xD;
2019-12-18 09:28:57 - [TEST_STEP][PASSED] - encipheredData = SecureUtils.encryptAesEwallet(plain, var_aes_key): null&#xD;
&#xD;
2019-12-18 09:28:57 - [TEST_STEP][PASSED] - body = "{"organisation_id":"" + var_organisation_id + ""," + ""data":"" + encipheredData + ""," + ""lang":"" + var_lang + ""}": null&#xD;
&#xD;
2019-12-18 09:28:57 - [TEST_STEP][PASSED] - out.println(body): null&#xD;
&#xD;
2019-12-18 09:28:57 - [TEST_STEP][PASSED] - request = findTestObject("E_Wallet/Check_Transaction_By_Journal_Number"): null&#xD;
&#xD;
2019-12-18 09:28:57 - [TEST_STEP][PASSED] - request.setBodyContent(new com.kms.katalon.core.testobject.impl.HttpTextBodyContent(body, UTF-8, application/json)): null&#xD;
&#xD;
2019-12-18 09:28:57 - [TEST_STEP][PASSED] - if (var_customer_token == 0): null&#xD;
&#xD;
2019-12-18 09:28:57 - [TEST_STEP][PASSED] - else: null&#xD;
&#xD;
2019-12-18 09:28:57 - [TEST_STEP][PASSED] - out.println("using access_token = " + access_token_customer): null&#xD;
&#xD;
2019-12-18 09:28:57 - [TEST_STEP][PASSED] - listQuery = new java.util.ArrayList(): null&#xD;
&#xD;
2019-12-18 09:28:57 - [TEST_STEP][PASSED] - listQuery.add(new com.kms.katalon.core.testobject.TestObjectProperty(token, com.kms.katalon.core.testobject.ConditionType.EQUALS, internal.GlobalVariable.access_token_customer)): null&#xD;
&#xD;
2019-12-18 09:28:57 - [TEST_STEP][PASSED] - request.setRestParameters(listQuery): null&#xD;
&#xD;
2019-12-18 09:28:57 - [TEST_STEP][PASSED] - response = sendRequest(request): Send request successfully&#xD;
&#xD;
2019-12-18 09:28:57 - [MESSAGE][INFO] - HAR: D:\katalon-ewallet\Reports\E_Wallet\Check_Transaction_By_Journal_Number\Test_Suite_Check_Transaction_By_Journal_Number\20191218_092849\requests\main\6.har&#xD;
&#xD;
2019-12-18 09:28:57 - [MESSAGE][PASSED] - Send request successfully&#xD;
&#xD;
2019-12-18 09:28:57 - [TEST_STEP][PASSED] - body_content = responseBodyContent: null&#xD;
&#xD;
2019-12-18 09:28:57 - [TEST_STEP][PASSED] - status_code = statusCode: null&#xD;
&#xD;
2019-12-18 09:28:57 - [TEST_STEP][PASSED] - respDataMap = JsonSlurper().parseText(body_content): null&#xD;
&#xD;
2019-12-18 09:28:57 - [TEST_STEP][PASSED] - out.println(respDataMap): null&#xD;
&#xD;
2019-12-18 09:28:57 - [TEST_STEP][PASSED] - println(body_content): null&#xD;
&#xD;
2019-12-18 09:28:57 - [TEST_STEP][PASSED] - rc_ref = ReturnCodeWrapper(var_expected_rc).getEnumRC(): null&#xD;
&#xD;
2019-12-18 09:28:57 - [TEST_STEP][PASSED] - out.println(var_expected_rc): null&#xD;
&#xD;
2019-12-18 09:28:57 - [TEST_STEP][PASSED] - out.println(rc_ref.getRCName()): null&#xD;
&#xD;
2019-12-18 09:28:57 - [TEST_STEP][PASSED] - out.println(rc_ref.getHttpResponse()): null&#xD;
&#xD;
2019-12-18 09:28:57 - [TEST_STEP][PASSED] - result = verifyEqual(response_code, rc_ref.getRCName()): Actual object 'RC01' and expected object 'RC01' are equal&#xD;
&#xD;
2019-12-18 09:28:57 - [MESSAGE][PASSED] - Actual object 'RC01' and expected object 'RC01' are equal</system-out>
            <system-err></system-err>
        </testcase>
        <testcase name="Test Cases/E_Wallet/Check_Transaction_By_Journal_Number/Check_Transaction_By_Journal_Number" classname="Test Cases/E_Wallet/Check_Transaction_By_Journal_Number/Check_Transaction_By_Journal_Number" status="PASSED">
            <system-out>2019-12-18 09:28:57 - [TEST_CASE][PASSED] - Test Cases/E_Wallet/Check_Transaction_By_Journal_Number/Check_Transaction_By_Journal_Number: Test Cases/E_Wallet/Check_Transaction_By_Journal_Number/Check_Transaction_By_Journal_Number&#xD;
&#xD;
2019-12-18 09:28:57 - [TEST_STEP][PASSED] - plain = "{" + ""user_agent":"" + var_user_agent + ""," + ""journal_number":"" + var_journal_number + ""," + ""chip_id":"" + var_chip_id + ""}": null&#xD;
&#xD;
2019-12-18 09:28:57 - [TEST_STEP][PASSED] - partner_token = partner_token: null&#xD;
&#xD;
2019-12-18 09:28:57 - [TEST_STEP][PASSED] - out.println(plain): null&#xD;
&#xD;
2019-12-18 09:28:57 - [TEST_STEP][PASSED] - out.println("var_customer_token" + var_customer_token): null&#xD;
&#xD;
2019-12-18 09:28:57 - [TEST_STEP][PASSED] - out.println("var_partner_token" + var_partner_token): null&#xD;
&#xD;
2019-12-18 09:28:57 - [TEST_STEP][PASSED] - encipheredData = SecureUtils.encryptAesEwallet(plain, var_aes_key): null&#xD;
&#xD;
2019-12-18 09:28:57 - [TEST_STEP][PASSED] - body = "{"organisation_id":"" + var_organisation_id + ""," + ""data":"" + encipheredData + ""," + ""lang":"" + var_lang + ""}": null&#xD;
&#xD;
2019-12-18 09:28:57 - [TEST_STEP][PASSED] - out.println(body): null&#xD;
&#xD;
2019-12-18 09:28:57 - [TEST_STEP][PASSED] - request = findTestObject("E_Wallet/Check_Transaction_By_Journal_Number"): null&#xD;
&#xD;
2019-12-18 09:28:57 - [TEST_STEP][PASSED] - request.setBodyContent(new com.kms.katalon.core.testobject.impl.HttpTextBodyContent(body, UTF-8, application/json)): null&#xD;
&#xD;
2019-12-18 09:28:57 - [TEST_STEP][PASSED] - if (var_customer_token == 0): null&#xD;
&#xD;
2019-12-18 09:28:57 - [TEST_STEP][PASSED] - else: null&#xD;
&#xD;
2019-12-18 09:28:57 - [TEST_STEP][PASSED] - out.println("using access_token = " + access_token_customer): null&#xD;
&#xD;
2019-12-18 09:28:57 - [TEST_STEP][PASSED] - listQuery = new java.util.ArrayList(): null&#xD;
&#xD;
2019-12-18 09:28:57 - [TEST_STEP][PASSED] - listQuery.add(new com.kms.katalon.core.testobject.TestObjectProperty(token, com.kms.katalon.core.testobject.ConditionType.EQUALS, internal.GlobalVariable.access_token_customer)): null&#xD;
&#xD;
2019-12-18 09:28:57 - [TEST_STEP][PASSED] - request.setRestParameters(listQuery): null&#xD;
&#xD;
2019-12-18 09:28:57 - [TEST_STEP][PASSED] - response = sendRequest(request): Send request successfully&#xD;
&#xD;
2019-12-18 09:28:57 - [MESSAGE][INFO] - HAR: D:\katalon-ewallet\Reports\E_Wallet\Check_Transaction_By_Journal_Number\Test_Suite_Check_Transaction_By_Journal_Number\20191218_092849\requests\main\7.har&#xD;
&#xD;
2019-12-18 09:28:57 - [MESSAGE][PASSED] - Send request successfully&#xD;
&#xD;
2019-12-18 09:28:57 - [TEST_STEP][PASSED] - body_content = responseBodyContent: null&#xD;
&#xD;
2019-12-18 09:28:57 - [TEST_STEP][PASSED] - status_code = statusCode: null&#xD;
&#xD;
2019-12-18 09:28:57 - [TEST_STEP][PASSED] - respDataMap = JsonSlurper().parseText(body_content): null&#xD;
&#xD;
2019-12-18 09:28:57 - [TEST_STEP][PASSED] - out.println(respDataMap): null&#xD;
&#xD;
2019-12-18 09:28:57 - [TEST_STEP][PASSED] - println(body_content): null&#xD;
&#xD;
2019-12-18 09:28:57 - [TEST_STEP][PASSED] - rc_ref = ReturnCodeWrapper(var_expected_rc).getEnumRC(): null&#xD;
&#xD;
2019-12-18 09:28:57 - [TEST_STEP][PASSED] - out.println(var_expected_rc): null&#xD;
&#xD;
2019-12-18 09:28:57 - [TEST_STEP][PASSED] - out.println(rc_ref.getRCName()): null&#xD;
&#xD;
2019-12-18 09:28:57 - [TEST_STEP][PASSED] - out.println(rc_ref.getHttpResponse()): null&#xD;
&#xD;
2019-12-18 09:28:57 - [TEST_STEP][PASSED] - result = verifyEqual(response_code, rc_ref.getRCName()): Actual object 'RC01' and expected object 'RC01' are equal&#xD;
&#xD;
2019-12-18 09:28:57 - [MESSAGE][PASSED] - Actual object 'RC01' and expected object 'RC01' are equal</system-out>
            <system-err></system-err>
        </testcase>
        <testcase name="Test Cases/E_Wallet/Check_Transaction_By_Journal_Number/Check_Transaction_By_Journal_Number" classname="Test Cases/E_Wallet/Check_Transaction_By_Journal_Number/Check_Transaction_By_Journal_Number" status="PASSED">
            <system-out>2019-12-18 09:28:57 - [TEST_CASE][PASSED] - Test Cases/E_Wallet/Check_Transaction_By_Journal_Number/Check_Transaction_By_Journal_Number: Test Cases/E_Wallet/Check_Transaction_By_Journal_Number/Check_Transaction_By_Journal_Number&#xD;
&#xD;
2019-12-18 09:28:57 - [TEST_STEP][PASSED] - plain = "{" + ""user_agent":"" + var_user_agent + ""," + ""journal_number":"" + var_journal_number + ""," + ""chip_id":"" + var_chip_id + ""}": null&#xD;
&#xD;
2019-12-18 09:28:57 - [TEST_STEP][PASSED] - partner_token = partner_token: null&#xD;
&#xD;
2019-12-18 09:28:57 - [TEST_STEP][PASSED] - out.println(plain): null&#xD;
&#xD;
2019-12-18 09:28:57 - [TEST_STEP][PASSED] - out.println("var_customer_token" + var_customer_token): null&#xD;
&#xD;
2019-12-18 09:28:57 - [TEST_STEP][PASSED] - out.println("var_partner_token" + var_partner_token): null&#xD;
&#xD;
2019-12-18 09:28:57 - [TEST_STEP][PASSED] - encipheredData = SecureUtils.encryptAesEwallet(plain, var_aes_key): null&#xD;
&#xD;
2019-12-18 09:28:57 - [TEST_STEP][PASSED] - body = "{"organisation_id":"" + var_organisation_id + ""," + ""data":"" + encipheredData + ""," + ""lang":"" + var_lang + ""}": null&#xD;
&#xD;
2019-12-18 09:28:57 - [TEST_STEP][PASSED] - out.println(body): null&#xD;
&#xD;
2019-12-18 09:28:57 - [TEST_STEP][PASSED] - request = findTestObject("E_Wallet/Check_Transaction_By_Journal_Number"): null&#xD;
&#xD;
2019-12-18 09:28:57 - [TEST_STEP][PASSED] - request.setBodyContent(new com.kms.katalon.core.testobject.impl.HttpTextBodyContent(body, UTF-8, application/json)): null&#xD;
&#xD;
2019-12-18 09:28:57 - [TEST_STEP][PASSED] - if (var_customer_token == 0): null&#xD;
&#xD;
2019-12-18 09:28:57 - [TEST_STEP][PASSED] - else: null&#xD;
&#xD;
2019-12-18 09:28:57 - [TEST_STEP][PASSED] - out.println("using access_token = " + access_token_customer): null&#xD;
&#xD;
2019-12-18 09:28:57 - [TEST_STEP][PASSED] - listQuery = new java.util.ArrayList(): null&#xD;
&#xD;
2019-12-18 09:28:57 - [TEST_STEP][PASSED] - listQuery.add(new com.kms.katalon.core.testobject.TestObjectProperty(token, com.kms.katalon.core.testobject.ConditionType.EQUALS, internal.GlobalVariable.access_token_customer)): null&#xD;
&#xD;
2019-12-18 09:28:57 - [TEST_STEP][PASSED] - request.setRestParameters(listQuery): null&#xD;
&#xD;
2019-12-18 09:28:57 - [TEST_STEP][PASSED] - response = sendRequest(request): Send request successfully&#xD;
&#xD;
2019-12-18 09:28:57 - [MESSAGE][INFO] - HAR: D:\katalon-ewallet\Reports\E_Wallet\Check_Transaction_By_Journal_Number\Test_Suite_Check_Transaction_By_Journal_Number\20191218_092849\requests\main\8.har&#xD;
&#xD;
2019-12-18 09:28:57 - [MESSAGE][PASSED] - Send request successfully&#xD;
&#xD;
2019-12-18 09:28:57 - [TEST_STEP][PASSED] - body_content = responseBodyContent: null&#xD;
&#xD;
2019-12-18 09:28:57 - [TEST_STEP][PASSED] - status_code = statusCode: null&#xD;
&#xD;
2019-12-18 09:28:57 - [TEST_STEP][PASSED] - respDataMap = JsonSlurper().parseText(body_content): null&#xD;
&#xD;
2019-12-18 09:28:57 - [TEST_STEP][PASSED] - out.println(respDataMap): null&#xD;
&#xD;
2019-12-18 09:28:57 - [TEST_STEP][PASSED] - println(body_content): null&#xD;
&#xD;
2019-12-18 09:28:57 - [TEST_STEP][PASSED] - rc_ref = ReturnCodeWrapper(var_expected_rc).getEnumRC(): null&#xD;
&#xD;
2019-12-18 09:28:57 - [TEST_STEP][PASSED] - out.println(var_expected_rc): null&#xD;
&#xD;
2019-12-18 09:28:57 - [TEST_STEP][PASSED] - out.println(rc_ref.getRCName()): null&#xD;
&#xD;
2019-12-18 09:28:57 - [TEST_STEP][PASSED] - out.println(rc_ref.getHttpResponse()): null&#xD;
&#xD;
2019-12-18 09:28:57 - [TEST_STEP][PASSED] - result = verifyEqual(response_code, rc_ref.getRCName()): Actual object 'RC01' and expected object 'RC01' are equal&#xD;
&#xD;
2019-12-18 09:28:57 - [MESSAGE][PASSED] - Actual object 'RC01' and expected object 'RC01' are equal</system-out>
            <system-err></system-err>
        </testcase>
        <testcase name="Test Cases/E_Wallet/Check_Transaction_By_Journal_Number/Check_Transaction_By_Journal_Number" classname="Test Cases/E_Wallet/Check_Transaction_By_Journal_Number/Check_Transaction_By_Journal_Number" status="PASSED">
            <system-out>2019-12-18 09:28:57 - [TEST_CASE][PASSED] - Test Cases/E_Wallet/Check_Transaction_By_Journal_Number/Check_Transaction_By_Journal_Number: Test Cases/E_Wallet/Check_Transaction_By_Journal_Number/Check_Transaction_By_Journal_Number&#xD;
&#xD;
2019-12-18 09:28:57 - [TEST_STEP][PASSED] - plain = "{" + ""user_agent":"" + var_user_agent + ""," + ""journal_number":"" + var_journal_number + ""," + ""chip_id":"" + var_chip_id + ""}": null&#xD;
&#xD;
2019-12-18 09:28:57 - [TEST_STEP][PASSED] - partner_token = partner_token: null&#xD;
&#xD;
2019-12-18 09:28:57 - [TEST_STEP][PASSED] - out.println(plain): null&#xD;
&#xD;
2019-12-18 09:28:57 - [TEST_STEP][PASSED] - out.println("var_customer_token" + var_customer_token): null&#xD;
&#xD;
2019-12-18 09:28:57 - [TEST_STEP][PASSED] - out.println("var_partner_token" + var_partner_token): null&#xD;
&#xD;
2019-12-18 09:28:57 - [TEST_STEP][PASSED] - encipheredData = SecureUtils.encryptAesEwallet(plain, var_aes_key): null&#xD;
&#xD;
2019-12-18 09:28:57 - [TEST_STEP][PASSED] - body = "{"organisation_id":"" + var_organisation_id + ""," + ""data":"" + encipheredData + ""," + ""lang":"" + var_lang + ""}": null&#xD;
&#xD;
2019-12-18 09:28:57 - [TEST_STEP][PASSED] - out.println(body): null&#xD;
&#xD;
2019-12-18 09:28:57 - [TEST_STEP][PASSED] - request = findTestObject("E_Wallet/Check_Transaction_By_Journal_Number"): null&#xD;
&#xD;
2019-12-18 09:28:57 - [TEST_STEP][PASSED] - request.setBodyContent(new com.kms.katalon.core.testobject.impl.HttpTextBodyContent(body, UTF-8, application/json)): null&#xD;
&#xD;
2019-12-18 09:28:57 - [TEST_STEP][PASSED] - if (var_customer_token == 0): null&#xD;
&#xD;
2019-12-18 09:28:57 - [TEST_STEP][PASSED] - else: null&#xD;
&#xD;
2019-12-18 09:28:57 - [TEST_STEP][PASSED] - out.println("using access_token = " + access_token_customer): null&#xD;
&#xD;
2019-12-18 09:28:57 - [TEST_STEP][PASSED] - listQuery = new java.util.ArrayList(): null&#xD;
&#xD;
2019-12-18 09:28:57 - [TEST_STEP][PASSED] - listQuery.add(new com.kms.katalon.core.testobject.TestObjectProperty(token, com.kms.katalon.core.testobject.ConditionType.EQUALS, internal.GlobalVariable.access_token_customer)): null&#xD;
&#xD;
2019-12-18 09:28:57 - [TEST_STEP][PASSED] - request.setRestParameters(listQuery): null&#xD;
&#xD;
2019-12-18 09:28:57 - [TEST_STEP][PASSED] - response = sendRequest(request): Send request successfully&#xD;
&#xD;
2019-12-18 09:28:57 - [MESSAGE][INFO] - HAR: D:\katalon-ewallet\Reports\E_Wallet\Check_Transaction_By_Journal_Number\Test_Suite_Check_Transaction_By_Journal_Number\20191218_092849\requests\main\9.har&#xD;
&#xD;
2019-12-18 09:28:57 - [MESSAGE][PASSED] - Send request successfully&#xD;
&#xD;
2019-12-18 09:28:57 - [TEST_STEP][PASSED] - body_content = responseBodyContent: null&#xD;
&#xD;
2019-12-18 09:28:57 - [TEST_STEP][PASSED] - status_code = statusCode: null&#xD;
&#xD;
2019-12-18 09:28:57 - [TEST_STEP][PASSED] - respDataMap = JsonSlurper().parseText(body_content): null&#xD;
&#xD;
2019-12-18 09:28:57 - [TEST_STEP][PASSED] - out.println(respDataMap): null&#xD;
&#xD;
2019-12-18 09:28:57 - [TEST_STEP][PASSED] - println(body_content): null&#xD;
&#xD;
2019-12-18 09:28:57 - [TEST_STEP][PASSED] - rc_ref = ReturnCodeWrapper(var_expected_rc).getEnumRC(): null&#xD;
&#xD;
2019-12-18 09:28:57 - [TEST_STEP][PASSED] - out.println(var_expected_rc): null&#xD;
&#xD;
2019-12-18 09:28:57 - [TEST_STEP][PASSED] - out.println(rc_ref.getRCName()): null&#xD;
&#xD;
2019-12-18 09:28:57 - [TEST_STEP][PASSED] - out.println(rc_ref.getHttpResponse()): null&#xD;
&#xD;
2019-12-18 09:28:57 - [TEST_STEP][PASSED] - result = verifyEqual(response_code, rc_ref.getRCName()): Actual object 'RC02' and expected object 'RC02' are equal&#xD;
&#xD;
2019-12-18 09:28:57 - [MESSAGE][PASSED] - Actual object 'RC02' and expected object 'RC02' are equal</system-out>
            <system-err></system-err>
        </testcase>
        <testcase name="Test Cases/E_Wallet/Check_Transaction_By_Journal_Number/Check_Transaction_By_Journal_Number" classname="Test Cases/E_Wallet/Check_Transaction_By_Journal_Number/Check_Transaction_By_Journal_Number" status="PASSED">
            <system-out>2019-12-18 09:28:57 - [TEST_CASE][PASSED] - Test Cases/E_Wallet/Check_Transaction_By_Journal_Number/Check_Transaction_By_Journal_Number: Test Cases/E_Wallet/Check_Transaction_By_Journal_Number/Check_Transaction_By_Journal_Number&#xD;
&#xD;
2019-12-18 09:28:58 - [TEST_STEP][PASSED] - plain = "{" + ""user_agent":"" + var_user_agent + ""," + ""journal_number":"" + var_journal_number + ""," + ""chip_id":"" + var_chip_id + ""}": null&#xD;
&#xD;
2019-12-18 09:28:58 - [TEST_STEP][PASSED] - partner_token = partner_token: null&#xD;
&#xD;
2019-12-18 09:28:58 - [TEST_STEP][PASSED] - out.println(plain): null&#xD;
&#xD;
2019-12-18 09:28:58 - [TEST_STEP][PASSED] - out.println("var_customer_token" + var_customer_token): null&#xD;
&#xD;
2019-12-18 09:28:58 - [TEST_STEP][PASSED] - out.println("var_partner_token" + var_partner_token): null&#xD;
&#xD;
2019-12-18 09:28:58 - [TEST_STEP][PASSED] - encipheredData = SecureUtils.encryptAesEwallet(plain, var_aes_key): null&#xD;
&#xD;
2019-12-18 09:28:58 - [TEST_STEP][PASSED] - body = "{"organisation_id":"" + var_organisation_id + ""," + ""data":"" + encipheredData + ""," + ""lang":"" + var_lang + ""}": null&#xD;
&#xD;
2019-12-18 09:28:58 - [TEST_STEP][PASSED] - out.println(body): null&#xD;
&#xD;
2019-12-18 09:28:58 - [TEST_STEP][PASSED] - request = findTestObject("E_Wallet/Check_Transaction_By_Journal_Number"): null&#xD;
&#xD;
2019-12-18 09:28:58 - [TEST_STEP][PASSED] - request.setBodyContent(new com.kms.katalon.core.testobject.impl.HttpTextBodyContent(body, UTF-8, application/json)): null&#xD;
&#xD;
2019-12-18 09:28:58 - [TEST_STEP][PASSED] - if (var_customer_token == 0): null&#xD;
&#xD;
2019-12-18 09:28:58 - [TEST_STEP][PASSED] - else: null&#xD;
&#xD;
2019-12-18 09:28:58 - [TEST_STEP][PASSED] - out.println("using access_token = " + access_token_customer): null&#xD;
&#xD;
2019-12-18 09:28:58 - [TEST_STEP][PASSED] - listQuery = new java.util.ArrayList(): null&#xD;
&#xD;
2019-12-18 09:28:58 - [TEST_STEP][PASSED] - listQuery.add(new com.kms.katalon.core.testobject.TestObjectProperty(token, com.kms.katalon.core.testobject.ConditionType.EQUALS, internal.GlobalVariable.access_token_customer)): null&#xD;
&#xD;
2019-12-18 09:28:58 - [TEST_STEP][PASSED] - request.setRestParameters(listQuery): null&#xD;
&#xD;
2019-12-18 09:28:58 - [TEST_STEP][PASSED] - response = sendRequest(request): Send request successfully&#xD;
&#xD;
2019-12-18 09:28:58 - [MESSAGE][INFO] - HAR: D:\katalon-ewallet\Reports\E_Wallet\Check_Transaction_By_Journal_Number\Test_Suite_Check_Transaction_By_Journal_Number\20191218_092849\requests\main\10.har&#xD;
&#xD;
2019-12-18 09:28:58 - [MESSAGE][PASSED] - Send request successfully&#xD;
&#xD;
2019-12-18 09:28:58 - [TEST_STEP][PASSED] - body_content = responseBodyContent: null&#xD;
&#xD;
2019-12-18 09:28:58 - [TEST_STEP][PASSED] - status_code = statusCode: null&#xD;
&#xD;
2019-12-18 09:28:58 - [TEST_STEP][PASSED] - respDataMap = JsonSlurper().parseText(body_content): null&#xD;
&#xD;
2019-12-18 09:28:58 - [TEST_STEP][PASSED] - out.println(respDataMap): null&#xD;
&#xD;
2019-12-18 09:28:58 - [TEST_STEP][PASSED] - println(body_content): null&#xD;
&#xD;
2019-12-18 09:28:58 - [TEST_STEP][PASSED] - rc_ref = ReturnCodeWrapper(var_expected_rc).getEnumRC(): null&#xD;
&#xD;
2019-12-18 09:28:58 - [TEST_STEP][PASSED] - out.println(var_expected_rc): null&#xD;
&#xD;
2019-12-18 09:28:58 - [TEST_STEP][PASSED] - out.println(rc_ref.getRCName()): null&#xD;
&#xD;
2019-12-18 09:28:58 - [TEST_STEP][PASSED] - out.println(rc_ref.getHttpResponse()): null&#xD;
&#xD;
2019-12-18 09:28:58 - [TEST_STEP][PASSED] - result = verifyEqual(response_code, rc_ref.getRCName()): Actual object 'RC01' and expected object 'RC01' are equal&#xD;
&#xD;
2019-12-18 09:28:58 - [MESSAGE][PASSED] - Actual object 'RC01' and expected object 'RC01' are equal</system-out>
            <system-err></system-err>
        </testcase>
        <testcase name="Test Cases/E_Wallet/Check_Transaction_By_Journal_Number/Check_Transaction_By_Journal_Number" classname="Test Cases/E_Wallet/Check_Transaction_By_Journal_Number/Check_Transaction_By_Journal_Number" status="PASSED">
            <system-out>2019-12-18 09:28:58 - [TEST_CASE][PASSED] - Test Cases/E_Wallet/Check_Transaction_By_Journal_Number/Check_Transaction_By_Journal_Number: Test Cases/E_Wallet/Check_Transaction_By_Journal_Number/Check_Transaction_By_Journal_Number&#xD;
&#xD;
2019-12-18 09:28:58 - [TEST_STEP][PASSED] - plain = "{" + ""user_agent":"" + var_user_agent + ""," + ""journal_number":"" + var_journal_number + ""," + ""chip_id":"" + var_chip_id + ""}": null&#xD;
&#xD;
2019-12-18 09:28:58 - [TEST_STEP][PASSED] - partner_token = partner_token: null&#xD;
&#xD;
2019-12-18 09:28:58 - [TEST_STEP][PASSED] - out.println(plain): null&#xD;
&#xD;
2019-12-18 09:28:58 - [TEST_STEP][PASSED] - out.println("var_customer_token" + var_customer_token): null&#xD;
&#xD;
2019-12-18 09:28:58 - [TEST_STEP][PASSED] - out.println("var_partner_token" + var_partner_token): null&#xD;
&#xD;
2019-12-18 09:28:58 - [TEST_STEP][PASSED] - encipheredData = SecureUtils.encryptAesEwallet(plain, var_aes_key): null&#xD;
&#xD;
2019-12-18 09:28:58 - [TEST_STEP][PASSED] - body = "{"organisation_id":"" + var_organisation_id + ""," + ""data":"" + encipheredData + ""," + ""lang":"" + var_lang + ""}": null&#xD;
&#xD;
2019-12-18 09:28:58 - [TEST_STEP][PASSED] - out.println(body): null&#xD;
&#xD;
2019-12-18 09:28:58 - [TEST_STEP][PASSED] - request = findTestObject("E_Wallet/Check_Transaction_By_Journal_Number"): null&#xD;
&#xD;
2019-12-18 09:28:58 - [TEST_STEP][PASSED] - request.setBodyContent(new com.kms.katalon.core.testobject.impl.HttpTextBodyContent(body, UTF-8, application/json)): null&#xD;
&#xD;
2019-12-18 09:28:58 - [TEST_STEP][PASSED] - if (var_customer_token == 0): null&#xD;
&#xD;
2019-12-18 09:28:58 - [TEST_STEP][PASSED] - else: null&#xD;
&#xD;
2019-12-18 09:28:58 - [TEST_STEP][PASSED] - out.println("using access_token = " + access_token_customer): null&#xD;
&#xD;
2019-12-18 09:28:58 - [TEST_STEP][PASSED] - listQuery = new java.util.ArrayList(): null&#xD;
&#xD;
2019-12-18 09:28:58 - [TEST_STEP][PASSED] - listQuery.add(new com.kms.katalon.core.testobject.TestObjectProperty(token, com.kms.katalon.core.testobject.ConditionType.EQUALS, internal.GlobalVariable.access_token_customer)): null&#xD;
&#xD;
2019-12-18 09:28:58 - [TEST_STEP][PASSED] - request.setRestParameters(listQuery): null&#xD;
&#xD;
2019-12-18 09:28:58 - [TEST_STEP][PASSED] - response = sendRequest(request): Send request successfully&#xD;
&#xD;
2019-12-18 09:28:58 - [MESSAGE][INFO] - HAR: D:\katalon-ewallet\Reports\E_Wallet\Check_Transaction_By_Journal_Number\Test_Suite_Check_Transaction_By_Journal_Number\20191218_092849\requests\main\11.har&#xD;
&#xD;
2019-12-18 09:28:58 - [MESSAGE][PASSED] - Send request successfully&#xD;
&#xD;
2019-12-18 09:28:58 - [TEST_STEP][PASSED] - body_content = responseBodyContent: null&#xD;
&#xD;
2019-12-18 09:28:58 - [TEST_STEP][PASSED] - status_code = statusCode: null&#xD;
&#xD;
2019-12-18 09:28:58 - [TEST_STEP][PASSED] - respDataMap = JsonSlurper().parseText(body_content): null&#xD;
&#xD;
2019-12-18 09:28:58 - [TEST_STEP][PASSED] - out.println(respDataMap): null&#xD;
&#xD;
2019-12-18 09:28:58 - [TEST_STEP][PASSED] - println(body_content): null&#xD;
&#xD;
2019-12-18 09:28:58 - [TEST_STEP][PASSED] - rc_ref = ReturnCodeWrapper(var_expected_rc).getEnumRC(): null&#xD;
&#xD;
2019-12-18 09:28:58 - [TEST_STEP][PASSED] - out.println(var_expected_rc): null&#xD;
&#xD;
2019-12-18 09:28:58 - [TEST_STEP][PASSED] - out.println(rc_ref.getRCName()): null&#xD;
&#xD;
2019-12-18 09:28:58 - [TEST_STEP][PASSED] - out.println(rc_ref.getHttpResponse()): null&#xD;
&#xD;
2019-12-18 09:28:58 - [TEST_STEP][PASSED] - result = verifyEqual(response_code, rc_ref.getRCName()): Actual object 'RC01' and expected object 'RC01' are equal&#xD;
&#xD;
2019-12-18 09:28:58 - [MESSAGE][PASSED] - Actual object 'RC01' and expected object 'RC01' are equal</system-out>
            <system-err></system-err>
        </testcase>
        <testcase name="Test Cases/E_Wallet/Check_Transaction_By_Journal_Number/Check_Transaction_By_Journal_Number" classname="Test Cases/E_Wallet/Check_Transaction_By_Journal_Number/Check_Transaction_By_Journal_Number" status="PASSED">
            <system-out>2019-12-18 09:28:58 - [TEST_CASE][PASSED] - Test Cases/E_Wallet/Check_Transaction_By_Journal_Number/Check_Transaction_By_Journal_Number: Test Cases/E_Wallet/Check_Transaction_By_Journal_Number/Check_Transaction_By_Journal_Number&#xD;
&#xD;
2019-12-18 09:28:58 - [TEST_STEP][PASSED] - plain = "{" + ""user_agent":"" + var_user_agent + ""," + ""journal_number":"" + var_journal_number + ""," + ""chip_id":"" + var_chip_id + ""}": null&#xD;
&#xD;
2019-12-18 09:28:58 - [TEST_STEP][PASSED] - partner_token = partner_token: null&#xD;
&#xD;
2019-12-18 09:28:58 - [TEST_STEP][PASSED] - out.println(plain): null&#xD;
&#xD;
2019-12-18 09:28:58 - [TEST_STEP][PASSED] - out.println("var_customer_token" + var_customer_token): null&#xD;
&#xD;
2019-12-18 09:28:58 - [TEST_STEP][PASSED] - out.println("var_partner_token" + var_partner_token): null&#xD;
&#xD;
2019-12-18 09:28:58 - [TEST_STEP][PASSED] - encipheredData = SecureUtils.encryptAesEwallet(plain, var_aes_key): null&#xD;
&#xD;
2019-12-18 09:28:58 - [TEST_STEP][PASSED] - body = "{"organisation_id":"" + var_organisation_id + ""," + ""data":"" + encipheredData + ""," + ""lang":"" + var_lang + ""}": null&#xD;
&#xD;
2019-12-18 09:28:58 - [TEST_STEP][PASSED] - out.println(body): null&#xD;
&#xD;
2019-12-18 09:28:58 - [TEST_STEP][PASSED] - request = findTestObject("E_Wallet/Check_Transaction_By_Journal_Number"): null&#xD;
&#xD;
2019-12-18 09:28:58 - [TEST_STEP][PASSED] - request.setBodyContent(new com.kms.katalon.core.testobject.impl.HttpTextBodyContent(body, UTF-8, application/json)): null&#xD;
&#xD;
2019-12-18 09:28:58 - [TEST_STEP][PASSED] - if (var_customer_token == 0): null&#xD;
&#xD;
2019-12-18 09:28:58 - [TEST_STEP][PASSED] - else: null&#xD;
&#xD;
2019-12-18 09:28:58 - [TEST_STEP][PASSED] - out.println("using access_token = " + access_token_customer): null&#xD;
&#xD;
2019-12-18 09:28:58 - [TEST_STEP][PASSED] - listQuery = new java.util.ArrayList(): null&#xD;
&#xD;
2019-12-18 09:28:58 - [TEST_STEP][PASSED] - listQuery.add(new com.kms.katalon.core.testobject.TestObjectProperty(token, com.kms.katalon.core.testobject.ConditionType.EQUALS, internal.GlobalVariable.access_token_customer)): null&#xD;
&#xD;
2019-12-18 09:28:58 - [TEST_STEP][PASSED] - request.setRestParameters(listQuery): null&#xD;
&#xD;
2019-12-18 09:28:58 - [TEST_STEP][PASSED] - response = sendRequest(request): Send request successfully&#xD;
&#xD;
2019-12-18 09:28:58 - [MESSAGE][INFO] - HAR: D:\katalon-ewallet\Reports\E_Wallet\Check_Transaction_By_Journal_Number\Test_Suite_Check_Transaction_By_Journal_Number\20191218_092849\requests\main\12.har&#xD;
&#xD;
2019-12-18 09:28:58 - [MESSAGE][PASSED] - Send request successfully&#xD;
&#xD;
2019-12-18 09:28:58 - [TEST_STEP][PASSED] - body_content = responseBodyContent: null&#xD;
&#xD;
2019-12-18 09:28:58 - [TEST_STEP][PASSED] - status_code = statusCode: null&#xD;
&#xD;
2019-12-18 09:28:58 - [TEST_STEP][PASSED] - respDataMap = JsonSlurper().parseText(body_content): null&#xD;
&#xD;
2019-12-18 09:28:58 - [TEST_STEP][PASSED] - out.println(respDataMap): null&#xD;
&#xD;
2019-12-18 09:28:58 - [TEST_STEP][PASSED] - println(body_content): null&#xD;
&#xD;
2019-12-18 09:28:58 - [TEST_STEP][PASSED] - rc_ref = ReturnCodeWrapper(var_expected_rc).getEnumRC(): null&#xD;
&#xD;
2019-12-18 09:28:58 - [TEST_STEP][PASSED] - out.println(var_expected_rc): null&#xD;
&#xD;
2019-12-18 09:28:58 - [TEST_STEP][PASSED] - out.println(rc_ref.getRCName()): null&#xD;
&#xD;
2019-12-18 09:28:58 - [TEST_STEP][PASSED] - out.println(rc_ref.getHttpResponse()): null&#xD;
&#xD;
2019-12-18 09:28:58 - [TEST_STEP][PASSED] - result = verifyEqual(response_code, rc_ref.getRCName()): Actual object 'RC02' and expected object 'RC02' are equal&#xD;
&#xD;
2019-12-18 09:28:58 - [MESSAGE][PASSED] - Actual object 'RC02' and expected object 'RC02' are equal</system-out>
            <system-err></system-err>
        </testcase>
        <testcase name="Test Cases/E_Wallet/Check_Transaction_By_Journal_Number/Check_Transaction_By_Journal_Number" classname="Test Cases/E_Wallet/Check_Transaction_By_Journal_Number/Check_Transaction_By_Journal_Number" status="PASSED">
            <system-out>2019-12-18 09:28:58 - [TEST_CASE][PASSED] - Test Cases/E_Wallet/Check_Transaction_By_Journal_Number/Check_Transaction_By_Journal_Number: Test Cases/E_Wallet/Check_Transaction_By_Journal_Number/Check_Transaction_By_Journal_Number&#xD;
&#xD;
2019-12-18 09:28:58 - [TEST_STEP][PASSED] - plain = "{" + ""user_agent":"" + var_user_agent + ""," + ""journal_number":"" + var_journal_number + ""," + ""chip_id":"" + var_chip_id + ""}": null&#xD;
&#xD;
2019-12-18 09:28:58 - [TEST_STEP][PASSED] - partner_token = partner_token: null&#xD;
&#xD;
2019-12-18 09:28:58 - [TEST_STEP][PASSED] - out.println(plain): null&#xD;
&#xD;
2019-12-18 09:28:58 - [TEST_STEP][PASSED] - out.println("var_customer_token" + var_customer_token): null&#xD;
&#xD;
2019-12-18 09:28:58 - [TEST_STEP][PASSED] - out.println("var_partner_token" + var_partner_token): null&#xD;
&#xD;
2019-12-18 09:28:58 - [TEST_STEP][PASSED] - encipheredData = SecureUtils.encryptAesEwallet(plain, var_aes_key): null&#xD;
&#xD;
2019-12-18 09:28:58 - [TEST_STEP][PASSED] - body = "{"organisation_id":"" + var_organisation_id + ""," + ""data":"" + encipheredData + ""," + ""lang":"" + var_lang + ""}": null&#xD;
&#xD;
2019-12-18 09:28:58 - [TEST_STEP][PASSED] - out.println(body): null&#xD;
&#xD;
2019-12-18 09:28:58 - [TEST_STEP][PASSED] - request = findTestObject("E_Wallet/Check_Transaction_By_Journal_Number"): null&#xD;
&#xD;
2019-12-18 09:28:58 - [TEST_STEP][PASSED] - request.setBodyContent(new com.kms.katalon.core.testobject.impl.HttpTextBodyContent(body, UTF-8, application/json)): null&#xD;
&#xD;
2019-12-18 09:28:58 - [TEST_STEP][PASSED] - if (var_customer_token == 0): null&#xD;
&#xD;
2019-12-18 09:28:58 - [TEST_STEP][PASSED] - else: null&#xD;
&#xD;
2019-12-18 09:28:58 - [TEST_STEP][PASSED] - out.println("using access_token = " + access_token_customer): null&#xD;
&#xD;
2019-12-18 09:28:58 - [TEST_STEP][PASSED] - listQuery = new java.util.ArrayList(): null&#xD;
&#xD;
2019-12-18 09:28:58 - [TEST_STEP][PASSED] - listQuery.add(new com.kms.katalon.core.testobject.TestObjectProperty(token, com.kms.katalon.core.testobject.ConditionType.EQUALS, internal.GlobalVariable.access_token_customer)): null&#xD;
&#xD;
2019-12-18 09:28:58 - [TEST_STEP][PASSED] - request.setRestParameters(listQuery): null&#xD;
&#xD;
2019-12-18 09:28:58 - [TEST_STEP][PASSED] - response = sendRequest(request): Send request successfully&#xD;
&#xD;
2019-12-18 09:28:58 - [MESSAGE][INFO] - HAR: D:\katalon-ewallet\Reports\E_Wallet\Check_Transaction_By_Journal_Number\Test_Suite_Check_Transaction_By_Journal_Number\20191218_092849\requests\main\13.har&#xD;
&#xD;
2019-12-18 09:28:58 - [MESSAGE][PASSED] - Send request successfully&#xD;
&#xD;
2019-12-18 09:28:58 - [TEST_STEP][PASSED] - body_content = responseBodyContent: null&#xD;
&#xD;
2019-12-18 09:28:58 - [TEST_STEP][PASSED] - status_code = statusCode: null&#xD;
&#xD;
2019-12-18 09:28:58 - [TEST_STEP][PASSED] - respDataMap = JsonSlurper().parseText(body_content): null&#xD;
&#xD;
2019-12-18 09:28:58 - [TEST_STEP][PASSED] - out.println(respDataMap): null&#xD;
&#xD;
2019-12-18 09:28:58 - [TEST_STEP][PASSED] - println(body_content): null&#xD;
&#xD;
2019-12-18 09:28:58 - [TEST_STEP][PASSED] - rc_ref = ReturnCodeWrapper(var_expected_rc).getEnumRC(): null&#xD;
&#xD;
2019-12-18 09:28:58 - [TEST_STEP][PASSED] - out.println(var_expected_rc): null&#xD;
&#xD;
2019-12-18 09:28:58 - [TEST_STEP][PASSED] - out.println(rc_ref.getRCName()): null&#xD;
&#xD;
2019-12-18 09:28:58 - [TEST_STEP][PASSED] - out.println(rc_ref.getHttpResponse()): null&#xD;
&#xD;
2019-12-18 09:28:58 - [TEST_STEP][PASSED] - result = verifyEqual(response_code, rc_ref.getRCName()): Actual object 'RC02' and expected object 'RC02' are equal&#xD;
&#xD;
2019-12-18 09:28:58 - [MESSAGE][PASSED] - Actual object 'RC02' and expected object 'RC02' are equal</system-out>
            <system-err></system-err>
        </testcase>
        <testcase name="Test Cases/E_Wallet/Check_Transaction_By_Journal_Number/Check_Transaction_By_Journal_Number" classname="Test Cases/E_Wallet/Check_Transaction_By_Journal_Number/Check_Transaction_By_Journal_Number" status="PASSED">
            <system-out>2019-12-18 09:28:58 - [TEST_CASE][PASSED] - Test Cases/E_Wallet/Check_Transaction_By_Journal_Number/Check_Transaction_By_Journal_Number: Test Cases/E_Wallet/Check_Transaction_By_Journal_Number/Check_Transaction_By_Journal_Number&#xD;
&#xD;
2019-12-18 09:28:58 - [TEST_STEP][PASSED] - plain = "{" + ""user_agent":"" + var_user_agent + ""," + ""journal_number":"" + var_journal_number + ""," + ""chip_id":"" + var_chip_id + ""}": null&#xD;
&#xD;
2019-12-18 09:28:58 - [TEST_STEP][PASSED] - partner_token = partner_token: null&#xD;
&#xD;
2019-12-18 09:28:58 - [TEST_STEP][PASSED] - out.println(plain): null&#xD;
&#xD;
2019-12-18 09:28:58 - [TEST_STEP][PASSED] - out.println("var_customer_token" + var_customer_token): null&#xD;
&#xD;
2019-12-18 09:28:58 - [TEST_STEP][PASSED] - out.println("var_partner_token" + var_partner_token): null&#xD;
&#xD;
2019-12-18 09:28:58 - [TEST_STEP][PASSED] - encipheredData = SecureUtils.encryptAesEwallet(plain, var_aes_key): null&#xD;
&#xD;
2019-12-18 09:28:58 - [TEST_STEP][PASSED] - body = "{"organisation_id":"" + var_organisation_id + ""," + ""data":"" + encipheredData + ""," + ""lang":"" + var_lang + ""}": null&#xD;
&#xD;
2019-12-18 09:28:58 - [TEST_STEP][PASSED] - out.println(body): null&#xD;
&#xD;
2019-12-18 09:28:58 - [TEST_STEP][PASSED] - request = findTestObject("E_Wallet/Check_Transaction_By_Journal_Number"): null&#xD;
&#xD;
2019-12-18 09:28:58 - [TEST_STEP][PASSED] - request.setBodyContent(new com.kms.katalon.core.testobject.impl.HttpTextBodyContent(body, UTF-8, application/json)): null&#xD;
&#xD;
2019-12-18 09:28:58 - [TEST_STEP][PASSED] - if (var_customer_token == 0): null&#xD;
&#xD;
2019-12-18 09:28:58 - [TEST_STEP][PASSED] - else: null&#xD;
&#xD;
2019-12-18 09:28:58 - [TEST_STEP][PASSED] - out.println("using access_token = " + access_token_customer): null&#xD;
&#xD;
2019-12-18 09:28:58 - [TEST_STEP][PASSED] - listQuery = new java.util.ArrayList(): null&#xD;
&#xD;
2019-12-18 09:28:58 - [TEST_STEP][PASSED] - listQuery.add(new com.kms.katalon.core.testobject.TestObjectProperty(token, com.kms.katalon.core.testobject.ConditionType.EQUALS, internal.GlobalVariable.access_token_customer)): null&#xD;
&#xD;
2019-12-18 09:28:58 - [TEST_STEP][PASSED] - request.setRestParameters(listQuery): null&#xD;
&#xD;
2019-12-18 09:28:58 - [TEST_STEP][PASSED] - response = sendRequest(request): Send request successfully&#xD;
&#xD;
2019-12-18 09:28:58 - [MESSAGE][INFO] - HAR: D:\katalon-ewallet\Reports\E_Wallet\Check_Transaction_By_Journal_Number\Test_Suite_Check_Transaction_By_Journal_Number\20191218_092849\requests\main\14.har&#xD;
&#xD;
2019-12-18 09:28:58 - [MESSAGE][PASSED] - Send request successfully&#xD;
&#xD;
2019-12-18 09:28:58 - [TEST_STEP][PASSED] - body_content = responseBodyContent: null&#xD;
&#xD;
2019-12-18 09:28:58 - [TEST_STEP][PASSED] - status_code = statusCode: null&#xD;
&#xD;
2019-12-18 09:28:58 - [TEST_STEP][PASSED] - respDataMap = JsonSlurper().parseText(body_content): null&#xD;
&#xD;
2019-12-18 09:28:58 - [TEST_STEP][PASSED] - out.println(respDataMap): null&#xD;
&#xD;
2019-12-18 09:28:58 - [TEST_STEP][PASSED] - println(body_content): null&#xD;
&#xD;
2019-12-18 09:28:58 - [TEST_STEP][PASSED] - rc_ref = ReturnCodeWrapper(var_expected_rc).getEnumRC(): null&#xD;
&#xD;
2019-12-18 09:28:58 - [TEST_STEP][PASSED] - out.println(var_expected_rc): null&#xD;
&#xD;
2019-12-18 09:28:58 - [TEST_STEP][PASSED] - out.println(rc_ref.getRCName()): null&#xD;
&#xD;
2019-12-18 09:28:58 - [TEST_STEP][PASSED] - out.println(rc_ref.getHttpResponse()): null&#xD;
&#xD;
2019-12-18 09:28:58 - [TEST_STEP][PASSED] - result = verifyEqual(response_code, rc_ref.getRCName()): Actual object 'RC01' and expected object 'RC01' are equal&#xD;
&#xD;
2019-12-18 09:28:58 - [MESSAGE][PASSED] - Actual object 'RC01' and expected object 'RC01' are equal</system-out>
            <system-err></system-err>
        </testcase>
        <testcase name="Test Cases/E_Wallet/Check_Transaction_By_Journal_Number/Check_Transaction_By_Journal_Number" classname="Test Cases/E_Wallet/Check_Transaction_By_Journal_Number/Check_Transaction_By_Journal_Number" status="PASSED">
            <system-out>2019-12-18 09:28:58 - [TEST_CASE][PASSED] - Test Cases/E_Wallet/Check_Transaction_By_Journal_Number/Check_Transaction_By_Journal_Number: Test Cases/E_Wallet/Check_Transaction_By_Journal_Number/Check_Transaction_By_Journal_Number&#xD;
&#xD;
2019-12-18 09:28:59 - [TEST_STEP][PASSED] - plain = "{" + ""user_agent":"" + var_user_agent + ""," + ""journal_number":"" + var_journal_number + ""," + ""chip_id":"" + var_chip_id + ""}": null&#xD;
&#xD;
2019-12-18 09:28:59 - [TEST_STEP][PASSED] - partner_token = partner_token: null&#xD;
&#xD;
2019-12-18 09:28:59 - [TEST_STEP][PASSED] - out.println(plain): null&#xD;
&#xD;
2019-12-18 09:28:59 - [TEST_STEP][PASSED] - out.println("var_customer_token" + var_customer_token): null&#xD;
&#xD;
2019-12-18 09:28:59 - [TEST_STEP][PASSED] - out.println("var_partner_token" + var_partner_token): null&#xD;
&#xD;
2019-12-18 09:28:59 - [TEST_STEP][PASSED] - encipheredData = SecureUtils.encryptAesEwallet(plain, var_aes_key): null&#xD;
&#xD;
2019-12-18 09:28:59 - [TEST_STEP][PASSED] - body = "{"organisation_id":"" + var_organisation_id + ""," + ""data":"" + encipheredData + ""," + ""lang":"" + var_lang + ""}": null&#xD;
&#xD;
2019-12-18 09:28:59 - [TEST_STEP][PASSED] - out.println(body): null&#xD;
&#xD;
2019-12-18 09:28:59 - [TEST_STEP][PASSED] - request = findTestObject("E_Wallet/Check_Transaction_By_Journal_Number"): null&#xD;
&#xD;
2019-12-18 09:28:59 - [TEST_STEP][PASSED] - request.setBodyContent(new com.kms.katalon.core.testobject.impl.HttpTextBodyContent(body, UTF-8, application/json)): null&#xD;
&#xD;
2019-12-18 09:28:59 - [TEST_STEP][PASSED] - if (var_customer_token == 0): null&#xD;
&#xD;
2019-12-18 09:28:59 - [TEST_STEP][PASSED] - else: null&#xD;
&#xD;
2019-12-18 09:28:59 - [TEST_STEP][PASSED] - out.println("using access_token = " + access_token_customer): null&#xD;
&#xD;
2019-12-18 09:28:59 - [TEST_STEP][PASSED] - listQuery = new java.util.ArrayList(): null&#xD;
&#xD;
2019-12-18 09:28:59 - [TEST_STEP][PASSED] - listQuery.add(new com.kms.katalon.core.testobject.TestObjectProperty(token, com.kms.katalon.core.testobject.ConditionType.EQUALS, internal.GlobalVariable.access_token_customer)): null&#xD;
&#xD;
2019-12-18 09:28:59 - [TEST_STEP][PASSED] - request.setRestParameters(listQuery): null&#xD;
&#xD;
2019-12-18 09:28:59 - [TEST_STEP][PASSED] - response = sendRequest(request): Send request successfully&#xD;
&#xD;
2019-12-18 09:28:59 - [MESSAGE][INFO] - HAR: D:\katalon-ewallet\Reports\E_Wallet\Check_Transaction_By_Journal_Number\Test_Suite_Check_Transaction_By_Journal_Number\20191218_092849\requests\main\15.har&#xD;
&#xD;
2019-12-18 09:28:59 - [MESSAGE][PASSED] - Send request successfully&#xD;
&#xD;
2019-12-18 09:28:59 - [TEST_STEP][PASSED] - body_content = responseBodyContent: null&#xD;
&#xD;
2019-12-18 09:28:59 - [TEST_STEP][PASSED] - status_code = statusCode: null&#xD;
&#xD;
2019-12-18 09:28:59 - [TEST_STEP][PASSED] - respDataMap = JsonSlurper().parseText(body_content): null&#xD;
&#xD;
2019-12-18 09:28:59 - [TEST_STEP][PASSED] - out.println(respDataMap): null&#xD;
&#xD;
2019-12-18 09:28:59 - [TEST_STEP][PASSED] - println(body_content): null&#xD;
&#xD;
2019-12-18 09:28:59 - [TEST_STEP][PASSED] - rc_ref = ReturnCodeWrapper(var_expected_rc).getEnumRC(): null&#xD;
&#xD;
2019-12-18 09:28:59 - [TEST_STEP][PASSED] - out.println(var_expected_rc): null&#xD;
&#xD;
2019-12-18 09:28:59 - [TEST_STEP][PASSED] - out.println(rc_ref.getRCName()): null&#xD;
&#xD;
2019-12-18 09:28:59 - [TEST_STEP][PASSED] - out.println(rc_ref.getHttpResponse()): null&#xD;
&#xD;
2019-12-18 09:28:59 - [TEST_STEP][PASSED] - result = verifyEqual(response_code, rc_ref.getRCName()): Actual object 'RC01' and expected object 'RC01' are equal&#xD;
&#xD;
2019-12-18 09:28:59 - [MESSAGE][PASSED] - Actual object 'RC01' and expected object 'RC01' are equal</system-out>
            <system-err></system-err>
        </testcase>
        <testcase name="Test Cases/E_Wallet/Check_Transaction_By_Journal_Number/Check_Transaction_By_Journal_Number" classname="Test Cases/E_Wallet/Check_Transaction_By_Journal_Number/Check_Transaction_By_Journal_Number" status="FAILED">
            <failure type="FAILED" message="Test Cases/E_Wallet/Check_Transaction_By_Journal_Number/Check_Transaction_By_Journal_Number FAILED.&#xA;Reason:&#xA;com.kms.katalon.core.exception.StepFailedException: Actual object 'RC01' and expected object 'RC02' are not equal&#xD;&#xA;&#x9;at com.kms.katalon.core.keyword.builtin.VerifyEqualKeyword$_verifyEqual_closure1.doCall(VerifyEqualKeyword.groovy:58)&#xD;&#xA;&#x9;at com.kms.katalon.core.keyword.builtin.VerifyEqualKeyword$_verifyEqual_closure1.call(VerifyEqualKeyword.groovy)&#xD;&#xA;&#x9;at com.kms.katalon.core.keyword.internal.KeywordMain.runKeyword(KeywordMain.groovy:68)&#xD;&#xA;&#x9;at com.kms.katalon.core.keyword.builtin.VerifyEqualKeyword.verifyEqual(VerifyEqualKeyword.groovy:63)&#xD;&#xA;&#x9;at com.kms.katalon.core.keyword.builtin.VerifyEqualKeyword.execute(VerifyEqualKeyword.groovy:44)&#xD;&#xA;&#x9;at com.kms.katalon.core.keyword.internal.KeywordExecutor.executeKeywordForPlatform(KeywordExecutor.groovy:56)&#xD;&#xA;&#x9;at com.kms.katalon.core.keyword.BuiltinKeywords.verifyEqual(BuiltinKeywords.groovy:141)&#xD;&#xA;&#x9;at Check_Transaction_By_Journal_Number.run(Check_Transaction_By_Journal_Number:74)&#xD;&#xA;&#x9;at com.kms.katalon.core.main.ScriptEngine.run(ScriptEngine.java:194)&#xD;&#xA;&#x9;at com.kms.katalon.core.main.ScriptEngine.runScriptAsRawText(ScriptEngine.java:119)&#xD;&#xA;&#x9;at com.kms.katalon.core.main.TestCaseExecutor.runScript(TestCaseExecutor.java:337)&#xD;&#xA;&#x9;at com.kms.katalon.core.main.TestCaseExecutor.doExecute(TestCaseExecutor.java:328)&#xD;&#xA;&#x9;at com.kms.katalon.core.main.TestCaseExecutor.processExecutionPhase(TestCaseExecutor.java:307)&#xD;&#xA;&#x9;at com.kms.katalon.core.main.TestCaseExecutor.accessMainPhase(TestCaseExecutor.java:299)&#xD;&#xA;&#x9;at com.kms.katalon.core.main.TestCaseExecutor.execute(TestCaseExecutor.java:233)&#xD;&#xA;&#x9;at com.kms.katalon.core.main.TestSuiteExecutor.accessTestCaseMainPhase(TestSuiteExecutor.java:133)&#xD;&#xA;&#x9;at com.kms.katalon.core.main.TestSuiteExecutor.accessTestSuiteMainPhase(TestSuiteExecutor.java:116)&#xD;&#xA;&#x9;at com.kms.katalon.core.main.TestSuiteExecutor.execute(TestSuiteExecutor.java:83)&#xD;&#xA;&#x9;at com.kms.katalon.core.main.TestCaseMain.startTestSuite(TestCaseMain.java:157)&#xD;&#xA;&#x9;at com.kms.katalon.core.main.TestCaseMain$startTestSuite$0.call(Unknown Source)&#xD;&#xA;&#x9;at TempTestSuite1576636129145.run(TempTestSuite1576636129145.groovy:35)&#xD;&#xA;"/>
            <system-out>2019-12-18 09:28:59 - [TEST_CASE][FAILED] - Test Cases/E_Wallet/Check_Transaction_By_Journal_Number/Check_Transaction_By_Journal_Number: Test Cases/E_Wallet/Check_Transaction_By_Journal_Number/Check_Transaction_By_Journal_Number FAILED.
Reason:
com.kms.katalon.core.exception.StepFailedException: Actual object 'RC01' and expected object 'RC02' are not equal&#xD;
	at com.kms.katalon.core.keyword.builtin.VerifyEqualKeyword$_verifyEqual_closure1.doCall(VerifyEqualKeyword.groovy:58)&#xD;
	at com.kms.katalon.core.keyword.builtin.VerifyEqualKeyword$_verifyEqual_closure1.call(VerifyEqualKeyword.groovy)&#xD;
	at com.kms.katalon.core.keyword.internal.KeywordMain.runKeyword(KeywordMain.groovy:68)&#xD;
	at com.kms.katalon.core.keyword.builtin.VerifyEqualKeyword.verifyEqual(VerifyEqualKeyword.groovy:63)&#xD;
	at com.kms.katalon.core.keyword.builtin.VerifyEqualKeyword.execute(VerifyEqualKeyword.groovy:44)&#xD;
	at com.kms.katalon.core.keyword.internal.KeywordExecutor.executeKeywordForPlatform(KeywordExecutor.groovy:56)&#xD;
	at com.kms.katalon.core.keyword.BuiltinKeywords.verifyEqual(BuiltinKeywords.groovy:141)&#xD;
	at Check_Transaction_By_Journal_Number.run(Check_Transaction_By_Journal_Number:74)&#xD;
	at com.kms.katalon.core.main.ScriptEngine.run(ScriptEngine.java:194)&#xD;
	at com.kms.katalon.core.main.ScriptEngine.runScriptAsRawText(ScriptEngine.java:119)&#xD;
	at com.kms.katalon.core.main.TestCaseExecutor.runScript(TestCaseExecutor.java:337)&#xD;
	at com.kms.katalon.core.main.TestCaseExecutor.doExecute(TestCaseExecutor.java:328)&#xD;
	at com.kms.katalon.core.main.TestCaseExecutor.processExecutionPhase(TestCaseExecutor.java:307)&#xD;
	at com.kms.katalon.core.main.TestCaseExecutor.accessMainPhase(TestCaseExecutor.java:299)&#xD;
	at com.kms.katalon.core.main.TestCaseExecutor.execute(TestCaseExecutor.java:233)&#xD;
	at com.kms.katalon.core.main.TestSuiteExecutor.accessTestCaseMainPhase(TestSuiteExecutor.java:133)&#xD;
	at com.kms.katalon.core.main.TestSuiteExecutor.accessTestSuiteMainPhase(TestSuiteExecutor.java:116)&#xD;
	at com.kms.katalon.core.main.TestSuiteExecutor.execute(TestSuiteExecutor.java:83)&#xD;
	at com.kms.katalon.core.main.TestCaseMain.startTestSuite(TestCaseMain.java:157)&#xD;
	at com.kms.katalon.core.main.TestCaseMain$startTestSuite$0.call(Unknown Source)&#xD;
	at TempTestSuite1576636129145.run(TempTestSuite1576636129145.groovy:35)&#xD;
&#xD;
&#xD;
2019-12-18 09:28:59 - [TEST_STEP][PASSED] - plain = "{" + ""user_agent":"" + var_user_agent + ""," + ""journal_number":"" + var_journal_number + ""," + ""chip_id":"" + var_chip_id + ""}": null&#xD;
&#xD;
2019-12-18 09:28:59 - [TEST_STEP][PASSED] - partner_token = partner_token: null&#xD;
&#xD;
2019-12-18 09:28:59 - [TEST_STEP][PASSED] - out.println(plain): null&#xD;
&#xD;
2019-12-18 09:28:59 - [TEST_STEP][PASSED] - out.println("var_customer_token" + var_customer_token): null&#xD;
&#xD;
2019-12-18 09:28:59 - [TEST_STEP][PASSED] - out.println("var_partner_token" + var_partner_token): null&#xD;
&#xD;
2019-12-18 09:28:59 - [TEST_STEP][PASSED] - encipheredData = SecureUtils.encryptAesEwallet(plain, var_aes_key): null&#xD;
&#xD;
2019-12-18 09:28:59 - [TEST_STEP][PASSED] - body = "{"organisation_id":"" + var_organisation_id + ""," + ""data":"" + encipheredData + ""," + ""lang":"" + var_lang + ""}": null&#xD;
&#xD;
2019-12-18 09:28:59 - [TEST_STEP][PASSED] - out.println(body): null&#xD;
&#xD;
2019-12-18 09:28:59 - [TEST_STEP][PASSED] - request = findTestObject("E_Wallet/Check_Transaction_By_Journal_Number"): null&#xD;
&#xD;
2019-12-18 09:28:59 - [TEST_STEP][PASSED] - request.setBodyContent(new com.kms.katalon.core.testobject.impl.HttpTextBodyContent(body, UTF-8, application/json)): null&#xD;
&#xD;
2019-12-18 09:28:59 - [TEST_STEP][PASSED] - if (var_customer_token == 0): null&#xD;
&#xD;
2019-12-18 09:28:59 - [TEST_STEP][PASSED] - else: null&#xD;
&#xD;
2019-12-18 09:28:59 - [TEST_STEP][PASSED] - out.println("using access_token = " + access_token_customer): null&#xD;
&#xD;
2019-12-18 09:28:59 - [TEST_STEP][PASSED] - listQuery = new java.util.ArrayList(): null&#xD;
&#xD;
2019-12-18 09:28:59 - [TEST_STEP][PASSED] - listQuery.add(new com.kms.katalon.core.testobject.TestObjectProperty(token, com.kms.katalon.core.testobject.ConditionType.EQUALS, internal.GlobalVariable.access_token_customer)): null&#xD;
&#xD;
2019-12-18 09:28:59 - [TEST_STEP][PASSED] - request.setRestParameters(listQuery): null&#xD;
&#xD;
2019-12-18 09:28:59 - [TEST_STEP][PASSED] - response = sendRequest(request): Send request successfully&#xD;
&#xD;
2019-12-18 09:28:59 - [MESSAGE][INFO] - HAR: D:\katalon-ewallet\Reports\E_Wallet\Check_Transaction_By_Journal_Number\Test_Suite_Check_Transaction_By_Journal_Number\20191218_092849\requests\main\16.har&#xD;
&#xD;
2019-12-18 09:28:59 - [MESSAGE][PASSED] - Send request successfully&#xD;
&#xD;
2019-12-18 09:28:59 - [TEST_STEP][PASSED] - body_content = responseBodyContent: null&#xD;
&#xD;
2019-12-18 09:28:59 - [TEST_STEP][PASSED] - status_code = statusCode: null&#xD;
&#xD;
2019-12-18 09:28:59 - [TEST_STEP][PASSED] - respDataMap = JsonSlurper().parseText(body_content): null&#xD;
&#xD;
2019-12-18 09:28:59 - [TEST_STEP][PASSED] - out.println(respDataMap): null&#xD;
&#xD;
2019-12-18 09:28:59 - [TEST_STEP][PASSED] - println(body_content): null&#xD;
&#xD;
2019-12-18 09:28:59 - [TEST_STEP][PASSED] - rc_ref = ReturnCodeWrapper(var_expected_rc).getEnumRC(): null&#xD;
&#xD;
2019-12-18 09:28:59 - [TEST_STEP][PASSED] - out.println(var_expected_rc): null&#xD;
&#xD;
2019-12-18 09:28:59 - [TEST_STEP][PASSED] - out.println(rc_ref.getRCName()): null&#xD;
&#xD;
2019-12-18 09:28:59 - [TEST_STEP][PASSED] - out.println(rc_ref.getHttpResponse()): null&#xD;
&#xD;
2019-12-18 09:28:59 - [TEST_STEP][FAILED] - result = verifyEqual(response_code, rc_ref.getRCName()): Unable to verify equal between actual object 'RC01' and expected object 'RC02' (Root cause: com.kms.katalon.core.exception.StepFailedException: Actual object 'RC01' and expected object 'RC02' are not equal&#xD;
	at com.kms.katalon.core.keyword.builtin.VerifyEqualKeyword$_verifyEqual_closure1.doCall(VerifyEqualKeyword.groovy:58)&#xD;
	at com.kms.katalon.core.keyword.builtin.VerifyEqualKeyword$_verifyEqual_closure1.call(VerifyEqualKeyword.groovy)&#xD;
	at com.kms.katalon.core.keyword.internal.KeywordMain.runKeyword(KeywordMain.groovy:68)&#xD;
	at com.kms.katalon.core.keyword.builtin.VerifyEqualKeyword.verifyEqual(VerifyEqualKeyword.groovy:63)&#xD;
	at com.kms.katalon.core.keyword.builtin.VerifyEqualKeyword.execute(VerifyEqualKeyword.groovy:44)&#xD;
	at com.kms.katalon.core.keyword.internal.KeywordExecutor.executeKeywordForPlatform(KeywordExecutor.groovy:56)&#xD;
	at com.kms.katalon.core.keyword.BuiltinKeywords.verifyEqual(BuiltinKeywords.groovy:141)&#xD;
	at Check_Transaction_By_Journal_Number.run(Check_Transaction_By_Journal_Number:74)&#xD;
	at com.kms.katalon.core.main.ScriptEngine.run(ScriptEngine.java:194)&#xD;
	at com.kms.katalon.core.main.ScriptEngine.runScriptAsRawText(ScriptEngine.java:119)&#xD;
	at com.kms.katalon.core.main.TestCaseExecutor.runScript(TestCaseExecutor.java:337)&#xD;
	at com.kms.katalon.core.main.TestCaseExecutor.doExecute(TestCaseExecutor.java:328)&#xD;
	at com.kms.katalon.core.main.TestCaseExecutor.processExecutionPhase(TestCaseExecutor.java:307)&#xD;
	at com.kms.katalon.core.main.TestCaseExecutor.accessMainPhase(TestCaseExecutor.java:299)&#xD;
	at com.kms.katalon.core.main.TestCaseExecutor.execute(TestCaseExecutor.java:233)&#xD;
	at com.kms.katalon.core.main.TestSuiteExecutor.accessTestCaseMainPhase(TestSuiteExecutor.java:133)&#xD;
	at com.kms.katalon.core.main.TestSuiteExecutor.accessTestSuiteMainPhase(TestSuiteExecutor.java:116)&#xD;
	at com.kms.katalon.core.main.TestSuiteExecutor.execute(TestSuiteExecutor.java:83)&#xD;
	at com.kms.katalon.core.main.TestCaseMain.startTestSuite(TestCaseMain.java:157)&#xD;
	at com.kms.katalon.core.main.TestCaseMain$startTestSuite$0.call(Unknown Source)&#xD;
	at TempTestSuite1576636129145.run(TempTestSuite1576636129145.groovy:35)&#xD;
)&#xD;
&#xD;
2019-12-18 09:28:59 - [MESSAGE][FAILED] - Unable to verify equal between actual object 'RC01' and expected object 'RC02' (Root cause: com.kms.katalon.core.exception.StepFailedException: Actual object 'RC01' and expected object 'RC02' are not equal&#xD;
	at com.kms.katalon.core.keyword.builtin.VerifyEqualKeyword$_verifyEqual_closure1.doCall(VerifyEqualKeyword.groovy:58)&#xD;
	at com.kms.katalon.core.keyword.builtin.VerifyEqualKeyword$_verifyEqual_closure1.call(VerifyEqualKeyword.groovy)&#xD;
	at com.kms.katalon.core.keyword.internal.KeywordMain.runKeyword(KeywordMain.groovy:68)&#xD;
	at com.kms.katalon.core.keyword.builtin.VerifyEqualKeyword.verifyEqual(VerifyEqualKeyword.groovy:63)&#xD;
	at com.kms.katalon.core.keyword.builtin.VerifyEqualKeyword.execute(VerifyEqualKeyword.groovy:44)&#xD;
	at com.kms.katalon.core.keyword.internal.KeywordExecutor.executeKeywordForPlatform(KeywordExecutor.groovy:56)&#xD;
	at com.kms.katalon.core.keyword.BuiltinKeywords.verifyEqual(BuiltinKeywords.groovy:141)&#xD;
	at Check_Transaction_By_Journal_Number.run(Check_Transaction_By_Journal_Number:74)&#xD;
	at com.kms.katalon.core.main.ScriptEngine.run(ScriptEngine.java:194)&#xD;
	at com.kms.katalon.core.main.ScriptEngine.runScriptAsRawText(ScriptEngine.java:119)&#xD;
	at com.kms.katalon.core.main.TestCaseExecutor.runScript(TestCaseExecutor.java:337)&#xD;
	at com.kms.katalon.core.main.TestCaseExecutor.doExecute(TestCaseExecutor.java:328)&#xD;
	at com.kms.katalon.core.main.TestCaseExecutor.processExecutionPhase(TestCaseExecutor.java:307)&#xD;
	at com.kms.katalon.core.main.TestCaseExecutor.accessMainPhase(TestCaseExecutor.java:299)&#xD;
	at com.kms.katalon.core.main.TestCaseExecutor.execute(TestCaseExecutor.java:233)&#xD;
	at com.kms.katalon.core.main.TestSuiteExecutor.accessTestCaseMainPhase(TestSuiteExecutor.java:133)&#xD;
	at com.kms.katalon.core.main.TestSuiteExecutor.accessTestSuiteMainPhase(TestSuiteExecutor.java:116)&#xD;
	at com.kms.katalon.core.main.TestSuiteExecutor.execute(TestSuiteExecutor.java:83)&#xD;
	at com.kms.katalon.core.main.TestCaseMain.startTestSuite(TestCaseMain.java:157)&#xD;
	at com.kms.katalon.core.main.TestCaseMain$startTestSuite$0.call(Unknown Source)&#xD;
	at TempTestSuite1576636129145.run(TempTestSuite1576636129145.groovy:35)&#xD;
)</system-out>
            <system-err>2019-12-18 09:28:59 - [TEST_CASE][FAILED] - Test Cases/E_Wallet/Check_Transaction_By_Journal_Number/Check_Transaction_By_Journal_Number: Test Cases/E_Wallet/Check_Transaction_By_Journal_Number/Check_Transaction_By_Journal_Number FAILED.
Reason:
com.kms.katalon.core.exception.StepFailedException: Actual object 'RC01' and expected object 'RC02' are not equal&#xD;
	at com.kms.katalon.core.keyword.builtin.VerifyEqualKeyword$_verifyEqual_closure1.doCall(VerifyEqualKeyword.groovy:58)&#xD;
	at com.kms.katalon.core.keyword.builtin.VerifyEqualKeyword$_verifyEqual_closure1.call(VerifyEqualKeyword.groovy)&#xD;
	at com.kms.katalon.core.keyword.internal.KeywordMain.runKeyword(KeywordMain.groovy:68)&#xD;
	at com.kms.katalon.core.keyword.builtin.VerifyEqualKeyword.verifyEqual(VerifyEqualKeyword.groovy:63)&#xD;
	at com.kms.katalon.core.keyword.builtin.VerifyEqualKeyword.execute(VerifyEqualKeyword.groovy:44)&#xD;
	at com.kms.katalon.core.keyword.internal.KeywordExecutor.executeKeywordForPlatform(KeywordExecutor.groovy:56)&#xD;
	at com.kms.katalon.core.keyword.BuiltinKeywords.verifyEqual(BuiltinKeywords.groovy:141)&#xD;
	at Check_Transaction_By_Journal_Number.run(Check_Transaction_By_Journal_Number:74)&#xD;
	at com.kms.katalon.core.main.ScriptEngine.run(ScriptEngine.java:194)&#xD;
	at com.kms.katalon.core.main.ScriptEngine.runScriptAsRawText(ScriptEngine.java:119)&#xD;
	at com.kms.katalon.core.main.TestCaseExecutor.runScript(TestCaseExecutor.java:337)&#xD;
	at com.kms.katalon.core.main.TestCaseExecutor.doExecute(TestCaseExecutor.java:328)&#xD;
	at com.kms.katalon.core.main.TestCaseExecutor.processExecutionPhase(TestCaseExecutor.java:307)&#xD;
	at com.kms.katalon.core.main.TestCaseExecutor.accessMainPhase(TestCaseExecutor.java:299)&#xD;
	at com.kms.katalon.core.main.TestCaseExecutor.execute(TestCaseExecutor.java:233)&#xD;
	at com.kms.katalon.core.main.TestSuiteExecutor.accessTestCaseMainPhase(TestSuiteExecutor.java:133)&#xD;
	at com.kms.katalon.core.main.TestSuiteExecutor.accessTestSuiteMainPhase(TestSuiteExecutor.java:116)&#xD;
	at com.kms.katalon.core.main.TestSuiteExecutor.execute(TestSuiteExecutor.java:83)&#xD;
	at com.kms.katalon.core.main.TestCaseMain.startTestSuite(TestCaseMain.java:157)&#xD;
	at com.kms.katalon.core.main.TestCaseMain$startTestSuite$0.call(Unknown Source)&#xD;
	at TempTestSuite1576636129145.run(TempTestSuite1576636129145.groovy:35)</system-err>
        </testcase>
        <testcase name="Test Cases/E_Wallet/Check_Transaction_By_Journal_Number/Check_Transaction_By_Journal_Number" classname="Test Cases/E_Wallet/Check_Transaction_By_Journal_Number/Check_Transaction_By_Journal_Number" status="PASSED">
            <system-out>2019-12-18 09:28:59 - [TEST_CASE][PASSED] - Test Cases/E_Wallet/Check_Transaction_By_Journal_Number/Check_Transaction_By_Journal_Number: Test Cases/E_Wallet/Check_Transaction_By_Journal_Number/Check_Transaction_By_Journal_Number&#xD;
&#xD;
2019-12-18 09:28:59 - [TEST_STEP][PASSED] - plain = "{" + ""user_agent":"" + var_user_agent + ""," + ""journal_number":"" + var_journal_number + ""," + ""chip_id":"" + var_chip_id + ""}": null&#xD;
&#xD;
2019-12-18 09:28:59 - [TEST_STEP][PASSED] - partner_token = partner_token: null&#xD;
&#xD;
2019-12-18 09:28:59 - [TEST_STEP][PASSED] - out.println(plain): null&#xD;
&#xD;
2019-12-18 09:28:59 - [TEST_STEP][PASSED] - out.println("var_customer_token" + var_customer_token): null&#xD;
&#xD;
2019-12-18 09:28:59 - [TEST_STEP][PASSED] - out.println("var_partner_token" + var_partner_token): null&#xD;
&#xD;
2019-12-18 09:28:59 - [TEST_STEP][PASSED] - encipheredData = SecureUtils.encryptAesEwallet(plain, var_aes_key): null&#xD;
&#xD;
2019-12-18 09:28:59 - [TEST_STEP][PASSED] - body = "{"organisation_id":"" + var_organisation_id + ""," + ""data":"" + encipheredData + ""," + ""lang":"" + var_lang + ""}": null&#xD;
&#xD;
2019-12-18 09:28:59 - [TEST_STEP][PASSED] - out.println(body): null&#xD;
&#xD;
2019-12-18 09:28:59 - [TEST_STEP][PASSED] - request = findTestObject("E_Wallet/Check_Transaction_By_Journal_Number"): null&#xD;
&#xD;
2019-12-18 09:28:59 - [TEST_STEP][PASSED] - request.setBodyContent(new com.kms.katalon.core.testobject.impl.HttpTextBodyContent(body, UTF-8, application/json)): null&#xD;
&#xD;
2019-12-18 09:28:59 - [TEST_STEP][PASSED] - if (var_customer_token == 0): null&#xD;
&#xD;
2019-12-18 09:28:59 - [TEST_STEP][PASSED] - else: null&#xD;
&#xD;
2019-12-18 09:28:59 - [TEST_STEP][PASSED] - out.println("using access_token = " + access_token_customer): null&#xD;
&#xD;
2019-12-18 09:28:59 - [TEST_STEP][PASSED] - listQuery = new java.util.ArrayList(): null&#xD;
&#xD;
2019-12-18 09:28:59 - [TEST_STEP][PASSED] - listQuery.add(new com.kms.katalon.core.testobject.TestObjectProperty(token, com.kms.katalon.core.testobject.ConditionType.EQUALS, internal.GlobalVariable.access_token_customer)): null&#xD;
&#xD;
2019-12-18 09:28:59 - [TEST_STEP][PASSED] - request.setRestParameters(listQuery): null&#xD;
&#xD;
2019-12-18 09:28:59 - [TEST_STEP][PASSED] - response = sendRequest(request): Send request successfully&#xD;
&#xD;
2019-12-18 09:28:59 - [MESSAGE][INFO] - HAR: D:\katalon-ewallet\Reports\E_Wallet\Check_Transaction_By_Journal_Number\Test_Suite_Check_Transaction_By_Journal_Number\20191218_092849\requests\main\17.har&#xD;
&#xD;
2019-12-18 09:28:59 - [MESSAGE][PASSED] - Send request successfully&#xD;
&#xD;
2019-12-18 09:28:59 - [TEST_STEP][PASSED] - body_content = responseBodyContent: null&#xD;
&#xD;
2019-12-18 09:28:59 - [TEST_STEP][PASSED] - status_code = statusCode: null&#xD;
&#xD;
2019-12-18 09:28:59 - [TEST_STEP][PASSED] - respDataMap = JsonSlurper().parseText(body_content): null&#xD;
&#xD;
2019-12-18 09:28:59 - [TEST_STEP][PASSED] - out.println(respDataMap): null&#xD;
&#xD;
2019-12-18 09:28:59 - [TEST_STEP][PASSED] - println(body_content): null&#xD;
&#xD;
2019-12-18 09:28:59 - [TEST_STEP][PASSED] - rc_ref = ReturnCodeWrapper(var_expected_rc).getEnumRC(): null&#xD;
&#xD;
2019-12-18 09:28:59 - [TEST_STEP][PASSED] - out.println(var_expected_rc): null&#xD;
&#xD;
2019-12-18 09:28:59 - [TEST_STEP][PASSED] - out.println(rc_ref.getRCName()): null&#xD;
&#xD;
2019-12-18 09:28:59 - [TEST_STEP][PASSED] - out.println(rc_ref.getHttpResponse()): null&#xD;
&#xD;
2019-12-18 09:28:59 - [TEST_STEP][PASSED] - result = verifyEqual(response_code, rc_ref.getRCName()): Actual object 'RC02' and expected object 'RC02' are equal&#xD;
&#xD;
2019-12-18 09:28:59 - [MESSAGE][PASSED] - Actual object 'RC02' and expected object 'RC02' are equal</system-out>
            <system-err></system-err>
        </testcase>
        <testcase name="Test Cases/E_Wallet/Check_Transaction_By_Journal_Number/Check_Transaction_By_Journal_Number" classname="Test Cases/E_Wallet/Check_Transaction_By_Journal_Number/Check_Transaction_By_Journal_Number" status="FAILED">
            <failure type="FAILED" message="Test Cases/E_Wallet/Check_Transaction_By_Journal_Number/Check_Transaction_By_Journal_Number FAILED.&#xA;Reason:&#xA;com.kms.katalon.core.exception.StepFailedException: Actual object 'RC01' and expected object 'RC02' are not equal&#xD;&#xA;&#x9;at com.kms.katalon.core.keyword.builtin.VerifyEqualKeyword$_verifyEqual_closure1.doCall(VerifyEqualKeyword.groovy:58)&#xD;&#xA;&#x9;at com.kms.katalon.core.keyword.builtin.VerifyEqualKeyword$_verifyEqual_closure1.call(VerifyEqualKeyword.groovy)&#xD;&#xA;&#x9;at com.kms.katalon.core.keyword.internal.KeywordMain.runKeyword(KeywordMain.groovy:68)&#xD;&#xA;&#x9;at com.kms.katalon.core.keyword.builtin.VerifyEqualKeyword.verifyEqual(VerifyEqualKeyword.groovy:63)&#xD;&#xA;&#x9;at com.kms.katalon.core.keyword.builtin.VerifyEqualKeyword.execute(VerifyEqualKeyword.groovy:44)&#xD;&#xA;&#x9;at com.kms.katalon.core.keyword.internal.KeywordExecutor.executeKeywordForPlatform(KeywordExecutor.groovy:56)&#xD;&#xA;&#x9;at com.kms.katalon.core.keyword.BuiltinKeywords.verifyEqual(BuiltinKeywords.groovy:141)&#xD;&#xA;&#x9;at Check_Transaction_By_Journal_Number.run(Check_Transaction_By_Journal_Number:74)&#xD;&#xA;&#x9;at com.kms.katalon.core.main.ScriptEngine.run(ScriptEngine.java:194)&#xD;&#xA;&#x9;at com.kms.katalon.core.main.ScriptEngine.runScriptAsRawText(ScriptEngine.java:119)&#xD;&#xA;&#x9;at com.kms.katalon.core.main.TestCaseExecutor.runScript(TestCaseExecutor.java:337)&#xD;&#xA;&#x9;at com.kms.katalon.core.main.TestCaseExecutor.doExecute(TestCaseExecutor.java:328)&#xD;&#xA;&#x9;at com.kms.katalon.core.main.TestCaseExecutor.processExecutionPhase(TestCaseExecutor.java:307)&#xD;&#xA;&#x9;at com.kms.katalon.core.main.TestCaseExecutor.accessMainPhase(TestCaseExecutor.java:299)&#xD;&#xA;&#x9;at com.kms.katalon.core.main.TestCaseExecutor.execute(TestCaseExecutor.java:233)&#xD;&#xA;&#x9;at com.kms.katalon.core.main.TestSuiteExecutor.accessTestCaseMainPhase(TestSuiteExecutor.java:133)&#xD;&#xA;&#x9;at com.kms.katalon.core.main.TestSuiteExecutor.accessTestSuiteMainPhase(TestSuiteExecutor.java:116)&#xD;&#xA;&#x9;at com.kms.katalon.core.main.TestSuiteExecutor.execute(TestSuiteExecutor.java:83)&#xD;&#xA;&#x9;at com.kms.katalon.core.main.TestCaseMain.startTestSuite(TestCaseMain.java:157)&#xD;&#xA;&#x9;at com.kms.katalon.core.main.TestCaseMain$startTestSuite$0.call(Unknown Source)&#xD;&#xA;&#x9;at TempTestSuite1576636129145.run(TempTestSuite1576636129145.groovy:35)&#xD;&#xA;"/>
            <system-out>2019-12-18 09:28:59 - [TEST_CASE][FAILED] - Test Cases/E_Wallet/Check_Transaction_By_Journal_Number/Check_Transaction_By_Journal_Number: Test Cases/E_Wallet/Check_Transaction_By_Journal_Number/Check_Transaction_By_Journal_Number FAILED.
Reason:
com.kms.katalon.core.exception.StepFailedException: Actual object 'RC01' and expected object 'RC02' are not equal&#xD;
	at com.kms.katalon.core.keyword.builtin.VerifyEqualKeyword$_verifyEqual_closure1.doCall(VerifyEqualKeyword.groovy:58)&#xD;
	at com.kms.katalon.core.keyword.builtin.VerifyEqualKeyword$_verifyEqual_closure1.call(VerifyEqualKeyword.groovy)&#xD;
	at com.kms.katalon.core.keyword.internal.KeywordMain.runKeyword(KeywordMain.groovy:68)&#xD;
	at com.kms.katalon.core.keyword.builtin.VerifyEqualKeyword.verifyEqual(VerifyEqualKeyword.groovy:63)&#xD;
	at com.kms.katalon.core.keyword.builtin.VerifyEqualKeyword.execute(VerifyEqualKeyword.groovy:44)&#xD;
	at com.kms.katalon.core.keyword.internal.KeywordExecutor.executeKeywordForPlatform(KeywordExecutor.groovy:56)&#xD;
	at com.kms.katalon.core.keyword.BuiltinKeywords.verifyEqual(BuiltinKeywords.groovy:141)&#xD;
	at Check_Transaction_By_Journal_Number.run(Check_Transaction_By_Journal_Number:74)&#xD;
	at com.kms.katalon.core.main.ScriptEngine.run(ScriptEngine.java:194)&#xD;
	at com.kms.katalon.core.main.ScriptEngine.runScriptAsRawText(ScriptEngine.java:119)&#xD;
	at com.kms.katalon.core.main.TestCaseExecutor.runScript(TestCaseExecutor.java:337)&#xD;
	at com.kms.katalon.core.main.TestCaseExecutor.doExecute(TestCaseExecutor.java:328)&#xD;
	at com.kms.katalon.core.main.TestCaseExecutor.processExecutionPhase(TestCaseExecutor.java:307)&#xD;
	at com.kms.katalon.core.main.TestCaseExecutor.accessMainPhase(TestCaseExecutor.java:299)&#xD;
	at com.kms.katalon.core.main.TestCaseExecutor.execute(TestCaseExecutor.java:233)&#xD;
	at com.kms.katalon.core.main.TestSuiteExecutor.accessTestCaseMainPhase(TestSuiteExecutor.java:133)&#xD;
	at com.kms.katalon.core.main.TestSuiteExecutor.accessTestSuiteMainPhase(TestSuiteExecutor.java:116)&#xD;
	at com.kms.katalon.core.main.TestSuiteExecutor.execute(TestSuiteExecutor.java:83)&#xD;
	at com.kms.katalon.core.main.TestCaseMain.startTestSuite(TestCaseMain.java:157)&#xD;
	at com.kms.katalon.core.main.TestCaseMain$startTestSuite$0.call(Unknown Source)&#xD;
	at TempTestSuite1576636129145.run(TempTestSuite1576636129145.groovy:35)&#xD;
&#xD;
&#xD;
2019-12-18 09:28:59 - [TEST_STEP][PASSED] - plain = "{" + ""user_agent":"" + var_user_agent + ""," + ""journal_number":"" + var_journal_number + ""," + ""chip_id":"" + var_chip_id + ""}": null&#xD;
&#xD;
2019-12-18 09:28:59 - [TEST_STEP][PASSED] - partner_token = partner_token: null&#xD;
&#xD;
2019-12-18 09:28:59 - [TEST_STEP][PASSED] - out.println(plain): null&#xD;
&#xD;
2019-12-18 09:28:59 - [TEST_STEP][PASSED] - out.println("var_customer_token" + var_customer_token): null&#xD;
&#xD;
2019-12-18 09:28:59 - [TEST_STEP][PASSED] - out.println("var_partner_token" + var_partner_token): null&#xD;
&#xD;
2019-12-18 09:28:59 - [TEST_STEP][PASSED] - encipheredData = SecureUtils.encryptAesEwallet(plain, var_aes_key): null&#xD;
&#xD;
2019-12-18 09:28:59 - [TEST_STEP][PASSED] - body = "{"organisation_id":"" + var_organisation_id + ""," + ""data":"" + encipheredData + ""," + ""lang":"" + var_lang + ""}": null&#xD;
&#xD;
2019-12-18 09:28:59 - [TEST_STEP][PASSED] - out.println(body): null&#xD;
&#xD;
2019-12-18 09:28:59 - [TEST_STEP][PASSED] - request = findTestObject("E_Wallet/Check_Transaction_By_Journal_Number"): null&#xD;
&#xD;
2019-12-18 09:28:59 - [TEST_STEP][PASSED] - request.setBodyContent(new com.kms.katalon.core.testobject.impl.HttpTextBodyContent(body, UTF-8, application/json)): null&#xD;
&#xD;
2019-12-18 09:28:59 - [TEST_STEP][PASSED] - if (var_customer_token == 0): null&#xD;
&#xD;
2019-12-18 09:28:59 - [TEST_STEP][PASSED] - else: null&#xD;
&#xD;
2019-12-18 09:28:59 - [TEST_STEP][PASSED] - out.println("using access_token = " + access_token_customer): null&#xD;
&#xD;
2019-12-18 09:28:59 - [TEST_STEP][PASSED] - listQuery = new java.util.ArrayList(): null&#xD;
&#xD;
2019-12-18 09:28:59 - [TEST_STEP][PASSED] - listQuery.add(new com.kms.katalon.core.testobject.TestObjectProperty(token, com.kms.katalon.core.testobject.ConditionType.EQUALS, internal.GlobalVariable.access_token_customer)): null&#xD;
&#xD;
2019-12-18 09:28:59 - [TEST_STEP][PASSED] - request.setRestParameters(listQuery): null&#xD;
&#xD;
2019-12-18 09:28:59 - [TEST_STEP][PASSED] - response = sendRequest(request): Send request successfully&#xD;
&#xD;
2019-12-18 09:28:59 - [MESSAGE][INFO] - HAR: D:\katalon-ewallet\Reports\E_Wallet\Check_Transaction_By_Journal_Number\Test_Suite_Check_Transaction_By_Journal_Number\20191218_092849\requests\main\18.har&#xD;
&#xD;
2019-12-18 09:28:59 - [MESSAGE][PASSED] - Send request successfully&#xD;
&#xD;
2019-12-18 09:28:59 - [TEST_STEP][PASSED] - body_content = responseBodyContent: null&#xD;
&#xD;
2019-12-18 09:28:59 - [TEST_STEP][PASSED] - status_code = statusCode: null&#xD;
&#xD;
2019-12-18 09:28:59 - [TEST_STEP][PASSED] - respDataMap = JsonSlurper().parseText(body_content): null&#xD;
&#xD;
2019-12-18 09:28:59 - [TEST_STEP][PASSED] - out.println(respDataMap): null&#xD;
&#xD;
2019-12-18 09:28:59 - [TEST_STEP][PASSED] - println(body_content): null&#xD;
&#xD;
2019-12-18 09:28:59 - [TEST_STEP][PASSED] - rc_ref = ReturnCodeWrapper(var_expected_rc).getEnumRC(): null&#xD;
&#xD;
2019-12-18 09:28:59 - [TEST_STEP][PASSED] - out.println(var_expected_rc): null&#xD;
&#xD;
2019-12-18 09:28:59 - [TEST_STEP][PASSED] - out.println(rc_ref.getRCName()): null&#xD;
&#xD;
2019-12-18 09:28:59 - [TEST_STEP][PASSED] - out.println(rc_ref.getHttpResponse()): null&#xD;
&#xD;
2019-12-18 09:28:59 - [TEST_STEP][FAILED] - result = verifyEqual(response_code, rc_ref.getRCName()): Unable to verify equal between actual object 'RC01' and expected object 'RC02' (Root cause: com.kms.katalon.core.exception.StepFailedException: Actual object 'RC01' and expected object 'RC02' are not equal&#xD;
	at com.kms.katalon.core.keyword.builtin.VerifyEqualKeyword$_verifyEqual_closure1.doCall(VerifyEqualKeyword.groovy:58)&#xD;
	at com.kms.katalon.core.keyword.builtin.VerifyEqualKeyword$_verifyEqual_closure1.call(VerifyEqualKeyword.groovy)&#xD;
	at com.kms.katalon.core.keyword.internal.KeywordMain.runKeyword(KeywordMain.groovy:68)&#xD;
	at com.kms.katalon.core.keyword.builtin.VerifyEqualKeyword.verifyEqual(VerifyEqualKeyword.groovy:63)&#xD;
	at com.kms.katalon.core.keyword.builtin.VerifyEqualKeyword.execute(VerifyEqualKeyword.groovy:44)&#xD;
	at com.kms.katalon.core.keyword.internal.KeywordExecutor.executeKeywordForPlatform(KeywordExecutor.groovy:56)&#xD;
	at com.kms.katalon.core.keyword.BuiltinKeywords.verifyEqual(BuiltinKeywords.groovy:141)&#xD;
	at Check_Transaction_By_Journal_Number.run(Check_Transaction_By_Journal_Number:74)&#xD;
	at com.kms.katalon.core.main.ScriptEngine.run(ScriptEngine.java:194)&#xD;
	at com.kms.katalon.core.main.ScriptEngine.runScriptAsRawText(ScriptEngine.java:119)&#xD;
	at com.kms.katalon.core.main.TestCaseExecutor.runScript(TestCaseExecutor.java:337)&#xD;
	at com.kms.katalon.core.main.TestCaseExecutor.doExecute(TestCaseExecutor.java:328)&#xD;
	at com.kms.katalon.core.main.TestCaseExecutor.processExecutionPhase(TestCaseExecutor.java:307)&#xD;
	at com.kms.katalon.core.main.TestCaseExecutor.accessMainPhase(TestCaseExecutor.java:299)&#xD;
	at com.kms.katalon.core.main.TestCaseExecutor.execute(TestCaseExecutor.java:233)&#xD;
	at com.kms.katalon.core.main.TestSuiteExecutor.accessTestCaseMainPhase(TestSuiteExecutor.java:133)&#xD;
	at com.kms.katalon.core.main.TestSuiteExecutor.accessTestSuiteMainPhase(TestSuiteExecutor.java:116)&#xD;
	at com.kms.katalon.core.main.TestSuiteExecutor.execute(TestSuiteExecutor.java:83)&#xD;
	at com.kms.katalon.core.main.TestCaseMain.startTestSuite(TestCaseMain.java:157)&#xD;
	at com.kms.katalon.core.main.TestCaseMain$startTestSuite$0.call(Unknown Source)&#xD;
	at TempTestSuite1576636129145.run(TempTestSuite1576636129145.groovy:35)&#xD;
)&#xD;
&#xD;
2019-12-18 09:28:59 - [MESSAGE][FAILED] - Unable to verify equal between actual object 'RC01' and expected object 'RC02' (Root cause: com.kms.katalon.core.exception.StepFailedException: Actual object 'RC01' and expected object 'RC02' are not equal&#xD;
	at com.kms.katalon.core.keyword.builtin.VerifyEqualKeyword$_verifyEqual_closure1.doCall(VerifyEqualKeyword.groovy:58)&#xD;
	at com.kms.katalon.core.keyword.builtin.VerifyEqualKeyword$_verifyEqual_closure1.call(VerifyEqualKeyword.groovy)&#xD;
	at com.kms.katalon.core.keyword.internal.KeywordMain.runKeyword(KeywordMain.groovy:68)&#xD;
	at com.kms.katalon.core.keyword.builtin.VerifyEqualKeyword.verifyEqual(VerifyEqualKeyword.groovy:63)&#xD;
	at com.kms.katalon.core.keyword.builtin.VerifyEqualKeyword.execute(VerifyEqualKeyword.groovy:44)&#xD;
	at com.kms.katalon.core.keyword.internal.KeywordExecutor.executeKeywordForPlatform(KeywordExecutor.groovy:56)&#xD;
	at com.kms.katalon.core.keyword.BuiltinKeywords.verifyEqual(BuiltinKeywords.groovy:141)&#xD;
	at Check_Transaction_By_Journal_Number.run(Check_Transaction_By_Journal_Number:74)&#xD;
	at com.kms.katalon.core.main.ScriptEngine.run(ScriptEngine.java:194)&#xD;
	at com.kms.katalon.core.main.ScriptEngine.runScriptAsRawText(ScriptEngine.java:119)&#xD;
	at com.kms.katalon.core.main.TestCaseExecutor.runScript(TestCaseExecutor.java:337)&#xD;
	at com.kms.katalon.core.main.TestCaseExecutor.doExecute(TestCaseExecutor.java:328)&#xD;
	at com.kms.katalon.core.main.TestCaseExecutor.processExecutionPhase(TestCaseExecutor.java:307)&#xD;
	at com.kms.katalon.core.main.TestCaseExecutor.accessMainPhase(TestCaseExecutor.java:299)&#xD;
	at com.kms.katalon.core.main.TestCaseExecutor.execute(TestCaseExecutor.java:233)&#xD;
	at com.kms.katalon.core.main.TestSuiteExecutor.accessTestCaseMainPhase(TestSuiteExecutor.java:133)&#xD;
	at com.kms.katalon.core.main.TestSuiteExecutor.accessTestSuiteMainPhase(TestSuiteExecutor.java:116)&#xD;
	at com.kms.katalon.core.main.TestSuiteExecutor.execute(TestSuiteExecutor.java:83)&#xD;
	at com.kms.katalon.core.main.TestCaseMain.startTestSuite(TestCaseMain.java:157)&#xD;
	at com.kms.katalon.core.main.TestCaseMain$startTestSuite$0.call(Unknown Source)&#xD;
	at TempTestSuite1576636129145.run(TempTestSuite1576636129145.groovy:35)&#xD;
)</system-out>
            <system-err>2019-12-18 09:28:59 - [TEST_CASE][FAILED] - Test Cases/E_Wallet/Check_Transaction_By_Journal_Number/Check_Transaction_By_Journal_Number: Test Cases/E_Wallet/Check_Transaction_By_Journal_Number/Check_Transaction_By_Journal_Number FAILED.
Reason:
com.kms.katalon.core.exception.StepFailedException: Actual object 'RC01' and expected object 'RC02' are not equal&#xD;
	at com.kms.katalon.core.keyword.builtin.VerifyEqualKeyword$_verifyEqual_closure1.doCall(VerifyEqualKeyword.groovy:58)&#xD;
	at com.kms.katalon.core.keyword.builtin.VerifyEqualKeyword$_verifyEqual_closure1.call(VerifyEqualKeyword.groovy)&#xD;
	at com.kms.katalon.core.keyword.internal.KeywordMain.runKeyword(KeywordMain.groovy:68)&#xD;
	at com.kms.katalon.core.keyword.builtin.VerifyEqualKeyword.verifyEqual(VerifyEqualKeyword.groovy:63)&#xD;
	at com.kms.katalon.core.keyword.builtin.VerifyEqualKeyword.execute(VerifyEqualKeyword.groovy:44)&#xD;
	at com.kms.katalon.core.keyword.internal.KeywordExecutor.executeKeywordForPlatform(KeywordExecutor.groovy:56)&#xD;
	at com.kms.katalon.core.keyword.BuiltinKeywords.verifyEqual(BuiltinKeywords.groovy:141)&#xD;
	at Check_Transaction_By_Journal_Number.run(Check_Transaction_By_Journal_Number:74)&#xD;
	at com.kms.katalon.core.main.ScriptEngine.run(ScriptEngine.java:194)&#xD;
	at com.kms.katalon.core.main.ScriptEngine.runScriptAsRawText(ScriptEngine.java:119)&#xD;
	at com.kms.katalon.core.main.TestCaseExecutor.runScript(TestCaseExecutor.java:337)&#xD;
	at com.kms.katalon.core.main.TestCaseExecutor.doExecute(TestCaseExecutor.java:328)&#xD;
	at com.kms.katalon.core.main.TestCaseExecutor.processExecutionPhase(TestCaseExecutor.java:307)&#xD;
	at com.kms.katalon.core.main.TestCaseExecutor.accessMainPhase(TestCaseExecutor.java:299)&#xD;
	at com.kms.katalon.core.main.TestCaseExecutor.execute(TestCaseExecutor.java:233)&#xD;
	at com.kms.katalon.core.main.TestSuiteExecutor.accessTestCaseMainPhase(TestSuiteExecutor.java:133)&#xD;
	at com.kms.katalon.core.main.TestSuiteExecutor.accessTestSuiteMainPhase(TestSuiteExecutor.java:116)&#xD;
	at com.kms.katalon.core.main.TestSuiteExecutor.execute(TestSuiteExecutor.java:83)&#xD;
	at com.kms.katalon.core.main.TestCaseMain.startTestSuite(TestCaseMain.java:157)&#xD;
	at com.kms.katalon.core.main.TestCaseMain$startTestSuite$0.call(Unknown Source)&#xD;
	at TempTestSuite1576636129145.run(TempTestSuite1576636129145.groovy:35)</system-err>
        </testcase>
        <testcase name="Test Cases/E_Wallet/Check_Transaction_By_Journal_Number/Check_Transaction_By_Journal_Number" classname="Test Cases/E_Wallet/Check_Transaction_By_Journal_Number/Check_Transaction_By_Journal_Number" status="PASSED">
            <system-out>2019-12-18 09:28:59 - [TEST_CASE][PASSED] - Test Cases/E_Wallet/Check_Transaction_By_Journal_Number/Check_Transaction_By_Journal_Number: Test Cases/E_Wallet/Check_Transaction_By_Journal_Number/Check_Transaction_By_Journal_Number&#xD;
&#xD;
2019-12-18 09:28:59 - [TEST_STEP][PASSED] - plain = "{" + ""user_agent":"" + var_user_agent + ""," + ""journal_number":"" + var_journal_number + ""," + ""chip_id":"" + var_chip_id + ""}": null&#xD;
&#xD;
2019-12-18 09:28:59 - [TEST_STEP][PASSED] - partner_token = partner_token: null&#xD;
&#xD;
2019-12-18 09:28:59 - [TEST_STEP][PASSED] - out.println(plain): null&#xD;
&#xD;
2019-12-18 09:28:59 - [TEST_STEP][PASSED] - out.println("var_customer_token" + var_customer_token): null&#xD;
&#xD;
2019-12-18 09:28:59 - [TEST_STEP][PASSED] - out.println("var_partner_token" + var_partner_token): null&#xD;
&#xD;
2019-12-18 09:28:59 - [TEST_STEP][PASSED] - encipheredData = SecureUtils.encryptAesEwallet(plain, var_aes_key): null&#xD;
&#xD;
2019-12-18 09:28:59 - [TEST_STEP][PASSED] - body = "{"organisation_id":"" + var_organisation_id + ""," + ""data":"" + encipheredData + ""," + ""lang":"" + var_lang + ""}": null&#xD;
&#xD;
2019-12-18 09:28:59 - [TEST_STEP][PASSED] - out.println(body): null&#xD;
&#xD;
2019-12-18 09:28:59 - [TEST_STEP][PASSED] - request = findTestObject("E_Wallet/Check_Transaction_By_Journal_Number"): null&#xD;
&#xD;
2019-12-18 09:28:59 - [TEST_STEP][PASSED] - request.setBodyContent(new com.kms.katalon.core.testobject.impl.HttpTextBodyContent(body, UTF-8, application/json)): null&#xD;
&#xD;
2019-12-18 09:28:59 - [TEST_STEP][PASSED] - if (var_customer_token == 0): null&#xD;
&#xD;
2019-12-18 09:28:59 - [TEST_STEP][PASSED] - else: null&#xD;
&#xD;
2019-12-18 09:28:59 - [TEST_STEP][PASSED] - out.println("using access_token = " + access_token_customer): null&#xD;
&#xD;
2019-12-18 09:28:59 - [TEST_STEP][PASSED] - listQuery = new java.util.ArrayList(): null&#xD;
&#xD;
2019-12-18 09:28:59 - [TEST_STEP][PASSED] - listQuery.add(new com.kms.katalon.core.testobject.TestObjectProperty(token, com.kms.katalon.core.testobject.ConditionType.EQUALS, internal.GlobalVariable.access_token_customer)): null&#xD;
&#xD;
2019-12-18 09:28:59 - [TEST_STEP][PASSED] - request.setRestParameters(listQuery): null&#xD;
&#xD;
2019-12-18 09:28:59 - [TEST_STEP][PASSED] - response = sendRequest(request): Send request successfully&#xD;
&#xD;
2019-12-18 09:28:59 - [MESSAGE][INFO] - HAR: D:\katalon-ewallet\Reports\E_Wallet\Check_Transaction_By_Journal_Number\Test_Suite_Check_Transaction_By_Journal_Number\20191218_092849\requests\main\19.har&#xD;
&#xD;
2019-12-18 09:28:59 - [MESSAGE][PASSED] - Send request successfully&#xD;
&#xD;
2019-12-18 09:28:59 - [TEST_STEP][PASSED] - body_content = responseBodyContent: null&#xD;
&#xD;
2019-12-18 09:28:59 - [TEST_STEP][PASSED] - status_code = statusCode: null&#xD;
&#xD;
2019-12-18 09:28:59 - [TEST_STEP][PASSED] - respDataMap = JsonSlurper().parseText(body_content): null&#xD;
&#xD;
2019-12-18 09:29:00 - [TEST_STEP][PASSED] - out.println(respDataMap): null&#xD;
&#xD;
2019-12-18 09:29:00 - [TEST_STEP][PASSED] - println(body_content): null&#xD;
&#xD;
2019-12-18 09:29:00 - [TEST_STEP][PASSED] - rc_ref = ReturnCodeWrapper(var_expected_rc).getEnumRC(): null&#xD;
&#xD;
2019-12-18 09:29:00 - [TEST_STEP][PASSED] - out.println(var_expected_rc): null&#xD;
&#xD;
2019-12-18 09:29:00 - [TEST_STEP][PASSED] - out.println(rc_ref.getRCName()): null&#xD;
&#xD;
2019-12-18 09:29:00 - [TEST_STEP][PASSED] - out.println(rc_ref.getHttpResponse()): null&#xD;
&#xD;
2019-12-18 09:29:00 - [TEST_STEP][PASSED] - result = verifyEqual(response_code, rc_ref.getRCName()): Actual object 'RC02' and expected object 'RC02' are equal&#xD;
&#xD;
2019-12-18 09:29:00 - [MESSAGE][PASSED] - Actual object 'RC02' and expected object 'RC02' are equal</system-out>
            <system-err></system-err>
        </testcase>
        <testcase name="Test Cases/E_Wallet/Check_Transaction_By_Journal_Number/Check_Transaction_By_Journal_Number" classname="Test Cases/E_Wallet/Check_Transaction_By_Journal_Number/Check_Transaction_By_Journal_Number" status="FAILED">
            <failure type="FAILED" message="Test Cases/E_Wallet/Check_Transaction_By_Journal_Number/Check_Transaction_By_Journal_Number FAILED.&#xA;Reason:&#xA;com.kms.katalon.core.exception.StepFailedException: Actual object 'RC01' and expected object 'RC02' are not equal&#xD;&#xA;&#x9;at com.kms.katalon.core.keyword.builtin.VerifyEqualKeyword$_verifyEqual_closure1.doCall(VerifyEqualKeyword.groovy:58)&#xD;&#xA;&#x9;at com.kms.katalon.core.keyword.builtin.VerifyEqualKeyword$_verifyEqual_closure1.call(VerifyEqualKeyword.groovy)&#xD;&#xA;&#x9;at com.kms.katalon.core.keyword.internal.KeywordMain.runKeyword(KeywordMain.groovy:68)&#xD;&#xA;&#x9;at com.kms.katalon.core.keyword.builtin.VerifyEqualKeyword.verifyEqual(VerifyEqualKeyword.groovy:63)&#xD;&#xA;&#x9;at com.kms.katalon.core.keyword.builtin.VerifyEqualKeyword.execute(VerifyEqualKeyword.groovy:44)&#xD;&#xA;&#x9;at com.kms.katalon.core.keyword.internal.KeywordExecutor.executeKeywordForPlatform(KeywordExecutor.groovy:56)&#xD;&#xA;&#x9;at com.kms.katalon.core.keyword.BuiltinKeywords.verifyEqual(BuiltinKeywords.groovy:141)&#xD;&#xA;&#x9;at Check_Transaction_By_Journal_Number.run(Check_Transaction_By_Journal_Number:74)&#xD;&#xA;&#x9;at com.kms.katalon.core.main.ScriptEngine.run(ScriptEngine.java:194)&#xD;&#xA;&#x9;at com.kms.katalon.core.main.ScriptEngine.runScriptAsRawText(ScriptEngine.java:119)&#xD;&#xA;&#x9;at com.kms.katalon.core.main.TestCaseExecutor.runScript(TestCaseExecutor.java:337)&#xD;&#xA;&#x9;at com.kms.katalon.core.main.TestCaseExecutor.doExecute(TestCaseExecutor.java:328)&#xD;&#xA;&#x9;at com.kms.katalon.core.main.TestCaseExecutor.processExecutionPhase(TestCaseExecutor.java:307)&#xD;&#xA;&#x9;at com.kms.katalon.core.main.TestCaseExecutor.accessMainPhase(TestCaseExecutor.java:299)&#xD;&#xA;&#x9;at com.kms.katalon.core.main.TestCaseExecutor.execute(TestCaseExecutor.java:233)&#xD;&#xA;&#x9;at com.kms.katalon.core.main.TestSuiteExecutor.accessTestCaseMainPhase(TestSuiteExecutor.java:133)&#xD;&#xA;&#x9;at com.kms.katalon.core.main.TestSuiteExecutor.accessTestSuiteMainPhase(TestSuiteExecutor.java:116)&#xD;&#xA;&#x9;at com.kms.katalon.core.main.TestSuiteExecutor.execute(TestSuiteExecutor.java:83)&#xD;&#xA;&#x9;at com.kms.katalon.core.main.TestCaseMain.startTestSuite(TestCaseMain.java:157)&#xD;&#xA;&#x9;at com.kms.katalon.core.main.TestCaseMain$startTestSuite$0.call(Unknown Source)&#xD;&#xA;&#x9;at TempTestSuite1576636129145.run(TempTestSuite1576636129145.groovy:35)&#xD;&#xA;"/>
            <system-out>2019-12-18 09:29:00 - [TEST_CASE][FAILED] - Test Cases/E_Wallet/Check_Transaction_By_Journal_Number/Check_Transaction_By_Journal_Number: Test Cases/E_Wallet/Check_Transaction_By_Journal_Number/Check_Transaction_By_Journal_Number FAILED.
Reason:
com.kms.katalon.core.exception.StepFailedException: Actual object 'RC01' and expected object 'RC02' are not equal&#xD;
	at com.kms.katalon.core.keyword.builtin.VerifyEqualKeyword$_verifyEqual_closure1.doCall(VerifyEqualKeyword.groovy:58)&#xD;
	at com.kms.katalon.core.keyword.builtin.VerifyEqualKeyword$_verifyEqual_closure1.call(VerifyEqualKeyword.groovy)&#xD;
	at com.kms.katalon.core.keyword.internal.KeywordMain.runKeyword(KeywordMain.groovy:68)&#xD;
	at com.kms.katalon.core.keyword.builtin.VerifyEqualKeyword.verifyEqual(VerifyEqualKeyword.groovy:63)&#xD;
	at com.kms.katalon.core.keyword.builtin.VerifyEqualKeyword.execute(VerifyEqualKeyword.groovy:44)&#xD;
	at com.kms.katalon.core.keyword.internal.KeywordExecutor.executeKeywordForPlatform(KeywordExecutor.groovy:56)&#xD;
	at com.kms.katalon.core.keyword.BuiltinKeywords.verifyEqual(BuiltinKeywords.groovy:141)&#xD;
	at Check_Transaction_By_Journal_Number.run(Check_Transaction_By_Journal_Number:74)&#xD;
	at com.kms.katalon.core.main.ScriptEngine.run(ScriptEngine.java:194)&#xD;
	at com.kms.katalon.core.main.ScriptEngine.runScriptAsRawText(ScriptEngine.java:119)&#xD;
	at com.kms.katalon.core.main.TestCaseExecutor.runScript(TestCaseExecutor.java:337)&#xD;
	at com.kms.katalon.core.main.TestCaseExecutor.doExecute(TestCaseExecutor.java:328)&#xD;
	at com.kms.katalon.core.main.TestCaseExecutor.processExecutionPhase(TestCaseExecutor.java:307)&#xD;
	at com.kms.katalon.core.main.TestCaseExecutor.accessMainPhase(TestCaseExecutor.java:299)&#xD;
	at com.kms.katalon.core.main.TestCaseExecutor.execute(TestCaseExecutor.java:233)&#xD;
	at com.kms.katalon.core.main.TestSuiteExecutor.accessTestCaseMainPhase(TestSuiteExecutor.java:133)&#xD;
	at com.kms.katalon.core.main.TestSuiteExecutor.accessTestSuiteMainPhase(TestSuiteExecutor.java:116)&#xD;
	at com.kms.katalon.core.main.TestSuiteExecutor.execute(TestSuiteExecutor.java:83)&#xD;
	at com.kms.katalon.core.main.TestCaseMain.startTestSuite(TestCaseMain.java:157)&#xD;
	at com.kms.katalon.core.main.TestCaseMain$startTestSuite$0.call(Unknown Source)&#xD;
	at TempTestSuite1576636129145.run(TempTestSuite1576636129145.groovy:35)&#xD;
&#xD;
&#xD;
2019-12-18 09:29:00 - [TEST_STEP][PASSED] - plain = "{" + ""user_agent":"" + var_user_agent + ""," + ""journal_number":"" + var_journal_number + ""," + ""chip_id":"" + var_chip_id + ""}": null&#xD;
&#xD;
2019-12-18 09:29:00 - [TEST_STEP][PASSED] - partner_token = partner_token: null&#xD;
&#xD;
2019-12-18 09:29:00 - [TEST_STEP][PASSED] - out.println(plain): null&#xD;
&#xD;
2019-12-18 09:29:00 - [TEST_STEP][PASSED] - out.println("var_customer_token" + var_customer_token): null&#xD;
&#xD;
2019-12-18 09:29:00 - [TEST_STEP][PASSED] - out.println("var_partner_token" + var_partner_token): null&#xD;
&#xD;
2019-12-18 09:29:00 - [TEST_STEP][PASSED] - encipheredData = SecureUtils.encryptAesEwallet(plain, var_aes_key): null&#xD;
&#xD;
2019-12-18 09:29:00 - [TEST_STEP][PASSED] - body = "{"organisation_id":"" + var_organisation_id + ""," + ""data":"" + encipheredData + ""," + ""lang":"" + var_lang + ""}": null&#xD;
&#xD;
2019-12-18 09:29:00 - [TEST_STEP][PASSED] - out.println(body): null&#xD;
&#xD;
2019-12-18 09:29:00 - [TEST_STEP][PASSED] - request = findTestObject("E_Wallet/Check_Transaction_By_Journal_Number"): null&#xD;
&#xD;
2019-12-18 09:29:00 - [TEST_STEP][PASSED] - request.setBodyContent(new com.kms.katalon.core.testobject.impl.HttpTextBodyContent(body, UTF-8, application/json)): null&#xD;
&#xD;
2019-12-18 09:29:00 - [TEST_STEP][PASSED] - if (var_customer_token == 0): null&#xD;
&#xD;
2019-12-18 09:29:00 - [TEST_STEP][PASSED] - else: null&#xD;
&#xD;
2019-12-18 09:29:00 - [TEST_STEP][PASSED] - out.println("using access_token = " + access_token_customer): null&#xD;
&#xD;
2019-12-18 09:29:00 - [TEST_STEP][PASSED] - listQuery = new java.util.ArrayList(): null&#xD;
&#xD;
2019-12-18 09:29:00 - [TEST_STEP][PASSED] - listQuery.add(new com.kms.katalon.core.testobject.TestObjectProperty(token, com.kms.katalon.core.testobject.ConditionType.EQUALS, internal.GlobalVariable.access_token_customer)): null&#xD;
&#xD;
2019-12-18 09:29:00 - [TEST_STEP][PASSED] - request.setRestParameters(listQuery): null&#xD;
&#xD;
2019-12-18 09:29:00 - [TEST_STEP][PASSED] - response = sendRequest(request): Send request successfully&#xD;
&#xD;
2019-12-18 09:29:00 - [MESSAGE][INFO] - HAR: D:\katalon-ewallet\Reports\E_Wallet\Check_Transaction_By_Journal_Number\Test_Suite_Check_Transaction_By_Journal_Number\20191218_092849\requests\main\20.har&#xD;
&#xD;
2019-12-18 09:29:00 - [MESSAGE][PASSED] - Send request successfully&#xD;
&#xD;
2019-12-18 09:29:00 - [TEST_STEP][PASSED] - body_content = responseBodyContent: null&#xD;
&#xD;
2019-12-18 09:29:00 - [TEST_STEP][PASSED] - status_code = statusCode: null&#xD;
&#xD;
2019-12-18 09:29:00 - [TEST_STEP][PASSED] - respDataMap = JsonSlurper().parseText(body_content): null&#xD;
&#xD;
2019-12-18 09:29:00 - [TEST_STEP][PASSED] - out.println(respDataMap): null&#xD;
&#xD;
2019-12-18 09:29:00 - [TEST_STEP][PASSED] - println(body_content): null&#xD;
&#xD;
2019-12-18 09:29:00 - [TEST_STEP][PASSED] - rc_ref = ReturnCodeWrapper(var_expected_rc).getEnumRC(): null&#xD;
&#xD;
2019-12-18 09:29:00 - [TEST_STEP][PASSED] - out.println(var_expected_rc): null&#xD;
&#xD;
2019-12-18 09:29:00 - [TEST_STEP][PASSED] - out.println(rc_ref.getRCName()): null&#xD;
&#xD;
2019-12-18 09:29:00 - [TEST_STEP][PASSED] - out.println(rc_ref.getHttpResponse()): null&#xD;
&#xD;
2019-12-18 09:29:00 - [TEST_STEP][FAILED] - result = verifyEqual(response_code, rc_ref.getRCName()): Unable to verify equal between actual object 'RC01' and expected object 'RC02' (Root cause: com.kms.katalon.core.exception.StepFailedException: Actual object 'RC01' and expected object 'RC02' are not equal&#xD;
	at com.kms.katalon.core.keyword.builtin.VerifyEqualKeyword$_verifyEqual_closure1.doCall(VerifyEqualKeyword.groovy:58)&#xD;
	at com.kms.katalon.core.keyword.builtin.VerifyEqualKeyword$_verifyEqual_closure1.call(VerifyEqualKeyword.groovy)&#xD;
	at com.kms.katalon.core.keyword.internal.KeywordMain.runKeyword(KeywordMain.groovy:68)&#xD;
	at com.kms.katalon.core.keyword.builtin.VerifyEqualKeyword.verifyEqual(VerifyEqualKeyword.groovy:63)&#xD;
	at com.kms.katalon.core.keyword.builtin.VerifyEqualKeyword.execute(VerifyEqualKeyword.groovy:44)&#xD;
	at com.kms.katalon.core.keyword.internal.KeywordExecutor.executeKeywordForPlatform(KeywordExecutor.groovy:56)&#xD;
	at com.kms.katalon.core.keyword.BuiltinKeywords.verifyEqual(BuiltinKeywords.groovy:141)&#xD;
	at Check_Transaction_By_Journal_Number.run(Check_Transaction_By_Journal_Number:74)&#xD;
	at com.kms.katalon.core.main.ScriptEngine.run(ScriptEngine.java:194)&#xD;
	at com.kms.katalon.core.main.ScriptEngine.runScriptAsRawText(ScriptEngine.java:119)&#xD;
	at com.kms.katalon.core.main.TestCaseExecutor.runScript(TestCaseExecutor.java:337)&#xD;
	at com.kms.katalon.core.main.TestCaseExecutor.doExecute(TestCaseExecutor.java:328)&#xD;
	at com.kms.katalon.core.main.TestCaseExecutor.processExecutionPhase(TestCaseExecutor.java:307)&#xD;
	at com.kms.katalon.core.main.TestCaseExecutor.accessMainPhase(TestCaseExecutor.java:299)&#xD;
	at com.kms.katalon.core.main.TestCaseExecutor.execute(TestCaseExecutor.java:233)&#xD;
	at com.kms.katalon.core.main.TestSuiteExecutor.accessTestCaseMainPhase(TestSuiteExecutor.java:133)&#xD;
	at com.kms.katalon.core.main.TestSuiteExecutor.accessTestSuiteMainPhase(TestSuiteExecutor.java:116)&#xD;
	at com.kms.katalon.core.main.TestSuiteExecutor.execute(TestSuiteExecutor.java:83)&#xD;
	at com.kms.katalon.core.main.TestCaseMain.startTestSuite(TestCaseMain.java:157)&#xD;
	at com.kms.katalon.core.main.TestCaseMain$startTestSuite$0.call(Unknown Source)&#xD;
	at TempTestSuite1576636129145.run(TempTestSuite1576636129145.groovy:35)&#xD;
)&#xD;
&#xD;
2019-12-18 09:29:00 - [MESSAGE][FAILED] - Unable to verify equal between actual object 'RC01' and expected object 'RC02' (Root cause: com.kms.katalon.core.exception.StepFailedException: Actual object 'RC01' and expected object 'RC02' are not equal&#xD;
	at com.kms.katalon.core.keyword.builtin.VerifyEqualKeyword$_verifyEqual_closure1.doCall(VerifyEqualKeyword.groovy:58)&#xD;
	at com.kms.katalon.core.keyword.builtin.VerifyEqualKeyword$_verifyEqual_closure1.call(VerifyEqualKeyword.groovy)&#xD;
	at com.kms.katalon.core.keyword.internal.KeywordMain.runKeyword(KeywordMain.groovy:68)&#xD;
	at com.kms.katalon.core.keyword.builtin.VerifyEqualKeyword.verifyEqual(VerifyEqualKeyword.groovy:63)&#xD;
	at com.kms.katalon.core.keyword.builtin.VerifyEqualKeyword.execute(VerifyEqualKeyword.groovy:44)&#xD;
	at com.kms.katalon.core.keyword.internal.KeywordExecutor.executeKeywordForPlatform(KeywordExecutor.groovy:56)&#xD;
	at com.kms.katalon.core.keyword.BuiltinKeywords.verifyEqual(BuiltinKeywords.groovy:141)&#xD;
	at Check_Transaction_By_Journal_Number.run(Check_Transaction_By_Journal_Number:74)&#xD;
	at com.kms.katalon.core.main.ScriptEngine.run(ScriptEngine.java:194)&#xD;
	at com.kms.katalon.core.main.ScriptEngine.runScriptAsRawText(ScriptEngine.java:119)&#xD;
	at com.kms.katalon.core.main.TestCaseExecutor.runScript(TestCaseExecutor.java:337)&#xD;
	at com.kms.katalon.core.main.TestCaseExecutor.doExecute(TestCaseExecutor.java:328)&#xD;
	at com.kms.katalon.core.main.TestCaseExecutor.processExecutionPhase(TestCaseExecutor.java:307)&#xD;
	at com.kms.katalon.core.main.TestCaseExecutor.accessMainPhase(TestCaseExecutor.java:299)&#xD;
	at com.kms.katalon.core.main.TestCaseExecutor.execute(TestCaseExecutor.java:233)&#xD;
	at com.kms.katalon.core.main.TestSuiteExecutor.accessTestCaseMainPhase(TestSuiteExecutor.java:133)&#xD;
	at com.kms.katalon.core.main.TestSuiteExecutor.accessTestSuiteMainPhase(TestSuiteExecutor.java:116)&#xD;
	at com.kms.katalon.core.main.TestSuiteExecutor.execute(TestSuiteExecutor.java:83)&#xD;
	at com.kms.katalon.core.main.TestCaseMain.startTestSuite(TestCaseMain.java:157)&#xD;
	at com.kms.katalon.core.main.TestCaseMain$startTestSuite$0.call(Unknown Source)&#xD;
	at TempTestSuite1576636129145.run(TempTestSuite1576636129145.groovy:35)&#xD;
)</system-out>
            <system-err>2019-12-18 09:29:00 - [TEST_CASE][FAILED] - Test Cases/E_Wallet/Check_Transaction_By_Journal_Number/Check_Transaction_By_Journal_Number: Test Cases/E_Wallet/Check_Transaction_By_Journal_Number/Check_Transaction_By_Journal_Number FAILED.
Reason:
com.kms.katalon.core.exception.StepFailedException: Actual object 'RC01' and expected object 'RC02' are not equal&#xD;
	at com.kms.katalon.core.keyword.builtin.VerifyEqualKeyword$_verifyEqual_closure1.doCall(VerifyEqualKeyword.groovy:58)&#xD;
	at com.kms.katalon.core.keyword.builtin.VerifyEqualKeyword$_verifyEqual_closure1.call(VerifyEqualKeyword.groovy)&#xD;
	at com.kms.katalon.core.keyword.internal.KeywordMain.runKeyword(KeywordMain.groovy:68)&#xD;
	at com.kms.katalon.core.keyword.builtin.VerifyEqualKeyword.verifyEqual(VerifyEqualKeyword.groovy:63)&#xD;
	at com.kms.katalon.core.keyword.builtin.VerifyEqualKeyword.execute(VerifyEqualKeyword.groovy:44)&#xD;
	at com.kms.katalon.core.keyword.internal.KeywordExecutor.executeKeywordForPlatform(KeywordExecutor.groovy:56)&#xD;
	at com.kms.katalon.core.keyword.BuiltinKeywords.verifyEqual(BuiltinKeywords.groovy:141)&#xD;
	at Check_Transaction_By_Journal_Number.run(Check_Transaction_By_Journal_Number:74)&#xD;
	at com.kms.katalon.core.main.ScriptEngine.run(ScriptEngine.java:194)&#xD;
	at com.kms.katalon.core.main.ScriptEngine.runScriptAsRawText(ScriptEngine.java:119)&#xD;
	at com.kms.katalon.core.main.TestCaseExecutor.runScript(TestCaseExecutor.java:337)&#xD;
	at com.kms.katalon.core.main.TestCaseExecutor.doExecute(TestCaseExecutor.java:328)&#xD;
	at com.kms.katalon.core.main.TestCaseExecutor.processExecutionPhase(TestCaseExecutor.java:307)&#xD;
	at com.kms.katalon.core.main.TestCaseExecutor.accessMainPhase(TestCaseExecutor.java:299)&#xD;
	at com.kms.katalon.core.main.TestCaseExecutor.execute(TestCaseExecutor.java:233)&#xD;
	at com.kms.katalon.core.main.TestSuiteExecutor.accessTestCaseMainPhase(TestSuiteExecutor.java:133)&#xD;
	at com.kms.katalon.core.main.TestSuiteExecutor.accessTestSuiteMainPhase(TestSuiteExecutor.java:116)&#xD;
	at com.kms.katalon.core.main.TestSuiteExecutor.execute(TestSuiteExecutor.java:83)&#xD;
	at com.kms.katalon.core.main.TestCaseMain.startTestSuite(TestCaseMain.java:157)&#xD;
	at com.kms.katalon.core.main.TestCaseMain$startTestSuite$0.call(Unknown Source)&#xD;
	at TempTestSuite1576636129145.run(TempTestSuite1576636129145.groovy:35)</system-err>
        </testcase>
        <testcase name="Test Cases/E_Wallet/Check_Transaction_By_Journal_Number/Check_Transaction_By_Journal_Number" classname="Test Cases/E_Wallet/Check_Transaction_By_Journal_Number/Check_Transaction_By_Journal_Number" status="PASSED">
            <system-out>2019-12-18 09:29:00 - [TEST_CASE][PASSED] - Test Cases/E_Wallet/Check_Transaction_By_Journal_Number/Check_Transaction_By_Journal_Number: Test Cases/E_Wallet/Check_Transaction_By_Journal_Number/Check_Transaction_By_Journal_Number&#xD;
&#xD;
2019-12-18 09:29:00 - [TEST_STEP][PASSED] - plain = "{" + ""user_agent":"" + var_user_agent + ""," + ""journal_number":"" + var_journal_number + ""," + ""chip_id":"" + var_chip_id + ""}": null&#xD;
&#xD;
2019-12-18 09:29:00 - [TEST_STEP][PASSED] - partner_token = partner_token: null&#xD;
&#xD;
2019-12-18 09:29:00 - [TEST_STEP][PASSED] - out.println(plain): null&#xD;
&#xD;
2019-12-18 09:29:00 - [TEST_STEP][PASSED] - out.println("var_customer_token" + var_customer_token): null&#xD;
&#xD;
2019-12-18 09:29:00 - [TEST_STEP][PASSED] - out.println("var_partner_token" + var_partner_token): null&#xD;
&#xD;
2019-12-18 09:29:00 - [TEST_STEP][PASSED] - encipheredData = SecureUtils.encryptAesEwallet(plain, var_aes_key): null&#xD;
&#xD;
2019-12-18 09:29:00 - [TEST_STEP][PASSED] - body = "{"organisation_id":"" + var_organisation_id + ""," + ""data":"" + encipheredData + ""," + ""lang":"" + var_lang + ""}": null&#xD;
&#xD;
2019-12-18 09:29:00 - [TEST_STEP][PASSED] - out.println(body): null&#xD;
&#xD;
2019-12-18 09:29:00 - [TEST_STEP][PASSED] - request = findTestObject("E_Wallet/Check_Transaction_By_Journal_Number"): null&#xD;
&#xD;
2019-12-18 09:29:00 - [TEST_STEP][PASSED] - request.setBodyContent(new com.kms.katalon.core.testobject.impl.HttpTextBodyContent(body, UTF-8, application/json)): null&#xD;
&#xD;
2019-12-18 09:29:00 - [TEST_STEP][PASSED] - if (var_customer_token == 0): null&#xD;
&#xD;
2019-12-18 09:29:00 - [TEST_STEP][PASSED] - else: null&#xD;
&#xD;
2019-12-18 09:29:00 - [TEST_STEP][PASSED] - out.println("using access_token = " + access_token_customer): null&#xD;
&#xD;
2019-12-18 09:29:00 - [TEST_STEP][PASSED] - listQuery = new java.util.ArrayList(): null&#xD;
&#xD;
2019-12-18 09:29:00 - [TEST_STEP][PASSED] - listQuery.add(new com.kms.katalon.core.testobject.TestObjectProperty(token, com.kms.katalon.core.testobject.ConditionType.EQUALS, internal.GlobalVariable.access_token_customer)): null&#xD;
&#xD;
2019-12-18 09:29:00 - [TEST_STEP][PASSED] - request.setRestParameters(listQuery): null&#xD;
&#xD;
2019-12-18 09:29:00 - [TEST_STEP][PASSED] - response = sendRequest(request): Send request successfully&#xD;
&#xD;
2019-12-18 09:29:00 - [MESSAGE][INFO] - HAR: D:\katalon-ewallet\Reports\E_Wallet\Check_Transaction_By_Journal_Number\Test_Suite_Check_Transaction_By_Journal_Number\20191218_092849\requests\main\21.har&#xD;
&#xD;
2019-12-18 09:29:00 - [MESSAGE][PASSED] - Send request successfully&#xD;
&#xD;
2019-12-18 09:29:00 - [TEST_STEP][PASSED] - body_content = responseBodyContent: null&#xD;
&#xD;
2019-12-18 09:29:00 - [TEST_STEP][PASSED] - status_code = statusCode: null&#xD;
&#xD;
2019-12-18 09:29:00 - [TEST_STEP][PASSED] - respDataMap = JsonSlurper().parseText(body_content): null&#xD;
&#xD;
2019-12-18 09:29:00 - [TEST_STEP][PASSED] - out.println(respDataMap): null&#xD;
&#xD;
2019-12-18 09:29:00 - [TEST_STEP][PASSED] - println(body_content): null&#xD;
&#xD;
2019-12-18 09:29:00 - [TEST_STEP][PASSED] - rc_ref = ReturnCodeWrapper(var_expected_rc).getEnumRC(): null&#xD;
&#xD;
2019-12-18 09:29:00 - [TEST_STEP][PASSED] - out.println(var_expected_rc): null&#xD;
&#xD;
2019-12-18 09:29:00 - [TEST_STEP][PASSED] - out.println(rc_ref.getRCName()): null&#xD;
&#xD;
2019-12-18 09:29:00 - [TEST_STEP][PASSED] - out.println(rc_ref.getHttpResponse()): null&#xD;
&#xD;
2019-12-18 09:29:00 - [TEST_STEP][PASSED] - result = verifyEqual(response_code, rc_ref.getRCName()): Actual object 'RC01' and expected object 'RC01' are equal&#xD;
&#xD;
2019-12-18 09:29:00 - [MESSAGE][PASSED] - Actual object 'RC01' and expected object 'RC01' are equal</system-out>
            <system-err></system-err>
        </testcase>
        <testcase name="Test Cases/E_Wallet/Check_Transaction_By_Journal_Number/Check_Transaction_By_Journal_Number" classname="Test Cases/E_Wallet/Check_Transaction_By_Journal_Number/Check_Transaction_By_Journal_Number" status="PASSED">
            <system-out>2019-12-18 09:29:00 - [TEST_CASE][PASSED] - Test Cases/E_Wallet/Check_Transaction_By_Journal_Number/Check_Transaction_By_Journal_Number: Test Cases/E_Wallet/Check_Transaction_By_Journal_Number/Check_Transaction_By_Journal_Number&#xD;
&#xD;
2019-12-18 09:29:00 - [TEST_STEP][PASSED] - plain = "{" + ""user_agent":"" + var_user_agent + ""," + ""journal_number":"" + var_journal_number + ""," + ""chip_id":"" + var_chip_id + ""}": null&#xD;
&#xD;
2019-12-18 09:29:00 - [TEST_STEP][PASSED] - partner_token = partner_token: null&#xD;
&#xD;
2019-12-18 09:29:00 - [TEST_STEP][PASSED] - out.println(plain): null&#xD;
&#xD;
2019-12-18 09:29:00 - [TEST_STEP][PASSED] - out.println("var_customer_token" + var_customer_token): null&#xD;
&#xD;
2019-12-18 09:29:00 - [TEST_STEP][PASSED] - out.println("var_partner_token" + var_partner_token): null&#xD;
&#xD;
2019-12-18 09:29:00 - [TEST_STEP][PASSED] - encipheredData = SecureUtils.encryptAesEwallet(plain, var_aes_key): null&#xD;
&#xD;
2019-12-18 09:29:00 - [TEST_STEP][PASSED] - body = "{"organisation_id":"" + var_organisation_id + ""," + ""data":"" + encipheredData + ""," + ""lang":"" + var_lang + ""}": null&#xD;
&#xD;
2019-12-18 09:29:00 - [TEST_STEP][PASSED] - out.println(body): null&#xD;
&#xD;
2019-12-18 09:29:00 - [TEST_STEP][PASSED] - request = findTestObject("E_Wallet/Check_Transaction_By_Journal_Number"): null&#xD;
&#xD;
2019-12-18 09:29:00 - [TEST_STEP][PASSED] - request.setBodyContent(new com.kms.katalon.core.testobject.impl.HttpTextBodyContent(body, UTF-8, application/json)): null&#xD;
&#xD;
2019-12-18 09:29:00 - [TEST_STEP][PASSED] - if (var_customer_token == 0): null&#xD;
&#xD;
2019-12-18 09:29:00 - [TEST_STEP][PASSED] - else: null&#xD;
&#xD;
2019-12-18 09:29:00 - [TEST_STEP][PASSED] - out.println("using access_token = " + access_token_customer): null&#xD;
&#xD;
2019-12-18 09:29:00 - [TEST_STEP][PASSED] - listQuery = new java.util.ArrayList(): null&#xD;
&#xD;
2019-12-18 09:29:00 - [TEST_STEP][PASSED] - listQuery.add(new com.kms.katalon.core.testobject.TestObjectProperty(token, com.kms.katalon.core.testobject.ConditionType.EQUALS, internal.GlobalVariable.access_token_customer)): null&#xD;
&#xD;
2019-12-18 09:29:00 - [TEST_STEP][PASSED] - request.setRestParameters(listQuery): null&#xD;
&#xD;
2019-12-18 09:29:00 - [TEST_STEP][PASSED] - response = sendRequest(request): Send request successfully&#xD;
&#xD;
2019-12-18 09:29:00 - [MESSAGE][INFO] - HAR: D:\katalon-ewallet\Reports\E_Wallet\Check_Transaction_By_Journal_Number\Test_Suite_Check_Transaction_By_Journal_Number\20191218_092849\requests\main\22.har&#xD;
&#xD;
2019-12-18 09:29:00 - [MESSAGE][PASSED] - Send request successfully&#xD;
&#xD;
2019-12-18 09:29:00 - [TEST_STEP][PASSED] - body_content = responseBodyContent: null&#xD;
&#xD;
2019-12-18 09:29:00 - [TEST_STEP][PASSED] - status_code = statusCode: null&#xD;
&#xD;
2019-12-18 09:29:00 - [TEST_STEP][PASSED] - respDataMap = JsonSlurper().parseText(body_content): null&#xD;
&#xD;
2019-12-18 09:29:00 - [TEST_STEP][PASSED] - out.println(respDataMap): null&#xD;
&#xD;
2019-12-18 09:29:00 - [TEST_STEP][PASSED] - println(body_content): null&#xD;
&#xD;
2019-12-18 09:29:00 - [TEST_STEP][PASSED] - rc_ref = ReturnCodeWrapper(var_expected_rc).getEnumRC(): null&#xD;
&#xD;
2019-12-18 09:29:00 - [TEST_STEP][PASSED] - out.println(var_expected_rc): null&#xD;
&#xD;
2019-12-18 09:29:00 - [TEST_STEP][PASSED] - out.println(rc_ref.getRCName()): null&#xD;
&#xD;
2019-12-18 09:29:00 - [TEST_STEP][PASSED] - out.println(rc_ref.getHttpResponse()): null&#xD;
&#xD;
2019-12-18 09:29:00 - [TEST_STEP][PASSED] - result = verifyEqual(response_code, rc_ref.getRCName()): Actual object 'RC01' and expected object 'RC01' are equal&#xD;
&#xD;
2019-12-18 09:29:00 - [MESSAGE][PASSED] - Actual object 'RC01' and expected object 'RC01' are equal</system-out>
            <system-err></system-err>
        </testcase>
        <testcase name="Test Cases/E_Wallet/Check_Transaction_By_Journal_Number/Check_Transaction_By_Journal_Number" classname="Test Cases/E_Wallet/Check_Transaction_By_Journal_Number/Check_Transaction_By_Journal_Number" status="PASSED">
            <system-out>2019-12-18 09:29:00 - [TEST_CASE][PASSED] - Test Cases/E_Wallet/Check_Transaction_By_Journal_Number/Check_Transaction_By_Journal_Number: Test Cases/E_Wallet/Check_Transaction_By_Journal_Number/Check_Transaction_By_Journal_Number&#xD;
&#xD;
2019-12-18 09:29:00 - [TEST_STEP][PASSED] - plain = "{" + ""user_agent":"" + var_user_agent + ""," + ""journal_number":"" + var_journal_number + ""," + ""chip_id":"" + var_chip_id + ""}": null&#xD;
&#xD;
2019-12-18 09:29:00 - [TEST_STEP][PASSED] - partner_token = partner_token: null&#xD;
&#xD;
2019-12-18 09:29:00 - [TEST_STEP][PASSED] - out.println(plain): null&#xD;
&#xD;
2019-12-18 09:29:00 - [TEST_STEP][PASSED] - out.println("var_customer_token" + var_customer_token): null&#xD;
&#xD;
2019-12-18 09:29:00 - [TEST_STEP][PASSED] - out.println("var_partner_token" + var_partner_token): null&#xD;
&#xD;
2019-12-18 09:29:00 - [TEST_STEP][PASSED] - encipheredData = SecureUtils.encryptAesEwallet(plain, var_aes_key): null&#xD;
&#xD;
2019-12-18 09:29:00 - [TEST_STEP][PASSED] - body = "{"organisation_id":"" + var_organisation_id + ""," + ""data":"" + encipheredData + ""," + ""lang":"" + var_lang + ""}": null&#xD;
&#xD;
2019-12-18 09:29:00 - [TEST_STEP][PASSED] - out.println(body): null&#xD;
&#xD;
2019-12-18 09:29:00 - [TEST_STEP][PASSED] - request = findTestObject("E_Wallet/Check_Transaction_By_Journal_Number"): null&#xD;
&#xD;
2019-12-18 09:29:00 - [TEST_STEP][PASSED] - request.setBodyContent(new com.kms.katalon.core.testobject.impl.HttpTextBodyContent(body, UTF-8, application/json)): null&#xD;
&#xD;
2019-12-18 09:29:00 - [TEST_STEP][PASSED] - if (var_customer_token == 0): null&#xD;
&#xD;
2019-12-18 09:29:00 - [TEST_STEP][PASSED] - else: null&#xD;
&#xD;
2019-12-18 09:29:00 - [TEST_STEP][PASSED] - out.println("using access_token = " + access_token_customer): null&#xD;
&#xD;
2019-12-18 09:29:00 - [TEST_STEP][PASSED] - listQuery = new java.util.ArrayList(): null&#xD;
&#xD;
2019-12-18 09:29:00 - [TEST_STEP][PASSED] - listQuery.add(new com.kms.katalon.core.testobject.TestObjectProperty(token, com.kms.katalon.core.testobject.ConditionType.EQUALS, internal.GlobalVariable.access_token_customer)): null&#xD;
&#xD;
2019-12-18 09:29:00 - [TEST_STEP][PASSED] - request.setRestParameters(listQuery): null&#xD;
&#xD;
2019-12-18 09:29:00 - [TEST_STEP][PASSED] - response = sendRequest(request): Send request successfully&#xD;
&#xD;
2019-12-18 09:29:00 - [MESSAGE][INFO] - HAR: D:\katalon-ewallet\Reports\E_Wallet\Check_Transaction_By_Journal_Number\Test_Suite_Check_Transaction_By_Journal_Number\20191218_092849\requests\main\23.har&#xD;
&#xD;
2019-12-18 09:29:00 - [MESSAGE][PASSED] - Send request successfully&#xD;
&#xD;
2019-12-18 09:29:00 - [TEST_STEP][PASSED] - body_content = responseBodyContent: null&#xD;
&#xD;
2019-12-18 09:29:00 - [TEST_STEP][PASSED] - status_code = statusCode: null&#xD;
&#xD;
2019-12-18 09:29:00 - [TEST_STEP][PASSED] - respDataMap = JsonSlurper().parseText(body_content): null&#xD;
&#xD;
2019-12-18 09:29:00 - [TEST_STEP][PASSED] - out.println(respDataMap): null&#xD;
&#xD;
2019-12-18 09:29:00 - [TEST_STEP][PASSED] - println(body_content): null&#xD;
&#xD;
2019-12-18 09:29:00 - [TEST_STEP][PASSED] - rc_ref = ReturnCodeWrapper(var_expected_rc).getEnumRC(): null&#xD;
&#xD;
2019-12-18 09:29:00 - [TEST_STEP][PASSED] - out.println(var_expected_rc): null&#xD;
&#xD;
2019-12-18 09:29:00 - [TEST_STEP][PASSED] - out.println(rc_ref.getRCName()): null&#xD;
&#xD;
2019-12-18 09:29:00 - [TEST_STEP][PASSED] - out.println(rc_ref.getHttpResponse()): null&#xD;
&#xD;
2019-12-18 09:29:00 - [TEST_STEP][PASSED] - result = verifyEqual(response_code, rc_ref.getRCName()): Actual object 'RC01' and expected object 'RC01' are equal&#xD;
&#xD;
2019-12-18 09:29:00 - [MESSAGE][PASSED] - Actual object 'RC01' and expected object 'RC01' are equal</system-out>
            <system-err></system-err>
        </testcase>
        <testcase name="Test Cases/E_Wallet/Check_Transaction_By_Journal_Number/Check_Transaction_By_Journal_Number" classname="Test Cases/E_Wallet/Check_Transaction_By_Journal_Number/Check_Transaction_By_Journal_Number" status="PASSED">
            <system-out>2019-12-18 09:29:00 - [TEST_CASE][PASSED] - Test Cases/E_Wallet/Check_Transaction_By_Journal_Number/Check_Transaction_By_Journal_Number: Test Cases/E_Wallet/Check_Transaction_By_Journal_Number/Check_Transaction_By_Journal_Number&#xD;
&#xD;
2019-12-18 09:29:00 - [TEST_STEP][PASSED] - plain = "{" + ""user_agent":"" + var_user_agent + ""," + ""journal_number":"" + var_journal_number + ""," + ""chip_id":"" + var_chip_id + ""}": null&#xD;
&#xD;
2019-12-18 09:29:00 - [TEST_STEP][PASSED] - partner_token = partner_token: null&#xD;
&#xD;
2019-12-18 09:29:00 - [TEST_STEP][PASSED] - out.println(plain): null&#xD;
&#xD;
2019-12-18 09:29:00 - [TEST_STEP][PASSED] - out.println("var_customer_token" + var_customer_token): null&#xD;
&#xD;
2019-12-18 09:29:00 - [TEST_STEP][PASSED] - out.println("var_partner_token" + var_partner_token): null&#xD;
&#xD;
2019-12-18 09:29:00 - [TEST_STEP][PASSED] - encipheredData = SecureUtils.encryptAesEwallet(plain, var_aes_key): null&#xD;
&#xD;
2019-12-18 09:29:00 - [TEST_STEP][PASSED] - body = "{"organisation_id":"" + var_organisation_id + ""," + ""data":"" + encipheredData + ""," + ""lang":"" + var_lang + ""}": null&#xD;
&#xD;
2019-12-18 09:29:00 - [TEST_STEP][PASSED] - out.println(body): null&#xD;
&#xD;
2019-12-18 09:29:00 - [TEST_STEP][PASSED] - request = findTestObject("E_Wallet/Check_Transaction_By_Journal_Number"): null&#xD;
&#xD;
2019-12-18 09:29:00 - [TEST_STEP][PASSED] - request.setBodyContent(new com.kms.katalon.core.testobject.impl.HttpTextBodyContent(body, UTF-8, application/json)): null&#xD;
&#xD;
2019-12-18 09:29:00 - [TEST_STEP][PASSED] - if (var_customer_token == 0): null&#xD;
&#xD;
2019-12-18 09:29:00 - [TEST_STEP][PASSED] - else: null&#xD;
&#xD;
2019-12-18 09:29:00 - [TEST_STEP][PASSED] - out.println("using access_token = " + access_token_customer): null&#xD;
&#xD;
2019-12-18 09:29:00 - [TEST_STEP][PASSED] - listQuery = new java.util.ArrayList(): null&#xD;
&#xD;
2019-12-18 09:29:00 - [TEST_STEP][PASSED] - listQuery.add(new com.kms.katalon.core.testobject.TestObjectProperty(token, com.kms.katalon.core.testobject.ConditionType.EQUALS, internal.GlobalVariable.access_token_customer)): null&#xD;
&#xD;
2019-12-18 09:29:00 - [TEST_STEP][PASSED] - request.setRestParameters(listQuery): null&#xD;
&#xD;
2019-12-18 09:29:00 - [TEST_STEP][PASSED] - response = sendRequest(request): Send request successfully&#xD;
&#xD;
2019-12-18 09:29:00 - [MESSAGE][INFO] - HAR: D:\katalon-ewallet\Reports\E_Wallet\Check_Transaction_By_Journal_Number\Test_Suite_Check_Transaction_By_Journal_Number\20191218_092849\requests\main\24.har&#xD;
&#xD;
2019-12-18 09:29:00 - [MESSAGE][PASSED] - Send request successfully&#xD;
&#xD;
2019-12-18 09:29:00 - [TEST_STEP][PASSED] - body_content = responseBodyContent: null&#xD;
&#xD;
2019-12-18 09:29:00 - [TEST_STEP][PASSED] - status_code = statusCode: null&#xD;
&#xD;
2019-12-18 09:29:00 - [TEST_STEP][PASSED] - respDataMap = JsonSlurper().parseText(body_content): null&#xD;
&#xD;
2019-12-18 09:29:00 - [TEST_STEP][PASSED] - out.println(respDataMap): null&#xD;
&#xD;
2019-12-18 09:29:00 - [TEST_STEP][PASSED] - println(body_content): null&#xD;
&#xD;
2019-12-18 09:29:00 - [TEST_STEP][PASSED] - rc_ref = ReturnCodeWrapper(var_expected_rc).getEnumRC(): null&#xD;
&#xD;
2019-12-18 09:29:00 - [TEST_STEP][PASSED] - out.println(var_expected_rc): null&#xD;
&#xD;
2019-12-18 09:29:00 - [TEST_STEP][PASSED] - out.println(rc_ref.getRCName()): null&#xD;
&#xD;
2019-12-18 09:29:00 - [TEST_STEP][PASSED] - out.println(rc_ref.getHttpResponse()): null&#xD;
&#xD;
2019-12-18 09:29:00 - [TEST_STEP][PASSED] - result = verifyEqual(response_code, rc_ref.getRCName()): Actual object 'RC01' and expected object 'RC01' are equal&#xD;
&#xD;
2019-12-18 09:29:00 - [MESSAGE][PASSED] - Actual object 'RC01' and expected object 'RC01' are equal</system-out>
            <system-err></system-err>
        </testcase>
        <testcase name="Test Cases/E_Wallet/Check_Transaction_By_Journal_Number/Check_Transaction_By_Journal_Number" classname="Test Cases/E_Wallet/Check_Transaction_By_Journal_Number/Check_Transaction_By_Journal_Number" status="PASSED">
            <system-out>2019-12-18 09:29:00 - [TEST_CASE][PASSED] - Test Cases/E_Wallet/Check_Transaction_By_Journal_Number/Check_Transaction_By_Journal_Number: Test Cases/E_Wallet/Check_Transaction_By_Journal_Number/Check_Transaction_By_Journal_Number&#xD;
&#xD;
2019-12-18 09:29:00 - [TEST_STEP][PASSED] - plain = "{" + ""user_agent":"" + var_user_agent + ""," + ""journal_number":"" + var_journal_number + ""," + ""chip_id":"" + var_chip_id + ""}": null&#xD;
&#xD;
2019-12-18 09:29:00 - [TEST_STEP][PASSED] - partner_token = partner_token: null&#xD;
&#xD;
2019-12-18 09:29:00 - [TEST_STEP][PASSED] - out.println(plain): null&#xD;
&#xD;
2019-12-18 09:29:00 - [TEST_STEP][PASSED] - out.println("var_customer_token" + var_customer_token): null&#xD;
&#xD;
2019-12-18 09:29:00 - [TEST_STEP][PASSED] - out.println("var_partner_token" + var_partner_token): null&#xD;
&#xD;
2019-12-18 09:29:00 - [TEST_STEP][PASSED] - encipheredData = SecureUtils.encryptAesEwallet(plain, var_aes_key): null&#xD;
&#xD;
2019-12-18 09:29:00 - [TEST_STEP][PASSED] - body = "{"organisation_id":"" + var_organisation_id + ""," + ""data":"" + encipheredData + ""," + ""lang":"" + var_lang + ""}": null&#xD;
&#xD;
2019-12-18 09:29:00 - [TEST_STEP][PASSED] - out.println(body): null&#xD;
&#xD;
2019-12-18 09:29:00 - [TEST_STEP][PASSED] - request = findTestObject("E_Wallet/Check_Transaction_By_Journal_Number"): null&#xD;
&#xD;
2019-12-18 09:29:01 - [TEST_STEP][PASSED] - request.setBodyContent(new com.kms.katalon.core.testobject.impl.HttpTextBodyContent(body, UTF-8, application/json)): null&#xD;
&#xD;
2019-12-18 09:29:01 - [TEST_STEP][PASSED] - if (var_customer_token == 0): null&#xD;
&#xD;
2019-12-18 09:29:01 - [TEST_STEP][PASSED] - else: null&#xD;
&#xD;
2019-12-18 09:29:01 - [TEST_STEP][PASSED] - out.println("using access_token = " + access_token_customer): null&#xD;
&#xD;
2019-12-18 09:29:01 - [TEST_STEP][PASSED] - listQuery = new java.util.ArrayList(): null&#xD;
&#xD;
2019-12-18 09:29:01 - [TEST_STEP][PASSED] - listQuery.add(new com.kms.katalon.core.testobject.TestObjectProperty(token, com.kms.katalon.core.testobject.ConditionType.EQUALS, internal.GlobalVariable.access_token_customer)): null&#xD;
&#xD;
2019-12-18 09:29:01 - [TEST_STEP][PASSED] - request.setRestParameters(listQuery): null&#xD;
&#xD;
2019-12-18 09:29:01 - [TEST_STEP][PASSED] - response = sendRequest(request): Send request successfully&#xD;
&#xD;
2019-12-18 09:29:01 - [MESSAGE][INFO] - HAR: D:\katalon-ewallet\Reports\E_Wallet\Check_Transaction_By_Journal_Number\Test_Suite_Check_Transaction_By_Journal_Number\20191218_092849\requests\main\25.har&#xD;
&#xD;
2019-12-18 09:29:01 - [MESSAGE][PASSED] - Send request successfully&#xD;
&#xD;
2019-12-18 09:29:01 - [TEST_STEP][PASSED] - body_content = responseBodyContent: null&#xD;
&#xD;
2019-12-18 09:29:01 - [TEST_STEP][PASSED] - status_code = statusCode: null&#xD;
&#xD;
2019-12-18 09:29:01 - [TEST_STEP][PASSED] - respDataMap = JsonSlurper().parseText(body_content): null&#xD;
&#xD;
2019-12-18 09:29:01 - [TEST_STEP][PASSED] - out.println(respDataMap): null&#xD;
&#xD;
2019-12-18 09:29:01 - [TEST_STEP][PASSED] - println(body_content): null&#xD;
&#xD;
2019-12-18 09:29:01 - [TEST_STEP][PASSED] - rc_ref = ReturnCodeWrapper(var_expected_rc).getEnumRC(): null&#xD;
&#xD;
2019-12-18 09:29:01 - [TEST_STEP][PASSED] - out.println(var_expected_rc): null&#xD;
&#xD;
2019-12-18 09:29:01 - [TEST_STEP][PASSED] - out.println(rc_ref.getRCName()): null&#xD;
&#xD;
2019-12-18 09:29:01 - [TEST_STEP][PASSED] - out.println(rc_ref.getHttpResponse()): null&#xD;
&#xD;
2019-12-18 09:29:01 - [TEST_STEP][PASSED] - result = verifyEqual(response_code, rc_ref.getRCName()): Actual object 'RC06' and expected object 'RC06' are equal&#xD;
&#xD;
2019-12-18 09:29:01 - [MESSAGE][PASSED] - Actual object 'RC06' and expected object 'RC06' are equal</system-out>
            <system-err></system-err>
        </testcase>
        <testcase name="Test Cases/E_Wallet/Check_Transaction_By_Journal_Number/Check_Transaction_By_Journal_Number" classname="Test Cases/E_Wallet/Check_Transaction_By_Journal_Number/Check_Transaction_By_Journal_Number" status="PASSED">
            <system-out>2019-12-18 09:29:01 - [TEST_CASE][PASSED] - Test Cases/E_Wallet/Check_Transaction_By_Journal_Number/Check_Transaction_By_Journal_Number: Test Cases/E_Wallet/Check_Transaction_By_Journal_Number/Check_Transaction_By_Journal_Number&#xD;
&#xD;
2019-12-18 09:29:01 - [TEST_STEP][PASSED] - plain = "{" + ""user_agent":"" + var_user_agent + ""," + ""journal_number":"" + var_journal_number + ""," + ""chip_id":"" + var_chip_id + ""}": null&#xD;
&#xD;
2019-12-18 09:29:01 - [TEST_STEP][PASSED] - partner_token = partner_token: null&#xD;
&#xD;
2019-12-18 09:29:01 - [TEST_STEP][PASSED] - out.println(plain): null&#xD;
&#xD;
2019-12-18 09:29:01 - [TEST_STEP][PASSED] - out.println("var_customer_token" + var_customer_token): null&#xD;
&#xD;
2019-12-18 09:29:01 - [TEST_STEP][PASSED] - out.println("var_partner_token" + var_partner_token): null&#xD;
&#xD;
2019-12-18 09:29:01 - [TEST_STEP][PASSED] - encipheredData = SecureUtils.encryptAesEwallet(plain, var_aes_key): null&#xD;
&#xD;
2019-12-18 09:29:01 - [TEST_STEP][PASSED] - body = "{"organisation_id":"" + var_organisation_id + ""," + ""data":"" + encipheredData + ""," + ""lang":"" + var_lang + ""}": null&#xD;
&#xD;
2019-12-18 09:29:01 - [TEST_STEP][PASSED] - out.println(body): null&#xD;
&#xD;
2019-12-18 09:29:01 - [TEST_STEP][PASSED] - request = findTestObject("E_Wallet/Check_Transaction_By_Journal_Number"): null&#xD;
&#xD;
2019-12-18 09:29:01 - [TEST_STEP][PASSED] - request.setBodyContent(new com.kms.katalon.core.testobject.impl.HttpTextBodyContent(body, UTF-8, application/json)): null&#xD;
&#xD;
2019-12-18 09:29:01 - [TEST_STEP][PASSED] - if (var_customer_token == 0): null&#xD;
&#xD;
2019-12-18 09:29:01 - [TEST_STEP][PASSED] - else: null&#xD;
&#xD;
2019-12-18 09:29:01 - [TEST_STEP][PASSED] - out.println("using access_token = " + access_token_customer): null&#xD;
&#xD;
2019-12-18 09:29:01 - [TEST_STEP][PASSED] - listQuery = new java.util.ArrayList(): null&#xD;
&#xD;
2019-12-18 09:29:01 - [TEST_STEP][PASSED] - listQuery.add(new com.kms.katalon.core.testobject.TestObjectProperty(token, com.kms.katalon.core.testobject.ConditionType.EQUALS, internal.GlobalVariable.access_token_customer)): null&#xD;
&#xD;
2019-12-18 09:29:01 - [TEST_STEP][PASSED] - request.setRestParameters(listQuery): null&#xD;
&#xD;
2019-12-18 09:29:01 - [TEST_STEP][PASSED] - response = sendRequest(request): Send request successfully&#xD;
&#xD;
2019-12-18 09:29:01 - [MESSAGE][INFO] - HAR: D:\katalon-ewallet\Reports\E_Wallet\Check_Transaction_By_Journal_Number\Test_Suite_Check_Transaction_By_Journal_Number\20191218_092849\requests\main\26.har&#xD;
&#xD;
2019-12-18 09:29:01 - [MESSAGE][PASSED] - Send request successfully&#xD;
&#xD;
2019-12-18 09:29:01 - [TEST_STEP][PASSED] - body_content = responseBodyContent: null&#xD;
&#xD;
2019-12-18 09:29:01 - [TEST_STEP][PASSED] - status_code = statusCode: null&#xD;
&#xD;
2019-12-18 09:29:01 - [TEST_STEP][PASSED] - respDataMap = JsonSlurper().parseText(body_content): null&#xD;
&#xD;
2019-12-18 09:29:01 - [TEST_STEP][PASSED] - out.println(respDataMap): null&#xD;
&#xD;
2019-12-18 09:29:01 - [TEST_STEP][PASSED] - println(body_content): null&#xD;
&#xD;
2019-12-18 09:29:01 - [TEST_STEP][PASSED] - rc_ref = ReturnCodeWrapper(var_expected_rc).getEnumRC(): null&#xD;
&#xD;
2019-12-18 09:29:01 - [TEST_STEP][PASSED] - out.println(var_expected_rc): null&#xD;
&#xD;
2019-12-18 09:29:01 - [TEST_STEP][PASSED] - out.println(rc_ref.getRCName()): null&#xD;
&#xD;
2019-12-18 09:29:01 - [TEST_STEP][PASSED] - out.println(rc_ref.getHttpResponse()): null&#xD;
&#xD;
2019-12-18 09:29:01 - [TEST_STEP][PASSED] - result = verifyEqual(response_code, rc_ref.getRCName()): Actual object 'RC01' and expected object 'RC01' are equal&#xD;
&#xD;
2019-12-18 09:29:01 - [MESSAGE][PASSED] - Actual object 'RC01' and expected object 'RC01' are equal</system-out>
            <system-err></system-err>
        </testcase>
        <testcase name="Test Cases/E_Wallet/Check_Transaction_By_Journal_Number/Check_Transaction_By_Journal_Number" classname="Test Cases/E_Wallet/Check_Transaction_By_Journal_Number/Check_Transaction_By_Journal_Number" status="FAILED">
            <failure type="FAILED" message="Test Cases/E_Wallet/Check_Transaction_By_Journal_Number/Check_Transaction_By_Journal_Number FAILED.&#xA;Reason:&#xA;com.kms.katalon.core.exception.StepFailedException: Actual object 'RC02' and expected object 'RC00' are not equal&#xD;&#xA;&#x9;at com.kms.katalon.core.keyword.builtin.VerifyEqualKeyword$_verifyEqual_closure1.doCall(VerifyEqualKeyword.groovy:58)&#xD;&#xA;&#x9;at com.kms.katalon.core.keyword.builtin.VerifyEqualKeyword$_verifyEqual_closure1.call(VerifyEqualKeyword.groovy)&#xD;&#xA;&#x9;at com.kms.katalon.core.keyword.internal.KeywordMain.runKeyword(KeywordMain.groovy:68)&#xD;&#xA;&#x9;at com.kms.katalon.core.keyword.builtin.VerifyEqualKeyword.verifyEqual(VerifyEqualKeyword.groovy:63)&#xD;&#xA;&#x9;at com.kms.katalon.core.keyword.builtin.VerifyEqualKeyword.execute(VerifyEqualKeyword.groovy:44)&#xD;&#xA;&#x9;at com.kms.katalon.core.keyword.internal.KeywordExecutor.executeKeywordForPlatform(KeywordExecutor.groovy:56)&#xD;&#xA;&#x9;at com.kms.katalon.core.keyword.BuiltinKeywords.verifyEqual(BuiltinKeywords.groovy:141)&#xD;&#xA;&#x9;at Check_Transaction_By_Journal_Number.run(Check_Transaction_By_Journal_Number:74)&#xD;&#xA;&#x9;at com.kms.katalon.core.main.ScriptEngine.run(ScriptEngine.java:194)&#xD;&#xA;&#x9;at com.kms.katalon.core.main.ScriptEngine.runScriptAsRawText(ScriptEngine.java:119)&#xD;&#xA;&#x9;at com.kms.katalon.core.main.TestCaseExecutor.runScript(TestCaseExecutor.java:337)&#xD;&#xA;&#x9;at com.kms.katalon.core.main.TestCaseExecutor.doExecute(TestCaseExecutor.java:328)&#xD;&#xA;&#x9;at com.kms.katalon.core.main.TestCaseExecutor.processExecutionPhase(TestCaseExecutor.java:307)&#xD;&#xA;&#x9;at com.kms.katalon.core.main.TestCaseExecutor.accessMainPhase(TestCaseExecutor.java:299)&#xD;&#xA;&#x9;at com.kms.katalon.core.main.TestCaseExecutor.execute(TestCaseExecutor.java:233)&#xD;&#xA;&#x9;at com.kms.katalon.core.main.TestSuiteExecutor.accessTestCaseMainPhase(TestSuiteExecutor.java:133)&#xD;&#xA;&#x9;at com.kms.katalon.core.main.TestSuiteExecutor.accessTestSuiteMainPhase(TestSuiteExecutor.java:116)&#xD;&#xA;&#x9;at com.kms.katalon.core.main.TestSuiteExecutor.execute(TestSuiteExecutor.java:83)&#xD;&#xA;&#x9;at com.kms.katalon.core.main.TestCaseMain.startTestSuite(TestCaseMain.java:157)&#xD;&#xA;&#x9;at com.kms.katalon.core.main.TestCaseMain$startTestSuite$0.call(Unknown Source)&#xD;&#xA;&#x9;at TempTestSuite1576636129145.run(TempTestSuite1576636129145.groovy:35)&#xD;&#xA;"/>
            <system-out>2019-12-18 09:29:01 - [TEST_CASE][FAILED] - Test Cases/E_Wallet/Check_Transaction_By_Journal_Number/Check_Transaction_By_Journal_Number: Test Cases/E_Wallet/Check_Transaction_By_Journal_Number/Check_Transaction_By_Journal_Number FAILED.
Reason:
com.kms.katalon.core.exception.StepFailedException: Actual object 'RC02' and expected object 'RC00' are not equal&#xD;
	at com.kms.katalon.core.keyword.builtin.VerifyEqualKeyword$_verifyEqual_closure1.doCall(VerifyEqualKeyword.groovy:58)&#xD;
	at com.kms.katalon.core.keyword.builtin.VerifyEqualKeyword$_verifyEqual_closure1.call(VerifyEqualKeyword.groovy)&#xD;
	at com.kms.katalon.core.keyword.internal.KeywordMain.runKeyword(KeywordMain.groovy:68)&#xD;
	at com.kms.katalon.core.keyword.builtin.VerifyEqualKeyword.verifyEqual(VerifyEqualKeyword.groovy:63)&#xD;
	at com.kms.katalon.core.keyword.builtin.VerifyEqualKeyword.execute(VerifyEqualKeyword.groovy:44)&#xD;
	at com.kms.katalon.core.keyword.internal.KeywordExecutor.executeKeywordForPlatform(KeywordExecutor.groovy:56)&#xD;
	at com.kms.katalon.core.keyword.BuiltinKeywords.verifyEqual(BuiltinKeywords.groovy:141)&#xD;
	at Check_Transaction_By_Journal_Number.run(Check_Transaction_By_Journal_Number:74)&#xD;
	at com.kms.katalon.core.main.ScriptEngine.run(ScriptEngine.java:194)&#xD;
	at com.kms.katalon.core.main.ScriptEngine.runScriptAsRawText(ScriptEngine.java:119)&#xD;
	at com.kms.katalon.core.main.TestCaseExecutor.runScript(TestCaseExecutor.java:337)&#xD;
	at com.kms.katalon.core.main.TestCaseExecutor.doExecute(TestCaseExecutor.java:328)&#xD;
	at com.kms.katalon.core.main.TestCaseExecutor.processExecutionPhase(TestCaseExecutor.java:307)&#xD;
	at com.kms.katalon.core.main.TestCaseExecutor.accessMainPhase(TestCaseExecutor.java:299)&#xD;
	at com.kms.katalon.core.main.TestCaseExecutor.execute(TestCaseExecutor.java:233)&#xD;
	at com.kms.katalon.core.main.TestSuiteExecutor.accessTestCaseMainPhase(TestSuiteExecutor.java:133)&#xD;
	at com.kms.katalon.core.main.TestSuiteExecutor.accessTestSuiteMainPhase(TestSuiteExecutor.java:116)&#xD;
	at com.kms.katalon.core.main.TestSuiteExecutor.execute(TestSuiteExecutor.java:83)&#xD;
	at com.kms.katalon.core.main.TestCaseMain.startTestSuite(TestCaseMain.java:157)&#xD;
	at com.kms.katalon.core.main.TestCaseMain$startTestSuite$0.call(Unknown Source)&#xD;
	at TempTestSuite1576636129145.run(TempTestSuite1576636129145.groovy:35)&#xD;
&#xD;
&#xD;
2019-12-18 09:29:01 - [TEST_STEP][PASSED] - plain = "{" + ""user_agent":"" + var_user_agent + ""," + ""journal_number":"" + var_journal_number + ""," + ""chip_id":"" + var_chip_id + ""}": null&#xD;
&#xD;
2019-12-18 09:29:01 - [TEST_STEP][PASSED] - partner_token = partner_token: null&#xD;
&#xD;
2019-12-18 09:29:01 - [TEST_STEP][PASSED] - out.println(plain): null&#xD;
&#xD;
2019-12-18 09:29:01 - [TEST_STEP][PASSED] - out.println("var_customer_token" + var_customer_token): null&#xD;
&#xD;
2019-12-18 09:29:01 - [TEST_STEP][PASSED] - out.println("var_partner_token" + var_partner_token): null&#xD;
&#xD;
2019-12-18 09:29:01 - [TEST_STEP][PASSED] - encipheredData = SecureUtils.encryptAesEwallet(plain, var_aes_key): null&#xD;
&#xD;
2019-12-18 09:29:01 - [TEST_STEP][PASSED] - body = "{"organisation_id":"" + var_organisation_id + ""," + ""data":"" + encipheredData + ""," + ""lang":"" + var_lang + ""}": null&#xD;
&#xD;
2019-12-18 09:29:01 - [TEST_STEP][PASSED] - out.println(body): null&#xD;
&#xD;
2019-12-18 09:29:01 - [TEST_STEP][PASSED] - request = findTestObject("E_Wallet/Check_Transaction_By_Journal_Number"): null&#xD;
&#xD;
2019-12-18 09:29:01 - [TEST_STEP][PASSED] - request.setBodyContent(new com.kms.katalon.core.testobject.impl.HttpTextBodyContent(body, UTF-8, application/json)): null&#xD;
&#xD;
2019-12-18 09:29:01 - [TEST_STEP][PASSED] - if (var_customer_token == 0): null&#xD;
&#xD;
2019-12-18 09:29:01 - [TEST_STEP][PASSED] - else: null&#xD;
&#xD;
2019-12-18 09:29:01 - [TEST_STEP][PASSED] - out.println("using access_token = " + access_token_customer): null&#xD;
&#xD;
2019-12-18 09:29:01 - [TEST_STEP][PASSED] - listQuery = new java.util.ArrayList(): null&#xD;
&#xD;
2019-12-18 09:29:01 - [TEST_STEP][PASSED] - listQuery.add(new com.kms.katalon.core.testobject.TestObjectProperty(token, com.kms.katalon.core.testobject.ConditionType.EQUALS, internal.GlobalVariable.access_token_customer)): null&#xD;
&#xD;
2019-12-18 09:29:01 - [TEST_STEP][PASSED] - request.setRestParameters(listQuery): null&#xD;
&#xD;
2019-12-18 09:29:01 - [TEST_STEP][PASSED] - response = sendRequest(request): Send request successfully&#xD;
&#xD;
2019-12-18 09:29:01 - [MESSAGE][INFO] - HAR: D:\katalon-ewallet\Reports\E_Wallet\Check_Transaction_By_Journal_Number\Test_Suite_Check_Transaction_By_Journal_Number\20191218_092849\requests\main\27.har&#xD;
&#xD;
2019-12-18 09:29:01 - [MESSAGE][PASSED] - Send request successfully&#xD;
&#xD;
2019-12-18 09:29:01 - [TEST_STEP][PASSED] - body_content = responseBodyContent: null&#xD;
&#xD;
2019-12-18 09:29:01 - [TEST_STEP][PASSED] - status_code = statusCode: null&#xD;
&#xD;
2019-12-18 09:29:01 - [TEST_STEP][PASSED] - respDataMap = JsonSlurper().parseText(body_content): null&#xD;
&#xD;
2019-12-18 09:29:01 - [TEST_STEP][PASSED] - out.println(respDataMap): null&#xD;
&#xD;
2019-12-18 09:29:01 - [TEST_STEP][PASSED] - println(body_content): null&#xD;
&#xD;
2019-12-18 09:29:01 - [TEST_STEP][PASSED] - rc_ref = ReturnCodeWrapper(var_expected_rc).getEnumRC(): null&#xD;
&#xD;
2019-12-18 09:29:01 - [TEST_STEP][PASSED] - out.println(var_expected_rc): null&#xD;
&#xD;
2019-12-18 09:29:01 - [TEST_STEP][PASSED] - out.println(rc_ref.getRCName()): null&#xD;
&#xD;
2019-12-18 09:29:01 - [TEST_STEP][PASSED] - out.println(rc_ref.getHttpResponse()): null&#xD;
&#xD;
2019-12-18 09:29:01 - [TEST_STEP][FAILED] - result = verifyEqual(response_code, rc_ref.getRCName()): Unable to verify equal between actual object 'RC02' and expected object 'RC00' (Root cause: com.kms.katalon.core.exception.StepFailedException: Actual object 'RC02' and expected object 'RC00' are not equal&#xD;
	at com.kms.katalon.core.keyword.builtin.VerifyEqualKeyword$_verifyEqual_closure1.doCall(VerifyEqualKeyword.groovy:58)&#xD;
	at com.kms.katalon.core.keyword.builtin.VerifyEqualKeyword$_verifyEqual_closure1.call(VerifyEqualKeyword.groovy)&#xD;
	at com.kms.katalon.core.keyword.internal.KeywordMain.runKeyword(KeywordMain.groovy:68)&#xD;
	at com.kms.katalon.core.keyword.builtin.VerifyEqualKeyword.verifyEqual(VerifyEqualKeyword.groovy:63)&#xD;
	at com.kms.katalon.core.keyword.builtin.VerifyEqualKeyword.execute(VerifyEqualKeyword.groovy:44)&#xD;
	at com.kms.katalon.core.keyword.internal.KeywordExecutor.executeKeywordForPlatform(KeywordExecutor.groovy:56)&#xD;
	at com.kms.katalon.core.keyword.BuiltinKeywords.verifyEqual(BuiltinKeywords.groovy:141)&#xD;
	at Check_Transaction_By_Journal_Number.run(Check_Transaction_By_Journal_Number:74)&#xD;
	at com.kms.katalon.core.main.ScriptEngine.run(ScriptEngine.java:194)&#xD;
	at com.kms.katalon.core.main.ScriptEngine.runScriptAsRawText(ScriptEngine.java:119)&#xD;
	at com.kms.katalon.core.main.TestCaseExecutor.runScript(TestCaseExecutor.java:337)&#xD;
	at com.kms.katalon.core.main.TestCaseExecutor.doExecute(TestCaseExecutor.java:328)&#xD;
	at com.kms.katalon.core.main.TestCaseExecutor.processExecutionPhase(TestCaseExecutor.java:307)&#xD;
	at com.kms.katalon.core.main.TestCaseExecutor.accessMainPhase(TestCaseExecutor.java:299)&#xD;
	at com.kms.katalon.core.main.TestCaseExecutor.execute(TestCaseExecutor.java:233)&#xD;
	at com.kms.katalon.core.main.TestSuiteExecutor.accessTestCaseMainPhase(TestSuiteExecutor.java:133)&#xD;
	at com.kms.katalon.core.main.TestSuiteExecutor.accessTestSuiteMainPhase(TestSuiteExecutor.java:116)&#xD;
	at com.kms.katalon.core.main.TestSuiteExecutor.execute(TestSuiteExecutor.java:83)&#xD;
	at com.kms.katalon.core.main.TestCaseMain.startTestSuite(TestCaseMain.java:157)&#xD;
	at com.kms.katalon.core.main.TestCaseMain$startTestSuite$0.call(Unknown Source)&#xD;
	at TempTestSuite1576636129145.run(TempTestSuite1576636129145.groovy:35)&#xD;
)&#xD;
&#xD;
2019-12-18 09:29:01 - [MESSAGE][FAILED] - Unable to verify equal between actual object 'RC02' and expected object 'RC00' (Root cause: com.kms.katalon.core.exception.StepFailedException: Actual object 'RC02' and expected object 'RC00' are not equal&#xD;
	at com.kms.katalon.core.keyword.builtin.VerifyEqualKeyword$_verifyEqual_closure1.doCall(VerifyEqualKeyword.groovy:58)&#xD;
	at com.kms.katalon.core.keyword.builtin.VerifyEqualKeyword$_verifyEqual_closure1.call(VerifyEqualKeyword.groovy)&#xD;
	at com.kms.katalon.core.keyword.internal.KeywordMain.runKeyword(KeywordMain.groovy:68)&#xD;
	at com.kms.katalon.core.keyword.builtin.VerifyEqualKeyword.verifyEqual(VerifyEqualKeyword.groovy:63)&#xD;
	at com.kms.katalon.core.keyword.builtin.VerifyEqualKeyword.execute(VerifyEqualKeyword.groovy:44)&#xD;
	at com.kms.katalon.core.keyword.internal.KeywordExecutor.executeKeywordForPlatform(KeywordExecutor.groovy:56)&#xD;
	at com.kms.katalon.core.keyword.BuiltinKeywords.verifyEqual(BuiltinKeywords.groovy:141)&#xD;
	at Check_Transaction_By_Journal_Number.run(Check_Transaction_By_Journal_Number:74)&#xD;
	at com.kms.katalon.core.main.ScriptEngine.run(ScriptEngine.java:194)&#xD;
	at com.kms.katalon.core.main.ScriptEngine.runScriptAsRawText(ScriptEngine.java:119)&#xD;
	at com.kms.katalon.core.main.TestCaseExecutor.runScript(TestCaseExecutor.java:337)&#xD;
	at com.kms.katalon.core.main.TestCaseExecutor.doExecute(TestCaseExecutor.java:328)&#xD;
	at com.kms.katalon.core.main.TestCaseExecutor.processExecutionPhase(TestCaseExecutor.java:307)&#xD;
	at com.kms.katalon.core.main.TestCaseExecutor.accessMainPhase(TestCaseExecutor.java:299)&#xD;
	at com.kms.katalon.core.main.TestCaseExecutor.execute(TestCaseExecutor.java:233)&#xD;
	at com.kms.katalon.core.main.TestSuiteExecutor.accessTestCaseMainPhase(TestSuiteExecutor.java:133)&#xD;
	at com.kms.katalon.core.main.TestSuiteExecutor.accessTestSuiteMainPhase(TestSuiteExecutor.java:116)&#xD;
	at com.kms.katalon.core.main.TestSuiteExecutor.execute(TestSuiteExecutor.java:83)&#xD;
	at com.kms.katalon.core.main.TestCaseMain.startTestSuite(TestCaseMain.java:157)&#xD;
	at com.kms.katalon.core.main.TestCaseMain$startTestSuite$0.call(Unknown Source)&#xD;
	at TempTestSuite1576636129145.run(TempTestSuite1576636129145.groovy:35)&#xD;
)</system-out>
            <system-err>2019-12-18 09:29:01 - [TEST_CASE][FAILED] - Test Cases/E_Wallet/Check_Transaction_By_Journal_Number/Check_Transaction_By_Journal_Number: Test Cases/E_Wallet/Check_Transaction_By_Journal_Number/Check_Transaction_By_Journal_Number FAILED.
Reason:
com.kms.katalon.core.exception.StepFailedException: Actual object 'RC02' and expected object 'RC00' are not equal&#xD;
	at com.kms.katalon.core.keyword.builtin.VerifyEqualKeyword$_verifyEqual_closure1.doCall(VerifyEqualKeyword.groovy:58)&#xD;
	at com.kms.katalon.core.keyword.builtin.VerifyEqualKeyword$_verifyEqual_closure1.call(VerifyEqualKeyword.groovy)&#xD;
	at com.kms.katalon.core.keyword.internal.KeywordMain.runKeyword(KeywordMain.groovy:68)&#xD;
	at com.kms.katalon.core.keyword.builtin.VerifyEqualKeyword.verifyEqual(VerifyEqualKeyword.groovy:63)&#xD;
	at com.kms.katalon.core.keyword.builtin.VerifyEqualKeyword.execute(VerifyEqualKeyword.groovy:44)&#xD;
	at com.kms.katalon.core.keyword.internal.KeywordExecutor.executeKeywordForPlatform(KeywordExecutor.groovy:56)&#xD;
	at com.kms.katalon.core.keyword.BuiltinKeywords.verifyEqual(BuiltinKeywords.groovy:141)&#xD;
	at Check_Transaction_By_Journal_Number.run(Check_Transaction_By_Journal_Number:74)&#xD;
	at com.kms.katalon.core.main.ScriptEngine.run(ScriptEngine.java:194)&#xD;
	at com.kms.katalon.core.main.ScriptEngine.runScriptAsRawText(ScriptEngine.java:119)&#xD;
	at com.kms.katalon.core.main.TestCaseExecutor.runScript(TestCaseExecutor.java:337)&#xD;
	at com.kms.katalon.core.main.TestCaseExecutor.doExecute(TestCaseExecutor.java:328)&#xD;
	at com.kms.katalon.core.main.TestCaseExecutor.processExecutionPhase(TestCaseExecutor.java:307)&#xD;
	at com.kms.katalon.core.main.TestCaseExecutor.accessMainPhase(TestCaseExecutor.java:299)&#xD;
	at com.kms.katalon.core.main.TestCaseExecutor.execute(TestCaseExecutor.java:233)&#xD;
	at com.kms.katalon.core.main.TestSuiteExecutor.accessTestCaseMainPhase(TestSuiteExecutor.java:133)&#xD;
	at com.kms.katalon.core.main.TestSuiteExecutor.accessTestSuiteMainPhase(TestSuiteExecutor.java:116)&#xD;
	at com.kms.katalon.core.main.TestSuiteExecutor.execute(TestSuiteExecutor.java:83)&#xD;
	at com.kms.katalon.core.main.TestCaseMain.startTestSuite(TestCaseMain.java:157)&#xD;
	at com.kms.katalon.core.main.TestCaseMain$startTestSuite$0.call(Unknown Source)&#xD;
	at TempTestSuite1576636129145.run(TempTestSuite1576636129145.groovy:35)</system-err>
        </testcase>
        <testcase name="Test Cases/E_Wallet/Check_Transaction_By_Journal_Number/Check_Transaction_By_Journal_Number" classname="Test Cases/E_Wallet/Check_Transaction_By_Journal_Number/Check_Transaction_By_Journal_Number" status="PASSED">
            <system-out>2019-12-18 09:29:01 - [TEST_CASE][PASSED] - Test Cases/E_Wallet/Check_Transaction_By_Journal_Number/Check_Transaction_By_Journal_Number: Test Cases/E_Wallet/Check_Transaction_By_Journal_Number/Check_Transaction_By_Journal_Number&#xD;
&#xD;
2019-12-18 09:29:01 - [TEST_STEP][PASSED] - plain = "{" + ""user_agent":"" + var_user_agent + ""," + ""journal_number":"" + var_journal_number + ""," + ""chip_id":"" + var_chip_id + ""}": null&#xD;
&#xD;
2019-12-18 09:29:01 - [TEST_STEP][PASSED] - partner_token = partner_token: null&#xD;
&#xD;
2019-12-18 09:29:01 - [TEST_STEP][PASSED] - out.println(plain): null&#xD;
&#xD;
2019-12-18 09:29:01 - [TEST_STEP][PASSED] - out.println("var_customer_token" + var_customer_token): null&#xD;
&#xD;
2019-12-18 09:29:01 - [TEST_STEP][PASSED] - out.println("var_partner_token" + var_partner_token): null&#xD;
&#xD;
2019-12-18 09:29:01 - [TEST_STEP][PASSED] - encipheredData = SecureUtils.encryptAesEwallet(plain, var_aes_key): null&#xD;
&#xD;
2019-12-18 09:29:01 - [TEST_STEP][PASSED] - body = "{"organisation_id":"" + var_organisation_id + ""," + ""data":"" + encipheredData + ""," + ""lang":"" + var_lang + ""}": null&#xD;
&#xD;
2019-12-18 09:29:01 - [TEST_STEP][PASSED] - out.println(body): null&#xD;
&#xD;
2019-12-18 09:29:01 - [TEST_STEP][PASSED] - request = findTestObject("E_Wallet/Check_Transaction_By_Journal_Number"): null&#xD;
&#xD;
2019-12-18 09:29:01 - [TEST_STEP][PASSED] - request.setBodyContent(new com.kms.katalon.core.testobject.impl.HttpTextBodyContent(body, UTF-8, application/json)): null&#xD;
&#xD;
2019-12-18 09:29:01 - [TEST_STEP][PASSED] - if (var_customer_token == 0): null&#xD;
&#xD;
2019-12-18 09:29:01 - [TEST_STEP][PASSED] - else: null&#xD;
&#xD;
2019-12-18 09:29:01 - [TEST_STEP][PASSED] - out.println("using access_token = " + access_token_customer): null&#xD;
&#xD;
2019-12-18 09:29:01 - [TEST_STEP][PASSED] - listQuery = new java.util.ArrayList(): null&#xD;
&#xD;
2019-12-18 09:29:01 - [TEST_STEP][PASSED] - listQuery.add(new com.kms.katalon.core.testobject.TestObjectProperty(token, com.kms.katalon.core.testobject.ConditionType.EQUALS, internal.GlobalVariable.access_token_customer)): null&#xD;
&#xD;
2019-12-18 09:29:01 - [TEST_STEP][PASSED] - request.setRestParameters(listQuery): null&#xD;
&#xD;
2019-12-18 09:29:01 - [TEST_STEP][PASSED] - response = sendRequest(request): Send request successfully&#xD;
&#xD;
2019-12-18 09:29:01 - [MESSAGE][INFO] - HAR: D:\katalon-ewallet\Reports\E_Wallet\Check_Transaction_By_Journal_Number\Test_Suite_Check_Transaction_By_Journal_Number\20191218_092849\requests\main\28.har&#xD;
&#xD;
2019-12-18 09:29:01 - [MESSAGE][PASSED] - Send request successfully&#xD;
&#xD;
2019-12-18 09:29:01 - [TEST_STEP][PASSED] - body_content = responseBodyContent: null&#xD;
&#xD;
2019-12-18 09:29:01 - [TEST_STEP][PASSED] - status_code = statusCode: null&#xD;
&#xD;
2019-12-18 09:29:01 - [TEST_STEP][PASSED] - respDataMap = JsonSlurper().parseText(body_content): null&#xD;
&#xD;
2019-12-18 09:29:01 - [TEST_STEP][PASSED] - out.println(respDataMap): null&#xD;
&#xD;
2019-12-18 09:29:01 - [TEST_STEP][PASSED] - println(body_content): null&#xD;
&#xD;
2019-12-18 09:29:01 - [TEST_STEP][PASSED] - rc_ref = ReturnCodeWrapper(var_expected_rc).getEnumRC(): null&#xD;
&#xD;
2019-12-18 09:29:01 - [TEST_STEP][PASSED] - out.println(var_expected_rc): null&#xD;
&#xD;
2019-12-18 09:29:01 - [TEST_STEP][PASSED] - out.println(rc_ref.getRCName()): null&#xD;
&#xD;
2019-12-18 09:29:01 - [TEST_STEP][PASSED] - out.println(rc_ref.getHttpResponse()): null&#xD;
&#xD;
2019-12-18 09:29:01 - [TEST_STEP][PASSED] - result = verifyEqual(response_code, rc_ref.getRCName()): Actual object 'RC01' and expected object 'RC01' are equal&#xD;
&#xD;
2019-12-18 09:29:01 - [MESSAGE][PASSED] - Actual object 'RC01' and expected object 'RC01' are equal</system-out>
            <system-err></system-err>
        </testcase>
        <testcase name="Test Cases/E_Wallet/Check_Transaction_By_Journal_Number/Check_Transaction_By_Journal_Number" classname="Test Cases/E_Wallet/Check_Transaction_By_Journal_Number/Check_Transaction_By_Journal_Number" status="PASSED">
            <system-out>2019-12-18 09:29:01 - [TEST_CASE][PASSED] - Test Cases/E_Wallet/Check_Transaction_By_Journal_Number/Check_Transaction_By_Journal_Number: Test Cases/E_Wallet/Check_Transaction_By_Journal_Number/Check_Transaction_By_Journal_Number&#xD;
&#xD;
2019-12-18 09:29:01 - [TEST_STEP][PASSED] - plain = "{" + ""user_agent":"" + var_user_agent + ""," + ""journal_number":"" + var_journal_number + ""," + ""chip_id":"" + var_chip_id + ""}": null&#xD;
&#xD;
2019-12-18 09:29:01 - [TEST_STEP][PASSED] - partner_token = partner_token: null&#xD;
&#xD;
2019-12-18 09:29:01 - [TEST_STEP][PASSED] - out.println(plain): null&#xD;
&#xD;
2019-12-18 09:29:01 - [TEST_STEP][PASSED] - out.println("var_customer_token" + var_customer_token): null&#xD;
&#xD;
2019-12-18 09:29:01 - [TEST_STEP][PASSED] - out.println("var_partner_token" + var_partner_token): null&#xD;
&#xD;
2019-12-18 09:29:01 - [TEST_STEP][PASSED] - encipheredData = SecureUtils.encryptAesEwallet(plain, var_aes_key): null&#xD;
&#xD;
2019-12-18 09:29:01 - [TEST_STEP][PASSED] - body = "{"organisation_id":"" + var_organisation_id + ""," + ""data":"" + encipheredData + ""," + ""lang":"" + var_lang + ""}": null&#xD;
&#xD;
2019-12-18 09:29:01 - [TEST_STEP][PASSED] - out.println(body): null&#xD;
&#xD;
2019-12-18 09:29:01 - [TEST_STEP][PASSED] - request = findTestObject("E_Wallet/Check_Transaction_By_Journal_Number"): null&#xD;
&#xD;
2019-12-18 09:29:01 - [TEST_STEP][PASSED] - request.setBodyContent(new com.kms.katalon.core.testobject.impl.HttpTextBodyContent(body, UTF-8, application/json)): null&#xD;
&#xD;
2019-12-18 09:29:01 - [TEST_STEP][PASSED] - if (var_customer_token == 0): null&#xD;
&#xD;
2019-12-18 09:29:01 - [TEST_STEP][PASSED] - else: null&#xD;
&#xD;
2019-12-18 09:29:01 - [TEST_STEP][PASSED] - out.println("using access_token = " + access_token_customer): null&#xD;
&#xD;
2019-12-18 09:29:01 - [TEST_STEP][PASSED] - listQuery = new java.util.ArrayList(): null&#xD;
&#xD;
2019-12-18 09:29:01 - [TEST_STEP][PASSED] - listQuery.add(new com.kms.katalon.core.testobject.TestObjectProperty(token, com.kms.katalon.core.testobject.ConditionType.EQUALS, internal.GlobalVariable.access_token_customer)): null&#xD;
&#xD;
2019-12-18 09:29:01 - [TEST_STEP][PASSED] - request.setRestParameters(listQuery): null&#xD;
&#xD;
2019-12-18 09:29:01 - [TEST_STEP][PASSED] - response = sendRequest(request): Send request successfully&#xD;
&#xD;
2019-12-18 09:29:01 - [MESSAGE][INFO] - HAR: D:\katalon-ewallet\Reports\E_Wallet\Check_Transaction_By_Journal_Number\Test_Suite_Check_Transaction_By_Journal_Number\20191218_092849\requests\main\29.har&#xD;
&#xD;
2019-12-18 09:29:01 - [MESSAGE][PASSED] - Send request successfully&#xD;
&#xD;
2019-12-18 09:29:01 - [TEST_STEP][PASSED] - body_content = responseBodyContent: null&#xD;
&#xD;
2019-12-18 09:29:01 - [TEST_STEP][PASSED] - status_code = statusCode: null&#xD;
&#xD;
2019-12-18 09:29:01 - [TEST_STEP][PASSED] - respDataMap = JsonSlurper().parseText(body_content): null&#xD;
&#xD;
2019-12-18 09:29:01 - [TEST_STEP][PASSED] - out.println(respDataMap): null&#xD;
&#xD;
2019-12-18 09:29:01 - [TEST_STEP][PASSED] - println(body_content): null&#xD;
&#xD;
2019-12-18 09:29:01 - [TEST_STEP][PASSED] - rc_ref = ReturnCodeWrapper(var_expected_rc).getEnumRC(): null&#xD;
&#xD;
2019-12-18 09:29:01 - [TEST_STEP][PASSED] - out.println(var_expected_rc): null&#xD;
&#xD;
2019-12-18 09:29:01 - [TEST_STEP][PASSED] - out.println(rc_ref.getRCName()): null&#xD;
&#xD;
2019-12-18 09:29:01 - [TEST_STEP][PASSED] - out.println(rc_ref.getHttpResponse()): null&#xD;
&#xD;
2019-12-18 09:29:01 - [TEST_STEP][PASSED] - result = verifyEqual(response_code, rc_ref.getRCName()): Actual object 'RC01' and expected object 'RC01' are equal&#xD;
&#xD;
2019-12-18 09:29:01 - [MESSAGE][PASSED] - Actual object 'RC01' and expected object 'RC01' are equal</system-out>
            <system-err></system-err>
        </testcase>
        <testcase name="Test Cases/E_Wallet/Check_Transaction_By_Journal_Number/Check_Transaction_By_Journal_Number" classname="Test Cases/E_Wallet/Check_Transaction_By_Journal_Number/Check_Transaction_By_Journal_Number" status="PASSED">
            <system-out>2019-12-18 09:29:01 - [TEST_CASE][PASSED] - Test Cases/E_Wallet/Check_Transaction_By_Journal_Number/Check_Transaction_By_Journal_Number: Test Cases/E_Wallet/Check_Transaction_By_Journal_Number/Check_Transaction_By_Journal_Number&#xD;
&#xD;
2019-12-18 09:29:01 - [TEST_STEP][PASSED] - plain = "{" + ""user_agent":"" + var_user_agent + ""," + ""journal_number":"" + var_journal_number + ""," + ""chip_id":"" + var_chip_id + ""}": null&#xD;
&#xD;
2019-12-18 09:29:01 - [TEST_STEP][PASSED] - partner_token = partner_token: null&#xD;
&#xD;
2019-12-18 09:29:01 - [TEST_STEP][PASSED] - out.println(plain): null&#xD;
&#xD;
2019-12-18 09:29:01 - [TEST_STEP][PASSED] - out.println("var_customer_token" + var_customer_token): null&#xD;
&#xD;
2019-12-18 09:29:01 - [TEST_STEP][PASSED] - out.println("var_partner_token" + var_partner_token): null&#xD;
&#xD;
2019-12-18 09:29:01 - [TEST_STEP][PASSED] - encipheredData = SecureUtils.encryptAesEwallet(plain, var_aes_key): null&#xD;
&#xD;
2019-12-18 09:29:01 - [TEST_STEP][PASSED] - body = "{"organisation_id":"" + var_organisation_id + ""," + ""data":"" + encipheredData + ""," + ""lang":"" + var_lang + ""}": null&#xD;
&#xD;
2019-12-18 09:29:01 - [TEST_STEP][PASSED] - out.println(body): null&#xD;
&#xD;
2019-12-18 09:29:01 - [TEST_STEP][PASSED] - request = findTestObject("E_Wallet/Check_Transaction_By_Journal_Number"): null&#xD;
&#xD;
2019-12-18 09:29:01 - [TEST_STEP][PASSED] - request.setBodyContent(new com.kms.katalon.core.testobject.impl.HttpTextBodyContent(body, UTF-8, application/json)): null&#xD;
&#xD;
2019-12-18 09:29:01 - [TEST_STEP][PASSED] - if (var_customer_token == 0): null&#xD;
&#xD;
2019-12-18 09:29:01 - [TEST_STEP][PASSED] - else: null&#xD;
&#xD;
2019-12-18 09:29:01 - [TEST_STEP][PASSED] - out.println("using access_token = " + access_token_customer): null&#xD;
&#xD;
2019-12-18 09:29:01 - [TEST_STEP][PASSED] - listQuery = new java.util.ArrayList(): null&#xD;
&#xD;
2019-12-18 09:29:01 - [TEST_STEP][PASSED] - listQuery.add(new com.kms.katalon.core.testobject.TestObjectProperty(token, com.kms.katalon.core.testobject.ConditionType.EQUALS, internal.GlobalVariable.access_token_customer)): null&#xD;
&#xD;
2019-12-18 09:29:01 - [TEST_STEP][PASSED] - request.setRestParameters(listQuery): null&#xD;
&#xD;
2019-12-18 09:29:01 - [TEST_STEP][PASSED] - response = sendRequest(request): Send request successfully&#xD;
&#xD;
2019-12-18 09:29:01 - [MESSAGE][INFO] - HAR: D:\katalon-ewallet\Reports\E_Wallet\Check_Transaction_By_Journal_Number\Test_Suite_Check_Transaction_By_Journal_Number\20191218_092849\requests\main\30.har&#xD;
&#xD;
2019-12-18 09:29:01 - [MESSAGE][PASSED] - Send request successfully&#xD;
&#xD;
2019-12-18 09:29:01 - [TEST_STEP][PASSED] - body_content = responseBodyContent: null&#xD;
&#xD;
2019-12-18 09:29:01 - [TEST_STEP][PASSED] - status_code = statusCode: null&#xD;
&#xD;
2019-12-18 09:29:01 - [TEST_STEP][PASSED] - respDataMap = JsonSlurper().parseText(body_content): null&#xD;
&#xD;
2019-12-18 09:29:01 - [TEST_STEP][PASSED] - out.println(respDataMap): null&#xD;
&#xD;
2019-12-18 09:29:01 - [TEST_STEP][PASSED] - println(body_content): null&#xD;
&#xD;
2019-12-18 09:29:01 - [TEST_STEP][PASSED] - rc_ref = ReturnCodeWrapper(var_expected_rc).getEnumRC(): null&#xD;
&#xD;
2019-12-18 09:29:01 - [TEST_STEP][PASSED] - out.println(var_expected_rc): null&#xD;
&#xD;
2019-12-18 09:29:01 - [TEST_STEP][PASSED] - out.println(rc_ref.getRCName()): null&#xD;
&#xD;
2019-12-18 09:29:01 - [TEST_STEP][PASSED] - out.println(rc_ref.getHttpResponse()): null&#xD;
&#xD;
2019-12-18 09:29:01 - [TEST_STEP][PASSED] - result = verifyEqual(response_code, rc_ref.getRCName()): Actual object 'RC01' and expected object 'RC01' are equal&#xD;
&#xD;
2019-12-18 09:29:01 - [MESSAGE][PASSED] - Actual object 'RC01' and expected object 'RC01' are equal</system-out>
            <system-err></system-err>
        </testcase>
        <testcase name="Test Cases/E_Wallet/Check_Transaction_By_Journal_Number/Check_Transaction_By_Journal_Number" classname="Test Cases/E_Wallet/Check_Transaction_By_Journal_Number/Check_Transaction_By_Journal_Number" status="PASSED">
            <system-out>2019-12-18 09:29:01 - [TEST_CASE][PASSED] - Test Cases/E_Wallet/Check_Transaction_By_Journal_Number/Check_Transaction_By_Journal_Number: Test Cases/E_Wallet/Check_Transaction_By_Journal_Number/Check_Transaction_By_Journal_Number&#xD;
&#xD;
2019-12-18 09:29:02 - [TEST_STEP][PASSED] - plain = "{" + ""user_agent":"" + var_user_agent + ""," + ""journal_number":"" + var_journal_number + ""," + ""chip_id":"" + var_chip_id + ""}": null&#xD;
&#xD;
2019-12-18 09:29:02 - [TEST_STEP][PASSED] - partner_token = partner_token: null&#xD;
&#xD;
2019-12-18 09:29:02 - [TEST_STEP][PASSED] - out.println(plain): null&#xD;
&#xD;
2019-12-18 09:29:02 - [TEST_STEP][PASSED] - out.println("var_customer_token" + var_customer_token): null&#xD;
&#xD;
2019-12-18 09:29:02 - [TEST_STEP][PASSED] - out.println("var_partner_token" + var_partner_token): null&#xD;
&#xD;
2019-12-18 09:29:02 - [TEST_STEP][PASSED] - encipheredData = SecureUtils.encryptAesEwallet(plain, var_aes_key): null&#xD;
&#xD;
2019-12-18 09:29:02 - [TEST_STEP][PASSED] - body = "{"organisation_id":"" + var_organisation_id + ""," + ""data":"" + encipheredData + ""," + ""lang":"" + var_lang + ""}": null&#xD;
&#xD;
2019-12-18 09:29:02 - [TEST_STEP][PASSED] - out.println(body): null&#xD;
&#xD;
2019-12-18 09:29:02 - [TEST_STEP][PASSED] - request = findTestObject("E_Wallet/Check_Transaction_By_Journal_Number"): null&#xD;
&#xD;
2019-12-18 09:29:02 - [TEST_STEP][PASSED] - request.setBodyContent(new com.kms.katalon.core.testobject.impl.HttpTextBodyContent(body, UTF-8, application/json)): null&#xD;
&#xD;
2019-12-18 09:29:02 - [TEST_STEP][PASSED] - if (var_customer_token == 0): null&#xD;
&#xD;
2019-12-18 09:29:02 - [TEST_STEP][PASSED] - else: null&#xD;
&#xD;
2019-12-18 09:29:02 - [TEST_STEP][PASSED] - out.println("using access_token = " + access_token_customer): null&#xD;
&#xD;
2019-12-18 09:29:02 - [TEST_STEP][PASSED] - listQuery = new java.util.ArrayList(): null&#xD;
&#xD;
2019-12-18 09:29:02 - [TEST_STEP][PASSED] - listQuery.add(new com.kms.katalon.core.testobject.TestObjectProperty(token, com.kms.katalon.core.testobject.ConditionType.EQUALS, internal.GlobalVariable.access_token_customer)): null&#xD;
&#xD;
2019-12-18 09:29:02 - [TEST_STEP][PASSED] - request.setRestParameters(listQuery): null&#xD;
&#xD;
2019-12-18 09:29:02 - [TEST_STEP][PASSED] - response = sendRequest(request): Send request successfully&#xD;
&#xD;
2019-12-18 09:29:02 - [MESSAGE][INFO] - HAR: D:\katalon-ewallet\Reports\E_Wallet\Check_Transaction_By_Journal_Number\Test_Suite_Check_Transaction_By_Journal_Number\20191218_092849\requests\main\31.har&#xD;
&#xD;
2019-12-18 09:29:02 - [MESSAGE][PASSED] - Send request successfully&#xD;
&#xD;
2019-12-18 09:29:02 - [TEST_STEP][PASSED] - body_content = responseBodyContent: null&#xD;
&#xD;
2019-12-18 09:29:02 - [TEST_STEP][PASSED] - status_code = statusCode: null&#xD;
&#xD;
2019-12-18 09:29:02 - [TEST_STEP][PASSED] - respDataMap = JsonSlurper().parseText(body_content): null&#xD;
&#xD;
2019-12-18 09:29:02 - [TEST_STEP][PASSED] - out.println(respDataMap): null&#xD;
&#xD;
2019-12-18 09:29:02 - [TEST_STEP][PASSED] - println(body_content): null&#xD;
&#xD;
2019-12-18 09:29:02 - [TEST_STEP][PASSED] - rc_ref = ReturnCodeWrapper(var_expected_rc).getEnumRC(): null&#xD;
&#xD;
2019-12-18 09:29:02 - [TEST_STEP][PASSED] - out.println(var_expected_rc): null&#xD;
&#xD;
2019-12-18 09:29:02 - [TEST_STEP][PASSED] - out.println(rc_ref.getRCName()): null&#xD;
&#xD;
2019-12-18 09:29:02 - [TEST_STEP][PASSED] - out.println(rc_ref.getHttpResponse()): null&#xD;
&#xD;
2019-12-18 09:29:02 - [TEST_STEP][PASSED] - result = verifyEqual(response_code, rc_ref.getRCName()): Actual object 'RC01' and expected object 'RC01' are equal&#xD;
&#xD;
2019-12-18 09:29:02 - [MESSAGE][PASSED] - Actual object 'RC01' and expected object 'RC01' are equal</system-out>
            <system-err></system-err>
        </testcase>
        <system-out>2019-12-18 09:28:51 - [TEST_SUITE][INCOMPLETE] - Test_Suite_Check_Transaction_By_Journal_Number: null</system-out>
        <system-err>2019-12-18 09:28:51 - [TEST_SUITE][INCOMPLETE] - Test_Suite_Check_Transaction_By_Journal_Number: null</system-err>
    </testsuite>
</testsuites>
